<?xml version="1.0" encoding="UTF-8"?>
<testsuite xmlns:xsi="http://www.w3.org/2001/XMLSchema-instance" xsi:schemaLocation="https://maven.apache.org/surefire/maven-surefire-plugin/xsd/surefire-test-report.xsd" name="com.framework.resources.services.AttachmentsServiceTest" time="1.532" tests="3" errors="3" skipped="0" failures="0">
  <properties>
    <property name="java.runtime.name" value="Java(TM) SE Runtime Environment"/>
    <property name="sun.boot.library.path" value="C:\Program Files\Java\jdk1.7.0_45\jre\bin"/>
    <property name="java.vm.version" value="24.45-b08"/>
    <property name="java.vm.vendor" value="Oracle Corporation"/>
    <property name="maven.multiModuleProjectDirectory" value="$M2_HOME"/>
    <property name="java.vendor.url" value="http://java.oracle.com/"/>
    <property name="path.separator" value=";"/>
    <property name="guice.disable.misplaced.annotation.check" value="true"/>
    <property name="java.vm.name" value="Java HotSpot(TM) 64-Bit Server VM"/>
    <property name="file.encoding.pkg" value="sun.io"/>
    <property name="user.script" value=""/>
    <property name="user.country" value="CN"/>
    <property name="sun.java.launcher" value="SUN_STANDARD"/>
    <property name="sun.os.patch.level" value=""/>
    <property name="java.vm.specification.name" value="Java Virtual Machine Specification"/>
    <property name="user.dir" value="D:\workspace\framework-root\framework-resources"/>
    <property name="java.runtime.version" value="1.7.0_45-b18"/>
    <property name="java.awt.graphicsenv" value="sun.awt.Win32GraphicsEnvironment"/>
    <property name="java.endorsed.dirs" value="C:\Program Files\Java\jdk1.7.0_45\jre\lib\endorsed"/>
    <property name="os.arch" value="amd64"/>
    <property name="java.io.tmpdir" value="C:\Users\lilj\AppData\Local\Temp\"/>
    <property name="line.separator" value="&#10;"/>
    <property name="java.vm.specification.vendor" value="Oracle Corporation"/>
    <property name="user.variant" value=""/>
    <property name="os.name" value="Windows 8"/>
    <property name="classworlds.conf" value="D:\workspace\.metadata\.plugins\org.eclipse.m2e.launching\launches\m2conf8943254302418877405.tmp"/>
    <property name="sun.jnu.encoding" value="GBK"/>
    <property name="java.library.path" value="C:\Program Files\Java\jdk1.7.0_45\bin;C:\WINDOWS\Sun\Java\bin;C:\WINDOWS\system32;C:\WINDOWS;C:/Program Files/Java/jre1.8.0_31/bin/server;C:/Program Files/Java/jre1.8.0_31/bin;C:/Program Files/Java/jre1.8.0_31/lib/amd64;C:\ProgramData\Oracle\Java\javapath;c:\program files\graphicsmagick-1.3.25-q16;C:\Program Files\ImageMagick-7.0.5-Q8;C:\Program Files\ImageMagick-7.0.5-Q16-HDRI;C:\Program Files\ImageMagick-7.0.5-Q16;C:\Program Files (x86)\Common Files\NetSarang;D:\app\product\11.2.0\dbhome_1\bin;c:\oracle\product\10.2.0\db_1\bin;C:\Program Files\Java\jdk1.7.0_45\bin;C:\Program Files (x86)\Intel\iCLS Client\;C:\Program Files\Intel\iCLS Client\;C:\Windows\system32;C:\Windows;C:\Windows\System32\Wbem;C:\Windows\System32\WindowsPowerShell\v1.0\;C:\Program Files (x86)\Intel\Intel(R) Management Engine Components\DAL;C:\Program Files\Intel\Intel(R) Management Engine Components\DAL;C:\Program Files (x86)\Intel\Intel(R) Management Engine Components\IPT;C:\Program Files\Intel\Intel(R) Management Engine Components\IPT;C:\Program Files (x86)\NVIDIA Corporation\PhysX\Common;C:\Program Files\TortoiseSVN\bin;D:\maven\apache-maven-3.3.1\bin;C:\WINDOWS\system32;C:\WINDOWS;C:\WINDOWS\System32\Wbem;C:\WINDOWS\System32\WindowsPowerShell\v1.0\;G:\nodejs\;C:\Program Files\nodejs;D:\maven\apache-ant-1.9.7\bin;D:\maven\hadoop-common-2.7.1-bin\bin;C:\Program Files\Git\cmd;C:\Program Files\TortoiseGit\bin;C:\Program Files\Java\jdk1.7.0_45\bin;D:\maven\apache-maven-3.3.1\bin;C:\Program Files (x86)\SSH Communications Security\SSH Secure Shell;C:\Users\lilj\AppData\Roaming\npm;C:\Program Files\nodejs;C:\Users\lilj\AppData\Local\Microsoft\WindowsApps;;g:\eclipse;;."/>
    <property name="java.specification.name" value="Java Platform API Specification"/>
    <property name="java.class.version" value="51.0"/>
    <property name="sun.management.compiler" value="HotSpot 64-Bit Tiered Compilers"/>
    <property name="os.version" value="6.2"/>
    <property name="user.home" value="C:\Users\lilj"/>
    <property name="user.timezone" value="Asia/Shanghai"/>
    <property name="java.awt.printerjob" value="sun.awt.windows.WPrinterJob"/>
    <property name="java.specification.version" value="1.7"/>
    <property name="file.encoding" value="UTF-8"/>
    <property name="user.name" value="lilj"/>
    <property name="java.class.path" value="D:\maven\apache-maven-3.3.1\boot\plexus-classworlds-2.5.2.jar"/>
    <property name="java.vm.specification.version" value="1.7"/>
    <property name="sun.arch.data.model" value="64"/>
    <property name="java.home" value="C:\Program Files\Java\jdk1.7.0_45\jre"/>
    <property name="sun.java.command" value="org.codehaus.plexus.classworlds.launcher.Launcher -B -s D:\maven\apache-maven-3.3.1\conf\settings.xml install"/>
    <property name="java.specification.vendor" value="Oracle Corporation"/>
    <property name="user.language" value="zh"/>
    <property name="awt.toolkit" value="sun.awt.windows.WToolkit"/>
    <property name="java.vm.info" value="mixed mode"/>
    <property name="java.version" value="1.7.0_45"/>
    <property name="java.ext.dirs" value="C:\Program Files\Java\jdk1.7.0_45\jre\lib\ext;C:\WINDOWS\Sun\Java\lib\ext"/>
    <property name="sun.boot.class.path" value="C:\Program Files\Java\jdk1.7.0_45\jre\lib\resources.jar;C:\Program Files\Java\jdk1.7.0_45\jre\lib\rt.jar;C:\Program Files\Java\jdk1.7.0_45\jre\lib\sunrsasign.jar;C:\Program Files\Java\jdk1.7.0_45\jre\lib\jsse.jar;C:\Program Files\Java\jdk1.7.0_45\jre\lib\jce.jar;C:\Program Files\Java\jdk1.7.0_45\jre\lib\charsets.jar;C:\Program Files\Java\jdk1.7.0_45\jre\lib\jfr.jar;C:\Program Files\Java\jdk1.7.0_45\jre\classes"/>
    <property name="java.vendor" value="Oracle Corporation"/>
    <property name="maven.home" value="D:\maven\apache-maven-3.3.1"/>
    <property name="file.separator" value="\"/>
    <property name="java.vendor.url.bug" value="http://bugreport.sun.com/bugreport/"/>
    <property name="sun.cpu.endian" value="little"/>
    <property name="sun.io.unicode.encoding" value="UnicodeLittle"/>
    <property name="sun.desktop" value="windows"/>
    <property name="sun.cpu.isalist" value="amd64"/>
  </properties>
  <testcase name="testSave" classname="com.framework.resources.services.AttachmentsServiceTest" time="0">
    <error message="Failed to load ApplicationContext" type="java.lang.IllegalStateException">java.lang.IllegalStateException: Failed to load ApplicationContext
Caused by: org.springframework.beans.factory.BeanCreationException: Error creating bean with name 'sqlSessionFactory' defined in class path resource [config/application-core.xml]: Invocation of init method failed; nested exception is org.springframework.core.NestedIOException: Failed to parse mapping resource: 'file [D:\workspace\framework-root\framework-resources\target\classes\context\mapper\AttachmentsMapper.xml]'; nested exception is org.apache.ibatis.builder.BuilderException: Error parsing Mapper XML. Cause: java.lang.IllegalArgumentException: Result Maps collection already contains value for com.resources.dao.AttachmentsMapper.BaseResultMap
Caused by: org.springframework.core.NestedIOException: Failed to parse mapping resource: 'file [D:\workspace\framework-root\framework-resources\target\classes\context\mapper\AttachmentsMapper.xml]'; nested exception is org.apache.ibatis.builder.BuilderException: Error parsing Mapper XML. Cause: java.lang.IllegalArgumentException: Result Maps collection already contains value for com.resources.dao.AttachmentsMapper.BaseResultMap
Caused by: org.apache.ibatis.builder.BuilderException: Error parsing Mapper XML. Cause: java.lang.IllegalArgumentException: Result Maps collection already contains value for com.resources.dao.AttachmentsMapper.BaseResultMap
Caused by: java.lang.IllegalArgumentException: Result Maps collection already contains value for com.resources.dao.AttachmentsMapper.BaseResultMap
</error>
    <system-out><![CDATA[16:07:38,499 DEBUG DirtiesContextTestExecutionListener:117 - After test class: context [DefaultTestContext@7a0eab2e testClass = AttachmentsMapperTest, testInstance = [null], testMethod = [null], testException = [null], mergedContextConfiguration = [MergedContextConfiguration@4319b06e testClass = AttachmentsMapperTest, locations = '{classpath:config/application-resources.xml}', classes = '{}', contextInitializerClasses = '[]', activeProfiles = '{mybatis}', propertySourceLocations = '{}', propertySourceProperties = '{}', contextLoader = 'org.springframework.test.context.support.DelegatingSmartContextLoader', parent = [null]]], dirtiesContext [false].
16:07:38,500 DEBUG SpringJUnit4ClassRunner:112 - SpringJUnit4ClassRunner constructor called with [class com.framework.resources.services.AttachmentsServiceTest].
16:07:38,500 DEBUG BootstrapUtils:77 - Instantiating TestContextBootstrapper from class [org.springframework.test.context.support.DefaultTestContextBootstrapper]
16:07:38,500 DEBUG AbstractDelegatingSmartContextLoader:96 - Delegating to GenericXmlContextLoader to process context configuration [ContextConfigurationAttributes@1db12a55 declaringClass = 'com.framework.resources.BaseMybatisTest', classes = '{}', locations = '{classpath:config/application-resources.xml}', inheritLocations = true, initializers = '{}', inheritInitializers = true, name = [null], contextLoaderClass = 'org.springframework.test.context.ContextLoader'].
16:07:38,501 DEBUG DefaultTestContextBootstrapper:112 - @TestExecutionListeners is not present for class [com.framework.resources.services.AttachmentsServiceTest]: using defaults.
16:07:38,503  INFO DefaultTestContextBootstrapper:255 - Loaded default TestExecutionListener class names from location [META-INF/spring.factories]: [org.springframework.test.context.web.ServletTestExecutionListener, org.springframework.test.context.support.DependencyInjectionTestExecutionListener, org.springframework.test.context.support.DirtiesContextTestExecutionListener, org.springframework.test.context.transaction.TransactionalTestExecutionListener, org.springframework.test.context.jdbc.SqlScriptsTestExecutionListener]
16:07:38,503  INFO DefaultTestContextBootstrapper:181 - Using TestExecutionListeners: [org.springframework.test.context.web.ServletTestExecutionListener@260575c2, org.springframework.test.context.support.DependencyInjectionTestExecutionListener@3076270e, org.springframework.test.context.support.DirtiesContextTestExecutionListener@1cfe20fd, org.springframework.test.context.transaction.TransactionalTestExecutionListener@7027d0e9, org.springframework.test.context.jdbc.SqlScriptsTestExecutionListener@4604aa85]
16:07:38,503 DEBUG ProfileValueUtils:70 - Retrieved @ProfileValueSourceConfiguration [null] for test class [com.framework.resources.services.AttachmentsServiceTest]
16:07:38,503 DEBUG ProfileValueUtils:82 - Retrieved ProfileValueSource type [class org.springframework.test.annotation.SystemProfileValueSource] for class [com.framework.resources.services.AttachmentsServiceTest]
16:07:38,504 DEBUG ProfileValueUtils:70 - Retrieved @ProfileValueSourceConfiguration [null] for test class [com.framework.resources.services.AttachmentsServiceTest]
16:07:38,504 DEBUG ProfileValueUtils:82 - Retrieved ProfileValueSource type [class org.springframework.test.annotation.SystemProfileValueSource] for class [com.framework.resources.services.AttachmentsServiceTest]
16:07:38,504 DEBUG ProfileValueUtils:70 - Retrieved @ProfileValueSourceConfiguration [null] for test class [com.framework.resources.services.AttachmentsServiceTest]
16:07:38,504 DEBUG ProfileValueUtils:82 - Retrieved ProfileValueSource type [class org.springframework.test.annotation.SystemProfileValueSource] for class [com.framework.resources.services.AttachmentsServiceTest]
16:07:38,504 DEBUG ProfileValueUtils:70 - Retrieved @ProfileValueSourceConfiguration [null] for test class [com.framework.resources.services.AttachmentsServiceTest]
16:07:38,504 DEBUG ProfileValueUtils:82 - Retrieved ProfileValueSource type [class org.springframework.test.annotation.SystemProfileValueSource] for class [com.framework.resources.services.AttachmentsServiceTest]
16:07:38,505 DEBUG DependencyInjectionTestExecutionListener:80 - Performing dependency injection for test context [[DefaultTestContext@5c5725ac testClass = AttachmentsServiceTest, testInstance = com.framework.resources.services.AttachmentsServiceTest@5d6a6e90, testMethod = [null], testException = [null], mergedContextConfiguration = [MergedContextConfiguration@7680dfd9 testClass = AttachmentsServiceTest, locations = '{classpath:config/application-resources.xml}', classes = '{}', contextInitializerClasses = '[]', activeProfiles = '{mybatis}', propertySourceLocations = '{}', propertySourceProperties = '{}', contextLoader = 'org.springframework.test.context.support.DelegatingSmartContextLoader', parent = [null]]]].
16:07:38,505 DEBUG AbstractDelegatingSmartContextLoader:106 - Delegating to GenericXmlContextLoader to load context from [MergedContextConfiguration@7680dfd9 testClass = AttachmentsServiceTest, locations = '{classpath:config/application-resources.xml}', classes = '{}', contextInitializerClasses = '[]', activeProfiles = '{mybatis}', propertySourceLocations = '{}', propertySourceProperties = '{}', contextLoader = 'org.springframework.test.context.support.DelegatingSmartContextLoader', parent = [null]].
16:07:38,505 DEBUG AbstractGenericContextLoader:107 - Loading ApplicationContext for merged context configuration [[MergedContextConfiguration@7680dfd9 testClass = AttachmentsServiceTest, locations = '{classpath:config/application-resources.xml}', classes = '{}', contextInitializerClasses = '[]', activeProfiles = '{mybatis}', propertySourceLocations = '{}', propertySourceProperties = '{}', contextLoader = 'org.springframework.test.context.support.DelegatingSmartContextLoader', parent = [null]]].
16:07:38,506  INFO XmlBeanDefinitionReader:316 - Loading XML bean definitions from class path resource [config/application-resources.xml]
16:07:38,507 DEBUG DefaultDocumentLoader:73 - Using JAXP provider [com.sun.org.apache.xerces.internal.jaxp.DocumentBuilderFactoryImpl]
16:07:38,508 DEBUG PluggableSchemaResolver:141 - Loading schema mappings from [META-INF/spring.schemas]
16:07:38,510 DEBUG PluggableSchemaResolver:147 - Loaded schema mappings: {http://www.springframework.org/schema/tx/spring-tx-2.5.xsd=org/springframework/transaction/config/spring-tx-2.5.xsd, http://www.springframework.org/schema/aop/spring-aop-4.1.xsd=org/springframework/aop/config/spring-aop-4.1.xsd, http://www.springframework.org/schema/context/spring-context-3.1.xsd=org/springframework/context/config/spring-context-3.1.xsd, http://www.springframework.org/schema/data/repository/spring-repository-1.4.xsd=org/springframework/data/repository/config/spring-repository-1.4.xsd, http://www.springframework.org/schema/jdbc/spring-jdbc-4.1.xsd=org/springframework/jdbc/config/spring-jdbc-4.1.xsd, http://www.springframework.org/schema/mvc/spring-mvc-4.1.xsd=org/springframework/web/servlet/config/spring-mvc-4.1.xsd, http://www.springframework.org/schema/util/spring-util-3.0.xsd=org/springframework/beans/factory/xml/spring-util-3.0.xsd, http://mybatis.org/schema/mybatis-spring-1.2.xsd=org/mybatis/spring/config/mybatis-spring-1.2.xsd, http://www.springframework.org/schema/tool/spring-tool.xsd=org/springframework/beans/factory/xml/spring-tool-4.1.xsd, http://www.springframework.org/schema/aop/spring-aop-3.2.xsd=org/springframework/aop/config/spring-aop-3.2.xsd, http://www.springframework.org/schema/lang/spring-lang-4.1.xsd=org/springframework/scripting/config/spring-lang-4.1.xsd, http://www.springframework.org/schema/context/spring-context-4.0.xsd=org/springframework/context/config/spring-context-4.0.xsd, http://www.springframework.org/schema/mvc/spring-mvc-3.2.xsd=org/springframework/web/servlet/config/spring-mvc-3.2.xsd, http://www.springframework.org/schema/tool/spring-tool-4.1.xsd=org/springframework/beans/factory/xml/spring-tool-4.1.xsd, http://www.springframework.org/schema/lang/spring-lang-3.2.xsd=org/springframework/scripting/config/spring-lang-3.2.xsd, http://www.springframework.org/schema/cache/spring-cache-3.2.xsd=org/springframework/cache/config/spring-cache-3.2.xsd, http://www.springframework.org/schema/jee/spring-jee-4.1.xsd=org/springframework/ejb/config/spring-jee-4.1.xsd, http://www.springframework.org/schema/jdbc/spring-jdbc-3.1.xsd=org/springframework/jdbc/config/spring-jdbc-3.1.xsd, http://www.springframework.org/schema/util/spring-util-2.0.xsd=org/springframework/beans/factory/xml/spring-util-2.0.xsd, http://www.springframework.org/schema/tool/spring-tool-3.2.xsd=org/springframework/beans/factory/xml/spring-tool-3.2.xsd, http://www.springframework.org/schema/context/spring-context.xsd=org/springframework/context/config/spring-context-4.1.xsd, http://www.springframework.org/schema/cache/spring-cache-4.1.xsd=org/springframework/cache/config/spring-cache-4.1.xsd, http://www.springframework.org/schema/aop/spring-aop-4.0.xsd=org/springframework/aop/config/spring-aop-4.0.xsd, http://www.springframework.org/schema/jee/spring-jee-3.2.xsd=org/springframework/ejb/config/spring-jee-3.2.xsd, http://www.springframework.org/schema/context/spring-context-3.0.xsd=org/springframework/context/config/spring-context-3.0.xsd, http://www.springframework.org/schema/jdbc/spring-jdbc-4.0.xsd=org/springframework/jdbc/config/spring-jdbc-4.0.xsd, http://www.springframework.org/schema/mvc/spring-mvc-4.0.xsd=org/springframework/web/servlet/config/spring-mvc-4.0.xsd, http://www.springframework.org/schema/util/spring-util-2.5.xsd=org/springframework/beans/factory/xml/spring-util-2.5.xsd, http://www.springframework.org/schema/beans/spring-beans-3.2.xsd=org/springframework/beans/factory/xml/spring-beans-3.2.xsd, http://www.springframework.org/schema/aop/spring-aop-3.1.xsd=org/springframework/aop/config/spring-aop-3.1.xsd, http://www.springframework.org/schema/lang/spring-lang-4.0.xsd=org/springframework/scripting/config/spring-lang-4.0.xsd, http://www.springframework.org/schema/mvc/spring-mvc.xsd=org/springframework/web/servlet/config/spring-mvc-4.1.xsd, http://www.springframework.org/schema/mvc/spring-mvc-3.1.xsd=org/springframework/web/servlet/config/spring-mvc-3.1.xsd, http://www.springframework.org/schema/beans/spring-beans-4.1.xsd=org/springframework/beans/factory/xml/spring-beans-4.1.xsd, http://www.springframework.org/schema/tool/spring-tool-4.0.xsd=org/springframework/beans/factory/xml/spring-tool-4.0.xsd, http://www.springframework.org/schema/tx/spring-tx-3.2.xsd=org/springframework/transaction/config/spring-tx-3.2.xsd, http://www.springframework.org/schema/lang/spring-lang-3.1.xsd=org/springframework/scripting/config/spring-lang-3.1.xsd, http://www.springframework.org/schema/cache/spring-cache-3.1.xsd=org/springframework/cache/config/spring-cache-3.1.xsd, http://www.springframework.org/schema/jee/spring-jee-4.0.xsd=org/springframework/ejb/config/spring-jee-4.0.xsd, http://www.springframework.org/schema/jdbc/spring-jdbc-3.0.xsd=org/springframework/jdbc/config/spring-jdbc-3.0.xsd, http://www.springframework.org/schema/task/spring-task-4.1.xsd=org/springframework/scheduling/config/spring-task-4.1.xsd, http://www.springframework.org/schema/jdbc/spring-jdbc.xsd=org/springframework/jdbc/config/spring-jdbc-4.1.xsd, http://www.springframework.org/schema/tool/spring-tool-3.1.xsd=org/springframework/beans/factory/xml/spring-tool-3.1.xsd, http://www.springframework.org/schema/tx/spring-tx-4.1.xsd=org/springframework/transaction/config/spring-tx-4.1.xsd, http://www.springframework.org/schema/cache/spring-cache-4.0.xsd=org/springframework/cache/config/spring-cache-4.0.xsd, http://www.springframework.org/schema/jee/spring-jee-3.1.xsd=org/springframework/ejb/config/spring-jee-3.1.xsd, http://www.springframework.org/schema/task/spring-task-3.2.xsd=org/springframework/scheduling/config/spring-task-3.2.xsd, http://www.springframework.org/schema/beans/spring-beans-3.1.xsd=org/springframework/beans/factory/xml/spring-beans-3.1.xsd, http://www.springframework.org/schema/util/spring-util.xsd=org/springframework/beans/factory/xml/spring-util-4.1.xsd, http://www.springframework.org/schema/aop/spring-aop-3.0.xsd=org/springframework/aop/config/spring-aop-3.0.xsd, http://www.springframework.org/schema/data/repository/spring-repository.xsd=org/springframework/data/repository/config/spring-repository-1.7.xsd, http://www.springframework.org/schema/data/repository/spring-repository-1.7.xsd=org/springframework/data/repository/config/spring-repository-1.7.xsd, http://www.springframework.org/schema/mvc/spring-mvc-3.0.xsd=org/springframework/web/servlet/config/spring-mvc-3.0.xsd, http://www.springframework.org/schema/beans/spring-beans-4.0.xsd=org/springframework/beans/factory/xml/spring-beans-4.0.xsd, http://www.springframework.org/schema/beans/spring-beans.xsd=org/springframework/beans/factory/xml/spring-beans-4.1.xsd, http://mybatis.org/schema/mybatis-spring.xsd=org/mybatis/spring/config/mybatis-spring-1.2.xsd, http://www.springframework.org/schema/tx/spring-tx-3.1.xsd=org/springframework/transaction/config/spring-tx-3.1.xsd, http://www.springframework.org/schema/lang/spring-lang-3.0.xsd=org/springframework/scripting/config/spring-lang-3.0.xsd, http://www.springframework.org/schema/context/spring-context-2.5.xsd=org/springframework/context/config/spring-context-2.5.xsd, http://www.springframework.org/schema/task/spring-task-4.0.xsd=org/springframework/scheduling/config/spring-task-4.0.xsd, http://www.springframework.org/schema/tool/spring-tool-3.0.xsd=org/springframework/beans/factory/xml/spring-tool-3.0.xsd, http://www.springframework.org/schema/tx/spring-tx-4.0.xsd=org/springframework/transaction/config/spring-tx-4.0.xsd, http://ehcache-spring-annotations.googlecode.com/svn/schema/ehcache-spring/ehcache-spring-1.2.xsd=com/googlecode/ehcache/annotations/ehcache-spring-1.2.xsd, http://www.springframework.org/schema/aop/spring-aop-2.0.xsd=org/springframework/aop/config/spring-aop-2.0.xsd, http://www.springframework.org/schema/jee/spring-jee-3.0.xsd=org/springframework/ejb/config/spring-jee-3.0.xsd, http://www.springframework.org/schema/util/spring-util-4.1.xsd=org/springframework/beans/factory/xml/spring-util-4.1.xsd, http://www.springframework.org/schema/task/spring-task-3.1.xsd=org/springframework/scheduling/config/spring-task-3.1.xsd, http://www.springframework.org/schema/beans/spring-beans-3.0.xsd=org/springframework/beans/factory/xml/spring-beans-3.0.xsd, http://www.springframework.org/schema/jee/spring-jee.xsd=org/springframework/ejb/config/spring-jee-4.1.xsd, http://www.springframework.org/schema/aop/spring-aop-2.5.xsd=org/springframework/aop/config/spring-aop-2.5.xsd, http://www.springframework.org/schema/lang/spring-lang-2.0.xsd=org/springframework/scripting/config/spring-lang-2.0.xsd, http://www.springframework.org/schema/data/repository/spring-repository-1.6.xsd=org/springframework/data/repository/config/spring-repository-1.6.xsd, http://www.springframework.org/schema/util/spring-util-3.2.xsd=org/springframework/beans/factory/xml/spring-util-3.2.xsd, http://www.springframework.org/schema/task/spring-task.xsd=org/springframework/scheduling/config/spring-task-4.1.xsd, http://www.springframework.org/schema/tool/spring-tool-2.0.xsd=org/springframework/beans/factory/xml/spring-tool-2.0.xsd, http://www.springframework.org/schema/tx/spring-tx-3.0.xsd=org/springframework/transaction/config/spring-tx-3.0.xsd, http://www.springframework.org/schema/lang/spring-lang-2.5.xsd=org/springframework/scripting/config/spring-lang-2.5.xsd, http://www.springframework.org/schema/jee/spring-jee-2.0.xsd=org/springframework/ejb/config/spring-jee-2.0.xsd, http://www.springframework.org/schema/tool/spring-tool-2.5.xsd=org/springframework/beans/factory/xml/spring-tool-2.5.xsd, http://ehcache-spring-annotations.googlecode.com/svn/schema/ehcache-spring/ehcache-spring-1.1.xsd=com/googlecode/ehcache/annotations/ehcache-spring-1.1.xsd, http://www.springframework.org/schema/jee/spring-jee-2.5.xsd=org/springframework/ejb/config/spring-jee-2.5.xsd, http://www.springframework.org/schema/data/repository/spring-repository-1.0.xsd=org/springframework/data/repository/config/spring-repository-1.0.xsd, http://www.springframework.org/schema/util/spring-util-4.0.xsd=org/springframework/beans/factory/xml/spring-util-4.0.xsd, http://www.springframework.org/schema/task/spring-task-3.0.xsd=org/springframework/scheduling/config/spring-task-3.0.xsd, http://www.springframework.org/schema/lang/spring-lang.xsd=org/springframework/scripting/config/spring-lang-4.1.xsd, http://www.springframework.org/schema/context/spring-context-3.2.xsd=org/springframework/context/config/spring-context-3.2.xsd, http://www.springframework.org/schema/data/repository/spring-repository-1.5.xsd=org/springframework/data/repository/config/spring-repository-1.5.xsd, http://www.springframework.org/schema/util/spring-util-3.1.xsd=org/springframework/beans/factory/xml/spring-util-3.1.xsd, http://www.springframework.org/schema/beans/spring-beans-2.0.xsd=org/springframework/beans/factory/xml/spring-beans-2.0.xsd, http://www.springframework.org/schema/cache/spring-cache.xsd=org/springframework/cache/config/spring-cache-4.1.xsd, http://www.springframework.org/schema/tx/spring-tx.xsd=org/springframework/transaction/config/spring-tx-4.1.xsd, http://www.springframework.org/schema/context/spring-context-4.1.xsd=org/springframework/context/config/spring-context-4.1.xsd, http://www.springframework.org/schema/beans/spring-beans-2.5.xsd=org/springframework/beans/factory/xml/spring-beans-2.5.xsd, http://www.springframework.org/schema/tx/spring-tx-2.0.xsd=org/springframework/transaction/config/spring-tx-2.0.xsd, http://ehcache-spring-annotations.googlecode.com/svn/schema/ehcache-spring/ehcache-spring-1.0.xsd=com/googlecode/ehcache/annotations/ehcache-spring-1.0.xsd, http://www.springframework.org/schema/jdbc/spring-jdbc-3.2.xsd=org/springframework/jdbc/config/spring-jdbc-3.2.xsd, http://www.springframework.org/schema/aop/spring-aop.xsd=org/springframework/aop/config/spring-aop-4.1.xsd}
16:07:38,511 DEBUG PluggableSchemaResolver:119 - Found XML schema [http://www.springframework.org/schema/beans/spring-beans.xsd] in classpath: org/springframework/beans/factory/xml/spring-beans-4.1.xsd
16:07:38,517 DEBUG PluggableSchemaResolver:119 - Found XML schema [http://www.springframework.org/schema/context/spring-context.xsd] in classpath: org/springframework/context/config/spring-context-4.1.xsd
16:07:38,518 DEBUG PluggableSchemaResolver:119 - Found XML schema [http://www.springframework.org/schema/tool/spring-tool-4.1.xsd] in classpath: org/springframework/beans/factory/xml/spring-tool-4.1.xsd
16:07:38,520 DEBUG DefaultBeanDefinitionDocumentReader:108 - Loading bean definitions
16:07:38,520  INFO XmlBeanDefinitionReader:316 - Loading XML bean definitions from class path resource [config/application-core.xml]
16:07:38,521 DEBUG DefaultDocumentLoader:73 - Using JAXP provider [com.sun.org.apache.xerces.internal.jaxp.DocumentBuilderFactoryImpl]
16:07:38,523 DEBUG PluggableSchemaResolver:119 - Found XML schema [http://www.springframework.org/schema/beans/spring-beans.xsd] in classpath: org/springframework/beans/factory/xml/spring-beans-4.1.xsd
16:07:38,529 DEBUG PluggableSchemaResolver:119 - Found XML schema [http://www.springframework.org/schema/context/spring-context.xsd] in classpath: org/springframework/context/config/spring-context-4.1.xsd
16:07:38,530 DEBUG PluggableSchemaResolver:119 - Found XML schema [http://www.springframework.org/schema/tool/spring-tool-4.1.xsd] in classpath: org/springframework/beans/factory/xml/spring-tool-4.1.xsd
16:07:38,534 DEBUG PluggableSchemaResolver:119 - Found XML schema [http://www.springframework.org/schema/tx/spring-tx.xsd] in classpath: org/springframework/transaction/config/spring-tx-4.1.xsd
16:07:38,537 DEBUG PluggableSchemaResolver:119 - Found XML schema [http://www.springframework.org/schema/aop/spring-aop.xsd] in classpath: org/springframework/aop/config/spring-aop-4.1.xsd
16:07:38,540 DEBUG DefaultBeanDefinitionDocumentReader:108 - Loading bean definitions
16:07:38,541  INFO XmlBeanDefinitionReader:316 - Loading XML bean definitions from class path resource [config/datasource-config.xml]
16:07:38,542 DEBUG DefaultDocumentLoader:73 - Using JAXP provider [com.sun.org.apache.xerces.internal.jaxp.DocumentBuilderFactoryImpl]
16:07:38,544 DEBUG PluggableSchemaResolver:119 - Found XML schema [http://www.springframework.org/schema/beans/spring-beans.xsd] in classpath: org/springframework/beans/factory/xml/spring-beans-4.1.xsd
16:07:38,550 DEBUG PluggableSchemaResolver:119 - Found XML schema [http://www.springframework.org/schema/context/spring-context.xsd] in classpath: org/springframework/context/config/spring-context-4.1.xsd
16:07:38,552 DEBUG PluggableSchemaResolver:119 - Found XML schema [http://www.springframework.org/schema/tool/spring-tool-4.1.xsd] in classpath: org/springframework/beans/factory/xml/spring-tool-4.1.xsd
16:07:38,555 DEBUG DefaultBeanDefinitionDocumentReader:108 - Loading bean definitions
16:07:38,556 DEBUG DefaultNamespaceHandlerResolver:157 - Loaded NamespaceHandler mappings: {http://www.springframework.org/schema/p=org.springframework.beans.factory.xml.SimplePropertyNamespaceHandler, http://www.springframework.org/schema/mvc=org.springframework.web.servlet.config.MvcNamespaceHandler, http://www.springframework.org/schema/util=org.springframework.beans.factory.xml.UtilNamespaceHandler, http://www.springframework.org/schema/jee=org.springframework.ejb.config.JeeNamespaceHandler, http://www.springframework.org/schema/aop=org.springframework.aop.config.AopNamespaceHandler, http://www.springframework.org/schema/data/repository=org.springframework.data.repository.config.RepositoryNameSpaceHandler, http://www.springframework.org/schema/jdbc=org.springframework.jdbc.config.JdbcNamespaceHandler, http://ehcache-spring-annotations.googlecode.com/svn/schema/ehcache-spring=com.googlecode.ehcache.annotations.config.AnnotationDrivenEhCacheNamespaceHandler, http://www.springframework.org/schema/cache=org.springframework.cache.config.CacheNamespaceHandler, http://mybatis.org/schema/mybatis-spring=org.mybatis.spring.config.NamespaceHandler, http://www.springframework.org/schema/c=org.springframework.beans.factory.xml.SimpleConstructorNamespaceHandler, http://www.springframework.org/schema/tx=org.springframework.transaction.config.TxNamespaceHandler, http://www.springframework.org/schema/task=org.springframework.scheduling.config.TaskNamespaceHandler, http://www.springframework.org/schema/lang=org.springframework.scripting.config.LangNamespaceHandler, http://www.springframework.org/schema/data/keyvalue=org.springframework.data.keyvalue.repository.config.KeyValueRepositoryNameSpaceHandler, http://www.springframework.org/schema/context=org.springframework.context.config.ContextNamespaceHandler}
16:07:38,557 DEBUG DefaultBeanDefinitionDocumentReader:269 - Imported 2 bean definitions from relative location [datasource-config.xml]
16:07:38,557  INFO XmlBeanDefinitionReader:316 - Loading XML bean definitions from class path resource [config/bean-defined.xml]
16:07:38,558 DEBUG DefaultDocumentLoader:73 - Using JAXP provider [com.sun.org.apache.xerces.internal.jaxp.DocumentBuilderFactoryImpl]
16:07:38,559 DEBUG PluggableSchemaResolver:119 - Found XML schema [http://www.springframework.org/schema/beans/spring-beans.xsd] in classpath: org/springframework/beans/factory/xml/spring-beans-4.1.xsd
16:07:38,564 DEBUG DefaultBeanDefinitionDocumentReader:108 - Loading bean definitions
16:07:38,565 DEBUG DefaultBeanDefinitionDocumentReader:269 - Imported 1 bean definitions from relative location [bean-defined.xml]
16:07:38,566 DEBUG ClassPathBeanDefinitionScanner:250 - JSR-330 'javax.inject.Named' annotation found and supported for component scanning
16:07:38,570 DEBUG ClassPathBeanDefinitionScanner:284 - Identified candidate component class: URL [jar:file:/d:/maven/repository/com/framework/framework-core/0.0.1-SNAPSHOT/framework-core-0.0.1-SNAPSHOT.jar!/com/framework/web/advice/ControlAdvice.class]
16:07:38,573 DEBUG ClassPathBeanDefinitionScanner:284 - Identified candidate component class: URL [jar:file:/d:/maven/repository/com/framework/framework-core/0.0.1-SNAPSHOT/framework-core-0.0.1-SNAPSHOT.jar!/com/framework/web/util/SessionManager.class]
16:07:38,575 DEBUG ClassPathBeanDefinitionScanner:250 - JSR-330 'javax.inject.Named' annotation found and supported for component scanning
16:07:38,577 DEBUG ClassPathBeanDefinitionScanner:284 - Identified candidate component class: URL [jar:file:/d:/maven/repository/com/framework/framework-core/0.0.1-SNAPSHOT/framework-core-0.0.1-SNAPSHOT.jar!/com/framework/common/aspect/QueryParamAop.class]
16:07:38,578 DEBUG BeanDefinitionParserDelegate:495 - Neither XML 'id' nor 'name' specified - using generated bean name [org.mybatis.spring.mapper.MapperScannerConfigurer#0]
16:07:38,579 DEBUG ClassPathBeanDefinitionScanner:250 - JSR-330 'javax.inject.Named' annotation found and supported for component scanning
16:07:38,581 DEBUG ClassPathBeanDefinitionScanner:290 - Ignored because not a concrete top-level class: URL [jar:file:/d:/maven/repository/com/framework/framework-core/0.0.1-SNAPSHOT/framework-core-0.0.1-SNAPSHOT.jar!/com/system/mybatis/dao/SysDeptMapper.class]
16:07:38,582 DEBUG ClassPathBeanDefinitionScanner:290 - Ignored because not a concrete top-level class: URL [jar:file:/d:/maven/repository/com/framework/framework-core/0.0.1-SNAPSHOT/framework-core-0.0.1-SNAPSHOT.jar!/com/system/mybatis/dao/SysLogMapper.class]
16:07:38,583 DEBUG ClassPathBeanDefinitionScanner:290 - Ignored because not a concrete top-level class: URL [jar:file:/d:/maven/repository/com/framework/framework-core/0.0.1-SNAPSHOT/framework-core-0.0.1-SNAPSHOT.jar!/com/system/mybatis/service/IIndexItemService.class]
16:07:38,584 DEBUG ClassPathBeanDefinitionScanner:284 - Identified candidate component class: URL [jar:file:/d:/maven/repository/com/framework/framework-core/0.0.1-SNAPSHOT/framework-core-0.0.1-SNAPSHOT.jar!/com/system/mybatis/service/impl/IndexItemService.class]
16:07:38,585 DEBUG ClassPathBeanDefinitionScanner:284 - Identified candidate component class: URL [jar:file:/d:/maven/repository/com/framework/framework-core/0.0.1-SNAPSHOT/framework-core-0.0.1-SNAPSHOT.jar!/com/system/mybatis/service/impl/SysCodeService.class]
16:07:38,586 DEBUG ClassPathBeanDefinitionScanner:284 - Identified candidate component class: URL [jar:file:/d:/maven/repository/com/framework/framework-core/0.0.1-SNAPSHOT/framework-core-0.0.1-SNAPSHOT.jar!/com/system/mybatis/service/impl/SysDeptServiceImpl.class]
16:07:38,586 DEBUG ClassPathBeanDefinitionScanner:284 - Identified candidate component class: URL [jar:file:/d:/maven/repository/com/framework/framework-core/0.0.1-SNAPSHOT/framework-core-0.0.1-SNAPSHOT.jar!/com/system/mybatis/service/impl/SysModuleServiceImpl.class]
16:07:38,587 DEBUG ClassPathBeanDefinitionScanner:284 - Identified candidate component class: URL [jar:file:/d:/maven/repository/com/framework/framework-core/0.0.1-SNAPSHOT/framework-core-0.0.1-SNAPSHOT.jar!/com/system/mybatis/service/impl/SystemLogServiceImpl.class]
16:07:38,588 DEBUG ClassPathBeanDefinitionScanner:284 - Identified candidate component class: URL [jar:file:/d:/maven/repository/com/framework/framework-core/0.0.1-SNAPSHOT/framework-core-0.0.1-SNAPSHOT.jar!/com/system/mybatis/service/impl/SystemRoleServiceImpl.class]
16:07:38,588 DEBUG ClassPathBeanDefinitionScanner:284 - Identified candidate component class: URL [jar:file:/d:/maven/repository/com/framework/framework-core/0.0.1-SNAPSHOT/framework-core-0.0.1-SNAPSHOT.jar!/com/system/mybatis/service/impl/SystemUserServiceImpl.class]
16:07:38,589 DEBUG ClassPathBeanDefinitionScanner:290 - Ignored because not a concrete top-level class: URL [jar:file:/d:/maven/repository/com/framework/framework-core/0.0.1-SNAPSHOT/framework-core-0.0.1-SNAPSHOT.jar!/com/system/mybatis/service/ISysCodeService.class]
16:07:38,589 DEBUG ClassPathBeanDefinitionScanner:290 - Ignored because not a concrete top-level class: URL [jar:file:/d:/maven/repository/com/framework/framework-core/0.0.1-SNAPSHOT/framework-core-0.0.1-SNAPSHOT.jar!/com/system/mybatis/service/ISysModuleService.class]
16:07:38,590 DEBUG ClassPathBeanDefinitionScanner:290 - Ignored because not a concrete top-level class: URL [jar:file:/d:/maven/repository/com/framework/framework-core/0.0.1-SNAPSHOT/framework-core-0.0.1-SNAPSHOT.jar!/com/system/mybatis/service/ISystemLogService.class]
16:07:38,590 DEBUG ClassPathBeanDefinitionScanner:290 - Ignored because not a concrete top-level class: URL [jar:file:/d:/maven/repository/com/framework/framework-core/0.0.1-SNAPSHOT/framework-core-0.0.1-SNAPSHOT.jar!/com/system/mybatis/service/ISystemRoleService.class]
16:07:38,591 DEBUG ClassPathBeanDefinitionScanner:290 - Ignored because not a concrete top-level class: URL [jar:file:/d:/maven/repository/com/framework/framework-core/0.0.1-SNAPSHOT/framework-core-0.0.1-SNAPSHOT.jar!/com/system/mybatis/service/ISystemUserService.class]
16:07:38,592 DEBUG ClassPathBeanDefinitionScanner:250 - JSR-330 'javax.inject.Named' annotation found and supported for component scanning
16:07:38,594 DEBUG ClassPathBeanDefinitionScanner:284 - Identified candidate component class: URL [jar:file:/d:/maven/repository/com/framework/framework-core/0.0.1-SNAPSHOT/framework-core-0.0.1-SNAPSHOT.jar!/com/framework/mybatis/aspect/SystemLogAOP.class]
16:07:38,598 DEBUG ClassPathBeanDefinitionScanner:290 - Ignored because not a concrete top-level class: URL [jar:file:/d:/maven/repository/com/framework/framework-core/0.0.1-SNAPSHOT/framework-core-0.0.1-SNAPSHOT.jar!/com/framework/mybatis/service/ICommonService.class]
16:07:38,598 DEBUG ClassPathBeanDefinitionScanner:284 - Identified candidate component class: URL [jar:file:/d:/maven/repository/com/framework/framework-core/0.0.1-SNAPSHOT/framework-core-0.0.1-SNAPSHOT.jar!/com/framework/mybatis/service/impl/CommonServiceImpl.class]
16:07:38,599 DEBUG DefaultBeanDefinitionDocumentReader:269 - Imported 28 bean definitions from relative location [application-core.xml]
16:07:38,600 DEBUG ClassPathBeanDefinitionScanner:250 - JSR-330 'javax.inject.Named' annotation found and supported for component scanning
16:07:38,604 DEBUG ClassPathBeanDefinitionScanner:284 - Identified candidate component class: file [D:\workspace\framework-root\framework-resources\target\classes\com\resources\services\impl\AttachmentsServiceImpl.class]
16:07:38,604 DEBUG ClassPathBeanDefinitionScanner:284 - Identified candidate component class: file [D:\workspace\framework-root\framework-resources\target\classes\com\resources\web\AttachmentsController.class]
16:07:38,605 DEBUG ClassPathBeanDefinitionScanner:284 - Identified candidate component class: file [D:\workspace\framework-root\framework-resources\target\classes\com\resources\web\ShareResources.class]
16:07:38,606 DEBUG ClassPathBeanDefinitionScanner:250 - JSR-330 'javax.inject.Named' annotation found and supported for component scanning
16:07:38,609 DEBUG ClassPathBeanDefinitionScanner:284 - Identified candidate component class: file [D:\workspace\framework-root\framework-resources\target\classes\com\framework\image\handler\impl\IM4ImageHandler.class]
16:07:38,610 DEBUG ClassPathBeanDefinitionScanner:284 - Identified candidate component class: file [D:\workspace\framework-root\framework-resources\target\classes\com\framework\image\ImageService.class]
16:07:38,611 DEBUG BeanDefinitionParserDelegate:495 - Neither XML 'id' nor 'name' specified - using generated bean name [org.mybatis.spring.mapper.MapperScannerConfigurer#1]
16:07:38,611 DEBUG XmlBeanDefinitionReader:223 - Loaded 35 bean definitions from location pattern [classpath:config/application-resources.xml]
16:07:38,612  INFO GenericApplicationContext:510 - Refreshing org.springframework.context.support.GenericApplicationContext@6e85c57: startup date [Mon Sep 18 16:07:38 CST 2017]; root of context hierarchy
16:07:38,612 DEBUG GenericApplicationContext:540 - Bean factory for org.springframework.context.support.GenericApplicationContext@6e85c57: org.springframework.beans.factory.support.DefaultListableBeanFactory@60d9df2b: defining beans [org.springframework.beans.factory.config.PropertyPlaceholderConfigurer#0,dataSource,validator,controlAdvice,sessionManager,org.springframework.context.annotation.internalConfigurationAnnotationProcessor,org.springframework.context.annotation.internalAutowiredAnnotationProcessor,org.springframework.context.annotation.internalRequiredAnnotationProcessor,org.springframework.context.annotation.internalCommonAnnotationProcessor,org.springframework.context.annotation.internalPersistenceAnnotationProcessor,queryParamAop,org.springframework.aop.config.internalAutoProxyCreator,org.springframework.transaction.annotation.AnnotationTransactionAttributeSource#0,org.springframework.transaction.interceptor.TransactionInterceptor#0,org.springframework.transaction.config.internalTransactionAdvisor,sqlSessionFactory,myBatisExceptionTranslator,org.mybatis.spring.mapper.MapperScannerConfigurer#0,transactionManager,indexItemService,sysCodeService,sysDeptServiceImpl,sysModuleServiceImpl,systemLogServiceImpl,systemRoleServiceImpl,systemUserServiceImpl,systemLogAOP,commonServiceImpl,configProperties,attachmentsServiceImpl,attachmentsController,shareResources,iM4ImageHandler,imageService,org.mybatis.spring.mapper.MapperScannerConfigurer#1]; root of factory hierarchy
16:07:38,613 DEBUG DefaultListableBeanFactory:220 - Creating shared instance of singleton bean 'org.springframework.context.annotation.internalConfigurationAnnotationProcessor'
16:07:38,613 DEBUG DefaultListableBeanFactory:450 - Creating instance of bean 'org.springframework.context.annotation.internalConfigurationAnnotationProcessor'
16:07:38,614 DEBUG DefaultListableBeanFactory:524 - Eagerly caching bean 'org.springframework.context.annotation.internalConfigurationAnnotationProcessor' to allow for resolving potential circular references
16:07:38,614 DEBUG DefaultListableBeanFactory:478 - Finished creating instance of bean 'org.springframework.context.annotation.internalConfigurationAnnotationProcessor'
16:07:38,628 DEBUG DefaultListableBeanFactory:220 - Creating shared instance of singleton bean 'org.mybatis.spring.mapper.MapperScannerConfigurer#0'
16:07:38,629 DEBUG DefaultListableBeanFactory:450 - Creating instance of bean 'org.mybatis.spring.mapper.MapperScannerConfigurer#0'
16:07:38,629 DEBUG DefaultListableBeanFactory:524 - Eagerly caching bean 'org.mybatis.spring.mapper.MapperScannerConfigurer#0' to allow for resolving potential circular references
16:07:38,629 DEBUG DefaultListableBeanFactory:1610 - Invoking afterPropertiesSet() on bean with name 'org.mybatis.spring.mapper.MapperScannerConfigurer#0'
16:07:38,629 DEBUG DefaultListableBeanFactory:478 - Finished creating instance of bean 'org.mybatis.spring.mapper.MapperScannerConfigurer#0'
16:07:38,632 DEBUG ClassPathMapperScanner:284 - Identified candidate component class: URL [jar:file:/d:/maven/repository/com/framework/framework-core/0.0.1-SNAPSHOT/framework-core-0.0.1-SNAPSHOT.jar!/com/system/common/SysConstant.class]
16:07:38,632 DEBUG ClassPathMapperScanner:284 - Identified candidate component class: URL [jar:file:/d:/maven/repository/com/framework/framework-core/0.0.1-SNAPSHOT/framework-core-0.0.1-SNAPSHOT.jar!/com/system/jpa/repository/ISysDeptDao.class]
16:07:38,633 DEBUG ClassPathMapperScanner:290 - Ignored because not a concrete top-level class: URL [jar:file:/d:/maven/repository/com/framework/framework-core/0.0.1-SNAPSHOT/framework-core-0.0.1-SNAPSHOT.jar!/com/system/jpa/repository/jpa/SysDeptDaoImpl.class]
16:07:38,633 DEBUG ClassPathMapperScanner:290 - Ignored because not a concrete top-level class: URL [jar:file:/d:/maven/repository/com/framework/framework-core/0.0.1-SNAPSHOT/framework-core-0.0.1-SNAPSHOT.jar!/com/system/model/DataIndexTree.class]
16:07:38,634 DEBUG ClassPathMapperScanner:290 - Ignored because not a concrete top-level class: URL [jar:file:/d:/maven/repository/com/framework/framework-core/0.0.1-SNAPSHOT/framework-core-0.0.1-SNAPSHOT.jar!/com/system/model/SysCode.class]
16:07:38,634 DEBUG ClassPathMapperScanner:290 - Ignored because not a concrete top-level class: URL [jar:file:/d:/maven/repository/com/framework/framework-core/0.0.1-SNAPSHOT/framework-core-0.0.1-SNAPSHOT.jar!/com/system/model/SysCodeTree.class]
16:07:38,634 DEBUG ClassPathMapperScanner:290 - Ignored because not a concrete top-level class: URL [jar:file:/d:/maven/repository/com/framework/framework-core/0.0.1-SNAPSHOT/framework-core-0.0.1-SNAPSHOT.jar!/com/system/model/SysDepartmentTree.class]
16:07:38,635 DEBUG ClassPathMapperScanner:290 - Ignored because not a concrete top-level class: URL [jar:file:/d:/maven/repository/com/framework/framework-core/0.0.1-SNAPSHOT/framework-core-0.0.1-SNAPSHOT.jar!/com/system/model/SysDept.class]
16:07:38,635 DEBUG ClassPathMapperScanner:290 - Ignored because not a concrete top-level class: URL [jar:file:/d:/maven/repository/com/framework/framework-core/0.0.1-SNAPSHOT/framework-core-0.0.1-SNAPSHOT.jar!/com/system/model/SysDeptUser.class]
16:07:38,636 DEBUG ClassPathMapperScanner:290 - Ignored because not a concrete top-level class: URL [jar:file:/d:/maven/repository/com/framework/framework-core/0.0.1-SNAPSHOT/framework-core-0.0.1-SNAPSHOT.jar!/com/system/model/SysIndexitem.class]
16:07:38,636 DEBUG ClassPathMapperScanner:290 - Ignored because not a concrete top-level class: URL [jar:file:/d:/maven/repository/com/framework/framework-core/0.0.1-SNAPSHOT/framework-core-0.0.1-SNAPSHOT.jar!/com/system/model/SysLog.class]
16:07:38,637 DEBUG ClassPathMapperScanner:290 - Ignored because not a concrete top-level class: URL [jar:file:/d:/maven/repository/com/framework/framework-core/0.0.1-SNAPSHOT/framework-core-0.0.1-SNAPSHOT.jar!/com/system/model/SysModule.class]
16:07:38,637 DEBUG ClassPathMapperScanner:290 - Ignored because not a concrete top-level class: URL [jar:file:/d:/maven/repository/com/framework/framework-core/0.0.1-SNAPSHOT/framework-core-0.0.1-SNAPSHOT.jar!/com/system/model/SysRole.class]
16:07:38,637 DEBUG ClassPathMapperScanner:290 - Ignored because not a concrete top-level class: URL [jar:file:/d:/maven/repository/com/framework/framework-core/0.0.1-SNAPSHOT/framework-core-0.0.1-SNAPSHOT.jar!/com/system/model/SysRoleFuncKey.class]
16:07:38,638 DEBUG ClassPathMapperScanner:290 - Ignored because not a concrete top-level class: URL [jar:file:/d:/maven/repository/com/framework/framework-core/0.0.1-SNAPSHOT/framework-core-0.0.1-SNAPSHOT.jar!/com/system/model/SysRoleUser.class]
16:07:38,638 DEBUG ClassPathMapperScanner:290 - Ignored because not a concrete top-level class: URL [jar:file:/d:/maven/repository/com/framework/framework-core/0.0.1-SNAPSHOT/framework-core-0.0.1-SNAPSHOT.jar!/com/system/model/SysUser.class]
16:07:38,638 DEBUG ClassPathMapperScanner:284 - Identified candidate component class: URL [jar:file:/d:/maven/repository/com/framework/framework-core/0.0.1-SNAPSHOT/framework-core-0.0.1-SNAPSHOT.jar!/com/system/mybatis/dao/CommSeqMapper.class]
16:07:38,639 DEBUG ClassPathMapperScanner:284 - Identified candidate component class: URL [jar:file:/d:/maven/repository/com/framework/framework-core/0.0.1-SNAPSHOT/framework-core-0.0.1-SNAPSHOT.jar!/com/system/mybatis/dao/SysCodeMapper.class]
16:07:38,639 DEBUG ClassPathMapperScanner:284 - Identified candidate component class: URL [jar:file:/d:/maven/repository/com/framework/framework-core/0.0.1-SNAPSHOT/framework-core-0.0.1-SNAPSHOT.jar!/com/system/mybatis/dao/SysDeptMapper.class]
16:07:38,639 DEBUG ClassPathMapperScanner:284 - Identified candidate component class: URL [jar:file:/d:/maven/repository/com/framework/framework-core/0.0.1-SNAPSHOT/framework-core-0.0.1-SNAPSHOT.jar!/com/system/mybatis/dao/SysDeptUserMapper.class]
16:07:38,640 DEBUG ClassPathMapperScanner:284 - Identified candidate component class: URL [jar:file:/d:/maven/repository/com/framework/framework-core/0.0.1-SNAPSHOT/framework-core-0.0.1-SNAPSHOT.jar!/com/system/mybatis/dao/SysIndexitemMapper.class]
16:07:38,640 DEBUG ClassPathMapperScanner:284 - Identified candidate component class: URL [jar:file:/d:/maven/repository/com/framework/framework-core/0.0.1-SNAPSHOT/framework-core-0.0.1-SNAPSHOT.jar!/com/system/mybatis/dao/SysLogMapper.class]
16:07:38,641 DEBUG ClassPathMapperScanner:284 - Identified candidate component class: URL [jar:file:/d:/maven/repository/com/framework/framework-core/0.0.1-SNAPSHOT/framework-core-0.0.1-SNAPSHOT.jar!/com/system/mybatis/dao/SysModuleMapper.class]
16:07:38,641 DEBUG ClassPathMapperScanner:284 - Identified candidate component class: URL [jar:file:/d:/maven/repository/com/framework/framework-core/0.0.1-SNAPSHOT/framework-core-0.0.1-SNAPSHOT.jar!/com/system/mybatis/dao/SysRoleFuncMapper.class]
16:07:38,641 DEBUG ClassPathMapperScanner:284 - Identified candidate component class: URL [jar:file:/d:/maven/repository/com/framework/framework-core/0.0.1-SNAPSHOT/framework-core-0.0.1-SNAPSHOT.jar!/com/system/mybatis/dao/SysRoleMapper.class]
16:07:38,642 DEBUG ClassPathMapperScanner:284 - Identified candidate component class: URL [jar:file:/d:/maven/repository/com/framework/framework-core/0.0.1-SNAPSHOT/framework-core-0.0.1-SNAPSHOT.jar!/com/system/mybatis/dao/SysRoleUserMapper.class]
16:07:38,642 DEBUG ClassPathMapperScanner:284 - Identified candidate component class: URL [jar:file:/d:/maven/repository/com/framework/framework-core/0.0.1-SNAPSHOT/framework-core-0.0.1-SNAPSHOT.jar!/com/system/mybatis/dao/SysUserMapper.class]
16:07:38,642 DEBUG ClassPathMapperScanner:284 - Identified candidate component class: URL [jar:file:/d:/maven/repository/com/framework/framework-core/0.0.1-SNAPSHOT/framework-core-0.0.1-SNAPSHOT.jar!/com/system/mybatis/service/IIndexItemService.class]
16:07:38,643 DEBUG ClassPathMapperScanner:290 - Ignored because not a concrete top-level class: URL [jar:file:/d:/maven/repository/com/framework/framework-core/0.0.1-SNAPSHOT/framework-core-0.0.1-SNAPSHOT.jar!/com/system/mybatis/service/impl/IndexItemService.class]
16:07:38,644 DEBUG ClassPathMapperScanner:290 - Ignored because not a concrete top-level class: URL [jar:file:/d:/maven/repository/com/framework/framework-core/0.0.1-SNAPSHOT/framework-core-0.0.1-SNAPSHOT.jar!/com/system/mybatis/service/impl/SysCodeService.class]
16:07:38,645 DEBUG ClassPathMapperScanner:290 - Ignored because not a concrete top-level class: URL [jar:file:/d:/maven/repository/com/framework/framework-core/0.0.1-SNAPSHOT/framework-core-0.0.1-SNAPSHOT.jar!/com/system/mybatis/service/impl/SysDeptServiceImpl.class]
16:07:38,645 DEBUG ClassPathMapperScanner:290 - Ignored because not a concrete top-level class: URL [jar:file:/d:/maven/repository/com/framework/framework-core/0.0.1-SNAPSHOT/framework-core-0.0.1-SNAPSHOT.jar!/com/system/mybatis/service/impl/SysModuleServiceImpl.class]
16:07:38,645 DEBUG ClassPathMapperScanner:290 - Ignored because not a concrete top-level class: URL [jar:file:/d:/maven/repository/com/framework/framework-core/0.0.1-SNAPSHOT/framework-core-0.0.1-SNAPSHOT.jar!/com/system/mybatis/service/impl/SystemLogServiceImpl.class]
16:07:38,646 DEBUG ClassPathMapperScanner:290 - Ignored because not a concrete top-level class: URL [jar:file:/d:/maven/repository/com/framework/framework-core/0.0.1-SNAPSHOT/framework-core-0.0.1-SNAPSHOT.jar!/com/system/mybatis/service/impl/SystemRoleServiceImpl.class]
16:07:38,647 DEBUG ClassPathMapperScanner:290 - Ignored because not a concrete top-level class: URL [jar:file:/d:/maven/repository/com/framework/framework-core/0.0.1-SNAPSHOT/framework-core-0.0.1-SNAPSHOT.jar!/com/system/mybatis/service/impl/SystemUserServiceImpl.class]
16:07:38,647 DEBUG ClassPathMapperScanner:284 - Identified candidate component class: URL [jar:file:/d:/maven/repository/com/framework/framework-core/0.0.1-SNAPSHOT/framework-core-0.0.1-SNAPSHOT.jar!/com/system/mybatis/service/ISysCodeService.class]
16:07:38,648 DEBUG ClassPathMapperScanner:284 - Identified candidate component class: URL [jar:file:/d:/maven/repository/com/framework/framework-core/0.0.1-SNAPSHOT/framework-core-0.0.1-SNAPSHOT.jar!/com/system/mybatis/service/ISysDeptService.class]
16:07:38,648 DEBUG ClassPathMapperScanner:284 - Identified candidate component class: URL [jar:file:/d:/maven/repository/com/framework/framework-core/0.0.1-SNAPSHOT/framework-core-0.0.1-SNAPSHOT.jar!/com/system/mybatis/service/ISysModuleService.class]
16:07:38,649 DEBUG ClassPathMapperScanner:284 - Identified candidate component class: URL [jar:file:/d:/maven/repository/com/framework/framework-core/0.0.1-SNAPSHOT/framework-core-0.0.1-SNAPSHOT.jar!/com/system/mybatis/service/ISystemLogService.class]
16:07:38,649 DEBUG ClassPathMapperScanner:284 - Identified candidate component class: URL [jar:file:/d:/maven/repository/com/framework/framework-core/0.0.1-SNAPSHOT/framework-core-0.0.1-SNAPSHOT.jar!/com/system/mybatis/service/ISystemRoleService.class]
16:07:38,650 DEBUG ClassPathMapperScanner:284 - Identified candidate component class: URL [jar:file:/d:/maven/repository/com/framework/framework-core/0.0.1-SNAPSHOT/framework-core-0.0.1-SNAPSHOT.jar!/com/system/mybatis/service/ISystemUserService.class]
16:07:38,651 DEBUG ClassPathMapperScanner:290 - Ignored because not a concrete top-level class: URL [jar:file:/d:/maven/repository/com/framework/framework-core/0.0.1-SNAPSHOT/framework-core-0.0.1-SNAPSHOT.jar!/com/system/web/code/CodeController.class]
16:07:38,652 DEBUG ClassPathMapperScanner:290 - Ignored because not a concrete top-level class: URL [jar:file:/d:/maven/repository/com/framework/framework-core/0.0.1-SNAPSHOT/framework-core-0.0.1-SNAPSHOT.jar!/com/system/web/custom/CustomController.class]
16:07:38,653 DEBUG ClassPathMapperScanner:290 - Ignored because not a concrete top-level class: URL [jar:file:/d:/maven/repository/com/framework/framework-core/0.0.1-SNAPSHOT/framework-core-0.0.1-SNAPSHOT.jar!/com/system/web/dataindex/IndexItemController.class]
16:07:38,653 DEBUG ClassPathMapperScanner:290 - Ignored because not a concrete top-level class: URL [jar:file:/d:/maven/repository/com/framework/framework-core/0.0.1-SNAPSHOT/framework-core-0.0.1-SNAPSHOT.jar!/com/system/web/DepartmentController.class]
16:07:38,654 DEBUG ClassPathMapperScanner:290 - Ignored because not a concrete top-level class: URL [jar:file:/d:/maven/repository/com/framework/framework-core/0.0.1-SNAPSHOT/framework-core-0.0.1-SNAPSHOT.jar!/com/system/web/RoleController.class]
16:07:38,655 DEBUG ClassPathMapperScanner:290 - Ignored because not a concrete top-level class: URL [jar:file:/d:/maven/repository/com/framework/framework-core/0.0.1-SNAPSHOT/framework-core-0.0.1-SNAPSHOT.jar!/com/system/web/user/UserController.class]
16:07:38,656 DEBUG ClassPathMapperScanner:161 - Creating MapperFactoryBean with name 'sysConstant' and 'com.system.common.SysConstant' mapperInterface
16:07:38,656 DEBUG ClassPathMapperScanner:161 - Creating MapperFactoryBean with name 'ISysDeptDao' and 'com.system.jpa.repository.ISysDeptDao' mapperInterface
16:07:38,656 DEBUG ClassPathMapperScanner:161 - Creating MapperFactoryBean with name 'commSeqMapper' and 'com.system.mybatis.dao.CommSeqMapper' mapperInterface
16:07:38,656 DEBUG ClassPathMapperScanner:161 - Creating MapperFactoryBean with name 'sysCodeMapper' and 'com.system.mybatis.dao.SysCodeMapper' mapperInterface
16:07:38,657 DEBUG ClassPathMapperScanner:161 - Creating MapperFactoryBean with name 'sysDeptMapper' and 'com.system.mybatis.dao.SysDeptMapper' mapperInterface
16:07:38,657 DEBUG ClassPathMapperScanner:161 - Creating MapperFactoryBean with name 'sysDeptUserMapper' and 'com.system.mybatis.dao.SysDeptUserMapper' mapperInterface
16:07:38,657 DEBUG ClassPathMapperScanner:161 - Creating MapperFactoryBean with name 'sysIndexitemMapper' and 'com.system.mybatis.dao.SysIndexitemMapper' mapperInterface
16:07:38,657 DEBUG ClassPathMapperScanner:161 - Creating MapperFactoryBean with name 'sysLogMapper' and 'com.system.mybatis.dao.SysLogMapper' mapperInterface
16:07:38,657 DEBUG ClassPathMapperScanner:161 - Creating MapperFactoryBean with name 'sysModuleMapper' and 'com.system.mybatis.dao.SysModuleMapper' mapperInterface
16:07:38,657 DEBUG ClassPathMapperScanner:161 - Creating MapperFactoryBean with name 'sysRoleFuncMapper' and 'com.system.mybatis.dao.SysRoleFuncMapper' mapperInterface
16:07:38,657 DEBUG ClassPathMapperScanner:161 - Creating MapperFactoryBean with name 'sysRoleMapper' and 'com.system.mybatis.dao.SysRoleMapper' mapperInterface
16:07:38,657 DEBUG ClassPathMapperScanner:161 - Creating MapperFactoryBean with name 'sysRoleUserMapper' and 'com.system.mybatis.dao.SysRoleUserMapper' mapperInterface
16:07:38,657 DEBUG ClassPathMapperScanner:161 - Creating MapperFactoryBean with name 'sysUserMapper' and 'com.system.mybatis.dao.SysUserMapper' mapperInterface
16:07:38,658 DEBUG ClassPathMapperScanner:161 - Creating MapperFactoryBean with name 'IIndexItemService' and 'com.system.mybatis.service.IIndexItemService' mapperInterface
16:07:38,658 DEBUG ClassPathMapperScanner:161 - Creating MapperFactoryBean with name 'ISysCodeService' and 'com.system.mybatis.service.ISysCodeService' mapperInterface
16:07:38,658 DEBUG ClassPathMapperScanner:161 - Creating MapperFactoryBean with name 'ISysDeptService' and 'com.system.mybatis.service.ISysDeptService' mapperInterface
16:07:38,658 DEBUG ClassPathMapperScanner:161 - Creating MapperFactoryBean with name 'ISysModuleService' and 'com.system.mybatis.service.ISysModuleService' mapperInterface
16:07:38,658 DEBUG ClassPathMapperScanner:161 - Creating MapperFactoryBean with name 'ISystemLogService' and 'com.system.mybatis.service.ISystemLogService' mapperInterface
16:07:38,658 DEBUG ClassPathMapperScanner:161 - Creating MapperFactoryBean with name 'ISystemRoleService' and 'com.system.mybatis.service.ISystemRoleService' mapperInterface
16:07:38,658 DEBUG ClassPathMapperScanner:161 - Creating MapperFactoryBean with name 'ISystemUserService' and 'com.system.mybatis.service.ISystemUserService' mapperInterface
16:07:38,659 DEBUG DefaultListableBeanFactory:220 - Creating shared instance of singleton bean 'org.mybatis.spring.mapper.MapperScannerConfigurer#1'
16:07:38,659 DEBUG DefaultListableBeanFactory:450 - Creating instance of bean 'org.mybatis.spring.mapper.MapperScannerConfigurer#1'
16:07:38,659 DEBUG DefaultListableBeanFactory:524 - Eagerly caching bean 'org.mybatis.spring.mapper.MapperScannerConfigurer#1' to allow for resolving potential circular references
16:07:38,659 DEBUG DefaultListableBeanFactory:1610 - Invoking afterPropertiesSet() on bean with name 'org.mybatis.spring.mapper.MapperScannerConfigurer#1'
16:07:38,659 DEBUG DefaultListableBeanFactory:478 - Finished creating instance of bean 'org.mybatis.spring.mapper.MapperScannerConfigurer#1'
16:07:38,663 DEBUG ClassPathMapperScanner:284 - Identified candidate component class: URL [jar:file:/d:/maven/repository/com/framework/framework-core/0.0.1-SNAPSHOT/framework-core-0.0.1-SNAPSHOT.jar!/com/system/common/SysConstant.class]
16:07:38,663 DEBUG ClassPathMapperScanner:284 - Identified candidate component class: URL [jar:file:/d:/maven/repository/com/framework/framework-core/0.0.1-SNAPSHOT/framework-core-0.0.1-SNAPSHOT.jar!/com/system/jpa/repository/ISysDeptDao.class]
16:07:38,664 DEBUG ClassPathMapperScanner:290 - Ignored because not a concrete top-level class: URL [jar:file:/d:/maven/repository/com/framework/framework-core/0.0.1-SNAPSHOT/framework-core-0.0.1-SNAPSHOT.jar!/com/system/jpa/repository/jpa/SysDeptDaoImpl.class]
16:07:38,664 DEBUG ClassPathMapperScanner:290 - Ignored because not a concrete top-level class: URL [jar:file:/d:/maven/repository/com/framework/framework-core/0.0.1-SNAPSHOT/framework-core-0.0.1-SNAPSHOT.jar!/com/system/model/DataIndexTree.class]
16:07:38,664 DEBUG ClassPathMapperScanner:290 - Ignored because not a concrete top-level class: URL [jar:file:/d:/maven/repository/com/framework/framework-core/0.0.1-SNAPSHOT/framework-core-0.0.1-SNAPSHOT.jar!/com/system/model/SysCode.class]
16:07:38,665 DEBUG ClassPathMapperScanner:290 - Ignored because not a concrete top-level class: URL [jar:file:/d:/maven/repository/com/framework/framework-core/0.0.1-SNAPSHOT/framework-core-0.0.1-SNAPSHOT.jar!/com/system/model/SysCodeTree.class]
16:07:38,665 DEBUG ClassPathMapperScanner:290 - Ignored because not a concrete top-level class: URL [jar:file:/d:/maven/repository/com/framework/framework-core/0.0.1-SNAPSHOT/framework-core-0.0.1-SNAPSHOT.jar!/com/system/model/SysDepartmentTree.class]
16:07:38,666 DEBUG ClassPathMapperScanner:290 - Ignored because not a concrete top-level class: URL [jar:file:/d:/maven/repository/com/framework/framework-core/0.0.1-SNAPSHOT/framework-core-0.0.1-SNAPSHOT.jar!/com/system/model/SysDept.class]
16:07:38,666 DEBUG ClassPathMapperScanner:290 - Ignored because not a concrete top-level class: URL [jar:file:/d:/maven/repository/com/framework/framework-core/0.0.1-SNAPSHOT/framework-core-0.0.1-SNAPSHOT.jar!/com/system/model/SysDeptUser.class]
16:07:38,666 DEBUG ClassPathMapperScanner:290 - Ignored because not a concrete top-level class: URL [jar:file:/d:/maven/repository/com/framework/framework-core/0.0.1-SNAPSHOT/framework-core-0.0.1-SNAPSHOT.jar!/com/system/model/SysIndexitem.class]
16:07:38,667 DEBUG ClassPathMapperScanner:290 - Ignored because not a concrete top-level class: URL [jar:file:/d:/maven/repository/com/framework/framework-core/0.0.1-SNAPSHOT/framework-core-0.0.1-SNAPSHOT.jar!/com/system/model/SysLog.class]
16:07:38,667 DEBUG ClassPathMapperScanner:290 - Ignored because not a concrete top-level class: URL [jar:file:/d:/maven/repository/com/framework/framework-core/0.0.1-SNAPSHOT/framework-core-0.0.1-SNAPSHOT.jar!/com/system/model/SysModule.class]
16:07:38,667 DEBUG ClassPathMapperScanner:290 - Ignored because not a concrete top-level class: URL [jar:file:/d:/maven/repository/com/framework/framework-core/0.0.1-SNAPSHOT/framework-core-0.0.1-SNAPSHOT.jar!/com/system/model/SysRole.class]
16:07:38,668 DEBUG ClassPathMapperScanner:290 - Ignored because not a concrete top-level class: URL [jar:file:/d:/maven/repository/com/framework/framework-core/0.0.1-SNAPSHOT/framework-core-0.0.1-SNAPSHOT.jar!/com/system/model/SysRoleFuncKey.class]
16:07:38,668 DEBUG ClassPathMapperScanner:290 - Ignored because not a concrete top-level class: URL [jar:file:/d:/maven/repository/com/framework/framework-core/0.0.1-SNAPSHOT/framework-core-0.0.1-SNAPSHOT.jar!/com/system/model/SysRoleUser.class]
16:07:38,668 DEBUG ClassPathMapperScanner:290 - Ignored because not a concrete top-level class: URL [jar:file:/d:/maven/repository/com/framework/framework-core/0.0.1-SNAPSHOT/framework-core-0.0.1-SNAPSHOT.jar!/com/system/model/SysUser.class]
16:07:38,669 DEBUG ClassPathMapperScanner:284 - Identified candidate component class: URL [jar:file:/d:/maven/repository/com/framework/framework-core/0.0.1-SNAPSHOT/framework-core-0.0.1-SNAPSHOT.jar!/com/system/mybatis/dao/CommSeqMapper.class]
16:07:38,669 DEBUG ClassPathMapperScanner:284 - Identified candidate component class: URL [jar:file:/d:/maven/repository/com/framework/framework-core/0.0.1-SNAPSHOT/framework-core-0.0.1-SNAPSHOT.jar!/com/system/mybatis/dao/SysCodeMapper.class]
16:07:38,669 DEBUG ClassPathMapperScanner:284 - Identified candidate component class: URL [jar:file:/d:/maven/repository/com/framework/framework-core/0.0.1-SNAPSHOT/framework-core-0.0.1-SNAPSHOT.jar!/com/system/mybatis/dao/SysDeptMapper.class]
16:07:38,670 DEBUG ClassPathMapperScanner:284 - Identified candidate component class: URL [jar:file:/d:/maven/repository/com/framework/framework-core/0.0.1-SNAPSHOT/framework-core-0.0.1-SNAPSHOT.jar!/com/system/mybatis/dao/SysDeptUserMapper.class]
16:07:38,670 DEBUG ClassPathMapperScanner:284 - Identified candidate component class: URL [jar:file:/d:/maven/repository/com/framework/framework-core/0.0.1-SNAPSHOT/framework-core-0.0.1-SNAPSHOT.jar!/com/system/mybatis/dao/SysIndexitemMapper.class]
16:07:38,671 DEBUG ClassPathMapperScanner:284 - Identified candidate component class: URL [jar:file:/d:/maven/repository/com/framework/framework-core/0.0.1-SNAPSHOT/framework-core-0.0.1-SNAPSHOT.jar!/com/system/mybatis/dao/SysLogMapper.class]
16:07:38,671 DEBUG ClassPathMapperScanner:284 - Identified candidate component class: URL [jar:file:/d:/maven/repository/com/framework/framework-core/0.0.1-SNAPSHOT/framework-core-0.0.1-SNAPSHOT.jar!/com/system/mybatis/dao/SysModuleMapper.class]
16:07:38,671 DEBUG ClassPathMapperScanner:284 - Identified candidate component class: URL [jar:file:/d:/maven/repository/com/framework/framework-core/0.0.1-SNAPSHOT/framework-core-0.0.1-SNAPSHOT.jar!/com/system/mybatis/dao/SysRoleFuncMapper.class]
16:07:38,672 DEBUG ClassPathMapperScanner:284 - Identified candidate component class: URL [jar:file:/d:/maven/repository/com/framework/framework-core/0.0.1-SNAPSHOT/framework-core-0.0.1-SNAPSHOT.jar!/com/system/mybatis/dao/SysRoleMapper.class]
16:07:38,672 DEBUG ClassPathMapperScanner:284 - Identified candidate component class: URL [jar:file:/d:/maven/repository/com/framework/framework-core/0.0.1-SNAPSHOT/framework-core-0.0.1-SNAPSHOT.jar!/com/system/mybatis/dao/SysRoleUserMapper.class]
16:07:38,672 DEBUG ClassPathMapperScanner:284 - Identified candidate component class: URL [jar:file:/d:/maven/repository/com/framework/framework-core/0.0.1-SNAPSHOT/framework-core-0.0.1-SNAPSHOT.jar!/com/system/mybatis/dao/SysUserMapper.class]
16:07:38,673 DEBUG ClassPathMapperScanner:284 - Identified candidate component class: URL [jar:file:/d:/maven/repository/com/framework/framework-core/0.0.1-SNAPSHOT/framework-core-0.0.1-SNAPSHOT.jar!/com/system/mybatis/service/IIndexItemService.class]
16:07:38,673 DEBUG ClassPathMapperScanner:290 - Ignored because not a concrete top-level class: URL [jar:file:/d:/maven/repository/com/framework/framework-core/0.0.1-SNAPSHOT/framework-core-0.0.1-SNAPSHOT.jar!/com/system/mybatis/service/impl/IndexItemService.class]
16:07:38,674 DEBUG ClassPathMapperScanner:290 - Ignored because not a concrete top-level class: URL [jar:file:/d:/maven/repository/com/framework/framework-core/0.0.1-SNAPSHOT/framework-core-0.0.1-SNAPSHOT.jar!/com/system/mybatis/service/impl/SysCodeService.class]
16:07:38,674 DEBUG ClassPathMapperScanner:290 - Ignored because not a concrete top-level class: URL [jar:file:/d:/maven/repository/com/framework/framework-core/0.0.1-SNAPSHOT/framework-core-0.0.1-SNAPSHOT.jar!/com/system/mybatis/service/impl/SysDeptServiceImpl.class]
16:07:38,675 DEBUG ClassPathMapperScanner:290 - Ignored because not a concrete top-level class: URL [jar:file:/d:/maven/repository/com/framework/framework-core/0.0.1-SNAPSHOT/framework-core-0.0.1-SNAPSHOT.jar!/com/system/mybatis/service/impl/SysModuleServiceImpl.class]
16:07:38,675 DEBUG ClassPathMapperScanner:290 - Ignored because not a concrete top-level class: URL [jar:file:/d:/maven/repository/com/framework/framework-core/0.0.1-SNAPSHOT/framework-core-0.0.1-SNAPSHOT.jar!/com/system/mybatis/service/impl/SystemLogServiceImpl.class]
16:07:38,676 DEBUG ClassPathMapperScanner:290 - Ignored because not a concrete top-level class: URL [jar:file:/d:/maven/repository/com/framework/framework-core/0.0.1-SNAPSHOT/framework-core-0.0.1-SNAPSHOT.jar!/com/system/mybatis/service/impl/SystemRoleServiceImpl.class]
16:07:38,677 DEBUG ClassPathMapperScanner:290 - Ignored because not a concrete top-level class: URL [jar:file:/d:/maven/repository/com/framework/framework-core/0.0.1-SNAPSHOT/framework-core-0.0.1-SNAPSHOT.jar!/com/system/mybatis/service/impl/SystemUserServiceImpl.class]
16:07:38,677 DEBUG ClassPathMapperScanner:284 - Identified candidate component class: URL [jar:file:/d:/maven/repository/com/framework/framework-core/0.0.1-SNAPSHOT/framework-core-0.0.1-SNAPSHOT.jar!/com/system/mybatis/service/ISysCodeService.class]
16:07:38,677 DEBUG ClassPathMapperScanner:284 - Identified candidate component class: URL [jar:file:/d:/maven/repository/com/framework/framework-core/0.0.1-SNAPSHOT/framework-core-0.0.1-SNAPSHOT.jar!/com/system/mybatis/service/ISysDeptService.class]
16:07:38,678 DEBUG ClassPathMapperScanner:284 - Identified candidate component class: URL [jar:file:/d:/maven/repository/com/framework/framework-core/0.0.1-SNAPSHOT/framework-core-0.0.1-SNAPSHOT.jar!/com/system/mybatis/service/ISysModuleService.class]
16:07:38,678 DEBUG ClassPathMapperScanner:284 - Identified candidate component class: URL [jar:file:/d:/maven/repository/com/framework/framework-core/0.0.1-SNAPSHOT/framework-core-0.0.1-SNAPSHOT.jar!/com/system/mybatis/service/ISystemLogService.class]
16:07:38,678 DEBUG ClassPathMapperScanner:284 - Identified candidate component class: URL [jar:file:/d:/maven/repository/com/framework/framework-core/0.0.1-SNAPSHOT/framework-core-0.0.1-SNAPSHOT.jar!/com/system/mybatis/service/ISystemRoleService.class]
16:07:38,679 DEBUG ClassPathMapperScanner:284 - Identified candidate component class: URL [jar:file:/d:/maven/repository/com/framework/framework-core/0.0.1-SNAPSHOT/framework-core-0.0.1-SNAPSHOT.jar!/com/system/mybatis/service/ISystemUserService.class]
16:07:38,680 DEBUG ClassPathMapperScanner:290 - Ignored because not a concrete top-level class: URL [jar:file:/d:/maven/repository/com/framework/framework-core/0.0.1-SNAPSHOT/framework-core-0.0.1-SNAPSHOT.jar!/com/system/web/code/CodeController.class]
16:07:38,680 DEBUG ClassPathMapperScanner:290 - Ignored because not a concrete top-level class: URL [jar:file:/d:/maven/repository/com/framework/framework-core/0.0.1-SNAPSHOT/framework-core-0.0.1-SNAPSHOT.jar!/com/system/web/custom/CustomController.class]
16:07:38,681 DEBUG ClassPathMapperScanner:290 - Ignored because not a concrete top-level class: URL [jar:file:/d:/maven/repository/com/framework/framework-core/0.0.1-SNAPSHOT/framework-core-0.0.1-SNAPSHOT.jar!/com/system/web/dataindex/IndexItemController.class]
16:07:38,682 DEBUG ClassPathMapperScanner:290 - Ignored because not a concrete top-level class: URL [jar:file:/d:/maven/repository/com/framework/framework-core/0.0.1-SNAPSHOT/framework-core-0.0.1-SNAPSHOT.jar!/com/system/web/DepartmentController.class]
16:07:38,682 DEBUG ClassPathMapperScanner:290 - Ignored because not a concrete top-level class: URL [jar:file:/d:/maven/repository/com/framework/framework-core/0.0.1-SNAPSHOT/framework-core-0.0.1-SNAPSHOT.jar!/com/system/web/RoleController.class]
16:07:38,683 DEBUG ClassPathMapperScanner:290 - Ignored because not a concrete top-level class: URL [jar:file:/d:/maven/repository/com/framework/framework-core/0.0.1-SNAPSHOT/framework-core-0.0.1-SNAPSHOT.jar!/com/system/web/user/UserController.class]
16:07:38,684  WARN ClassPathMapperScanner:223 - Skipping MapperFactoryBean with name 'sysConstant' and 'com.system.common.SysConstant' mapperInterface. Bean already defined with the same name!
16:07:38,684  WARN ClassPathMapperScanner:223 - Skipping MapperFactoryBean with name 'ISysDeptDao' and 'com.system.jpa.repository.ISysDeptDao' mapperInterface. Bean already defined with the same name!
16:07:38,684  WARN ClassPathMapperScanner:223 - Skipping MapperFactoryBean with name 'commSeqMapper' and 'com.system.mybatis.dao.CommSeqMapper' mapperInterface. Bean already defined with the same name!
16:07:38,684  WARN ClassPathMapperScanner:223 - Skipping MapperFactoryBean with name 'sysCodeMapper' and 'com.system.mybatis.dao.SysCodeMapper' mapperInterface. Bean already defined with the same name!
16:07:38,684  WARN ClassPathMapperScanner:223 - Skipping MapperFactoryBean with name 'sysDeptMapper' and 'com.system.mybatis.dao.SysDeptMapper' mapperInterface. Bean already defined with the same name!
16:07:38,685  WARN ClassPathMapperScanner:223 - Skipping MapperFactoryBean with name 'sysDeptUserMapper' and 'com.system.mybatis.dao.SysDeptUserMapper' mapperInterface. Bean already defined with the same name!
16:07:38,685  WARN ClassPathMapperScanner:223 - Skipping MapperFactoryBean with name 'sysIndexitemMapper' and 'com.system.mybatis.dao.SysIndexitemMapper' mapperInterface. Bean already defined with the same name!
16:07:38,685  WARN ClassPathMapperScanner:223 - Skipping MapperFactoryBean with name 'sysLogMapper' and 'com.system.mybatis.dao.SysLogMapper' mapperInterface. Bean already defined with the same name!
16:07:38,685  WARN ClassPathMapperScanner:223 - Skipping MapperFactoryBean with name 'sysModuleMapper' and 'com.system.mybatis.dao.SysModuleMapper' mapperInterface. Bean already defined with the same name!
16:07:38,685  WARN ClassPathMapperScanner:223 - Skipping MapperFactoryBean with name 'sysRoleFuncMapper' and 'com.system.mybatis.dao.SysRoleFuncMapper' mapperInterface. Bean already defined with the same name!
16:07:38,685  WARN ClassPathMapperScanner:223 - Skipping MapperFactoryBean with name 'sysRoleMapper' and 'com.system.mybatis.dao.SysRoleMapper' mapperInterface. Bean already defined with the same name!
16:07:38,686  WARN ClassPathMapperScanner:223 - Skipping MapperFactoryBean with name 'sysRoleUserMapper' and 'com.system.mybatis.dao.SysRoleUserMapper' mapperInterface. Bean already defined with the same name!
16:07:38,686  WARN ClassPathMapperScanner:223 - Skipping MapperFactoryBean with name 'sysUserMapper' and 'com.system.mybatis.dao.SysUserMapper' mapperInterface. Bean already defined with the same name!
16:07:38,686  WARN ClassPathMapperScanner:223 - Skipping MapperFactoryBean with name 'IIndexItemService' and 'com.system.mybatis.service.IIndexItemService' mapperInterface. Bean already defined with the same name!
16:07:38,686  WARN ClassPathMapperScanner:223 - Skipping MapperFactoryBean with name 'ISysCodeService' and 'com.system.mybatis.service.ISysCodeService' mapperInterface. Bean already defined with the same name!
16:07:38,686  WARN ClassPathMapperScanner:223 - Skipping MapperFactoryBean with name 'ISysDeptService' and 'com.system.mybatis.service.ISysDeptService' mapperInterface. Bean already defined with the same name!
16:07:38,686  WARN ClassPathMapperScanner:223 - Skipping MapperFactoryBean with name 'ISysModuleService' and 'com.system.mybatis.service.ISysModuleService' mapperInterface. Bean already defined with the same name!
16:07:38,686  WARN ClassPathMapperScanner:223 - Skipping MapperFactoryBean with name 'ISystemLogService' and 'com.system.mybatis.service.ISystemLogService' mapperInterface. Bean already defined with the same name!
16:07:38,687  WARN ClassPathMapperScanner:223 - Skipping MapperFactoryBean with name 'ISystemRoleService' and 'com.system.mybatis.service.ISystemRoleService' mapperInterface. Bean already defined with the same name!
16:07:38,687  WARN ClassPathMapperScanner:223 - Skipping MapperFactoryBean with name 'ISystemUserService' and 'com.system.mybatis.service.ISystemUserService' mapperInterface. Bean already defined with the same name!
16:07:38,688 DEBUG ClassPathMapperScanner:284 - Identified candidate component class: file [D:\workspace\framework-root\framework-resources\target\classes\com\resources\dao\AttachmentsMapper.class]
16:07:38,688 DEBUG ClassPathMapperScanner:284 - Identified candidate component class: file [D:\workspace\framework-root\framework-resources\target\classes\com\resources\dao\AttaThumbnailMapper.class]
16:07:38,689 DEBUG ClassPathMapperScanner:290 - Ignored because not a concrete top-level class: file [D:\workspace\framework-root\framework-resources\target\classes\com\resources\model\CommAttachments.class]
16:07:38,689 DEBUG ClassPathMapperScanner:290 - Ignored because not a concrete top-level class: file [D:\workspace\framework-root\framework-resources\target\classes\com\resources\model\CommAttaThumbnail.class]
16:07:38,689 DEBUG ClassPathMapperScanner:284 - Identified candidate component class: file [D:\workspace\framework-root\framework-resources\target\classes\com\resources\ResConstant.class]
16:07:38,689 DEBUG ClassPathMapperScanner:284 - Identified candidate component class: file [D:\workspace\framework-root\framework-resources\target\classes\com\resources\services\AttachmentsService.class]
16:07:38,690 DEBUG ClassPathMapperScanner:290 - Ignored because not a concrete top-level class: file [D:\workspace\framework-root\framework-resources\target\classes\com\resources\services\impl\AttachmentsServiceImpl$1.class]
16:07:38,691 DEBUG ClassPathMapperScanner:290 - Ignored because not a concrete top-level class: file [D:\workspace\framework-root\framework-resources\target\classes\com\resources\services\impl\AttachmentsServiceImpl.class]
16:07:38,691 DEBUG ClassPathMapperScanner:290 - Ignored because not a concrete top-level class: file [D:\workspace\framework-root\framework-resources\target\classes\com\resources\web\AttachmentsController.class]
16:07:38,692 DEBUG ClassPathMapperScanner:290 - Ignored because not a concrete top-level class: file [D:\workspace\framework-root\framework-resources\target\classes\com\resources\web\ShareResources.class]
16:07:38,692 DEBUG ClassPathMapperScanner:161 - Creating MapperFactoryBean with name 'attachmentsMapper' and 'com.resources.dao.AttachmentsMapper' mapperInterface
16:07:38,692 DEBUG ClassPathMapperScanner:161 - Creating MapperFactoryBean with name 'attaThumbnailMapper' and 'com.resources.dao.AttaThumbnailMapper' mapperInterface
16:07:38,693 DEBUG ClassPathMapperScanner:161 - Creating MapperFactoryBean with name 'resConstant' and 'com.resources.ResConstant' mapperInterface
16:07:38,693 DEBUG ClassPathMapperScanner:161 - Creating MapperFactoryBean with name 'attachmentsService' and 'com.resources.services.AttachmentsService' mapperInterface
16:07:38,697 DEBUG DefaultListableBeanFactory:220 - Creating shared instance of singleton bean 'org.springframework.beans.factory.config.PropertyPlaceholderConfigurer#0'
16:07:38,697 DEBUG DefaultListableBeanFactory:450 - Creating instance of bean 'org.springframework.beans.factory.config.PropertyPlaceholderConfigurer#0'
16:07:38,698 DEBUG DefaultListableBeanFactory:524 - Eagerly caching bean 'org.springframework.beans.factory.config.PropertyPlaceholderConfigurer#0' to allow for resolving potential circular references
16:07:38,698 DEBUG DefaultListableBeanFactory:478 - Finished creating instance of bean 'org.springframework.beans.factory.config.PropertyPlaceholderConfigurer#0'
16:07:38,698  INFO PropertyPlaceholderConfigurer:172 - Loading properties file from class path resource [config/db.properties]
16:07:38,701 DEBUG DefaultListableBeanFactory:220 - Creating shared instance of singleton bean 'org.springframework.context.annotation.internalAutowiredAnnotationProcessor'
16:07:38,701 DEBUG DefaultListableBeanFactory:450 - Creating instance of bean 'org.springframework.context.annotation.internalAutowiredAnnotationProcessor'
16:07:38,702  INFO AutowiredAnnotationBeanPostProcessor:153 - JSR-330 'javax.inject.Inject' annotation found and supported for autowiring
16:07:38,702 DEBUG DefaultListableBeanFactory:524 - Eagerly caching bean 'org.springframework.context.annotation.internalAutowiredAnnotationProcessor' to allow for resolving potential circular references
16:07:38,702 DEBUG DefaultListableBeanFactory:478 - Finished creating instance of bean 'org.springframework.context.annotation.internalAutowiredAnnotationProcessor'
16:07:38,702 DEBUG DefaultListableBeanFactory:220 - Creating shared instance of singleton bean 'org.springframework.context.annotation.internalRequiredAnnotationProcessor'
16:07:38,702 DEBUG DefaultListableBeanFactory:450 - Creating instance of bean 'org.springframework.context.annotation.internalRequiredAnnotationProcessor'
16:07:38,702 DEBUG DefaultListableBeanFactory:524 - Eagerly caching bean 'org.springframework.context.annotation.internalRequiredAnnotationProcessor' to allow for resolving potential circular references
16:07:38,703 DEBUG DefaultListableBeanFactory:478 - Finished creating instance of bean 'org.springframework.context.annotation.internalRequiredAnnotationProcessor'
16:07:38,703 DEBUG DefaultListableBeanFactory:220 - Creating shared instance of singleton bean 'org.springframework.context.annotation.internalCommonAnnotationProcessor'
16:07:38,703 DEBUG DefaultListableBeanFactory:450 - Creating instance of bean 'org.springframework.context.annotation.internalCommonAnnotationProcessor'
16:07:38,703 DEBUG DefaultListableBeanFactory:524 - Eagerly caching bean 'org.springframework.context.annotation.internalCommonAnnotationProcessor' to allow for resolving potential circular references
16:07:38,703 DEBUG DefaultListableBeanFactory:478 - Finished creating instance of bean 'org.springframework.context.annotation.internalCommonAnnotationProcessor'
16:07:38,704 DEBUG DefaultListableBeanFactory:220 - Creating shared instance of singleton bean 'org.springframework.context.annotation.internalPersistenceAnnotationProcessor'
16:07:38,704 DEBUG DefaultListableBeanFactory:450 - Creating instance of bean 'org.springframework.context.annotation.internalPersistenceAnnotationProcessor'
16:07:38,704 DEBUG DefaultListableBeanFactory:524 - Eagerly caching bean 'org.springframework.context.annotation.internalPersistenceAnnotationProcessor' to allow for resolving potential circular references
16:07:38,704 DEBUG DefaultListableBeanFactory:478 - Finished creating instance of bean 'org.springframework.context.annotation.internalPersistenceAnnotationProcessor'
16:07:38,704 DEBUG DefaultListableBeanFactory:220 - Creating shared instance of singleton bean 'org.springframework.context.annotation.ConfigurationClassPostProcessor.importAwareProcessor'
16:07:38,704 DEBUG DefaultListableBeanFactory:450 - Creating instance of bean 'org.springframework.context.annotation.ConfigurationClassPostProcessor.importAwareProcessor'
16:07:38,705 DEBUG DefaultListableBeanFactory:524 - Eagerly caching bean 'org.springframework.context.annotation.ConfigurationClassPostProcessor.importAwareProcessor' to allow for resolving potential circular references
16:07:38,705 DEBUG DefaultListableBeanFactory:478 - Finished creating instance of bean 'org.springframework.context.annotation.ConfigurationClassPostProcessor.importAwareProcessor'
16:07:38,705 DEBUG DefaultListableBeanFactory:220 - Creating shared instance of singleton bean 'org.springframework.context.annotation.ConfigurationClassPostProcessor.enhancedConfigurationProcessor'
16:07:38,705 DEBUG DefaultListableBeanFactory:450 - Creating instance of bean 'org.springframework.context.annotation.ConfigurationClassPostProcessor.enhancedConfigurationProcessor'
16:07:38,705 DEBUG DefaultListableBeanFactory:524 - Eagerly caching bean 'org.springframework.context.annotation.ConfigurationClassPostProcessor.enhancedConfigurationProcessor' to allow for resolving potential circular references
16:07:38,705 DEBUG DefaultListableBeanFactory:478 - Finished creating instance of bean 'org.springframework.context.annotation.ConfigurationClassPostProcessor.enhancedConfigurationProcessor'
16:07:38,706 DEBUG DefaultListableBeanFactory:220 - Creating shared instance of singleton bean 'org.springframework.aop.config.internalAutoProxyCreator'
16:07:38,706 DEBUG DefaultListableBeanFactory:450 - Creating instance of bean 'org.springframework.aop.config.internalAutoProxyCreator'
16:07:38,707 DEBUG DefaultListableBeanFactory:524 - Eagerly caching bean 'org.springframework.aop.config.internalAutoProxyCreator' to allow for resolving potential circular references
16:07:38,707 DEBUG DefaultListableBeanFactory:478 - Finished creating instance of bean 'org.springframework.aop.config.internalAutoProxyCreator'
16:07:38,707 DEBUG GenericApplicationContext:646 - Unable to locate MessageSource with name 'messageSource': using default [org.springframework.context.support.DelegatingMessageSource@21535faa]
16:07:38,707 DEBUG GenericApplicationContext:670 - Unable to locate ApplicationEventMulticaster with name 'applicationEventMulticaster': using default [org.springframework.context.event.SimpleApplicationEventMulticaster@68ada2fd]
16:07:38,710 DEBUG DefaultListableBeanFactory:691 - Pre-instantiating singletons in org.springframework.beans.factory.support.DefaultListableBeanFactory@60d9df2b: defining beans [org.springframework.beans.factory.config.PropertyPlaceholderConfigurer#0,dataSource,validator,controlAdvice,sessionManager,org.springframework.context.annotation.internalConfigurationAnnotationProcessor,org.springframework.context.annotation.internalAutowiredAnnotationProcessor,org.springframework.context.annotation.internalRequiredAnnotationProcessor,org.springframework.context.annotation.internalCommonAnnotationProcessor,org.springframework.context.annotation.internalPersistenceAnnotationProcessor,queryParamAop,org.springframework.aop.config.internalAutoProxyCreator,org.springframework.transaction.annotation.AnnotationTransactionAttributeSource#0,org.springframework.transaction.interceptor.TransactionInterceptor#0,org.springframework.transaction.config.internalTransactionAdvisor,sqlSessionFactory,myBatisExceptionTranslator,org.mybatis.spring.mapper.MapperScannerConfigurer#0,transactionManager,indexItemService,sysCodeService,sysDeptServiceImpl,sysModuleServiceImpl,systemLogServiceImpl,systemRoleServiceImpl,systemUserServiceImpl,systemLogAOP,commonServiceImpl,configProperties,attachmentsServiceImpl,attachmentsController,shareResources,iM4ImageHandler,imageService,org.mybatis.spring.mapper.MapperScannerConfigurer#1,org.springframework.context.annotation.ConfigurationClassPostProcessor.importAwareProcessor,org.springframework.context.annotation.ConfigurationClassPostProcessor.enhancedConfigurationProcessor,sysConstant,ISysDeptDao,commSeqMapper,sysCodeMapper,sysDeptMapper,sysDeptUserMapper,sysIndexitemMapper,sysLogMapper,sysModuleMapper,sysRoleFuncMapper,sysRoleMapper,sysRoleUserMapper,sysUserMapper,IIndexItemService,ISysCodeService,ISysDeptService,ISysModuleService,ISystemLogService,ISystemRoleService,ISystemUserService,attachmentsMapper,attaThumbnailMapper,resConstant,attachmentsService]; root of factory hierarchy
16:07:38,711 DEBUG DefaultListableBeanFactory:247 - Returning cached instance of singleton bean 'org.springframework.beans.factory.config.PropertyPlaceholderConfigurer#0'
16:07:38,711 DEBUG DefaultListableBeanFactory:220 - Creating shared instance of singleton bean 'dataSource'
16:07:38,711 DEBUG DefaultListableBeanFactory:450 - Creating instance of bean 'dataSource'
16:07:38,712 DEBUG DefaultListableBeanFactory:220 - Creating shared instance of singleton bean 'org.springframework.transaction.config.internalTransactionAdvisor'
16:07:38,713 DEBUG DefaultListableBeanFactory:450 - Creating instance of bean 'org.springframework.transaction.config.internalTransactionAdvisor'
16:07:38,714 DEBUG DefaultListableBeanFactory:524 - Eagerly caching bean 'org.springframework.transaction.config.internalTransactionAdvisor' to allow for resolving potential circular references
16:07:38,715 DEBUG DefaultListableBeanFactory:220 - Creating shared instance of singleton bean 'org.springframework.transaction.annotation.AnnotationTransactionAttributeSource#0'
16:07:38,715 DEBUG DefaultListableBeanFactory:450 - Creating instance of bean 'org.springframework.transaction.annotation.AnnotationTransactionAttributeSource#0'
16:07:38,715 DEBUG BeanFactoryAdvisorRetrievalHelper:87 - Skipping currently created advisor 'org.springframework.transaction.config.internalTransactionAdvisor'
16:07:38,718 DEBUG ReflectiveAspectJAdvisorFactory:221 - Found AspectJ method: public java.lang.Object com.framework.common.aspect.QueryParamAop.actionAopAround(org.aspectj.lang.ProceedingJoinPoint,com.framework.mybatis.model.QueryModel,java.lang.Integer,java.lang.Integer) throws java.lang.Throwable
16:07:38,718 DEBUG ReflectiveAspectJAdvisorFactory:221 - Found AspectJ method: public void com.framework.common.aspect.QueryParamAop.beforeAction(org.aspectj.lang.JoinPoint,com.framework.mybatis.model.QueryModel,java.lang.Integer,java.lang.Integer)
16:07:38,721 DEBUG ReflectiveAspectJAdvisorFactory:221 - Found AspectJ method: public void com.framework.mybatis.aspect.SystemLogAOP.doBefore(org.aspectj.lang.JoinPoint)
16:07:38,721 DEBUG ReflectiveAspectJAdvisorFactory:221 - Found AspectJ method: public void com.framework.mybatis.aspect.SystemLogAOP.doAfterThrowing(org.aspectj.lang.JoinPoint,java.lang.Throwable)
16:07:38,724 DEBUG DefaultListableBeanFactory:524 - Eagerly caching bean 'org.springframework.transaction.annotation.AnnotationTransactionAttributeSource#0' to allow for resolving potential circular references
16:07:38,724 DEBUG BeanFactoryAdvisorRetrievalHelper:87 - Skipping currently created advisor 'org.springframework.transaction.config.internalTransactionAdvisor'
16:07:38,724 DEBUG BeanFactoryAdvisorRetrievalHelper:87 - Skipping currently created advisor 'org.springframework.transaction.config.internalTransactionAdvisor'
16:07:38,739 DEBUG DefaultListableBeanFactory:478 - Finished creating instance of bean 'org.springframework.transaction.annotation.AnnotationTransactionAttributeSource#0'
16:07:38,739 DEBUG DefaultListableBeanFactory:478 - Finished creating instance of bean 'org.springframework.transaction.config.internalTransactionAdvisor'
16:07:38,754 DEBUG DefaultListableBeanFactory:524 - Eagerly caching bean 'dataSource' to allow for resolving potential circular references
16:07:38,755 DEBUG DefaultListableBeanFactory:247 - Returning cached instance of singleton bean 'org.springframework.transaction.config.internalTransactionAdvisor'
16:07:38,756 DEBUG DefaultListableBeanFactory:247 - Returning cached instance of singleton bean 'org.springframework.transaction.config.internalTransactionAdvisor'
16:07:39,134 DEBUG DefaultListableBeanFactory:478 - Finished creating instance of bean 'dataSource'
16:07:39,134 DEBUG DefaultListableBeanFactory:220 - Creating shared instance of singleton bean 'validator'
16:07:39,134 DEBUG DefaultListableBeanFactory:450 - Creating instance of bean 'validator'
16:07:39,135 DEBUG DefaultListableBeanFactory:247 - Returning cached instance of singleton bean 'org.springframework.transaction.config.internalTransactionAdvisor'
16:07:39,135 DEBUG DefaultListableBeanFactory:524 - Eagerly caching bean 'validator' to allow for resolving potential circular references
16:07:39,135 DEBUG DefaultListableBeanFactory:1610 - Invoking afterPropertiesSet() on bean with name 'validator'
16:07:39,136 DEBUG DefaultTraversableResolver:103 - Found javax.persistence.Persistence on classpath containing 'getPersistenceUtil'. Assuming JPA 2 environment. Trying to instantiate JPA aware TraversableResolver
16:07:39,136 DEBUG DefaultTraversableResolver:114 - Instantiated JPA aware TraversableResolver of type org.hibernate.validator.internal.engine.resolver.JPATraversableResolver.
16:07:39,136 DEBUG ConfigurationImpl:145 - Setting custom MessageInterpolator of type org.springframework.validation.beanvalidation.LocaleContextMessageInterpolator
16:07:39,137 DEBUG ConfigurationImpl:167 - Setting custom ConstraintValidatorFactory of type org.springframework.validation.beanvalidation.SpringConstraintValidatorFactory
16:07:39,137 DEBUG ConfigurationImpl:181 - Setting custom ParameterNameProvider of type com.sun.proxy.$Proxy33
16:07:39,137 DEBUG ValidationXmlParser:90 - Trying to load META-INF/validation.xml for XML based Validator configuration.
16:07:39,137 DEBUG ResourceLoaderHelper:54 - Trying to load META-INF/validation.xml via TCCL
16:07:39,137 DEBUG ResourceLoaderHelper:60 - Trying to load META-INF/validation.xml via Hibernate Validator's class loader
16:07:39,138 DEBUG ValidationXmlParser:97 - No META-INF/validation.xml found. Using annotation based configuration only.
16:07:39,139 DEBUG DefaultListableBeanFactory:247 - Returning cached instance of singleton bean 'org.springframework.transaction.config.internalTransactionAdvisor'
16:07:39,139 DEBUG DefaultListableBeanFactory:247 - Returning cached instance of singleton bean 'org.springframework.transaction.config.internalTransactionAdvisor'
16:07:39,169 DEBUG DefaultListableBeanFactory:478 - Finished creating instance of bean 'validator'
16:07:39,169 DEBUG DefaultListableBeanFactory:220 - Creating shared instance of singleton bean 'controlAdvice'
16:07:39,169 DEBUG DefaultListableBeanFactory:450 - Creating instance of bean 'controlAdvice'
16:07:39,170 DEBUG DefaultListableBeanFactory:247 - Returning cached instance of singleton bean 'org.springframework.transaction.config.internalTransactionAdvisor'
16:07:39,171 DEBUG DefaultListableBeanFactory:524 - Eagerly caching bean 'controlAdvice' to allow for resolving potential circular references
16:07:39,171 DEBUG DefaultListableBeanFactory:247 - Returning cached instance of singleton bean 'org.springframework.transaction.config.internalTransactionAdvisor'
16:07:39,171 DEBUG DefaultListableBeanFactory:247 - Returning cached instance of singleton bean 'org.springframework.transaction.config.internalTransactionAdvisor'
16:07:39,175 DEBUG DefaultListableBeanFactory:478 - Finished creating instance of bean 'controlAdvice'
16:07:39,175 DEBUG DefaultListableBeanFactory:220 - Creating shared instance of singleton bean 'sessionManager'
16:07:39,176 DEBUG DefaultListableBeanFactory:450 - Creating instance of bean 'sessionManager'
16:07:39,176 DEBUG DefaultListableBeanFactory:247 - Returning cached instance of singleton bean 'org.springframework.transaction.config.internalTransactionAdvisor'
16:07:39,176 DEBUG DefaultListableBeanFactory:524 - Eagerly caching bean 'sessionManager' to allow for resolving potential circular references
16:07:39,176 DEBUG DefaultListableBeanFactory:247 - Returning cached instance of singleton bean 'org.springframework.transaction.config.internalTransactionAdvisor'
16:07:39,176 DEBUG DefaultListableBeanFactory:247 - Returning cached instance of singleton bean 'org.springframework.transaction.config.internalTransactionAdvisor'
16:07:39,182 DEBUG DefaultListableBeanFactory:478 - Finished creating instance of bean 'sessionManager'
16:07:39,182 DEBUG DefaultListableBeanFactory:247 - Returning cached instance of singleton bean 'org.springframework.context.annotation.internalConfigurationAnnotationProcessor'
16:07:39,182 DEBUG DefaultListableBeanFactory:247 - Returning cached instance of singleton bean 'org.springframework.context.annotation.internalAutowiredAnnotationProcessor'
16:07:39,182 DEBUG DefaultListableBeanFactory:247 - Returning cached instance of singleton bean 'org.springframework.context.annotation.internalRequiredAnnotationProcessor'
16:07:39,183 DEBUG DefaultListableBeanFactory:247 - Returning cached instance of singleton bean 'org.springframework.context.annotation.internalCommonAnnotationProcessor'
16:07:39,183 DEBUG DefaultListableBeanFactory:247 - Returning cached instance of singleton bean 'org.springframework.context.annotation.internalPersistenceAnnotationProcessor'
16:07:39,183 DEBUG DefaultListableBeanFactory:220 - Creating shared instance of singleton bean 'queryParamAop'
16:07:39,183 DEBUG DefaultListableBeanFactory:450 - Creating instance of bean 'queryParamAop'
16:07:39,184 DEBUG DefaultListableBeanFactory:524 - Eagerly caching bean 'queryParamAop' to allow for resolving potential circular references
16:07:39,184 DEBUG DefaultListableBeanFactory:478 - Finished creating instance of bean 'queryParamAop'
16:07:39,184 DEBUG DefaultListableBeanFactory:247 - Returning cached instance of singleton bean 'org.springframework.aop.config.internalAutoProxyCreator'
16:07:39,184 DEBUG DefaultListableBeanFactory:247 - Returning cached instance of singleton bean 'org.springframework.transaction.annotation.AnnotationTransactionAttributeSource#0'
16:07:39,184 DEBUG DefaultListableBeanFactory:220 - Creating shared instance of singleton bean 'org.springframework.transaction.interceptor.TransactionInterceptor#0'
16:07:39,184 DEBUG DefaultListableBeanFactory:450 - Creating instance of bean 'org.springframework.transaction.interceptor.TransactionInterceptor#0'
16:07:39,185 DEBUG DefaultListableBeanFactory:524 - Eagerly caching bean 'org.springframework.transaction.interceptor.TransactionInterceptor#0' to allow for resolving potential circular references
16:07:39,185 DEBUG DefaultListableBeanFactory:247 - Returning cached instance of singleton bean 'org.springframework.transaction.annotation.AnnotationTransactionAttributeSource#0'
16:07:39,185 DEBUG DefaultListableBeanFactory:1610 - Invoking afterPropertiesSet() on bean with name 'org.springframework.transaction.interceptor.TransactionInterceptor#0'
16:07:39,185 DEBUG DefaultListableBeanFactory:478 - Finished creating instance of bean 'org.springframework.transaction.interceptor.TransactionInterceptor#0'
16:07:39,185 DEBUG DefaultListableBeanFactory:247 - Returning cached instance of singleton bean 'org.springframework.transaction.config.internalTransactionAdvisor'
16:07:39,186 DEBUG DefaultListableBeanFactory:220 - Creating shared instance of singleton bean 'sqlSessionFactory'
16:07:39,186 DEBUG DefaultListableBeanFactory:450 - Creating instance of bean 'sqlSessionFactory'
16:07:39,186 DEBUG DefaultListableBeanFactory:247 - Returning cached instance of singleton bean 'org.springframework.transaction.config.internalTransactionAdvisor'
16:07:39,186 DEBUG DefaultListableBeanFactory:524 - Eagerly caching bean 'sqlSessionFactory' to allow for resolving potential circular references
16:07:39,186 DEBUG DefaultListableBeanFactory:247 - Returning cached instance of singleton bean 'dataSource'
16:07:39,189 DEBUG DefaultListableBeanFactory:1610 - Invoking afterPropertiesSet() on bean with name 'sqlSessionFactory'
16:07:39,193 DEBUG PageInterceptor:130 - {}
16:07:39,194 DEBUG PageInterceptor:119 - {defaultPageSize=10}
16:07:39,198 DEBUG SqlSessionFactoryBean:427 - Parsed configuration file: 'class path resource [context/mybatis-config.xml]'
16:07:39,228 DEBUG SqlSessionFactoryBean:468 - Parsed mapper file: 'file [D:\workspace\framework-root\framework-resources\target\test-classes\context\mapper\AttachmentsMapper.xml]'
16:07:39,241 DEBUG SqlSessionFactoryBean:468 - Parsed mapper file: 'file [D:\workspace\framework-root\framework-resources\target\test-classes\context\mapper\AttaThumbnailMapper.xml]'
16:07:39,254 DEBUG SqlSessionFactoryBean:468 - Parsed mapper file: 'file [D:\workspace\framework-root\framework-resources\target\test-classes\context\mapper\CommSeqMapper.xml]'
16:07:39,277 DEBUG SqlSessionFactoryBean:468 - Parsed mapper file: 'file [D:\workspace\framework-root\framework-resources\target\test-classes\context\mapper\PublicMapper.xml]'
16:07:39,294 DEBUG SqlSessionFactoryBean:468 - Parsed mapper file: 'file [D:\workspace\framework-root\framework-resources\target\test-classes\context\mapper\SysCodeMapper.xml]'
16:07:39,313 DEBUG SqlSessionFactoryBean:468 - Parsed mapper file: 'file [D:\workspace\framework-root\framework-resources\target\test-classes\context\mapper\SysDeptMapper.xml]'
16:07:39,328 DEBUG SqlSessionFactoryBean:468 - Parsed mapper file: 'file [D:\workspace\framework-root\framework-resources\target\test-classes\context\mapper\SysDeptUserMapper.xml]'
16:07:39,353 DEBUG SqlSessionFactoryBean:468 - Parsed mapper file: 'file [D:\workspace\framework-root\framework-resources\target\test-classes\context\mapper\SysIndexitemMapper.xml]'
16:07:39,371 DEBUG SqlSessionFactoryBean:468 - Parsed mapper file: 'file [D:\workspace\framework-root\framework-resources\target\test-classes\context\mapper\SysLogMapper.xml]'
16:07:39,389 DEBUG SqlSessionFactoryBean:468 - Parsed mapper file: 'file [D:\workspace\framework-root\framework-resources\target\test-classes\context\mapper\SysModuleMapper.xml]'
16:07:39,401 DEBUG SqlSessionFactoryBean:468 - Parsed mapper file: 'file [D:\workspace\framework-root\framework-resources\target\test-classes\context\mapper\SysRoleFuncMapper.xml]'
16:07:39,423 DEBUG SqlSessionFactoryBean:468 - Parsed mapper file: 'file [D:\workspace\framework-root\framework-resources\target\test-classes\context\mapper\SysRoleMapper.xml]'
16:07:39,438 DEBUG SqlSessionFactoryBean:468 - Parsed mapper file: 'file [D:\workspace\framework-root\framework-resources\target\test-classes\context\mapper\SysRoleUserMapper.xml]'
16:07:39,463 DEBUG SqlSessionFactoryBean:468 - Parsed mapper file: 'file [D:\workspace\framework-root\framework-resources\target\test-classes\context\mapper\SysUserMapper.xml]'
16:07:39,471  WARN GenericApplicationContext:487 - Exception encountered during context initialization - cancelling refresh attempt
org.springframework.beans.factory.BeanCreationException: Error creating bean with name 'sqlSessionFactory' defined in class path resource [config/application-core.xml]: Invocation of init method failed; nested exception is org.springframework.core.NestedIOException: Failed to parse mapping resource: 'file [D:\workspace\framework-root\framework-resources\target\classes\context\mapper\AttachmentsMapper.xml]'; nested exception is org.apache.ibatis.builder.BuilderException: Error parsing Mapper XML. Cause: java.lang.IllegalArgumentException: Result Maps collection already contains value for com.resources.dao.AttachmentsMapper.BaseResultMap
	at org.springframework.beans.factory.support.AbstractAutowireCapableBeanFactory.initializeBean(AbstractAutowireCapableBeanFactory.java:1568)
	at org.springframework.beans.factory.support.AbstractAutowireCapableBeanFactory.doCreateBean(AbstractAutowireCapableBeanFactory.java:540)
	at org.springframework.beans.factory.support.AbstractAutowireCapableBeanFactory.createBean(AbstractAutowireCapableBeanFactory.java:476)
	at org.springframework.beans.factory.support.AbstractBeanFactory$1.getObject(AbstractBeanFactory.java:302)
	at org.springframework.beans.factory.support.DefaultSingletonBeanRegistry.getSingleton(DefaultSingletonBeanRegistry.java:229)
	at org.springframework.beans.factory.support.AbstractBeanFactory.doGetBean(AbstractBeanFactory.java:298)
	at org.springframework.beans.factory.support.AbstractBeanFactory.getBean(AbstractBeanFactory.java:193)
	at org.springframework.beans.factory.support.DefaultListableBeanFactory.preInstantiateSingletons(DefaultListableBeanFactory.java:706)
	at org.springframework.context.support.AbstractApplicationContext.finishBeanFactoryInitialization(AbstractApplicationContext.java:757)
	at org.springframework.context.support.AbstractApplicationContext.refresh(AbstractApplicationContext.java:480)
	at org.springframework.test.context.support.AbstractGenericContextLoader.loadContext(AbstractGenericContextLoader.java:125)
	at org.springframework.test.context.support.AbstractGenericContextLoader.loadContext(AbstractGenericContextLoader.java:60)
	at org.springframework.test.context.support.AbstractDelegatingSmartContextLoader.delegateLoading(AbstractDelegatingSmartContextLoader.java:108)
	at org.springframework.test.context.support.AbstractDelegatingSmartContextLoader.loadContext(AbstractDelegatingSmartContextLoader.java:260)
	at org.springframework.test.context.DefaultCacheAwareContextLoaderDelegate.loadContextInternal(DefaultCacheAwareContextLoaderDelegate.java:63)
	at org.springframework.test.context.DefaultCacheAwareContextLoaderDelegate.loadContext(DefaultCacheAwareContextLoaderDelegate.java:83)
	at org.springframework.test.context.DefaultTestContext.getApplicationContext(DefaultTestContext.java:74)
	at org.springframework.test.context.support.DependencyInjectionTestExecutionListener.injectDependencies(DependencyInjectionTestExecutionListener.java:116)
	at org.springframework.test.context.support.DependencyInjectionTestExecutionListener.prepareTestInstance(DependencyInjectionTestExecutionListener.java:82)
	at org.springframework.test.context.TestContextManager.prepareTestInstance(TestContextManager.java:212)
	at org.springframework.test.context.junit4.SpringJUnit4ClassRunner.createTest(SpringJUnit4ClassRunner.java:199)
	at org.springframework.test.context.junit4.SpringJUnit4ClassRunner$1.runReflectiveCall(SpringJUnit4ClassRunner.java:251)
	at org.junit.internal.runners.model.ReflectiveCallable.run(ReflectiveCallable.java:12)
	at org.springframework.test.context.junit4.SpringJUnit4ClassRunner.methodBlock(SpringJUnit4ClassRunner.java:253)
	at org.springframework.test.context.junit4.SpringJUnit4ClassRunner.runChild(SpringJUnit4ClassRunner.java:216)
	at org.springframework.test.context.junit4.SpringJUnit4ClassRunner.runChild(SpringJUnit4ClassRunner.java:82)
	at org.junit.runners.ParentRunner$3.run(ParentRunner.java:238)
	at org.junit.runners.ParentRunner$1.schedule(ParentRunner.java:63)
	at org.junit.runners.ParentRunner.runChildren(ParentRunner.java:236)
	at org.junit.runners.ParentRunner.access$000(ParentRunner.java:53)
	at org.junit.runners.ParentRunner$2.evaluate(ParentRunner.java:229)
	at org.springframework.test.context.junit4.statements.RunBeforeTestClassCallbacks.evaluate(RunBeforeTestClassCallbacks.java:60)
	at org.springframework.test.context.junit4.statements.RunAfterTestClassCallbacks.evaluate(RunAfterTestClassCallbacks.java:67)
	at org.junit.runners.ParentRunner.run(ParentRunner.java:309)
	at org.springframework.test.context.junit4.SpringJUnit4ClassRunner.run(SpringJUnit4ClassRunner.java:162)
	at org.apache.maven.surefire.junit4.JUnit4Provider.execute(JUnit4Provider.java:344)
	at org.apache.maven.surefire.junit4.JUnit4Provider.executeWithRerun(JUnit4Provider.java:269)
	at org.apache.maven.surefire.junit4.JUnit4Provider.executeTestSet(JUnit4Provider.java:240)
	at org.apache.maven.surefire.junit4.JUnit4Provider.invoke(JUnit4Provider.java:184)
	at org.apache.maven.surefire.booter.ForkedBooter.invokeProviderInSameClassLoader(ForkedBooter.java:286)
	at org.apache.maven.surefire.booter.ForkedBooter.runSuitesInProcess(ForkedBooter.java:240)
	at org.apache.maven.surefire.booter.ForkedBooter.main(ForkedBooter.java:121)
Caused by: org.springframework.core.NestedIOException: Failed to parse mapping resource: 'file [D:\workspace\framework-root\framework-resources\target\classes\context\mapper\AttachmentsMapper.xml]'; nested exception is org.apache.ibatis.builder.BuilderException: Error parsing Mapper XML. Cause: java.lang.IllegalArgumentException: Result Maps collection already contains value for com.resources.dao.AttachmentsMapper.BaseResultMap
	at org.mybatis.spring.SqlSessionFactoryBean.buildSqlSessionFactory(SqlSessionFactoryBean.java:462)
	at org.mybatis.spring.SqlSessionFactoryBean.afterPropertiesSet(SqlSessionFactoryBean.java:336)
	at org.springframework.beans.factory.support.AbstractAutowireCapableBeanFactory.invokeInitMethods(AbstractAutowireCapableBeanFactory.java:1627)
	at org.springframework.beans.factory.support.AbstractAutowireCapableBeanFactory.initializeBean(AbstractAutowireCapableBeanFactory.java:1564)
	... 41 more
Caused by: org.apache.ibatis.builder.BuilderException: Error parsing Mapper XML. Cause: java.lang.IllegalArgumentException: Result Maps collection already contains value for com.resources.dao.AttachmentsMapper.BaseResultMap
	at org.apache.ibatis.builder.xml.XMLMapperBuilder.configurationElement(XMLMapperBuilder.java:117)
	at org.apache.ibatis.builder.xml.XMLMapperBuilder.parse(XMLMapperBuilder.java:89)
	at org.mybatis.spring.SqlSessionFactoryBean.buildSqlSessionFactory(SqlSessionFactoryBean.java:460)
	... 44 more
Caused by: java.lang.IllegalArgumentException: Result Maps collection already contains value for com.resources.dao.AttachmentsMapper.BaseResultMap
	at org.apache.ibatis.session.Configuration$StrictMap.put(Configuration.java:782)
	at org.apache.ibatis.session.Configuration$StrictMap.put(Configuration.java:754)
	at org.apache.ibatis.session.Configuration.addResultMap(Configuration.java:536)
	at org.apache.ibatis.builder.MapperBuilderAssistant.addResultMap(MapperBuilderAssistant.java:204)
	at org.apache.ibatis.builder.ResultMapResolver.resolve(ResultMapResolver.java:44)
	at org.apache.ibatis.builder.xml.XMLMapperBuilder.resultMapElement(XMLMapperBuilder.java:281)
	at org.apache.ibatis.builder.xml.XMLMapperBuilder.resultMapElement(XMLMapperBuilder.java:248)
	at org.apache.ibatis.builder.xml.XMLMapperBuilder.resultMapElements(XMLMapperBuilder.java:240)
	at org.apache.ibatis.builder.xml.XMLMapperBuilder.configurationElement(XMLMapperBuilder.java:113)
	... 46 more
16:07:39,472 DEBUG DefaultListableBeanFactory:499 - Destroying singletons in org.springframework.beans.factory.support.DefaultListableBeanFactory@60d9df2b: defining beans [org.springframework.beans.factory.config.PropertyPlaceholderConfigurer#0,dataSource,validator,controlAdvice,sessionManager,org.springframework.context.annotation.internalConfigurationAnnotationProcessor,org.springframework.context.annotation.internalAutowiredAnnotationProcessor,org.springframework.context.annotation.internalRequiredAnnotationProcessor,org.springframework.context.annotation.internalCommonAnnotationProcessor,org.springframework.context.annotation.internalPersistenceAnnotationProcessor,queryParamAop,org.springframework.aop.config.internalAutoProxyCreator,org.springframework.transaction.annotation.AnnotationTransactionAttributeSource#0,org.springframework.transaction.interceptor.TransactionInterceptor#0,org.springframework.transaction.config.internalTransactionAdvisor,sqlSessionFactory,myBatisExceptionTranslator,org.mybatis.spring.mapper.MapperScannerConfigurer#0,transactionManager,indexItemService,sysCodeService,sysDeptServiceImpl,sysModuleServiceImpl,systemLogServiceImpl,systemRoleServiceImpl,systemUserServiceImpl,systemLogAOP,commonServiceImpl,configProperties,attachmentsServiceImpl,attachmentsController,shareResources,iM4ImageHandler,imageService,org.mybatis.spring.mapper.MapperScannerConfigurer#1,org.springframework.context.annotation.ConfigurationClassPostProcessor.importAwareProcessor,org.springframework.context.annotation.ConfigurationClassPostProcessor.enhancedConfigurationProcessor,sysConstant,ISysDeptDao,commSeqMapper,sysCodeMapper,sysDeptMapper,sysDeptUserMapper,sysIndexitemMapper,sysLogMapper,sysModuleMapper,sysRoleFuncMapper,sysRoleMapper,sysRoleUserMapper,sysUserMapper,IIndexItemService,ISysCodeService,ISysDeptService,ISysModuleService,ISystemLogService,ISystemRoleService,ISystemUserService,attachmentsMapper,attaThumbnailMapper,resConstant,attachmentsService]; root of factory hierarchy
16:07:39,472 DEBUG DisposableBeanAdapter:245 - Invoking destroy() on bean with name 'validator'
16:07:39,472 DEBUG DisposableBeanAdapter:323 - Invoking destroy method 'close' on bean with name 'dataSource'
16:07:39,473 ERROR TestContextManager:215 - Caught exception while allowing TestExecutionListener [org.springframework.test.context.support.DependencyInjectionTestExecutionListener@3076270e] to prepare test instance [com.framework.resources.services.AttachmentsServiceTest@5d6a6e90]
java.lang.IllegalStateException: Failed to load ApplicationContext
	at org.springframework.test.context.DefaultCacheAwareContextLoaderDelegate.loadContext(DefaultCacheAwareContextLoaderDelegate.java:91)
	at org.springframework.test.context.DefaultTestContext.getApplicationContext(DefaultTestContext.java:74)
	at org.springframework.test.context.support.DependencyInjectionTestExecutionListener.injectDependencies(DependencyInjectionTestExecutionListener.java:116)
	at org.springframework.test.context.support.DependencyInjectionTestExecutionListener.prepareTestInstance(DependencyInjectionTestExecutionListener.java:82)
	at org.springframework.test.context.TestContextManager.prepareTestInstance(TestContextManager.java:212)
	at org.springframework.test.context.junit4.SpringJUnit4ClassRunner.createTest(SpringJUnit4ClassRunner.java:199)
	at org.springframework.test.context.junit4.SpringJUnit4ClassRunner$1.runReflectiveCall(SpringJUnit4ClassRunner.java:251)
	at org.junit.internal.runners.model.ReflectiveCallable.run(ReflectiveCallable.java:12)
	at org.springframework.test.context.junit4.SpringJUnit4ClassRunner.methodBlock(SpringJUnit4ClassRunner.java:253)
	at org.springframework.test.context.junit4.SpringJUnit4ClassRunner.runChild(SpringJUnit4ClassRunner.java:216)
	at org.springframework.test.context.junit4.SpringJUnit4ClassRunner.runChild(SpringJUnit4ClassRunner.java:82)
	at org.junit.runners.ParentRunner$3.run(ParentRunner.java:238)
	at org.junit.runners.ParentRunner$1.schedule(ParentRunner.java:63)
	at org.junit.runners.ParentRunner.runChildren(ParentRunner.java:236)
	at org.junit.runners.ParentRunner.access$000(ParentRunner.java:53)
	at org.junit.runners.ParentRunner$2.evaluate(ParentRunner.java:229)
	at org.springframework.test.context.junit4.statements.RunBeforeTestClassCallbacks.evaluate(RunBeforeTestClassCallbacks.java:60)
	at org.springframework.test.context.junit4.statements.RunAfterTestClassCallbacks.evaluate(RunAfterTestClassCallbacks.java:67)
	at org.junit.runners.ParentRunner.run(ParentRunner.java:309)
	at org.springframework.test.context.junit4.SpringJUnit4ClassRunner.run(SpringJUnit4ClassRunner.java:162)
	at org.apache.maven.surefire.junit4.JUnit4Provider.execute(JUnit4Provider.java:344)
	at org.apache.maven.surefire.junit4.JUnit4Provider.executeWithRerun(JUnit4Provider.java:269)
	at org.apache.maven.surefire.junit4.JUnit4Provider.executeTestSet(JUnit4Provider.java:240)
	at org.apache.maven.surefire.junit4.JUnit4Provider.invoke(JUnit4Provider.java:184)
	at org.apache.maven.surefire.booter.ForkedBooter.invokeProviderInSameClassLoader(ForkedBooter.java:286)
	at org.apache.maven.surefire.booter.ForkedBooter.runSuitesInProcess(ForkedBooter.java:240)
	at org.apache.maven.surefire.booter.ForkedBooter.main(ForkedBooter.java:121)
Caused by: org.springframework.beans.factory.BeanCreationException: Error creating bean with name 'sqlSessionFactory' defined in class path resource [config/application-core.xml]: Invocation of init method failed; nested exception is org.springframework.core.NestedIOException: Failed to parse mapping resource: 'file [D:\workspace\framework-root\framework-resources\target\classes\context\mapper\AttachmentsMapper.xml]'; nested exception is org.apache.ibatis.builder.BuilderException: Error parsing Mapper XML. Cause: java.lang.IllegalArgumentException: Result Maps collection already contains value for com.resources.dao.AttachmentsMapper.BaseResultMap
	at org.springframework.beans.factory.support.AbstractAutowireCapableBeanFactory.initializeBean(AbstractAutowireCapableBeanFactory.java:1568)
	at org.springframework.beans.factory.support.AbstractAutowireCapableBeanFactory.doCreateBean(AbstractAutowireCapableBeanFactory.java:540)
	at org.springframework.beans.factory.support.AbstractAutowireCapableBeanFactory.createBean(AbstractAutowireCapableBeanFactory.java:476)
	at org.springframework.beans.factory.support.AbstractBeanFactory$1.getObject(AbstractBeanFactory.java:302)
	at org.springframework.beans.factory.support.DefaultSingletonBeanRegistry.getSingleton(DefaultSingletonBeanRegistry.java:229)
	at org.springframework.beans.factory.support.AbstractBeanFactory.doGetBean(AbstractBeanFactory.java:298)
	at org.springframework.beans.factory.support.AbstractBeanFactory.getBean(AbstractBeanFactory.java:193)
	at org.springframework.beans.factory.support.DefaultListableBeanFactory.preInstantiateSingletons(DefaultListableBeanFactory.java:706)
	at org.springframework.context.support.AbstractApplicationContext.finishBeanFactoryInitialization(AbstractApplicationContext.java:757)
	at org.springframework.context.support.AbstractApplicationContext.refresh(AbstractApplicationContext.java:480)
	at org.springframework.test.context.support.AbstractGenericContextLoader.loadContext(AbstractGenericContextLoader.java:125)
	at org.springframework.test.context.support.AbstractGenericContextLoader.loadContext(AbstractGenericContextLoader.java:60)
	at org.springframework.test.context.support.AbstractDelegatingSmartContextLoader.delegateLoading(AbstractDelegatingSmartContextLoader.java:108)
	at org.springframework.test.context.support.AbstractDelegatingSmartContextLoader.loadContext(AbstractDelegatingSmartContextLoader.java:260)
	at org.springframework.test.context.DefaultCacheAwareContextLoaderDelegate.loadContextInternal(DefaultCacheAwareContextLoaderDelegate.java:63)
	at org.springframework.test.context.DefaultCacheAwareContextLoaderDelegate.loadContext(DefaultCacheAwareContextLoaderDelegate.java:83)
	... 26 more
Caused by: org.springframework.core.NestedIOException: Failed to parse mapping resource: 'file [D:\workspace\framework-root\framework-resources\target\classes\context\mapper\AttachmentsMapper.xml]'; nested exception is org.apache.ibatis.builder.BuilderException: Error parsing Mapper XML. Cause: java.lang.IllegalArgumentException: Result Maps collection already contains value for com.resources.dao.AttachmentsMapper.BaseResultMap
	at org.mybatis.spring.SqlSessionFactoryBean.buildSqlSessionFactory(SqlSessionFactoryBean.java:462)
	at org.mybatis.spring.SqlSessionFactoryBean.afterPropertiesSet(SqlSessionFactoryBean.java:336)
	at org.springframework.beans.factory.support.AbstractAutowireCapableBeanFactory.invokeInitMethods(AbstractAutowireCapableBeanFactory.java:1627)
	at org.springframework.beans.factory.support.AbstractAutowireCapableBeanFactory.initializeBean(AbstractAutowireCapableBeanFactory.java:1564)
	... 41 more
Caused by: org.apache.ibatis.builder.BuilderException: Error parsing Mapper XML. Cause: java.lang.IllegalArgumentException: Result Maps collection already contains value for com.resources.dao.AttachmentsMapper.BaseResultMap
	at org.apache.ibatis.builder.xml.XMLMapperBuilder.configurationElement(XMLMapperBuilder.java:117)
	at org.apache.ibatis.builder.xml.XMLMapperBuilder.parse(XMLMapperBuilder.java:89)
	at org.mybatis.spring.SqlSessionFactoryBean.buildSqlSessionFactory(SqlSessionFactoryBean.java:460)
	... 44 more
Caused by: java.lang.IllegalArgumentException: Result Maps collection already contains value for com.resources.dao.AttachmentsMapper.BaseResultMap
	at org.apache.ibatis.session.Configuration$StrictMap.put(Configuration.java:782)
	at org.apache.ibatis.session.Configuration$StrictMap.put(Configuration.java:754)
	at org.apache.ibatis.session.Configuration.addResultMap(Configuration.java:536)
	at org.apache.ibatis.builder.MapperBuilderAssistant.addResultMap(MapperBuilderAssistant.java:204)
	at org.apache.ibatis.builder.ResultMapResolver.resolve(ResultMapResolver.java:44)
	at org.apache.ibatis.builder.xml.XMLMapperBuilder.resultMapElement(XMLMapperBuilder.java:281)
	at org.apache.ibatis.builder.xml.XMLMapperBuilder.resultMapElement(XMLMapperBuilder.java:248)
	at org.apache.ibatis.builder.xml.XMLMapperBuilder.resultMapElements(XMLMapperBuilder.java:240)
	at org.apache.ibatis.builder.xml.XMLMapperBuilder.configurationElement(XMLMapperBuilder.java:113)
	... 46 more
]]></system-out>
  </testcase>
  <testcase name="testDeleteString" classname="com.framework.resources.services.AttachmentsServiceTest" time="0.001">
    <error message="Failed to load ApplicationContext" type="java.lang.IllegalStateException">java.lang.IllegalStateException: Failed to load ApplicationContext
Caused by: org.springframework.beans.factory.BeanCreationException: Error creating bean with name 'sqlSessionFactory' defined in class path resource [config/application-core.xml]: Invocation of init method failed; nested exception is org.springframework.core.NestedIOException: Failed to parse mapping resource: 'file [D:\workspace\framework-root\framework-resources\target\classes\context\mapper\AttachmentsMapper.xml]'; nested exception is org.apache.ibatis.builder.BuilderException: Error parsing Mapper XML. Cause: java.lang.IllegalArgumentException: Result Maps collection already contains value for com.resources.dao.AttachmentsMapper.BaseResultMap
Caused by: org.springframework.core.NestedIOException: Failed to parse mapping resource: 'file [D:\workspace\framework-root\framework-resources\target\classes\context\mapper\AttachmentsMapper.xml]'; nested exception is org.apache.ibatis.builder.BuilderException: Error parsing Mapper XML. Cause: java.lang.IllegalArgumentException: Result Maps collection already contains value for com.resources.dao.AttachmentsMapper.BaseResultMap
Caused by: org.apache.ibatis.builder.BuilderException: Error parsing Mapper XML. Cause: java.lang.IllegalArgumentException: Result Maps collection already contains value for com.resources.dao.AttachmentsMapper.BaseResultMap
Caused by: java.lang.IllegalArgumentException: Result Maps collection already contains value for com.resources.dao.AttachmentsMapper.BaseResultMap
</error>
    <system-out><![CDATA[16:07:39,475 DEBUG ProfileValueUtils:70 - Retrieved @ProfileValueSourceConfiguration [null] for test class [com.framework.resources.services.AttachmentsServiceTest]
16:07:39,475 DEBUG ProfileValueUtils:82 - Retrieved ProfileValueSource type [class org.springframework.test.annotation.SystemProfileValueSource] for class [com.framework.resources.services.AttachmentsServiceTest]
16:07:39,475 DEBUG DependencyInjectionTestExecutionListener:80 - Performing dependency injection for test context [[DefaultTestContext@5c5725ac testClass = AttachmentsServiceTest, testInstance = com.framework.resources.services.AttachmentsServiceTest@62d2b5ed, testMethod = [null], testException = [null], mergedContextConfiguration = [MergedContextConfiguration@7680dfd9 testClass = AttachmentsServiceTest, locations = '{classpath:config/application-resources.xml}', classes = '{}', contextInitializerClasses = '[]', activeProfiles = '{mybatis}', propertySourceLocations = '{}', propertySourceProperties = '{}', contextLoader = 'org.springframework.test.context.support.DelegatingSmartContextLoader', parent = [null]]]].
16:07:39,475 DEBUG AbstractDelegatingSmartContextLoader:106 - Delegating to GenericXmlContextLoader to load context from [MergedContextConfiguration@7680dfd9 testClass = AttachmentsServiceTest, locations = '{classpath:config/application-resources.xml}', classes = '{}', contextInitializerClasses = '[]', activeProfiles = '{mybatis}', propertySourceLocations = '{}', propertySourceProperties = '{}', contextLoader = 'org.springframework.test.context.support.DelegatingSmartContextLoader', parent = [null]].
16:07:39,476 DEBUG AbstractGenericContextLoader:107 - Loading ApplicationContext for merged context configuration [[MergedContextConfiguration@7680dfd9 testClass = AttachmentsServiceTest, locations = '{classpath:config/application-resources.xml}', classes = '{}', contextInitializerClasses = '[]', activeProfiles = '{mybatis}', propertySourceLocations = '{}', propertySourceProperties = '{}', contextLoader = 'org.springframework.test.context.support.DelegatingSmartContextLoader', parent = [null]]].
16:07:39,476  INFO XmlBeanDefinitionReader:316 - Loading XML bean definitions from class path resource [config/application-resources.xml]
16:07:39,477 DEBUG DefaultDocumentLoader:73 - Using JAXP provider [com.sun.org.apache.xerces.internal.jaxp.DocumentBuilderFactoryImpl]
16:07:39,478 DEBUG PluggableSchemaResolver:141 - Loading schema mappings from [META-INF/spring.schemas]
16:07:39,480 DEBUG PluggableSchemaResolver:147 - Loaded schema mappings: {http://www.springframework.org/schema/tx/spring-tx-2.5.xsd=org/springframework/transaction/config/spring-tx-2.5.xsd, http://www.springframework.org/schema/aop/spring-aop-4.1.xsd=org/springframework/aop/config/spring-aop-4.1.xsd, http://www.springframework.org/schema/context/spring-context-3.1.xsd=org/springframework/context/config/spring-context-3.1.xsd, http://www.springframework.org/schema/data/repository/spring-repository-1.4.xsd=org/springframework/data/repository/config/spring-repository-1.4.xsd, http://www.springframework.org/schema/jdbc/spring-jdbc-4.1.xsd=org/springframework/jdbc/config/spring-jdbc-4.1.xsd, http://www.springframework.org/schema/mvc/spring-mvc-4.1.xsd=org/springframework/web/servlet/config/spring-mvc-4.1.xsd, http://www.springframework.org/schema/util/spring-util-3.0.xsd=org/springframework/beans/factory/xml/spring-util-3.0.xsd, http://mybatis.org/schema/mybatis-spring-1.2.xsd=org/mybatis/spring/config/mybatis-spring-1.2.xsd, http://www.springframework.org/schema/tool/spring-tool.xsd=org/springframework/beans/factory/xml/spring-tool-4.1.xsd, http://www.springframework.org/schema/aop/spring-aop-3.2.xsd=org/springframework/aop/config/spring-aop-3.2.xsd, http://www.springframework.org/schema/lang/spring-lang-4.1.xsd=org/springframework/scripting/config/spring-lang-4.1.xsd, http://www.springframework.org/schema/context/spring-context-4.0.xsd=org/springframework/context/config/spring-context-4.0.xsd, http://www.springframework.org/schema/mvc/spring-mvc-3.2.xsd=org/springframework/web/servlet/config/spring-mvc-3.2.xsd, http://www.springframework.org/schema/tool/spring-tool-4.1.xsd=org/springframework/beans/factory/xml/spring-tool-4.1.xsd, http://www.springframework.org/schema/lang/spring-lang-3.2.xsd=org/springframework/scripting/config/spring-lang-3.2.xsd, http://www.springframework.org/schema/cache/spring-cache-3.2.xsd=org/springframework/cache/config/spring-cache-3.2.xsd, http://www.springframework.org/schema/jee/spring-jee-4.1.xsd=org/springframework/ejb/config/spring-jee-4.1.xsd, http://www.springframework.org/schema/jdbc/spring-jdbc-3.1.xsd=org/springframework/jdbc/config/spring-jdbc-3.1.xsd, http://www.springframework.org/schema/util/spring-util-2.0.xsd=org/springframework/beans/factory/xml/spring-util-2.0.xsd, http://www.springframework.org/schema/tool/spring-tool-3.2.xsd=org/springframework/beans/factory/xml/spring-tool-3.2.xsd, http://www.springframework.org/schema/context/spring-context.xsd=org/springframework/context/config/spring-context-4.1.xsd, http://www.springframework.org/schema/cache/spring-cache-4.1.xsd=org/springframework/cache/config/spring-cache-4.1.xsd, http://www.springframework.org/schema/aop/spring-aop-4.0.xsd=org/springframework/aop/config/spring-aop-4.0.xsd, http://www.springframework.org/schema/jee/spring-jee-3.2.xsd=org/springframework/ejb/config/spring-jee-3.2.xsd, http://www.springframework.org/schema/context/spring-context-3.0.xsd=org/springframework/context/config/spring-context-3.0.xsd, http://www.springframework.org/schema/jdbc/spring-jdbc-4.0.xsd=org/springframework/jdbc/config/spring-jdbc-4.0.xsd, http://www.springframework.org/schema/mvc/spring-mvc-4.0.xsd=org/springframework/web/servlet/config/spring-mvc-4.0.xsd, http://www.springframework.org/schema/util/spring-util-2.5.xsd=org/springframework/beans/factory/xml/spring-util-2.5.xsd, http://www.springframework.org/schema/beans/spring-beans-3.2.xsd=org/springframework/beans/factory/xml/spring-beans-3.2.xsd, http://www.springframework.org/schema/aop/spring-aop-3.1.xsd=org/springframework/aop/config/spring-aop-3.1.xsd, http://www.springframework.org/schema/lang/spring-lang-4.0.xsd=org/springframework/scripting/config/spring-lang-4.0.xsd, http://www.springframework.org/schema/mvc/spring-mvc.xsd=org/springframework/web/servlet/config/spring-mvc-4.1.xsd, http://www.springframework.org/schema/mvc/spring-mvc-3.1.xsd=org/springframework/web/servlet/config/spring-mvc-3.1.xsd, http://www.springframework.org/schema/beans/spring-beans-4.1.xsd=org/springframework/beans/factory/xml/spring-beans-4.1.xsd, http://www.springframework.org/schema/tool/spring-tool-4.0.xsd=org/springframework/beans/factory/xml/spring-tool-4.0.xsd, http://www.springframework.org/schema/tx/spring-tx-3.2.xsd=org/springframework/transaction/config/spring-tx-3.2.xsd, http://www.springframework.org/schema/lang/spring-lang-3.1.xsd=org/springframework/scripting/config/spring-lang-3.1.xsd, http://www.springframework.org/schema/cache/spring-cache-3.1.xsd=org/springframework/cache/config/spring-cache-3.1.xsd, http://www.springframework.org/schema/jee/spring-jee-4.0.xsd=org/springframework/ejb/config/spring-jee-4.0.xsd, http://www.springframework.org/schema/jdbc/spring-jdbc-3.0.xsd=org/springframework/jdbc/config/spring-jdbc-3.0.xsd, http://www.springframework.org/schema/task/spring-task-4.1.xsd=org/springframework/scheduling/config/spring-task-4.1.xsd, http://www.springframework.org/schema/jdbc/spring-jdbc.xsd=org/springframework/jdbc/config/spring-jdbc-4.1.xsd, http://www.springframework.org/schema/tool/spring-tool-3.1.xsd=org/springframework/beans/factory/xml/spring-tool-3.1.xsd, http://www.springframework.org/schema/tx/spring-tx-4.1.xsd=org/springframework/transaction/config/spring-tx-4.1.xsd, http://www.springframework.org/schema/cache/spring-cache-4.0.xsd=org/springframework/cache/config/spring-cache-4.0.xsd, http://www.springframework.org/schema/jee/spring-jee-3.1.xsd=org/springframework/ejb/config/spring-jee-3.1.xsd, http://www.springframework.org/schema/task/spring-task-3.2.xsd=org/springframework/scheduling/config/spring-task-3.2.xsd, http://www.springframework.org/schema/beans/spring-beans-3.1.xsd=org/springframework/beans/factory/xml/spring-beans-3.1.xsd, http://www.springframework.org/schema/util/spring-util.xsd=org/springframework/beans/factory/xml/spring-util-4.1.xsd, http://www.springframework.org/schema/aop/spring-aop-3.0.xsd=org/springframework/aop/config/spring-aop-3.0.xsd, http://www.springframework.org/schema/data/repository/spring-repository.xsd=org/springframework/data/repository/config/spring-repository-1.7.xsd, http://www.springframework.org/schema/data/repository/spring-repository-1.7.xsd=org/springframework/data/repository/config/spring-repository-1.7.xsd, http://www.springframework.org/schema/mvc/spring-mvc-3.0.xsd=org/springframework/web/servlet/config/spring-mvc-3.0.xsd, http://www.springframework.org/schema/beans/spring-beans-4.0.xsd=org/springframework/beans/factory/xml/spring-beans-4.0.xsd, http://www.springframework.org/schema/beans/spring-beans.xsd=org/springframework/beans/factory/xml/spring-beans-4.1.xsd, http://mybatis.org/schema/mybatis-spring.xsd=org/mybatis/spring/config/mybatis-spring-1.2.xsd, http://www.springframework.org/schema/tx/spring-tx-3.1.xsd=org/springframework/transaction/config/spring-tx-3.1.xsd, http://www.springframework.org/schema/lang/spring-lang-3.0.xsd=org/springframework/scripting/config/spring-lang-3.0.xsd, http://www.springframework.org/schema/context/spring-context-2.5.xsd=org/springframework/context/config/spring-context-2.5.xsd, http://www.springframework.org/schema/task/spring-task-4.0.xsd=org/springframework/scheduling/config/spring-task-4.0.xsd, http://www.springframework.org/schema/tool/spring-tool-3.0.xsd=org/springframework/beans/factory/xml/spring-tool-3.0.xsd, http://www.springframework.org/schema/tx/spring-tx-4.0.xsd=org/springframework/transaction/config/spring-tx-4.0.xsd, http://ehcache-spring-annotations.googlecode.com/svn/schema/ehcache-spring/ehcache-spring-1.2.xsd=com/googlecode/ehcache/annotations/ehcache-spring-1.2.xsd, http://www.springframework.org/schema/aop/spring-aop-2.0.xsd=org/springframework/aop/config/spring-aop-2.0.xsd, http://www.springframework.org/schema/jee/spring-jee-3.0.xsd=org/springframework/ejb/config/spring-jee-3.0.xsd, http://www.springframework.org/schema/util/spring-util-4.1.xsd=org/springframework/beans/factory/xml/spring-util-4.1.xsd, http://www.springframework.org/schema/task/spring-task-3.1.xsd=org/springframework/scheduling/config/spring-task-3.1.xsd, http://www.springframework.org/schema/beans/spring-beans-3.0.xsd=org/springframework/beans/factory/xml/spring-beans-3.0.xsd, http://www.springframework.org/schema/jee/spring-jee.xsd=org/springframework/ejb/config/spring-jee-4.1.xsd, http://www.springframework.org/schema/aop/spring-aop-2.5.xsd=org/springframework/aop/config/spring-aop-2.5.xsd, http://www.springframework.org/schema/lang/spring-lang-2.0.xsd=org/springframework/scripting/config/spring-lang-2.0.xsd, http://www.springframework.org/schema/data/repository/spring-repository-1.6.xsd=org/springframework/data/repository/config/spring-repository-1.6.xsd, http://www.springframework.org/schema/util/spring-util-3.2.xsd=org/springframework/beans/factory/xml/spring-util-3.2.xsd, http://www.springframework.org/schema/task/spring-task.xsd=org/springframework/scheduling/config/spring-task-4.1.xsd, http://www.springframework.org/schema/tool/spring-tool-2.0.xsd=org/springframework/beans/factory/xml/spring-tool-2.0.xsd, http://www.springframework.org/schema/tx/spring-tx-3.0.xsd=org/springframework/transaction/config/spring-tx-3.0.xsd, http://www.springframework.org/schema/lang/spring-lang-2.5.xsd=org/springframework/scripting/config/spring-lang-2.5.xsd, http://www.springframework.org/schema/jee/spring-jee-2.0.xsd=org/springframework/ejb/config/spring-jee-2.0.xsd, http://www.springframework.org/schema/tool/spring-tool-2.5.xsd=org/springframework/beans/factory/xml/spring-tool-2.5.xsd, http://ehcache-spring-annotations.googlecode.com/svn/schema/ehcache-spring/ehcache-spring-1.1.xsd=com/googlecode/ehcache/annotations/ehcache-spring-1.1.xsd, http://www.springframework.org/schema/jee/spring-jee-2.5.xsd=org/springframework/ejb/config/spring-jee-2.5.xsd, http://www.springframework.org/schema/data/repository/spring-repository-1.0.xsd=org/springframework/data/repository/config/spring-repository-1.0.xsd, http://www.springframework.org/schema/util/spring-util-4.0.xsd=org/springframework/beans/factory/xml/spring-util-4.0.xsd, http://www.springframework.org/schema/task/spring-task-3.0.xsd=org/springframework/scheduling/config/spring-task-3.0.xsd, http://www.springframework.org/schema/lang/spring-lang.xsd=org/springframework/scripting/config/spring-lang-4.1.xsd, http://www.springframework.org/schema/context/spring-context-3.2.xsd=org/springframework/context/config/spring-context-3.2.xsd, http://www.springframework.org/schema/data/repository/spring-repository-1.5.xsd=org/springframework/data/repository/config/spring-repository-1.5.xsd, http://www.springframework.org/schema/util/spring-util-3.1.xsd=org/springframework/beans/factory/xml/spring-util-3.1.xsd, http://www.springframework.org/schema/beans/spring-beans-2.0.xsd=org/springframework/beans/factory/xml/spring-beans-2.0.xsd, http://www.springframework.org/schema/cache/spring-cache.xsd=org/springframework/cache/config/spring-cache-4.1.xsd, http://www.springframework.org/schema/tx/spring-tx.xsd=org/springframework/transaction/config/spring-tx-4.1.xsd, http://www.springframework.org/schema/context/spring-context-4.1.xsd=org/springframework/context/config/spring-context-4.1.xsd, http://www.springframework.org/schema/beans/spring-beans-2.5.xsd=org/springframework/beans/factory/xml/spring-beans-2.5.xsd, http://www.springframework.org/schema/tx/spring-tx-2.0.xsd=org/springframework/transaction/config/spring-tx-2.0.xsd, http://ehcache-spring-annotations.googlecode.com/svn/schema/ehcache-spring/ehcache-spring-1.0.xsd=com/googlecode/ehcache/annotations/ehcache-spring-1.0.xsd, http://www.springframework.org/schema/jdbc/spring-jdbc-3.2.xsd=org/springframework/jdbc/config/spring-jdbc-3.2.xsd, http://www.springframework.org/schema/aop/spring-aop.xsd=org/springframework/aop/config/spring-aop-4.1.xsd}
16:07:39,480 DEBUG PluggableSchemaResolver:119 - Found XML schema [http://www.springframework.org/schema/beans/spring-beans.xsd] in classpath: org/springframework/beans/factory/xml/spring-beans-4.1.xsd
16:07:39,484 DEBUG PluggableSchemaResolver:119 - Found XML schema [http://www.springframework.org/schema/context/spring-context.xsd] in classpath: org/springframework/context/config/spring-context-4.1.xsd
16:07:39,485 DEBUG PluggableSchemaResolver:119 - Found XML schema [http://www.springframework.org/schema/tool/spring-tool-4.1.xsd] in classpath: org/springframework/beans/factory/xml/spring-tool-4.1.xsd
16:07:39,487 DEBUG DefaultBeanDefinitionDocumentReader:108 - Loading bean definitions
16:07:39,488  INFO XmlBeanDefinitionReader:316 - Loading XML bean definitions from class path resource [config/application-core.xml]
16:07:39,488 DEBUG DefaultDocumentLoader:73 - Using JAXP provider [com.sun.org.apache.xerces.internal.jaxp.DocumentBuilderFactoryImpl]
16:07:39,489 DEBUG PluggableSchemaResolver:119 - Found XML schema [http://www.springframework.org/schema/beans/spring-beans.xsd] in classpath: org/springframework/beans/factory/xml/spring-beans-4.1.xsd
16:07:39,494 DEBUG PluggableSchemaResolver:119 - Found XML schema [http://www.springframework.org/schema/context/spring-context.xsd] in classpath: org/springframework/context/config/spring-context-4.1.xsd
16:07:39,495 DEBUG PluggableSchemaResolver:119 - Found XML schema [http://www.springframework.org/schema/tool/spring-tool-4.1.xsd] in classpath: org/springframework/beans/factory/xml/spring-tool-4.1.xsd
16:07:39,497 DEBUG PluggableSchemaResolver:119 - Found XML schema [http://www.springframework.org/schema/tx/spring-tx.xsd] in classpath: org/springframework/transaction/config/spring-tx-4.1.xsd
16:07:39,499 DEBUG PluggableSchemaResolver:119 - Found XML schema [http://www.springframework.org/schema/aop/spring-aop.xsd] in classpath: org/springframework/aop/config/spring-aop-4.1.xsd
16:07:39,501 DEBUG DefaultBeanDefinitionDocumentReader:108 - Loading bean definitions
16:07:39,501  INFO XmlBeanDefinitionReader:316 - Loading XML bean definitions from class path resource [config/datasource-config.xml]
16:07:39,502 DEBUG DefaultDocumentLoader:73 - Using JAXP provider [com.sun.org.apache.xerces.internal.jaxp.DocumentBuilderFactoryImpl]
16:07:39,503 DEBUG PluggableSchemaResolver:119 - Found XML schema [http://www.springframework.org/schema/beans/spring-beans.xsd] in classpath: org/springframework/beans/factory/xml/spring-beans-4.1.xsd
16:07:39,506 DEBUG PluggableSchemaResolver:119 - Found XML schema [http://www.springframework.org/schema/context/spring-context.xsd] in classpath: org/springframework/context/config/spring-context-4.1.xsd
16:07:39,508 DEBUG PluggableSchemaResolver:119 - Found XML schema [http://www.springframework.org/schema/tool/spring-tool-4.1.xsd] in classpath: org/springframework/beans/factory/xml/spring-tool-4.1.xsd
16:07:39,510 DEBUG DefaultBeanDefinitionDocumentReader:108 - Loading bean definitions
16:07:39,511 DEBUG DefaultNamespaceHandlerResolver:157 - Loaded NamespaceHandler mappings: {http://www.springframework.org/schema/p=org.springframework.beans.factory.xml.SimplePropertyNamespaceHandler, http://www.springframework.org/schema/mvc=org.springframework.web.servlet.config.MvcNamespaceHandler, http://www.springframework.org/schema/util=org.springframework.beans.factory.xml.UtilNamespaceHandler, http://www.springframework.org/schema/jee=org.springframework.ejb.config.JeeNamespaceHandler, http://www.springframework.org/schema/aop=org.springframework.aop.config.AopNamespaceHandler, http://www.springframework.org/schema/data/repository=org.springframework.data.repository.config.RepositoryNameSpaceHandler, http://www.springframework.org/schema/jdbc=org.springframework.jdbc.config.JdbcNamespaceHandler, http://ehcache-spring-annotations.googlecode.com/svn/schema/ehcache-spring=com.googlecode.ehcache.annotations.config.AnnotationDrivenEhCacheNamespaceHandler, http://www.springframework.org/schema/cache=org.springframework.cache.config.CacheNamespaceHandler, http://mybatis.org/schema/mybatis-spring=org.mybatis.spring.config.NamespaceHandler, http://www.springframework.org/schema/c=org.springframework.beans.factory.xml.SimpleConstructorNamespaceHandler, http://www.springframework.org/schema/tx=org.springframework.transaction.config.TxNamespaceHandler, http://www.springframework.org/schema/task=org.springframework.scheduling.config.TaskNamespaceHandler, http://www.springframework.org/schema/lang=org.springframework.scripting.config.LangNamespaceHandler, http://www.springframework.org/schema/data/keyvalue=org.springframework.data.keyvalue.repository.config.KeyValueRepositoryNameSpaceHandler, http://www.springframework.org/schema/context=org.springframework.context.config.ContextNamespaceHandler}
16:07:39,512 DEBUG DefaultBeanDefinitionDocumentReader:269 - Imported 2 bean definitions from relative location [datasource-config.xml]
16:07:39,512  INFO XmlBeanDefinitionReader:316 - Loading XML bean definitions from class path resource [config/bean-defined.xml]
16:07:39,513 DEBUG DefaultDocumentLoader:73 - Using JAXP provider [com.sun.org.apache.xerces.internal.jaxp.DocumentBuilderFactoryImpl]
16:07:39,514 DEBUG PluggableSchemaResolver:119 - Found XML schema [http://www.springframework.org/schema/beans/spring-beans.xsd] in classpath: org/springframework/beans/factory/xml/spring-beans-4.1.xsd
16:07:39,519 DEBUG DefaultBeanDefinitionDocumentReader:108 - Loading bean definitions
16:07:39,520 DEBUG DefaultBeanDefinitionDocumentReader:269 - Imported 1 bean definitions from relative location [bean-defined.xml]
16:07:39,520 DEBUG ClassPathBeanDefinitionScanner:250 - JSR-330 'javax.inject.Named' annotation found and supported for component scanning
16:07:39,522 DEBUG ClassPathBeanDefinitionScanner:284 - Identified candidate component class: URL [jar:file:/d:/maven/repository/com/framework/framework-core/0.0.1-SNAPSHOT/framework-core-0.0.1-SNAPSHOT.jar!/com/framework/web/advice/ControlAdvice.class]
16:07:39,525 DEBUG ClassPathBeanDefinitionScanner:284 - Identified candidate component class: URL [jar:file:/d:/maven/repository/com/framework/framework-core/0.0.1-SNAPSHOT/framework-core-0.0.1-SNAPSHOT.jar!/com/framework/web/util/SessionManager.class]
16:07:39,526 DEBUG ClassPathBeanDefinitionScanner:250 - JSR-330 'javax.inject.Named' annotation found and supported for component scanning
16:07:39,527 DEBUG ClassPathBeanDefinitionScanner:284 - Identified candidate component class: URL [jar:file:/d:/maven/repository/com/framework/framework-core/0.0.1-SNAPSHOT/framework-core-0.0.1-SNAPSHOT.jar!/com/framework/common/aspect/QueryParamAop.class]
16:07:39,527 DEBUG BeanDefinitionParserDelegate:495 - Neither XML 'id' nor 'name' specified - using generated bean name [org.mybatis.spring.mapper.MapperScannerConfigurer#0]
16:07:39,528 DEBUG ClassPathBeanDefinitionScanner:250 - JSR-330 'javax.inject.Named' annotation found and supported for component scanning
16:07:39,529 DEBUG ClassPathBeanDefinitionScanner:290 - Ignored because not a concrete top-level class: URL [jar:file:/d:/maven/repository/com/framework/framework-core/0.0.1-SNAPSHOT/framework-core-0.0.1-SNAPSHOT.jar!/com/system/mybatis/dao/SysDeptMapper.class]
16:07:39,530 DEBUG ClassPathBeanDefinitionScanner:290 - Ignored because not a concrete top-level class: URL [jar:file:/d:/maven/repository/com/framework/framework-core/0.0.1-SNAPSHOT/framework-core-0.0.1-SNAPSHOT.jar!/com/system/mybatis/dao/SysLogMapper.class]
16:07:39,531 DEBUG ClassPathBeanDefinitionScanner:290 - Ignored because not a concrete top-level class: URL [jar:file:/d:/maven/repository/com/framework/framework-core/0.0.1-SNAPSHOT/framework-core-0.0.1-SNAPSHOT.jar!/com/system/mybatis/service/IIndexItemService.class]
16:07:39,531 DEBUG ClassPathBeanDefinitionScanner:284 - Identified candidate component class: URL [jar:file:/d:/maven/repository/com/framework/framework-core/0.0.1-SNAPSHOT/framework-core-0.0.1-SNAPSHOT.jar!/com/system/mybatis/service/impl/IndexItemService.class]
16:07:39,532 DEBUG ClassPathBeanDefinitionScanner:284 - Identified candidate component class: URL [jar:file:/d:/maven/repository/com/framework/framework-core/0.0.1-SNAPSHOT/framework-core-0.0.1-SNAPSHOT.jar!/com/system/mybatis/service/impl/SysCodeService.class]
16:07:39,532 DEBUG ClassPathBeanDefinitionScanner:284 - Identified candidate component class: URL [jar:file:/d:/maven/repository/com/framework/framework-core/0.0.1-SNAPSHOT/framework-core-0.0.1-SNAPSHOT.jar!/com/system/mybatis/service/impl/SysDeptServiceImpl.class]
16:07:39,533 DEBUG ClassPathBeanDefinitionScanner:284 - Identified candidate component class: URL [jar:file:/d:/maven/repository/com/framework/framework-core/0.0.1-SNAPSHOT/framework-core-0.0.1-SNAPSHOT.jar!/com/system/mybatis/service/impl/SysModuleServiceImpl.class]
16:07:39,533 DEBUG ClassPathBeanDefinitionScanner:284 - Identified candidate component class: URL [jar:file:/d:/maven/repository/com/framework/framework-core/0.0.1-SNAPSHOT/framework-core-0.0.1-SNAPSHOT.jar!/com/system/mybatis/service/impl/SystemLogServiceImpl.class]
16:07:39,533 DEBUG ClassPathBeanDefinitionScanner:284 - Identified candidate component class: URL [jar:file:/d:/maven/repository/com/framework/framework-core/0.0.1-SNAPSHOT/framework-core-0.0.1-SNAPSHOT.jar!/com/system/mybatis/service/impl/SystemRoleServiceImpl.class]
16:07:39,534 DEBUG ClassPathBeanDefinitionScanner:284 - Identified candidate component class: URL [jar:file:/d:/maven/repository/com/framework/framework-core/0.0.1-SNAPSHOT/framework-core-0.0.1-SNAPSHOT.jar!/com/system/mybatis/service/impl/SystemUserServiceImpl.class]
16:07:39,534 DEBUG ClassPathBeanDefinitionScanner:290 - Ignored because not a concrete top-level class: URL [jar:file:/d:/maven/repository/com/framework/framework-core/0.0.1-SNAPSHOT/framework-core-0.0.1-SNAPSHOT.jar!/com/system/mybatis/service/ISysCodeService.class]
16:07:39,535 DEBUG ClassPathBeanDefinitionScanner:290 - Ignored because not a concrete top-level class: URL [jar:file:/d:/maven/repository/com/framework/framework-core/0.0.1-SNAPSHOT/framework-core-0.0.1-SNAPSHOT.jar!/com/system/mybatis/service/ISysModuleService.class]
16:07:39,535 DEBUG ClassPathBeanDefinitionScanner:290 - Ignored because not a concrete top-level class: URL [jar:file:/d:/maven/repository/com/framework/framework-core/0.0.1-SNAPSHOT/framework-core-0.0.1-SNAPSHOT.jar!/com/system/mybatis/service/ISystemLogService.class]
16:07:39,535 DEBUG ClassPathBeanDefinitionScanner:290 - Ignored because not a concrete top-level class: URL [jar:file:/d:/maven/repository/com/framework/framework-core/0.0.1-SNAPSHOT/framework-core-0.0.1-SNAPSHOT.jar!/com/system/mybatis/service/ISystemRoleService.class]
16:07:39,536 DEBUG ClassPathBeanDefinitionScanner:290 - Ignored because not a concrete top-level class: URL [jar:file:/d:/maven/repository/com/framework/framework-core/0.0.1-SNAPSHOT/framework-core-0.0.1-SNAPSHOT.jar!/com/system/mybatis/service/ISystemUserService.class]
16:07:39,537 DEBUG ClassPathBeanDefinitionScanner:250 - JSR-330 'javax.inject.Named' annotation found and supported for component scanning
16:07:39,538 DEBUG ClassPathBeanDefinitionScanner:284 - Identified candidate component class: URL [jar:file:/d:/maven/repository/com/framework/framework-core/0.0.1-SNAPSHOT/framework-core-0.0.1-SNAPSHOT.jar!/com/framework/mybatis/aspect/SystemLogAOP.class]
16:07:39,540 DEBUG ClassPathBeanDefinitionScanner:290 - Ignored because not a concrete top-level class: URL [jar:file:/d:/maven/repository/com/framework/framework-core/0.0.1-SNAPSHOT/framework-core-0.0.1-SNAPSHOT.jar!/com/framework/mybatis/service/ICommonService.class]
16:07:39,541 DEBUG ClassPathBeanDefinitionScanner:284 - Identified candidate component class: URL [jar:file:/d:/maven/repository/com/framework/framework-core/0.0.1-SNAPSHOT/framework-core-0.0.1-SNAPSHOT.jar!/com/framework/mybatis/service/impl/CommonServiceImpl.class]
16:07:39,542 DEBUG DefaultBeanDefinitionDocumentReader:269 - Imported 28 bean definitions from relative location [application-core.xml]
16:07:39,543 DEBUG ClassPathBeanDefinitionScanner:250 - JSR-330 'javax.inject.Named' annotation found and supported for component scanning
16:07:39,545 DEBUG ClassPathBeanDefinitionScanner:284 - Identified candidate component class: file [D:\workspace\framework-root\framework-resources\target\classes\com\resources\services\impl\AttachmentsServiceImpl.class]
16:07:39,546 DEBUG ClassPathBeanDefinitionScanner:284 - Identified candidate component class: file [D:\workspace\framework-root\framework-resources\target\classes\com\resources\web\AttachmentsController.class]
16:07:39,546 DEBUG ClassPathBeanDefinitionScanner:284 - Identified candidate component class: file [D:\workspace\framework-root\framework-resources\target\classes\com\resources\web\ShareResources.class]
16:07:39,547 DEBUG ClassPathBeanDefinitionScanner:250 - JSR-330 'javax.inject.Named' annotation found and supported for component scanning
16:07:39,549 DEBUG ClassPathBeanDefinitionScanner:284 - Identified candidate component class: file [D:\workspace\framework-root\framework-resources\target\classes\com\framework\image\handler\impl\IM4ImageHandler.class]
16:07:39,550 DEBUG ClassPathBeanDefinitionScanner:284 - Identified candidate component class: file [D:\workspace\framework-root\framework-resources\target\classes\com\framework\image\ImageService.class]
16:07:39,551 DEBUG BeanDefinitionParserDelegate:495 - Neither XML 'id' nor 'name' specified - using generated bean name [org.mybatis.spring.mapper.MapperScannerConfigurer#1]
16:07:39,551 DEBUG XmlBeanDefinitionReader:223 - Loaded 35 bean definitions from location pattern [classpath:config/application-resources.xml]
16:07:39,551  INFO GenericApplicationContext:510 - Refreshing org.springframework.context.support.GenericApplicationContext@77a60d4a: startup date [Mon Sep 18 16:07:39 CST 2017]; root of context hierarchy
16:07:39,551 DEBUG GenericApplicationContext:540 - Bean factory for org.springframework.context.support.GenericApplicationContext@77a60d4a: org.springframework.beans.factory.support.DefaultListableBeanFactory@23790b03: defining beans [org.springframework.beans.factory.config.PropertyPlaceholderConfigurer#0,dataSource,validator,controlAdvice,sessionManager,org.springframework.context.annotation.internalConfigurationAnnotationProcessor,org.springframework.context.annotation.internalAutowiredAnnotationProcessor,org.springframework.context.annotation.internalRequiredAnnotationProcessor,org.springframework.context.annotation.internalCommonAnnotationProcessor,org.springframework.context.annotation.internalPersistenceAnnotationProcessor,queryParamAop,org.springframework.aop.config.internalAutoProxyCreator,org.springframework.transaction.annotation.AnnotationTransactionAttributeSource#0,org.springframework.transaction.interceptor.TransactionInterceptor#0,org.springframework.transaction.config.internalTransactionAdvisor,sqlSessionFactory,myBatisExceptionTranslator,org.mybatis.spring.mapper.MapperScannerConfigurer#0,transactionManager,indexItemService,sysCodeService,sysDeptServiceImpl,sysModuleServiceImpl,systemLogServiceImpl,systemRoleServiceImpl,systemUserServiceImpl,systemLogAOP,commonServiceImpl,configProperties,attachmentsServiceImpl,attachmentsController,shareResources,iM4ImageHandler,imageService,org.mybatis.spring.mapper.MapperScannerConfigurer#1]; root of factory hierarchy
16:07:39,552 DEBUG DefaultListableBeanFactory:220 - Creating shared instance of singleton bean 'org.springframework.context.annotation.internalConfigurationAnnotationProcessor'
16:07:39,552 DEBUG DefaultListableBeanFactory:450 - Creating instance of bean 'org.springframework.context.annotation.internalConfigurationAnnotationProcessor'
16:07:39,553 DEBUG DefaultListableBeanFactory:524 - Eagerly caching bean 'org.springframework.context.annotation.internalConfigurationAnnotationProcessor' to allow for resolving potential circular references
16:07:39,553 DEBUG DefaultListableBeanFactory:478 - Finished creating instance of bean 'org.springframework.context.annotation.internalConfigurationAnnotationProcessor'
16:07:39,568 DEBUG DefaultListableBeanFactory:220 - Creating shared instance of singleton bean 'org.mybatis.spring.mapper.MapperScannerConfigurer#0'
16:07:39,568 DEBUG DefaultListableBeanFactory:450 - Creating instance of bean 'org.mybatis.spring.mapper.MapperScannerConfigurer#0'
16:07:39,568 DEBUG DefaultListableBeanFactory:524 - Eagerly caching bean 'org.mybatis.spring.mapper.MapperScannerConfigurer#0' to allow for resolving potential circular references
16:07:39,569 DEBUG DefaultListableBeanFactory:1610 - Invoking afterPropertiesSet() on bean with name 'org.mybatis.spring.mapper.MapperScannerConfigurer#0'
16:07:39,569 DEBUG DefaultListableBeanFactory:478 - Finished creating instance of bean 'org.mybatis.spring.mapper.MapperScannerConfigurer#0'
16:07:39,572 DEBUG ClassPathMapperScanner:284 - Identified candidate component class: URL [jar:file:/d:/maven/repository/com/framework/framework-core/0.0.1-SNAPSHOT/framework-core-0.0.1-SNAPSHOT.jar!/com/system/common/SysConstant.class]
16:07:39,573 DEBUG ClassPathMapperScanner:284 - Identified candidate component class: URL [jar:file:/d:/maven/repository/com/framework/framework-core/0.0.1-SNAPSHOT/framework-core-0.0.1-SNAPSHOT.jar!/com/system/jpa/repository/ISysDeptDao.class]
16:07:39,574 DEBUG ClassPathMapperScanner:290 - Ignored because not a concrete top-level class: URL [jar:file:/d:/maven/repository/com/framework/framework-core/0.0.1-SNAPSHOT/framework-core-0.0.1-SNAPSHOT.jar!/com/system/jpa/repository/jpa/SysDeptDaoImpl.class]
16:07:39,574 DEBUG ClassPathMapperScanner:290 - Ignored because not a concrete top-level class: URL [jar:file:/d:/maven/repository/com/framework/framework-core/0.0.1-SNAPSHOT/framework-core-0.0.1-SNAPSHOT.jar!/com/system/model/DataIndexTree.class]
16:07:39,575 DEBUG ClassPathMapperScanner:290 - Ignored because not a concrete top-level class: URL [jar:file:/d:/maven/repository/com/framework/framework-core/0.0.1-SNAPSHOT/framework-core-0.0.1-SNAPSHOT.jar!/com/system/model/SysCode.class]
16:07:39,575 DEBUG ClassPathMapperScanner:290 - Ignored because not a concrete top-level class: URL [jar:file:/d:/maven/repository/com/framework/framework-core/0.0.1-SNAPSHOT/framework-core-0.0.1-SNAPSHOT.jar!/com/system/model/SysCodeTree.class]
16:07:39,575 DEBUG ClassPathMapperScanner:290 - Ignored because not a concrete top-level class: URL [jar:file:/d:/maven/repository/com/framework/framework-core/0.0.1-SNAPSHOT/framework-core-0.0.1-SNAPSHOT.jar!/com/system/model/SysDepartmentTree.class]
16:07:39,576 DEBUG ClassPathMapperScanner:290 - Ignored because not a concrete top-level class: URL [jar:file:/d:/maven/repository/com/framework/framework-core/0.0.1-SNAPSHOT/framework-core-0.0.1-SNAPSHOT.jar!/com/system/model/SysDept.class]
16:07:39,576 DEBUG ClassPathMapperScanner:290 - Ignored because not a concrete top-level class: URL [jar:file:/d:/maven/repository/com/framework/framework-core/0.0.1-SNAPSHOT/framework-core-0.0.1-SNAPSHOT.jar!/com/system/model/SysDeptUser.class]
16:07:39,577 DEBUG ClassPathMapperScanner:290 - Ignored because not a concrete top-level class: URL [jar:file:/d:/maven/repository/com/framework/framework-core/0.0.1-SNAPSHOT/framework-core-0.0.1-SNAPSHOT.jar!/com/system/model/SysIndexitem.class]
16:07:39,577 DEBUG ClassPathMapperScanner:290 - Ignored because not a concrete top-level class: URL [jar:file:/d:/maven/repository/com/framework/framework-core/0.0.1-SNAPSHOT/framework-core-0.0.1-SNAPSHOT.jar!/com/system/model/SysLog.class]
16:07:39,577 DEBUG ClassPathMapperScanner:290 - Ignored because not a concrete top-level class: URL [jar:file:/d:/maven/repository/com/framework/framework-core/0.0.1-SNAPSHOT/framework-core-0.0.1-SNAPSHOT.jar!/com/system/model/SysModule.class]
16:07:39,578 DEBUG ClassPathMapperScanner:290 - Ignored because not a concrete top-level class: URL [jar:file:/d:/maven/repository/com/framework/framework-core/0.0.1-SNAPSHOT/framework-core-0.0.1-SNAPSHOT.jar!/com/system/model/SysRole.class]
16:07:39,578 DEBUG ClassPathMapperScanner:290 - Ignored because not a concrete top-level class: URL [jar:file:/d:/maven/repository/com/framework/framework-core/0.0.1-SNAPSHOT/framework-core-0.0.1-SNAPSHOT.jar!/com/system/model/SysRoleFuncKey.class]
16:07:39,578 DEBUG ClassPathMapperScanner:290 - Ignored because not a concrete top-level class: URL [jar:file:/d:/maven/repository/com/framework/framework-core/0.0.1-SNAPSHOT/framework-core-0.0.1-SNAPSHOT.jar!/com/system/model/SysRoleUser.class]
16:07:39,579 DEBUG ClassPathMapperScanner:290 - Ignored because not a concrete top-level class: URL [jar:file:/d:/maven/repository/com/framework/framework-core/0.0.1-SNAPSHOT/framework-core-0.0.1-SNAPSHOT.jar!/com/system/model/SysUser.class]
16:07:39,579 DEBUG ClassPathMapperScanner:284 - Identified candidate component class: URL [jar:file:/d:/maven/repository/com/framework/framework-core/0.0.1-SNAPSHOT/framework-core-0.0.1-SNAPSHOT.jar!/com/system/mybatis/dao/CommSeqMapper.class]
16:07:39,580 DEBUG ClassPathMapperScanner:284 - Identified candidate component class: URL [jar:file:/d:/maven/repository/com/framework/framework-core/0.0.1-SNAPSHOT/framework-core-0.0.1-SNAPSHOT.jar!/com/system/mybatis/dao/SysCodeMapper.class]
16:07:39,580 DEBUG ClassPathMapperScanner:284 - Identified candidate component class: URL [jar:file:/d:/maven/repository/com/framework/framework-core/0.0.1-SNAPSHOT/framework-core-0.0.1-SNAPSHOT.jar!/com/system/mybatis/dao/SysDeptMapper.class]
16:07:39,581 DEBUG ClassPathMapperScanner:284 - Identified candidate component class: URL [jar:file:/d:/maven/repository/com/framework/framework-core/0.0.1-SNAPSHOT/framework-core-0.0.1-SNAPSHOT.jar!/com/system/mybatis/dao/SysDeptUserMapper.class]
16:07:39,581 DEBUG ClassPathMapperScanner:284 - Identified candidate component class: URL [jar:file:/d:/maven/repository/com/framework/framework-core/0.0.1-SNAPSHOT/framework-core-0.0.1-SNAPSHOT.jar!/com/system/mybatis/dao/SysIndexitemMapper.class]
16:07:39,581 DEBUG ClassPathMapperScanner:284 - Identified candidate component class: URL [jar:file:/d:/maven/repository/com/framework/framework-core/0.0.1-SNAPSHOT/framework-core-0.0.1-SNAPSHOT.jar!/com/system/mybatis/dao/SysLogMapper.class]
16:07:39,582 DEBUG ClassPathMapperScanner:284 - Identified candidate component class: URL [jar:file:/d:/maven/repository/com/framework/framework-core/0.0.1-SNAPSHOT/framework-core-0.0.1-SNAPSHOT.jar!/com/system/mybatis/dao/SysModuleMapper.class]
16:07:39,582 DEBUG ClassPathMapperScanner:284 - Identified candidate component class: URL [jar:file:/d:/maven/repository/com/framework/framework-core/0.0.1-SNAPSHOT/framework-core-0.0.1-SNAPSHOT.jar!/com/system/mybatis/dao/SysRoleFuncMapper.class]
16:07:39,583 DEBUG ClassPathMapperScanner:284 - Identified candidate component class: URL [jar:file:/d:/maven/repository/com/framework/framework-core/0.0.1-SNAPSHOT/framework-core-0.0.1-SNAPSHOT.jar!/com/system/mybatis/dao/SysRoleMapper.class]
16:07:39,583 DEBUG ClassPathMapperScanner:284 - Identified candidate component class: URL [jar:file:/d:/maven/repository/com/framework/framework-core/0.0.1-SNAPSHOT/framework-core-0.0.1-SNAPSHOT.jar!/com/system/mybatis/dao/SysRoleUserMapper.class]
16:07:39,583 DEBUG ClassPathMapperScanner:284 - Identified candidate component class: URL [jar:file:/d:/maven/repository/com/framework/framework-core/0.0.1-SNAPSHOT/framework-core-0.0.1-SNAPSHOT.jar!/com/system/mybatis/dao/SysUserMapper.class]
16:07:39,584 DEBUG ClassPathMapperScanner:284 - Identified candidate component class: URL [jar:file:/d:/maven/repository/com/framework/framework-core/0.0.1-SNAPSHOT/framework-core-0.0.1-SNAPSHOT.jar!/com/system/mybatis/service/IIndexItemService.class]
16:07:39,585 DEBUG ClassPathMapperScanner:290 - Ignored because not a concrete top-level class: URL [jar:file:/d:/maven/repository/com/framework/framework-core/0.0.1-SNAPSHOT/framework-core-0.0.1-SNAPSHOT.jar!/com/system/mybatis/service/impl/IndexItemService.class]
16:07:39,585 DEBUG ClassPathMapperScanner:290 - Ignored because not a concrete top-level class: URL [jar:file:/d:/maven/repository/com/framework/framework-core/0.0.1-SNAPSHOT/framework-core-0.0.1-SNAPSHOT.jar!/com/system/mybatis/service/impl/SysCodeService.class]
16:07:39,586 DEBUG ClassPathMapperScanner:290 - Ignored because not a concrete top-level class: URL [jar:file:/d:/maven/repository/com/framework/framework-core/0.0.1-SNAPSHOT/framework-core-0.0.1-SNAPSHOT.jar!/com/system/mybatis/service/impl/SysDeptServiceImpl.class]
16:07:39,586 DEBUG ClassPathMapperScanner:290 - Ignored because not a concrete top-level class: URL [jar:file:/d:/maven/repository/com/framework/framework-core/0.0.1-SNAPSHOT/framework-core-0.0.1-SNAPSHOT.jar!/com/system/mybatis/service/impl/SysModuleServiceImpl.class]
16:07:39,587 DEBUG ClassPathMapperScanner:290 - Ignored because not a concrete top-level class: URL [jar:file:/d:/maven/repository/com/framework/framework-core/0.0.1-SNAPSHOT/framework-core-0.0.1-SNAPSHOT.jar!/com/system/mybatis/service/impl/SystemLogServiceImpl.class]
16:07:39,587 DEBUG ClassPathMapperScanner:290 - Ignored because not a concrete top-level class: URL [jar:file:/d:/maven/repository/com/framework/framework-core/0.0.1-SNAPSHOT/framework-core-0.0.1-SNAPSHOT.jar!/com/system/mybatis/service/impl/SystemRoleServiceImpl.class]
16:07:39,588 DEBUG ClassPathMapperScanner:290 - Ignored because not a concrete top-level class: URL [jar:file:/d:/maven/repository/com/framework/framework-core/0.0.1-SNAPSHOT/framework-core-0.0.1-SNAPSHOT.jar!/com/system/mybatis/service/impl/SystemUserServiceImpl.class]
16:07:39,589 DEBUG ClassPathMapperScanner:284 - Identified candidate component class: URL [jar:file:/d:/maven/repository/com/framework/framework-core/0.0.1-SNAPSHOT/framework-core-0.0.1-SNAPSHOT.jar!/com/system/mybatis/service/ISysCodeService.class]
16:07:39,589 DEBUG ClassPathMapperScanner:284 - Identified candidate component class: URL [jar:file:/d:/maven/repository/com/framework/framework-core/0.0.1-SNAPSHOT/framework-core-0.0.1-SNAPSHOT.jar!/com/system/mybatis/service/ISysDeptService.class]
16:07:39,590 DEBUG ClassPathMapperScanner:284 - Identified candidate component class: URL [jar:file:/d:/maven/repository/com/framework/framework-core/0.0.1-SNAPSHOT/framework-core-0.0.1-SNAPSHOT.jar!/com/system/mybatis/service/ISysModuleService.class]
16:07:39,590 DEBUG ClassPathMapperScanner:284 - Identified candidate component class: URL [jar:file:/d:/maven/repository/com/framework/framework-core/0.0.1-SNAPSHOT/framework-core-0.0.1-SNAPSHOT.jar!/com/system/mybatis/service/ISystemLogService.class]
16:07:39,590 DEBUG ClassPathMapperScanner:284 - Identified candidate component class: URL [jar:file:/d:/maven/repository/com/framework/framework-core/0.0.1-SNAPSHOT/framework-core-0.0.1-SNAPSHOT.jar!/com/system/mybatis/service/ISystemRoleService.class]
16:07:39,591 DEBUG ClassPathMapperScanner:284 - Identified candidate component class: URL [jar:file:/d:/maven/repository/com/framework/framework-core/0.0.1-SNAPSHOT/framework-core-0.0.1-SNAPSHOT.jar!/com/system/mybatis/service/ISystemUserService.class]
16:07:39,591 DEBUG ClassPathMapperScanner:290 - Ignored because not a concrete top-level class: URL [jar:file:/d:/maven/repository/com/framework/framework-core/0.0.1-SNAPSHOT/framework-core-0.0.1-SNAPSHOT.jar!/com/system/web/code/CodeController.class]
16:07:39,592 DEBUG ClassPathMapperScanner:290 - Ignored because not a concrete top-level class: URL [jar:file:/d:/maven/repository/com/framework/framework-core/0.0.1-SNAPSHOT/framework-core-0.0.1-SNAPSHOT.jar!/com/system/web/custom/CustomController.class]
16:07:39,593 DEBUG ClassPathMapperScanner:290 - Ignored because not a concrete top-level class: URL [jar:file:/d:/maven/repository/com/framework/framework-core/0.0.1-SNAPSHOT/framework-core-0.0.1-SNAPSHOT.jar!/com/system/web/dataindex/IndexItemController.class]
16:07:39,593 DEBUG ClassPathMapperScanner:290 - Ignored because not a concrete top-level class: URL [jar:file:/d:/maven/repository/com/framework/framework-core/0.0.1-SNAPSHOT/framework-core-0.0.1-SNAPSHOT.jar!/com/system/web/DepartmentController.class]
16:07:39,594 DEBUG ClassPathMapperScanner:290 - Ignored because not a concrete top-level class: URL [jar:file:/d:/maven/repository/com/framework/framework-core/0.0.1-SNAPSHOT/framework-core-0.0.1-SNAPSHOT.jar!/com/system/web/RoleController.class]
16:07:39,595 DEBUG ClassPathMapperScanner:290 - Ignored because not a concrete top-level class: URL [jar:file:/d:/maven/repository/com/framework/framework-core/0.0.1-SNAPSHOT/framework-core-0.0.1-SNAPSHOT.jar!/com/system/web/user/UserController.class]
16:07:39,596 DEBUG ClassPathMapperScanner:161 - Creating MapperFactoryBean with name 'sysConstant' and 'com.system.common.SysConstant' mapperInterface
16:07:39,596 DEBUG ClassPathMapperScanner:161 - Creating MapperFactoryBean with name 'ISysDeptDao' and 'com.system.jpa.repository.ISysDeptDao' mapperInterface
16:07:39,596 DEBUG ClassPathMapperScanner:161 - Creating MapperFactoryBean with name 'commSeqMapper' and 'com.system.mybatis.dao.CommSeqMapper' mapperInterface
16:07:39,596 DEBUG ClassPathMapperScanner:161 - Creating MapperFactoryBean with name 'sysCodeMapper' and 'com.system.mybatis.dao.SysCodeMapper' mapperInterface
16:07:39,596 DEBUG ClassPathMapperScanner:161 - Creating MapperFactoryBean with name 'sysDeptMapper' and 'com.system.mybatis.dao.SysDeptMapper' mapperInterface
16:07:39,596 DEBUG ClassPathMapperScanner:161 - Creating MapperFactoryBean with name 'sysDeptUserMapper' and 'com.system.mybatis.dao.SysDeptUserMapper' mapperInterface
16:07:39,597 DEBUG ClassPathMapperScanner:161 - Creating MapperFactoryBean with name 'sysIndexitemMapper' and 'com.system.mybatis.dao.SysIndexitemMapper' mapperInterface
16:07:39,597 DEBUG ClassPathMapperScanner:161 - Creating MapperFactoryBean with name 'sysLogMapper' and 'com.system.mybatis.dao.SysLogMapper' mapperInterface
16:07:39,597 DEBUG ClassPathMapperScanner:161 - Creating MapperFactoryBean with name 'sysModuleMapper' and 'com.system.mybatis.dao.SysModuleMapper' mapperInterface
16:07:39,597 DEBUG ClassPathMapperScanner:161 - Creating MapperFactoryBean with name 'sysRoleFuncMapper' and 'com.system.mybatis.dao.SysRoleFuncMapper' mapperInterface
16:07:39,597 DEBUG ClassPathMapperScanner:161 - Creating MapperFactoryBean with name 'sysRoleMapper' and 'com.system.mybatis.dao.SysRoleMapper' mapperInterface
16:07:39,597 DEBUG ClassPathMapperScanner:161 - Creating MapperFactoryBean with name 'sysRoleUserMapper' and 'com.system.mybatis.dao.SysRoleUserMapper' mapperInterface
16:07:39,597 DEBUG ClassPathMapperScanner:161 - Creating MapperFactoryBean with name 'sysUserMapper' and 'com.system.mybatis.dao.SysUserMapper' mapperInterface
16:07:39,597 DEBUG ClassPathMapperScanner:161 - Creating MapperFactoryBean with name 'IIndexItemService' and 'com.system.mybatis.service.IIndexItemService' mapperInterface
16:07:39,598 DEBUG ClassPathMapperScanner:161 - Creating MapperFactoryBean with name 'ISysCodeService' and 'com.system.mybatis.service.ISysCodeService' mapperInterface
16:07:39,598 DEBUG ClassPathMapperScanner:161 - Creating MapperFactoryBean with name 'ISysDeptService' and 'com.system.mybatis.service.ISysDeptService' mapperInterface
16:07:39,598 DEBUG ClassPathMapperScanner:161 - Creating MapperFactoryBean with name 'ISysModuleService' and 'com.system.mybatis.service.ISysModuleService' mapperInterface
16:07:39,598 DEBUG ClassPathMapperScanner:161 - Creating MapperFactoryBean with name 'ISystemLogService' and 'com.system.mybatis.service.ISystemLogService' mapperInterface
16:07:39,598 DEBUG ClassPathMapperScanner:161 - Creating MapperFactoryBean with name 'ISystemRoleService' and 'com.system.mybatis.service.ISystemRoleService' mapperInterface
16:07:39,598 DEBUG ClassPathMapperScanner:161 - Creating MapperFactoryBean with name 'ISystemUserService' and 'com.system.mybatis.service.ISystemUserService' mapperInterface
16:07:39,598 DEBUG DefaultListableBeanFactory:220 - Creating shared instance of singleton bean 'org.mybatis.spring.mapper.MapperScannerConfigurer#1'
16:07:39,599 DEBUG DefaultListableBeanFactory:450 - Creating instance of bean 'org.mybatis.spring.mapper.MapperScannerConfigurer#1'
16:07:39,599 DEBUG DefaultListableBeanFactory:524 - Eagerly caching bean 'org.mybatis.spring.mapper.MapperScannerConfigurer#1' to allow for resolving potential circular references
16:07:39,599 DEBUG DefaultListableBeanFactory:1610 - Invoking afterPropertiesSet() on bean with name 'org.mybatis.spring.mapper.MapperScannerConfigurer#1'
16:07:39,599 DEBUG DefaultListableBeanFactory:478 - Finished creating instance of bean 'org.mybatis.spring.mapper.MapperScannerConfigurer#1'
16:07:39,602 DEBUG ClassPathMapperScanner:284 - Identified candidate component class: URL [jar:file:/d:/maven/repository/com/framework/framework-core/0.0.1-SNAPSHOT/framework-core-0.0.1-SNAPSHOT.jar!/com/system/common/SysConstant.class]
16:07:39,602 DEBUG ClassPathMapperScanner:284 - Identified candidate component class: URL [jar:file:/d:/maven/repository/com/framework/framework-core/0.0.1-SNAPSHOT/framework-core-0.0.1-SNAPSHOT.jar!/com/system/jpa/repository/ISysDeptDao.class]
16:07:39,603 DEBUG ClassPathMapperScanner:290 - Ignored because not a concrete top-level class: URL [jar:file:/d:/maven/repository/com/framework/framework-core/0.0.1-SNAPSHOT/framework-core-0.0.1-SNAPSHOT.jar!/com/system/jpa/repository/jpa/SysDeptDaoImpl.class]
16:07:39,603 DEBUG ClassPathMapperScanner:290 - Ignored because not a concrete top-level class: URL [jar:file:/d:/maven/repository/com/framework/framework-core/0.0.1-SNAPSHOT/framework-core-0.0.1-SNAPSHOT.jar!/com/system/model/DataIndexTree.class]
16:07:39,603 DEBUG ClassPathMapperScanner:290 - Ignored because not a concrete top-level class: URL [jar:file:/d:/maven/repository/com/framework/framework-core/0.0.1-SNAPSHOT/framework-core-0.0.1-SNAPSHOT.jar!/com/system/model/SysCode.class]
16:07:39,604 DEBUG ClassPathMapperScanner:290 - Ignored because not a concrete top-level class: URL [jar:file:/d:/maven/repository/com/framework/framework-core/0.0.1-SNAPSHOT/framework-core-0.0.1-SNAPSHOT.jar!/com/system/model/SysCodeTree.class]
16:07:39,604 DEBUG ClassPathMapperScanner:290 - Ignored because not a concrete top-level class: URL [jar:file:/d:/maven/repository/com/framework/framework-core/0.0.1-SNAPSHOT/framework-core-0.0.1-SNAPSHOT.jar!/com/system/model/SysDepartmentTree.class]
16:07:39,605 DEBUG ClassPathMapperScanner:290 - Ignored because not a concrete top-level class: URL [jar:file:/d:/maven/repository/com/framework/framework-core/0.0.1-SNAPSHOT/framework-core-0.0.1-SNAPSHOT.jar!/com/system/model/SysDept.class]
16:07:39,605 DEBUG ClassPathMapperScanner:290 - Ignored because not a concrete top-level class: URL [jar:file:/d:/maven/repository/com/framework/framework-core/0.0.1-SNAPSHOT/framework-core-0.0.1-SNAPSHOT.jar!/com/system/model/SysDeptUser.class]
16:07:39,605 DEBUG ClassPathMapperScanner:290 - Ignored because not a concrete top-level class: URL [jar:file:/d:/maven/repository/com/framework/framework-core/0.0.1-SNAPSHOT/framework-core-0.0.1-SNAPSHOT.jar!/com/system/model/SysIndexitem.class]
16:07:39,605 DEBUG ClassPathMapperScanner:290 - Ignored because not a concrete top-level class: URL [jar:file:/d:/maven/repository/com/framework/framework-core/0.0.1-SNAPSHOT/framework-core-0.0.1-SNAPSHOT.jar!/com/system/model/SysLog.class]
16:07:39,606 DEBUG ClassPathMapperScanner:290 - Ignored because not a concrete top-level class: URL [jar:file:/d:/maven/repository/com/framework/framework-core/0.0.1-SNAPSHOT/framework-core-0.0.1-SNAPSHOT.jar!/com/system/model/SysModule.class]
16:07:39,606 DEBUG ClassPathMapperScanner:290 - Ignored because not a concrete top-level class: URL [jar:file:/d:/maven/repository/com/framework/framework-core/0.0.1-SNAPSHOT/framework-core-0.0.1-SNAPSHOT.jar!/com/system/model/SysRole.class]
16:07:39,606 DEBUG ClassPathMapperScanner:290 - Ignored because not a concrete top-level class: URL [jar:file:/d:/maven/repository/com/framework/framework-core/0.0.1-SNAPSHOT/framework-core-0.0.1-SNAPSHOT.jar!/com/system/model/SysRoleFuncKey.class]
16:07:39,607 DEBUG ClassPathMapperScanner:290 - Ignored because not a concrete top-level class: URL [jar:file:/d:/maven/repository/com/framework/framework-core/0.0.1-SNAPSHOT/framework-core-0.0.1-SNAPSHOT.jar!/com/system/model/SysRoleUser.class]
16:07:39,607 DEBUG ClassPathMapperScanner:290 - Ignored because not a concrete top-level class: URL [jar:file:/d:/maven/repository/com/framework/framework-core/0.0.1-SNAPSHOT/framework-core-0.0.1-SNAPSHOT.jar!/com/system/model/SysUser.class]
16:07:39,607 DEBUG ClassPathMapperScanner:284 - Identified candidate component class: URL [jar:file:/d:/maven/repository/com/framework/framework-core/0.0.1-SNAPSHOT/framework-core-0.0.1-SNAPSHOT.jar!/com/system/mybatis/dao/CommSeqMapper.class]
16:07:39,607 DEBUG ClassPathMapperScanner:284 - Identified candidate component class: URL [jar:file:/d:/maven/repository/com/framework/framework-core/0.0.1-SNAPSHOT/framework-core-0.0.1-SNAPSHOT.jar!/com/system/mybatis/dao/SysCodeMapper.class]
16:07:39,608 DEBUG ClassPathMapperScanner:284 - Identified candidate component class: URL [jar:file:/d:/maven/repository/com/framework/framework-core/0.0.1-SNAPSHOT/framework-core-0.0.1-SNAPSHOT.jar!/com/system/mybatis/dao/SysDeptMapper.class]
16:07:39,608 DEBUG ClassPathMapperScanner:284 - Identified candidate component class: URL [jar:file:/d:/maven/repository/com/framework/framework-core/0.0.1-SNAPSHOT/framework-core-0.0.1-SNAPSHOT.jar!/com/system/mybatis/dao/SysDeptUserMapper.class]
16:07:39,608 DEBUG ClassPathMapperScanner:284 - Identified candidate component class: URL [jar:file:/d:/maven/repository/com/framework/framework-core/0.0.1-SNAPSHOT/framework-core-0.0.1-SNAPSHOT.jar!/com/system/mybatis/dao/SysIndexitemMapper.class]
16:07:39,609 DEBUG ClassPathMapperScanner:284 - Identified candidate component class: URL [jar:file:/d:/maven/repository/com/framework/framework-core/0.0.1-SNAPSHOT/framework-core-0.0.1-SNAPSHOT.jar!/com/system/mybatis/dao/SysLogMapper.class]
16:07:39,609 DEBUG ClassPathMapperScanner:284 - Identified candidate component class: URL [jar:file:/d:/maven/repository/com/framework/framework-core/0.0.1-SNAPSHOT/framework-core-0.0.1-SNAPSHOT.jar!/com/system/mybatis/dao/SysModuleMapper.class]
16:07:39,609 DEBUG ClassPathMapperScanner:284 - Identified candidate component class: URL [jar:file:/d:/maven/repository/com/framework/framework-core/0.0.1-SNAPSHOT/framework-core-0.0.1-SNAPSHOT.jar!/com/system/mybatis/dao/SysRoleFuncMapper.class]
16:07:39,609 DEBUG ClassPathMapperScanner:284 - Identified candidate component class: URL [jar:file:/d:/maven/repository/com/framework/framework-core/0.0.1-SNAPSHOT/framework-core-0.0.1-SNAPSHOT.jar!/com/system/mybatis/dao/SysRoleMapper.class]
16:07:39,609 DEBUG ClassPathMapperScanner:284 - Identified candidate component class: URL [jar:file:/d:/maven/repository/com/framework/framework-core/0.0.1-SNAPSHOT/framework-core-0.0.1-SNAPSHOT.jar!/com/system/mybatis/dao/SysRoleUserMapper.class]
16:07:39,610 DEBUG ClassPathMapperScanner:284 - Identified candidate component class: URL [jar:file:/d:/maven/repository/com/framework/framework-core/0.0.1-SNAPSHOT/framework-core-0.0.1-SNAPSHOT.jar!/com/system/mybatis/dao/SysUserMapper.class]
16:07:39,610 DEBUG ClassPathMapperScanner:284 - Identified candidate component class: URL [jar:file:/d:/maven/repository/com/framework/framework-core/0.0.1-SNAPSHOT/framework-core-0.0.1-SNAPSHOT.jar!/com/system/mybatis/service/IIndexItemService.class]
16:07:39,610 DEBUG ClassPathMapperScanner:290 - Ignored because not a concrete top-level class: URL [jar:file:/d:/maven/repository/com/framework/framework-core/0.0.1-SNAPSHOT/framework-core-0.0.1-SNAPSHOT.jar!/com/system/mybatis/service/impl/IndexItemService.class]
16:07:39,611 DEBUG ClassPathMapperScanner:290 - Ignored because not a concrete top-level class: URL [jar:file:/d:/maven/repository/com/framework/framework-core/0.0.1-SNAPSHOT/framework-core-0.0.1-SNAPSHOT.jar!/com/system/mybatis/service/impl/SysCodeService.class]
16:07:39,611 DEBUG ClassPathMapperScanner:290 - Ignored because not a concrete top-level class: URL [jar:file:/d:/maven/repository/com/framework/framework-core/0.0.1-SNAPSHOT/framework-core-0.0.1-SNAPSHOT.jar!/com/system/mybatis/service/impl/SysDeptServiceImpl.class]
16:07:39,612 DEBUG ClassPathMapperScanner:290 - Ignored because not a concrete top-level class: URL [jar:file:/d:/maven/repository/com/framework/framework-core/0.0.1-SNAPSHOT/framework-core-0.0.1-SNAPSHOT.jar!/com/system/mybatis/service/impl/SysModuleServiceImpl.class]
16:07:39,612 DEBUG ClassPathMapperScanner:290 - Ignored because not a concrete top-level class: URL [jar:file:/d:/maven/repository/com/framework/framework-core/0.0.1-SNAPSHOT/framework-core-0.0.1-SNAPSHOT.jar!/com/system/mybatis/service/impl/SystemLogServiceImpl.class]
16:07:39,612 DEBUG ClassPathMapperScanner:290 - Ignored because not a concrete top-level class: URL [jar:file:/d:/maven/repository/com/framework/framework-core/0.0.1-SNAPSHOT/framework-core-0.0.1-SNAPSHOT.jar!/com/system/mybatis/service/impl/SystemRoleServiceImpl.class]
16:07:39,613 DEBUG ClassPathMapperScanner:290 - Ignored because not a concrete top-level class: URL [jar:file:/d:/maven/repository/com/framework/framework-core/0.0.1-SNAPSHOT/framework-core-0.0.1-SNAPSHOT.jar!/com/system/mybatis/service/impl/SystemUserServiceImpl.class]
16:07:39,613 DEBUG ClassPathMapperScanner:284 - Identified candidate component class: URL [jar:file:/d:/maven/repository/com/framework/framework-core/0.0.1-SNAPSHOT/framework-core-0.0.1-SNAPSHOT.jar!/com/system/mybatis/service/ISysCodeService.class]
16:07:39,614 DEBUG ClassPathMapperScanner:284 - Identified candidate component class: URL [jar:file:/d:/maven/repository/com/framework/framework-core/0.0.1-SNAPSHOT/framework-core-0.0.1-SNAPSHOT.jar!/com/system/mybatis/service/ISysDeptService.class]
16:07:39,614 DEBUG ClassPathMapperScanner:284 - Identified candidate component class: URL [jar:file:/d:/maven/repository/com/framework/framework-core/0.0.1-SNAPSHOT/framework-core-0.0.1-SNAPSHOT.jar!/com/system/mybatis/service/ISysModuleService.class]
16:07:39,614 DEBUG ClassPathMapperScanner:284 - Identified candidate component class: URL [jar:file:/d:/maven/repository/com/framework/framework-core/0.0.1-SNAPSHOT/framework-core-0.0.1-SNAPSHOT.jar!/com/system/mybatis/service/ISystemLogService.class]
16:07:39,615 DEBUG ClassPathMapperScanner:284 - Identified candidate component class: URL [jar:file:/d:/maven/repository/com/framework/framework-core/0.0.1-SNAPSHOT/framework-core-0.0.1-SNAPSHOT.jar!/com/system/mybatis/service/ISystemRoleService.class]
16:07:39,615 DEBUG ClassPathMapperScanner:284 - Identified candidate component class: URL [jar:file:/d:/maven/repository/com/framework/framework-core/0.0.1-SNAPSHOT/framework-core-0.0.1-SNAPSHOT.jar!/com/system/mybatis/service/ISystemUserService.class]
16:07:39,615 DEBUG ClassPathMapperScanner:290 - Ignored because not a concrete top-level class: URL [jar:file:/d:/maven/repository/com/framework/framework-core/0.0.1-SNAPSHOT/framework-core-0.0.1-SNAPSHOT.jar!/com/system/web/code/CodeController.class]
16:07:39,616 DEBUG ClassPathMapperScanner:290 - Ignored because not a concrete top-level class: URL [jar:file:/d:/maven/repository/com/framework/framework-core/0.0.1-SNAPSHOT/framework-core-0.0.1-SNAPSHOT.jar!/com/system/web/custom/CustomController.class]
16:07:39,616 DEBUG ClassPathMapperScanner:290 - Ignored because not a concrete top-level class: URL [jar:file:/d:/maven/repository/com/framework/framework-core/0.0.1-SNAPSHOT/framework-core-0.0.1-SNAPSHOT.jar!/com/system/web/dataindex/IndexItemController.class]
16:07:39,617 DEBUG ClassPathMapperScanner:290 - Ignored because not a concrete top-level class: URL [jar:file:/d:/maven/repository/com/framework/framework-core/0.0.1-SNAPSHOT/framework-core-0.0.1-SNAPSHOT.jar!/com/system/web/DepartmentController.class]
16:07:39,617 DEBUG ClassPathMapperScanner:290 - Ignored because not a concrete top-level class: URL [jar:file:/d:/maven/repository/com/framework/framework-core/0.0.1-SNAPSHOT/framework-core-0.0.1-SNAPSHOT.jar!/com/system/web/RoleController.class]
16:07:39,618 DEBUG ClassPathMapperScanner:290 - Ignored because not a concrete top-level class: URL [jar:file:/d:/maven/repository/com/framework/framework-core/0.0.1-SNAPSHOT/framework-core-0.0.1-SNAPSHOT.jar!/com/system/web/user/UserController.class]
16:07:39,618  WARN ClassPathMapperScanner:223 - Skipping MapperFactoryBean with name 'sysConstant' and 'com.system.common.SysConstant' mapperInterface. Bean already defined with the same name!
16:07:39,618  WARN ClassPathMapperScanner:223 - Skipping MapperFactoryBean with name 'ISysDeptDao' and 'com.system.jpa.repository.ISysDeptDao' mapperInterface. Bean already defined with the same name!
16:07:39,618  WARN ClassPathMapperScanner:223 - Skipping MapperFactoryBean with name 'commSeqMapper' and 'com.system.mybatis.dao.CommSeqMapper' mapperInterface. Bean already defined with the same name!
16:07:39,618  WARN ClassPathMapperScanner:223 - Skipping MapperFactoryBean with name 'sysCodeMapper' and 'com.system.mybatis.dao.SysCodeMapper' mapperInterface. Bean already defined with the same name!
16:07:39,619  WARN ClassPathMapperScanner:223 - Skipping MapperFactoryBean with name 'sysDeptMapper' and 'com.system.mybatis.dao.SysDeptMapper' mapperInterface. Bean already defined with the same name!
16:07:39,619  WARN ClassPathMapperScanner:223 - Skipping MapperFactoryBean with name 'sysDeptUserMapper' and 'com.system.mybatis.dao.SysDeptUserMapper' mapperInterface. Bean already defined with the same name!
16:07:39,619  WARN ClassPathMapperScanner:223 - Skipping MapperFactoryBean with name 'sysIndexitemMapper' and 'com.system.mybatis.dao.SysIndexitemMapper' mapperInterface. Bean already defined with the same name!
16:07:39,619  WARN ClassPathMapperScanner:223 - Skipping MapperFactoryBean with name 'sysLogMapper' and 'com.system.mybatis.dao.SysLogMapper' mapperInterface. Bean already defined with the same name!
16:07:39,619  WARN ClassPathMapperScanner:223 - Skipping MapperFactoryBean with name 'sysModuleMapper' and 'com.system.mybatis.dao.SysModuleMapper' mapperInterface. Bean already defined with the same name!
16:07:39,619  WARN ClassPathMapperScanner:223 - Skipping MapperFactoryBean with name 'sysRoleFuncMapper' and 'com.system.mybatis.dao.SysRoleFuncMapper' mapperInterface. Bean already defined with the same name!
16:07:39,619  WARN ClassPathMapperScanner:223 - Skipping MapperFactoryBean with name 'sysRoleMapper' and 'com.system.mybatis.dao.SysRoleMapper' mapperInterface. Bean already defined with the same name!
16:07:39,620  WARN ClassPathMapperScanner:223 - Skipping MapperFactoryBean with name 'sysRoleUserMapper' and 'com.system.mybatis.dao.SysRoleUserMapper' mapperInterface. Bean already defined with the same name!
16:07:39,620  WARN ClassPathMapperScanner:223 - Skipping MapperFactoryBean with name 'sysUserMapper' and 'com.system.mybatis.dao.SysUserMapper' mapperInterface. Bean already defined with the same name!
16:07:39,620  WARN ClassPathMapperScanner:223 - Skipping MapperFactoryBean with name 'IIndexItemService' and 'com.system.mybatis.service.IIndexItemService' mapperInterface. Bean already defined with the same name!
16:07:39,620  WARN ClassPathMapperScanner:223 - Skipping MapperFactoryBean with name 'ISysCodeService' and 'com.system.mybatis.service.ISysCodeService' mapperInterface. Bean already defined with the same name!
16:07:39,620  WARN ClassPathMapperScanner:223 - Skipping MapperFactoryBean with name 'ISysDeptService' and 'com.system.mybatis.service.ISysDeptService' mapperInterface. Bean already defined with the same name!
16:07:39,620  WARN ClassPathMapperScanner:223 - Skipping MapperFactoryBean with name 'ISysModuleService' and 'com.system.mybatis.service.ISysModuleService' mapperInterface. Bean already defined with the same name!
16:07:39,621  WARN ClassPathMapperScanner:223 - Skipping MapperFactoryBean with name 'ISystemLogService' and 'com.system.mybatis.service.ISystemLogService' mapperInterface. Bean already defined with the same name!
16:07:39,621  WARN ClassPathMapperScanner:223 - Skipping MapperFactoryBean with name 'ISystemRoleService' and 'com.system.mybatis.service.ISystemRoleService' mapperInterface. Bean already defined with the same name!
16:07:39,621  WARN ClassPathMapperScanner:223 - Skipping MapperFactoryBean with name 'ISystemUserService' and 'com.system.mybatis.service.ISystemUserService' mapperInterface. Bean already defined with the same name!
16:07:39,623 DEBUG ClassPathMapperScanner:284 - Identified candidate component class: file [D:\workspace\framework-root\framework-resources\target\classes\com\resources\dao\AttachmentsMapper.class]
16:07:39,624 DEBUG ClassPathMapperScanner:284 - Identified candidate component class: file [D:\workspace\framework-root\framework-resources\target\classes\com\resources\dao\AttaThumbnailMapper.class]
16:07:39,624 DEBUG ClassPathMapperScanner:290 - Ignored because not a concrete top-level class: file [D:\workspace\framework-root\framework-resources\target\classes\com\resources\model\CommAttachments.class]
16:07:39,624 DEBUG ClassPathMapperScanner:290 - Ignored because not a concrete top-level class: file [D:\workspace\framework-root\framework-resources\target\classes\com\resources\model\CommAttaThumbnail.class]
16:07:39,625 DEBUG ClassPathMapperScanner:284 - Identified candidate component class: file [D:\workspace\framework-root\framework-resources\target\classes\com\resources\ResConstant.class]
16:07:39,625 DEBUG ClassPathMapperScanner:284 - Identified candidate component class: file [D:\workspace\framework-root\framework-resources\target\classes\com\resources\services\AttachmentsService.class]
16:07:39,625 DEBUG ClassPathMapperScanner:290 - Ignored because not a concrete top-level class: file [D:\workspace\framework-root\framework-resources\target\classes\com\resources\services\impl\AttachmentsServiceImpl$1.class]
16:07:39,626 DEBUG ClassPathMapperScanner:290 - Ignored because not a concrete top-level class: file [D:\workspace\framework-root\framework-resources\target\classes\com\resources\services\impl\AttachmentsServiceImpl.class]
16:07:39,626 DEBUG ClassPathMapperScanner:290 - Ignored because not a concrete top-level class: file [D:\workspace\framework-root\framework-resources\target\classes\com\resources\web\AttachmentsController.class]
16:07:39,627 DEBUG ClassPathMapperScanner:290 - Ignored because not a concrete top-level class: file [D:\workspace\framework-root\framework-resources\target\classes\com\resources\web\ShareResources.class]
16:07:39,628 DEBUG ClassPathMapperScanner:161 - Creating MapperFactoryBean with name 'attachmentsMapper' and 'com.resources.dao.AttachmentsMapper' mapperInterface
16:07:39,628 DEBUG ClassPathMapperScanner:161 - Creating MapperFactoryBean with name 'attaThumbnailMapper' and 'com.resources.dao.AttaThumbnailMapper' mapperInterface
16:07:39,628 DEBUG ClassPathMapperScanner:161 - Creating MapperFactoryBean with name 'resConstant' and 'com.resources.ResConstant' mapperInterface
16:07:39,628 DEBUG ClassPathMapperScanner:161 - Creating MapperFactoryBean with name 'attachmentsService' and 'com.resources.services.AttachmentsService' mapperInterface
16:07:39,632 DEBUG DefaultListableBeanFactory:220 - Creating shared instance of singleton bean 'org.springframework.beans.factory.config.PropertyPlaceholderConfigurer#0'
16:07:39,632 DEBUG DefaultListableBeanFactory:450 - Creating instance of bean 'org.springframework.beans.factory.config.PropertyPlaceholderConfigurer#0'
16:07:39,632 DEBUG DefaultListableBeanFactory:524 - Eagerly caching bean 'org.springframework.beans.factory.config.PropertyPlaceholderConfigurer#0' to allow for resolving potential circular references
16:07:39,633 DEBUG DefaultListableBeanFactory:478 - Finished creating instance of bean 'org.springframework.beans.factory.config.PropertyPlaceholderConfigurer#0'
16:07:39,633  INFO PropertyPlaceholderConfigurer:172 - Loading properties file from class path resource [config/db.properties]
16:07:39,636 DEBUG DefaultListableBeanFactory:220 - Creating shared instance of singleton bean 'org.springframework.context.annotation.internalAutowiredAnnotationProcessor'
16:07:39,636 DEBUG DefaultListableBeanFactory:450 - Creating instance of bean 'org.springframework.context.annotation.internalAutowiredAnnotationProcessor'
16:07:39,636  INFO AutowiredAnnotationBeanPostProcessor:153 - JSR-330 'javax.inject.Inject' annotation found and supported for autowiring
16:07:39,636 DEBUG DefaultListableBeanFactory:524 - Eagerly caching bean 'org.springframework.context.annotation.internalAutowiredAnnotationProcessor' to allow for resolving potential circular references
16:07:39,636 DEBUG DefaultListableBeanFactory:478 - Finished creating instance of bean 'org.springframework.context.annotation.internalAutowiredAnnotationProcessor'
16:07:39,637 DEBUG DefaultListableBeanFactory:220 - Creating shared instance of singleton bean 'org.springframework.context.annotation.internalRequiredAnnotationProcessor'
16:07:39,637 DEBUG DefaultListableBeanFactory:450 - Creating instance of bean 'org.springframework.context.annotation.internalRequiredAnnotationProcessor'
16:07:39,637 DEBUG DefaultListableBeanFactory:524 - Eagerly caching bean 'org.springframework.context.annotation.internalRequiredAnnotationProcessor' to allow for resolving potential circular references
16:07:39,637 DEBUG DefaultListableBeanFactory:478 - Finished creating instance of bean 'org.springframework.context.annotation.internalRequiredAnnotationProcessor'
16:07:39,637 DEBUG DefaultListableBeanFactory:220 - Creating shared instance of singleton bean 'org.springframework.context.annotation.internalCommonAnnotationProcessor'
16:07:39,637 DEBUG DefaultListableBeanFactory:450 - Creating instance of bean 'org.springframework.context.annotation.internalCommonAnnotationProcessor'
16:07:39,638 DEBUG DefaultListableBeanFactory:524 - Eagerly caching bean 'org.springframework.context.annotation.internalCommonAnnotationProcessor' to allow for resolving potential circular references
16:07:39,638 DEBUG DefaultListableBeanFactory:478 - Finished creating instance of bean 'org.springframework.context.annotation.internalCommonAnnotationProcessor'
16:07:39,638 DEBUG DefaultListableBeanFactory:220 - Creating shared instance of singleton bean 'org.springframework.context.annotation.internalPersistenceAnnotationProcessor'
16:07:39,638 DEBUG DefaultListableBeanFactory:450 - Creating instance of bean 'org.springframework.context.annotation.internalPersistenceAnnotationProcessor'
16:07:39,638 DEBUG DefaultListableBeanFactory:524 - Eagerly caching bean 'org.springframework.context.annotation.internalPersistenceAnnotationProcessor' to allow for resolving potential circular references
16:07:39,638 DEBUG DefaultListableBeanFactory:478 - Finished creating instance of bean 'org.springframework.context.annotation.internalPersistenceAnnotationProcessor'
16:07:39,639 DEBUG DefaultListableBeanFactory:220 - Creating shared instance of singleton bean 'org.springframework.context.annotation.ConfigurationClassPostProcessor.importAwareProcessor'
16:07:39,639 DEBUG DefaultListableBeanFactory:450 - Creating instance of bean 'org.springframework.context.annotation.ConfigurationClassPostProcessor.importAwareProcessor'
16:07:39,639 DEBUG DefaultListableBeanFactory:524 - Eagerly caching bean 'org.springframework.context.annotation.ConfigurationClassPostProcessor.importAwareProcessor' to allow for resolving potential circular references
16:07:39,639 DEBUG DefaultListableBeanFactory:478 - Finished creating instance of bean 'org.springframework.context.annotation.ConfigurationClassPostProcessor.importAwareProcessor'
16:07:39,639 DEBUG DefaultListableBeanFactory:220 - Creating shared instance of singleton bean 'org.springframework.context.annotation.ConfigurationClassPostProcessor.enhancedConfigurationProcessor'
16:07:39,639 DEBUG DefaultListableBeanFactory:450 - Creating instance of bean 'org.springframework.context.annotation.ConfigurationClassPostProcessor.enhancedConfigurationProcessor'
16:07:39,639 DEBUG DefaultListableBeanFactory:524 - Eagerly caching bean 'org.springframework.context.annotation.ConfigurationClassPostProcessor.enhancedConfigurationProcessor' to allow for resolving potential circular references
16:07:39,640 DEBUG DefaultListableBeanFactory:478 - Finished creating instance of bean 'org.springframework.context.annotation.ConfigurationClassPostProcessor.enhancedConfigurationProcessor'
16:07:39,640 DEBUG DefaultListableBeanFactory:220 - Creating shared instance of singleton bean 'org.springframework.aop.config.internalAutoProxyCreator'
16:07:39,640 DEBUG DefaultListableBeanFactory:450 - Creating instance of bean 'org.springframework.aop.config.internalAutoProxyCreator'
16:07:39,641 DEBUG DefaultListableBeanFactory:524 - Eagerly caching bean 'org.springframework.aop.config.internalAutoProxyCreator' to allow for resolving potential circular references
16:07:39,641 DEBUG DefaultListableBeanFactory:478 - Finished creating instance of bean 'org.springframework.aop.config.internalAutoProxyCreator'
16:07:39,642 DEBUG GenericApplicationContext:646 - Unable to locate MessageSource with name 'messageSource': using default [org.springframework.context.support.DelegatingMessageSource@541ccbea]
16:07:39,642 DEBUG GenericApplicationContext:670 - Unable to locate ApplicationEventMulticaster with name 'applicationEventMulticaster': using default [org.springframework.context.event.SimpleApplicationEventMulticaster@2e8f9aca]
16:07:39,646 DEBUG DefaultListableBeanFactory:691 - Pre-instantiating singletons in org.springframework.beans.factory.support.DefaultListableBeanFactory@23790b03: defining beans [org.springframework.beans.factory.config.PropertyPlaceholderConfigurer#0,dataSource,validator,controlAdvice,sessionManager,org.springframework.context.annotation.internalConfigurationAnnotationProcessor,org.springframework.context.annotation.internalAutowiredAnnotationProcessor,org.springframework.context.annotation.internalRequiredAnnotationProcessor,org.springframework.context.annotation.internalCommonAnnotationProcessor,org.springframework.context.annotation.internalPersistenceAnnotationProcessor,queryParamAop,org.springframework.aop.config.internalAutoProxyCreator,org.springframework.transaction.annotation.AnnotationTransactionAttributeSource#0,org.springframework.transaction.interceptor.TransactionInterceptor#0,org.springframework.transaction.config.internalTransactionAdvisor,sqlSessionFactory,myBatisExceptionTranslator,org.mybatis.spring.mapper.MapperScannerConfigurer#0,transactionManager,indexItemService,sysCodeService,sysDeptServiceImpl,sysModuleServiceImpl,systemLogServiceImpl,systemRoleServiceImpl,systemUserServiceImpl,systemLogAOP,commonServiceImpl,configProperties,attachmentsServiceImpl,attachmentsController,shareResources,iM4ImageHandler,imageService,org.mybatis.spring.mapper.MapperScannerConfigurer#1,org.springframework.context.annotation.ConfigurationClassPostProcessor.importAwareProcessor,org.springframework.context.annotation.ConfigurationClassPostProcessor.enhancedConfigurationProcessor,sysConstant,ISysDeptDao,commSeqMapper,sysCodeMapper,sysDeptMapper,sysDeptUserMapper,sysIndexitemMapper,sysLogMapper,sysModuleMapper,sysRoleFuncMapper,sysRoleMapper,sysRoleUserMapper,sysUserMapper,IIndexItemService,ISysCodeService,ISysDeptService,ISysModuleService,ISystemLogService,ISystemRoleService,ISystemUserService,attachmentsMapper,attaThumbnailMapper,resConstant,attachmentsService]; root of factory hierarchy
16:07:39,646 DEBUG DefaultListableBeanFactory:247 - Returning cached instance of singleton bean 'org.springframework.beans.factory.config.PropertyPlaceholderConfigurer#0'
16:07:39,646 DEBUG DefaultListableBeanFactory:220 - Creating shared instance of singleton bean 'dataSource'
16:07:39,646 DEBUG DefaultListableBeanFactory:450 - Creating instance of bean 'dataSource'
16:07:39,648 DEBUG DefaultListableBeanFactory:220 - Creating shared instance of singleton bean 'org.springframework.transaction.config.internalTransactionAdvisor'
16:07:39,648 DEBUG DefaultListableBeanFactory:450 - Creating instance of bean 'org.springframework.transaction.config.internalTransactionAdvisor'
16:07:39,649 DEBUG DefaultListableBeanFactory:524 - Eagerly caching bean 'org.springframework.transaction.config.internalTransactionAdvisor' to allow for resolving potential circular references
16:07:39,649 DEBUG DefaultListableBeanFactory:220 - Creating shared instance of singleton bean 'org.springframework.transaction.annotation.AnnotationTransactionAttributeSource#0'
16:07:39,649 DEBUG DefaultListableBeanFactory:450 - Creating instance of bean 'org.springframework.transaction.annotation.AnnotationTransactionAttributeSource#0'
16:07:39,649 DEBUG BeanFactoryAdvisorRetrievalHelper:87 - Skipping currently created advisor 'org.springframework.transaction.config.internalTransactionAdvisor'
16:07:39,652 DEBUG ReflectiveAspectJAdvisorFactory:221 - Found AspectJ method: public java.lang.Object com.framework.common.aspect.QueryParamAop.actionAopAround(org.aspectj.lang.ProceedingJoinPoint,com.framework.mybatis.model.QueryModel,java.lang.Integer,java.lang.Integer) throws java.lang.Throwable
16:07:39,652 DEBUG ReflectiveAspectJAdvisorFactory:221 - Found AspectJ method: public void com.framework.common.aspect.QueryParamAop.beforeAction(org.aspectj.lang.JoinPoint,com.framework.mybatis.model.QueryModel,java.lang.Integer,java.lang.Integer)
16:07:39,655 DEBUG ReflectiveAspectJAdvisorFactory:221 - Found AspectJ method: public void com.framework.mybatis.aspect.SystemLogAOP.doBefore(org.aspectj.lang.JoinPoint)
16:07:39,656 DEBUG ReflectiveAspectJAdvisorFactory:221 - Found AspectJ method: public void com.framework.mybatis.aspect.SystemLogAOP.doAfterThrowing(org.aspectj.lang.JoinPoint,java.lang.Throwable)
16:07:39,658 DEBUG DefaultListableBeanFactory:524 - Eagerly caching bean 'org.springframework.transaction.annotation.AnnotationTransactionAttributeSource#0' to allow for resolving potential circular references
16:07:39,658 DEBUG BeanFactoryAdvisorRetrievalHelper:87 - Skipping currently created advisor 'org.springframework.transaction.config.internalTransactionAdvisor'
16:07:39,658 DEBUG BeanFactoryAdvisorRetrievalHelper:87 - Skipping currently created advisor 'org.springframework.transaction.config.internalTransactionAdvisor'
16:07:39,669 DEBUG DefaultListableBeanFactory:478 - Finished creating instance of bean 'org.springframework.transaction.annotation.AnnotationTransactionAttributeSource#0'
16:07:39,670 DEBUG DefaultListableBeanFactory:478 - Finished creating instance of bean 'org.springframework.transaction.config.internalTransactionAdvisor'
16:07:39,685 DEBUG DefaultListableBeanFactory:524 - Eagerly caching bean 'dataSource' to allow for resolving potential circular references
16:07:39,686 DEBUG DefaultListableBeanFactory:247 - Returning cached instance of singleton bean 'org.springframework.transaction.config.internalTransactionAdvisor'
16:07:39,687 DEBUG DefaultListableBeanFactory:247 - Returning cached instance of singleton bean 'org.springframework.transaction.config.internalTransactionAdvisor'
16:07:39,964 DEBUG DefaultListableBeanFactory:478 - Finished creating instance of bean 'dataSource'
16:07:39,964 DEBUG DefaultListableBeanFactory:220 - Creating shared instance of singleton bean 'validator'
16:07:39,964 DEBUG DefaultListableBeanFactory:450 - Creating instance of bean 'validator'
16:07:39,964 DEBUG DefaultListableBeanFactory:247 - Returning cached instance of singleton bean 'org.springframework.transaction.config.internalTransactionAdvisor'
16:07:39,965 DEBUG DefaultListableBeanFactory:524 - Eagerly caching bean 'validator' to allow for resolving potential circular references
16:07:39,965 DEBUG DefaultListableBeanFactory:1610 - Invoking afterPropertiesSet() on bean with name 'validator'
16:07:39,966 DEBUG DefaultTraversableResolver:103 - Found javax.persistence.Persistence on classpath containing 'getPersistenceUtil'. Assuming JPA 2 environment. Trying to instantiate JPA aware TraversableResolver
16:07:39,966 DEBUG DefaultTraversableResolver:114 - Instantiated JPA aware TraversableResolver of type org.hibernate.validator.internal.engine.resolver.JPATraversableResolver.
16:07:39,966 DEBUG ConfigurationImpl:145 - Setting custom MessageInterpolator of type org.springframework.validation.beanvalidation.LocaleContextMessageInterpolator
16:07:39,966 DEBUG ConfigurationImpl:167 - Setting custom ConstraintValidatorFactory of type org.springframework.validation.beanvalidation.SpringConstraintValidatorFactory
16:07:39,966 DEBUG ConfigurationImpl:181 - Setting custom ParameterNameProvider of type com.sun.proxy.$Proxy33
16:07:39,966 DEBUG ValidationXmlParser:90 - Trying to load META-INF/validation.xml for XML based Validator configuration.
16:07:39,967 DEBUG ResourceLoaderHelper:54 - Trying to load META-INF/validation.xml via TCCL
16:07:39,967 DEBUG ResourceLoaderHelper:60 - Trying to load META-INF/validation.xml via Hibernate Validator's class loader
16:07:39,967 DEBUG ValidationXmlParser:97 - No META-INF/validation.xml found. Using annotation based configuration only.
16:07:39,969 DEBUG DefaultListableBeanFactory:247 - Returning cached instance of singleton bean 'org.springframework.transaction.config.internalTransactionAdvisor'
16:07:39,969 DEBUG DefaultListableBeanFactory:247 - Returning cached instance of singleton bean 'org.springframework.transaction.config.internalTransactionAdvisor'
16:07:39,999 DEBUG DefaultListableBeanFactory:478 - Finished creating instance of bean 'validator'
16:07:39,999 DEBUG DefaultListableBeanFactory:220 - Creating shared instance of singleton bean 'controlAdvice'
16:07:39,999 DEBUG DefaultListableBeanFactory:450 - Creating instance of bean 'controlAdvice'
16:07:39,999 DEBUG DefaultListableBeanFactory:247 - Returning cached instance of singleton bean 'org.springframework.transaction.config.internalTransactionAdvisor'
16:07:40,001 DEBUG DefaultListableBeanFactory:524 - Eagerly caching bean 'controlAdvice' to allow for resolving potential circular references
16:07:40,001 DEBUG DefaultListableBeanFactory:247 - Returning cached instance of singleton bean 'org.springframework.transaction.config.internalTransactionAdvisor'
16:07:40,001 DEBUG DefaultListableBeanFactory:247 - Returning cached instance of singleton bean 'org.springframework.transaction.config.internalTransactionAdvisor'
16:07:40,007 DEBUG DefaultListableBeanFactory:478 - Finished creating instance of bean 'controlAdvice'
16:07:40,007 DEBUG DefaultListableBeanFactory:220 - Creating shared instance of singleton bean 'sessionManager'
16:07:40,008 DEBUG DefaultListableBeanFactory:450 - Creating instance of bean 'sessionManager'
16:07:40,008 DEBUG DefaultListableBeanFactory:247 - Returning cached instance of singleton bean 'org.springframework.transaction.config.internalTransactionAdvisor'
16:07:40,008 DEBUG DefaultListableBeanFactory:524 - Eagerly caching bean 'sessionManager' to allow for resolving potential circular references
16:07:40,009 DEBUG DefaultListableBeanFactory:247 - Returning cached instance of singleton bean 'org.springframework.transaction.config.internalTransactionAdvisor'
16:07:40,009 DEBUG DefaultListableBeanFactory:247 - Returning cached instance of singleton bean 'org.springframework.transaction.config.internalTransactionAdvisor'
16:07:40,016 DEBUG DefaultListableBeanFactory:478 - Finished creating instance of bean 'sessionManager'
16:07:40,017 DEBUG DefaultListableBeanFactory:247 - Returning cached instance of singleton bean 'org.springframework.context.annotation.internalConfigurationAnnotationProcessor'
16:07:40,017 DEBUG DefaultListableBeanFactory:247 - Returning cached instance of singleton bean 'org.springframework.context.annotation.internalAutowiredAnnotationProcessor'
16:07:40,017 DEBUG DefaultListableBeanFactory:247 - Returning cached instance of singleton bean 'org.springframework.context.annotation.internalRequiredAnnotationProcessor'
16:07:40,017 DEBUG DefaultListableBeanFactory:247 - Returning cached instance of singleton bean 'org.springframework.context.annotation.internalCommonAnnotationProcessor'
16:07:40,017 DEBUG DefaultListableBeanFactory:247 - Returning cached instance of singleton bean 'org.springframework.context.annotation.internalPersistenceAnnotationProcessor'
16:07:40,017 DEBUG DefaultListableBeanFactory:220 - Creating shared instance of singleton bean 'queryParamAop'
16:07:40,017 DEBUG DefaultListableBeanFactory:450 - Creating instance of bean 'queryParamAop'
16:07:40,018 DEBUG DefaultListableBeanFactory:524 - Eagerly caching bean 'queryParamAop' to allow for resolving potential circular references
16:07:40,018 DEBUG DefaultListableBeanFactory:478 - Finished creating instance of bean 'queryParamAop'
16:07:40,019 DEBUG DefaultListableBeanFactory:247 - Returning cached instance of singleton bean 'org.springframework.aop.config.internalAutoProxyCreator'
16:07:40,019 DEBUG DefaultListableBeanFactory:247 - Returning cached instance of singleton bean 'org.springframework.transaction.annotation.AnnotationTransactionAttributeSource#0'
16:07:40,019 DEBUG DefaultListableBeanFactory:220 - Creating shared instance of singleton bean 'org.springframework.transaction.interceptor.TransactionInterceptor#0'
16:07:40,019 DEBUG DefaultListableBeanFactory:450 - Creating instance of bean 'org.springframework.transaction.interceptor.TransactionInterceptor#0'
16:07:40,020 DEBUG DefaultListableBeanFactory:524 - Eagerly caching bean 'org.springframework.transaction.interceptor.TransactionInterceptor#0' to allow for resolving potential circular references
16:07:40,020 DEBUG DefaultListableBeanFactory:247 - Returning cached instance of singleton bean 'org.springframework.transaction.annotation.AnnotationTransactionAttributeSource#0'
16:07:40,020 DEBUG DefaultListableBeanFactory:1610 - Invoking afterPropertiesSet() on bean with name 'org.springframework.transaction.interceptor.TransactionInterceptor#0'
16:07:40,021 DEBUG DefaultListableBeanFactory:478 - Finished creating instance of bean 'org.springframework.transaction.interceptor.TransactionInterceptor#0'
16:07:40,021 DEBUG DefaultListableBeanFactory:247 - Returning cached instance of singleton bean 'org.springframework.transaction.config.internalTransactionAdvisor'
16:07:40,021 DEBUG DefaultListableBeanFactory:220 - Creating shared instance of singleton bean 'sqlSessionFactory'
16:07:40,021 DEBUG DefaultListableBeanFactory:450 - Creating instance of bean 'sqlSessionFactory'
16:07:40,021 DEBUG DefaultListableBeanFactory:247 - Returning cached instance of singleton bean 'org.springframework.transaction.config.internalTransactionAdvisor'
16:07:40,022 DEBUG DefaultListableBeanFactory:524 - Eagerly caching bean 'sqlSessionFactory' to allow for resolving potential circular references
16:07:40,022 DEBUG DefaultListableBeanFactory:247 - Returning cached instance of singleton bean 'dataSource'
16:07:40,025 DEBUG DefaultListableBeanFactory:1610 - Invoking afterPropertiesSet() on bean with name 'sqlSessionFactory'
16:07:40,029 DEBUG PageInterceptor:130 - {}
16:07:40,030 DEBUG PageInterceptor:119 - {defaultPageSize=10}
16:07:40,033 DEBUG SqlSessionFactoryBean:427 - Parsed configuration file: 'class path resource [context/mybatis-config.xml]'
16:07:40,064 DEBUG SqlSessionFactoryBean:468 - Parsed mapper file: 'file [D:\workspace\framework-root\framework-resources\target\test-classes\context\mapper\AttachmentsMapper.xml]'
16:07:40,078 DEBUG SqlSessionFactoryBean:468 - Parsed mapper file: 'file [D:\workspace\framework-root\framework-resources\target\test-classes\context\mapper\AttaThumbnailMapper.xml]'
16:07:40,093 DEBUG SqlSessionFactoryBean:468 - Parsed mapper file: 'file [D:\workspace\framework-root\framework-resources\target\test-classes\context\mapper\CommSeqMapper.xml]'
16:07:40,119 DEBUG SqlSessionFactoryBean:468 - Parsed mapper file: 'file [D:\workspace\framework-root\framework-resources\target\test-classes\context\mapper\PublicMapper.xml]'
16:07:40,138 DEBUG SqlSessionFactoryBean:468 - Parsed mapper file: 'file [D:\workspace\framework-root\framework-resources\target\test-classes\context\mapper\SysCodeMapper.xml]'
16:07:40,170 DEBUG SqlSessionFactoryBean:468 - Parsed mapper file: 'file [D:\workspace\framework-root\framework-resources\target\test-classes\context\mapper\SysDeptMapper.xml]'
16:07:40,195 DEBUG SqlSessionFactoryBean:468 - Parsed mapper file: 'file [D:\workspace\framework-root\framework-resources\target\test-classes\context\mapper\SysDeptUserMapper.xml]'
16:07:40,222 DEBUG SqlSessionFactoryBean:468 - Parsed mapper file: 'file [D:\workspace\framework-root\framework-resources\target\test-classes\context\mapper\SysIndexitemMapper.xml]'
16:07:40,240 DEBUG SqlSessionFactoryBean:468 - Parsed mapper file: 'file [D:\workspace\framework-root\framework-resources\target\test-classes\context\mapper\SysLogMapper.xml]'
16:07:40,264 DEBUG SqlSessionFactoryBean:468 - Parsed mapper file: 'file [D:\workspace\framework-root\framework-resources\target\test-classes\context\mapper\SysModuleMapper.xml]'
16:07:40,281 DEBUG SqlSessionFactoryBean:468 - Parsed mapper file: 'file [D:\workspace\framework-root\framework-resources\target\test-classes\context\mapper\SysRoleFuncMapper.xml]'
16:07:40,298 DEBUG SqlSessionFactoryBean:468 - Parsed mapper file: 'file [D:\workspace\framework-root\framework-resources\target\test-classes\context\mapper\SysRoleMapper.xml]'
16:07:40,310 DEBUG SqlSessionFactoryBean:468 - Parsed mapper file: 'file [D:\workspace\framework-root\framework-resources\target\test-classes\context\mapper\SysRoleUserMapper.xml]'
16:07:40,331 DEBUG SqlSessionFactoryBean:468 - Parsed mapper file: 'file [D:\workspace\framework-root\framework-resources\target\test-classes\context\mapper\SysUserMapper.xml]'
16:07:40,339  WARN GenericApplicationContext:487 - Exception encountered during context initialization - cancelling refresh attempt
org.springframework.beans.factory.BeanCreationException: Error creating bean with name 'sqlSessionFactory' defined in class path resource [config/application-core.xml]: Invocation of init method failed; nested exception is org.springframework.core.NestedIOException: Failed to parse mapping resource: 'file [D:\workspace\framework-root\framework-resources\target\classes\context\mapper\AttachmentsMapper.xml]'; nested exception is org.apache.ibatis.builder.BuilderException: Error parsing Mapper XML. Cause: java.lang.IllegalArgumentException: Result Maps collection already contains value for com.resources.dao.AttachmentsMapper.BaseResultMap
	at org.springframework.beans.factory.support.AbstractAutowireCapableBeanFactory.initializeBean(AbstractAutowireCapableBeanFactory.java:1568)
	at org.springframework.beans.factory.support.AbstractAutowireCapableBeanFactory.doCreateBean(AbstractAutowireCapableBeanFactory.java:540)
	at org.springframework.beans.factory.support.AbstractAutowireCapableBeanFactory.createBean(AbstractAutowireCapableBeanFactory.java:476)
	at org.springframework.beans.factory.support.AbstractBeanFactory$1.getObject(AbstractBeanFactory.java:302)
	at org.springframework.beans.factory.support.DefaultSingletonBeanRegistry.getSingleton(DefaultSingletonBeanRegistry.java:229)
	at org.springframework.beans.factory.support.AbstractBeanFactory.doGetBean(AbstractBeanFactory.java:298)
	at org.springframework.beans.factory.support.AbstractBeanFactory.getBean(AbstractBeanFactory.java:193)
	at org.springframework.beans.factory.support.DefaultListableBeanFactory.preInstantiateSingletons(DefaultListableBeanFactory.java:706)
	at org.springframework.context.support.AbstractApplicationContext.finishBeanFactoryInitialization(AbstractApplicationContext.java:757)
	at org.springframework.context.support.AbstractApplicationContext.refresh(AbstractApplicationContext.java:480)
	at org.springframework.test.context.support.AbstractGenericContextLoader.loadContext(AbstractGenericContextLoader.java:125)
	at org.springframework.test.context.support.AbstractGenericContextLoader.loadContext(AbstractGenericContextLoader.java:60)
	at org.springframework.test.context.support.AbstractDelegatingSmartContextLoader.delegateLoading(AbstractDelegatingSmartContextLoader.java:108)
	at org.springframework.test.context.support.AbstractDelegatingSmartContextLoader.loadContext(AbstractDelegatingSmartContextLoader.java:260)
	at org.springframework.test.context.DefaultCacheAwareContextLoaderDelegate.loadContextInternal(DefaultCacheAwareContextLoaderDelegate.java:63)
	at org.springframework.test.context.DefaultCacheAwareContextLoaderDelegate.loadContext(DefaultCacheAwareContextLoaderDelegate.java:83)
	at org.springframework.test.context.DefaultTestContext.getApplicationContext(DefaultTestContext.java:74)
	at org.springframework.test.context.support.DependencyInjectionTestExecutionListener.injectDependencies(DependencyInjectionTestExecutionListener.java:116)
	at org.springframework.test.context.support.DependencyInjectionTestExecutionListener.prepareTestInstance(DependencyInjectionTestExecutionListener.java:82)
	at org.springframework.test.context.TestContextManager.prepareTestInstance(TestContextManager.java:212)
	at org.springframework.test.context.junit4.SpringJUnit4ClassRunner.createTest(SpringJUnit4ClassRunner.java:199)
	at org.springframework.test.context.junit4.SpringJUnit4ClassRunner$1.runReflectiveCall(SpringJUnit4ClassRunner.java:251)
	at org.junit.internal.runners.model.ReflectiveCallable.run(ReflectiveCallable.java:12)
	at org.springframework.test.context.junit4.SpringJUnit4ClassRunner.methodBlock(SpringJUnit4ClassRunner.java:253)
	at org.springframework.test.context.junit4.SpringJUnit4ClassRunner.runChild(SpringJUnit4ClassRunner.java:216)
	at org.springframework.test.context.junit4.SpringJUnit4ClassRunner.runChild(SpringJUnit4ClassRunner.java:82)
	at org.junit.runners.ParentRunner$3.run(ParentRunner.java:238)
	at org.junit.runners.ParentRunner$1.schedule(ParentRunner.java:63)
	at org.junit.runners.ParentRunner.runChildren(ParentRunner.java:236)
	at org.junit.runners.ParentRunner.access$000(ParentRunner.java:53)
	at org.junit.runners.ParentRunner$2.evaluate(ParentRunner.java:229)
	at org.springframework.test.context.junit4.statements.RunBeforeTestClassCallbacks.evaluate(RunBeforeTestClassCallbacks.java:60)
	at org.springframework.test.context.junit4.statements.RunAfterTestClassCallbacks.evaluate(RunAfterTestClassCallbacks.java:67)
	at org.junit.runners.ParentRunner.run(ParentRunner.java:309)
	at org.springframework.test.context.junit4.SpringJUnit4ClassRunner.run(SpringJUnit4ClassRunner.java:162)
	at org.apache.maven.surefire.junit4.JUnit4Provider.execute(JUnit4Provider.java:344)
	at org.apache.maven.surefire.junit4.JUnit4Provider.executeWithRerun(JUnit4Provider.java:269)
	at org.apache.maven.surefire.junit4.JUnit4Provider.executeTestSet(JUnit4Provider.java:240)
	at org.apache.maven.surefire.junit4.JUnit4Provider.invoke(JUnit4Provider.java:184)
	at org.apache.maven.surefire.booter.ForkedBooter.invokeProviderInSameClassLoader(ForkedBooter.java:286)
	at org.apache.maven.surefire.booter.ForkedBooter.runSuitesInProcess(ForkedBooter.java:240)
	at org.apache.maven.surefire.booter.ForkedBooter.main(ForkedBooter.java:121)
Caused by: org.springframework.core.NestedIOException: Failed to parse mapping resource: 'file [D:\workspace\framework-root\framework-resources\target\classes\context\mapper\AttachmentsMapper.xml]'; nested exception is org.apache.ibatis.builder.BuilderException: Error parsing Mapper XML. Cause: java.lang.IllegalArgumentException: Result Maps collection already contains value for com.resources.dao.AttachmentsMapper.BaseResultMap
	at org.mybatis.spring.SqlSessionFactoryBean.buildSqlSessionFactory(SqlSessionFactoryBean.java:462)
	at org.mybatis.spring.SqlSessionFactoryBean.afterPropertiesSet(SqlSessionFactoryBean.java:336)
	at org.springframework.beans.factory.support.AbstractAutowireCapableBeanFactory.invokeInitMethods(AbstractAutowireCapableBeanFactory.java:1627)
	at org.springframework.beans.factory.support.AbstractAutowireCapableBeanFactory.initializeBean(AbstractAutowireCapableBeanFactory.java:1564)
	... 41 more
Caused by: org.apache.ibatis.builder.BuilderException: Error parsing Mapper XML. Cause: java.lang.IllegalArgumentException: Result Maps collection already contains value for com.resources.dao.AttachmentsMapper.BaseResultMap
	at org.apache.ibatis.builder.xml.XMLMapperBuilder.configurationElement(XMLMapperBuilder.java:117)
	at org.apache.ibatis.builder.xml.XMLMapperBuilder.parse(XMLMapperBuilder.java:89)
	at org.mybatis.spring.SqlSessionFactoryBean.buildSqlSessionFactory(SqlSessionFactoryBean.java:460)
	... 44 more
Caused by: java.lang.IllegalArgumentException: Result Maps collection already contains value for com.resources.dao.AttachmentsMapper.BaseResultMap
	at org.apache.ibatis.session.Configuration$StrictMap.put(Configuration.java:782)
	at org.apache.ibatis.session.Configuration$StrictMap.put(Configuration.java:754)
	at org.apache.ibatis.session.Configuration.addResultMap(Configuration.java:536)
	at org.apache.ibatis.builder.MapperBuilderAssistant.addResultMap(MapperBuilderAssistant.java:204)
	at org.apache.ibatis.builder.ResultMapResolver.resolve(ResultMapResolver.java:44)
	at org.apache.ibatis.builder.xml.XMLMapperBuilder.resultMapElement(XMLMapperBuilder.java:281)
	at org.apache.ibatis.builder.xml.XMLMapperBuilder.resultMapElement(XMLMapperBuilder.java:248)
	at org.apache.ibatis.builder.xml.XMLMapperBuilder.resultMapElements(XMLMapperBuilder.java:240)
	at org.apache.ibatis.builder.xml.XMLMapperBuilder.configurationElement(XMLMapperBuilder.java:113)
	... 46 more
16:07:40,340 DEBUG DefaultListableBeanFactory:499 - Destroying singletons in org.springframework.beans.factory.support.DefaultListableBeanFactory@23790b03: defining beans [org.springframework.beans.factory.config.PropertyPlaceholderConfigurer#0,dataSource,validator,controlAdvice,sessionManager,org.springframework.context.annotation.internalConfigurationAnnotationProcessor,org.springframework.context.annotation.internalAutowiredAnnotationProcessor,org.springframework.context.annotation.internalRequiredAnnotationProcessor,org.springframework.context.annotation.internalCommonAnnotationProcessor,org.springframework.context.annotation.internalPersistenceAnnotationProcessor,queryParamAop,org.springframework.aop.config.internalAutoProxyCreator,org.springframework.transaction.annotation.AnnotationTransactionAttributeSource#0,org.springframework.transaction.interceptor.TransactionInterceptor#0,org.springframework.transaction.config.internalTransactionAdvisor,sqlSessionFactory,myBatisExceptionTranslator,org.mybatis.spring.mapper.MapperScannerConfigurer#0,transactionManager,indexItemService,sysCodeService,sysDeptServiceImpl,sysModuleServiceImpl,systemLogServiceImpl,systemRoleServiceImpl,systemUserServiceImpl,systemLogAOP,commonServiceImpl,configProperties,attachmentsServiceImpl,attachmentsController,shareResources,iM4ImageHandler,imageService,org.mybatis.spring.mapper.MapperScannerConfigurer#1,org.springframework.context.annotation.ConfigurationClassPostProcessor.importAwareProcessor,org.springframework.context.annotation.ConfigurationClassPostProcessor.enhancedConfigurationProcessor,sysConstant,ISysDeptDao,commSeqMapper,sysCodeMapper,sysDeptMapper,sysDeptUserMapper,sysIndexitemMapper,sysLogMapper,sysModuleMapper,sysRoleFuncMapper,sysRoleMapper,sysRoleUserMapper,sysUserMapper,IIndexItemService,ISysCodeService,ISysDeptService,ISysModuleService,ISystemLogService,ISystemRoleService,ISystemUserService,attachmentsMapper,attaThumbnailMapper,resConstant,attachmentsService]; root of factory hierarchy
16:07:40,340 DEBUG DisposableBeanAdapter:245 - Invoking destroy() on bean with name 'validator'
16:07:40,340 DEBUG DisposableBeanAdapter:323 - Invoking destroy method 'close' on bean with name 'dataSource'
16:07:40,342 ERROR TestContextManager:215 - Caught exception while allowing TestExecutionListener [org.springframework.test.context.support.DependencyInjectionTestExecutionListener@3076270e] to prepare test instance [com.framework.resources.services.AttachmentsServiceTest@62d2b5ed]
java.lang.IllegalStateException: Failed to load ApplicationContext
	at org.springframework.test.context.DefaultCacheAwareContextLoaderDelegate.loadContext(DefaultCacheAwareContextLoaderDelegate.java:91)
	at org.springframework.test.context.DefaultTestContext.getApplicationContext(DefaultTestContext.java:74)
	at org.springframework.test.context.support.DependencyInjectionTestExecutionListener.injectDependencies(DependencyInjectionTestExecutionListener.java:116)
	at org.springframework.test.context.support.DependencyInjectionTestExecutionListener.prepareTestInstance(DependencyInjectionTestExecutionListener.java:82)
	at org.springframework.test.context.TestContextManager.prepareTestInstance(TestContextManager.java:212)
	at org.springframework.test.context.junit4.SpringJUnit4ClassRunner.createTest(SpringJUnit4ClassRunner.java:199)
	at org.springframework.test.context.junit4.SpringJUnit4ClassRunner$1.runReflectiveCall(SpringJUnit4ClassRunner.java:251)
	at org.junit.internal.runners.model.ReflectiveCallable.run(ReflectiveCallable.java:12)
	at org.springframework.test.context.junit4.SpringJUnit4ClassRunner.methodBlock(SpringJUnit4ClassRunner.java:253)
	at org.springframework.test.context.junit4.SpringJUnit4ClassRunner.runChild(SpringJUnit4ClassRunner.java:216)
	at org.springframework.test.context.junit4.SpringJUnit4ClassRunner.runChild(SpringJUnit4ClassRunner.java:82)
	at org.junit.runners.ParentRunner$3.run(ParentRunner.java:238)
	at org.junit.runners.ParentRunner$1.schedule(ParentRunner.java:63)
	at org.junit.runners.ParentRunner.runChildren(ParentRunner.java:236)
	at org.junit.runners.ParentRunner.access$000(ParentRunner.java:53)
	at org.junit.runners.ParentRunner$2.evaluate(ParentRunner.java:229)
	at org.springframework.test.context.junit4.statements.RunBeforeTestClassCallbacks.evaluate(RunBeforeTestClassCallbacks.java:60)
	at org.springframework.test.context.junit4.statements.RunAfterTestClassCallbacks.evaluate(RunAfterTestClassCallbacks.java:67)
	at org.junit.runners.ParentRunner.run(ParentRunner.java:309)
	at org.springframework.test.context.junit4.SpringJUnit4ClassRunner.run(SpringJUnit4ClassRunner.java:162)
	at org.apache.maven.surefire.junit4.JUnit4Provider.execute(JUnit4Provider.java:344)
	at org.apache.maven.surefire.junit4.JUnit4Provider.executeWithRerun(JUnit4Provider.java:269)
	at org.apache.maven.surefire.junit4.JUnit4Provider.executeTestSet(JUnit4Provider.java:240)
	at org.apache.maven.surefire.junit4.JUnit4Provider.invoke(JUnit4Provider.java:184)
	at org.apache.maven.surefire.booter.ForkedBooter.invokeProviderInSameClassLoader(ForkedBooter.java:286)
	at org.apache.maven.surefire.booter.ForkedBooter.runSuitesInProcess(ForkedBooter.java:240)
	at org.apache.maven.surefire.booter.ForkedBooter.main(ForkedBooter.java:121)
Caused by: org.springframework.beans.factory.BeanCreationException: Error creating bean with name 'sqlSessionFactory' defined in class path resource [config/application-core.xml]: Invocation of init method failed; nested exception is org.springframework.core.NestedIOException: Failed to parse mapping resource: 'file [D:\workspace\framework-root\framework-resources\target\classes\context\mapper\AttachmentsMapper.xml]'; nested exception is org.apache.ibatis.builder.BuilderException: Error parsing Mapper XML. Cause: java.lang.IllegalArgumentException: Result Maps collection already contains value for com.resources.dao.AttachmentsMapper.BaseResultMap
	at org.springframework.beans.factory.support.AbstractAutowireCapableBeanFactory.initializeBean(AbstractAutowireCapableBeanFactory.java:1568)
	at org.springframework.beans.factory.support.AbstractAutowireCapableBeanFactory.doCreateBean(AbstractAutowireCapableBeanFactory.java:540)
	at org.springframework.beans.factory.support.AbstractAutowireCapableBeanFactory.createBean(AbstractAutowireCapableBeanFactory.java:476)
	at org.springframework.beans.factory.support.AbstractBeanFactory$1.getObject(AbstractBeanFactory.java:302)
	at org.springframework.beans.factory.support.DefaultSingletonBeanRegistry.getSingleton(DefaultSingletonBeanRegistry.java:229)
	at org.springframework.beans.factory.support.AbstractBeanFactory.doGetBean(AbstractBeanFactory.java:298)
	at org.springframework.beans.factory.support.AbstractBeanFactory.getBean(AbstractBeanFactory.java:193)
	at org.springframework.beans.factory.support.DefaultListableBeanFactory.preInstantiateSingletons(DefaultListableBeanFactory.java:706)
	at org.springframework.context.support.AbstractApplicationContext.finishBeanFactoryInitialization(AbstractApplicationContext.java:757)
	at org.springframework.context.support.AbstractApplicationContext.refresh(AbstractApplicationContext.java:480)
	at org.springframework.test.context.support.AbstractGenericContextLoader.loadContext(AbstractGenericContextLoader.java:125)
	at org.springframework.test.context.support.AbstractGenericContextLoader.loadContext(AbstractGenericContextLoader.java:60)
	at org.springframework.test.context.support.AbstractDelegatingSmartContextLoader.delegateLoading(AbstractDelegatingSmartContextLoader.java:108)
	at org.springframework.test.context.support.AbstractDelegatingSmartContextLoader.loadContext(AbstractDelegatingSmartContextLoader.java:260)
	at org.springframework.test.context.DefaultCacheAwareContextLoaderDelegate.loadContextInternal(DefaultCacheAwareContextLoaderDelegate.java:63)
	at org.springframework.test.context.DefaultCacheAwareContextLoaderDelegate.loadContext(DefaultCacheAwareContextLoaderDelegate.java:83)
	... 26 more
Caused by: org.springframework.core.NestedIOException: Failed to parse mapping resource: 'file [D:\workspace\framework-root\framework-resources\target\classes\context\mapper\AttachmentsMapper.xml]'; nested exception is org.apache.ibatis.builder.BuilderException: Error parsing Mapper XML. Cause: java.lang.IllegalArgumentException: Result Maps collection already contains value for com.resources.dao.AttachmentsMapper.BaseResultMap
	at org.mybatis.spring.SqlSessionFactoryBean.buildSqlSessionFactory(SqlSessionFactoryBean.java:462)
	at org.mybatis.spring.SqlSessionFactoryBean.afterPropertiesSet(SqlSessionFactoryBean.java:336)
	at org.springframework.beans.factory.support.AbstractAutowireCapableBeanFactory.invokeInitMethods(AbstractAutowireCapableBeanFactory.java:1627)
	at org.springframework.beans.factory.support.AbstractAutowireCapableBeanFactory.initializeBean(AbstractAutowireCapableBeanFactory.java:1564)
	... 41 more
Caused by: org.apache.ibatis.builder.BuilderException: Error parsing Mapper XML. Cause: java.lang.IllegalArgumentException: Result Maps collection already contains value for com.resources.dao.AttachmentsMapper.BaseResultMap
	at org.apache.ibatis.builder.xml.XMLMapperBuilder.configurationElement(XMLMapperBuilder.java:117)
	at org.apache.ibatis.builder.xml.XMLMapperBuilder.parse(XMLMapperBuilder.java:89)
	at org.mybatis.spring.SqlSessionFactoryBean.buildSqlSessionFactory(SqlSessionFactoryBean.java:460)
	... 44 more
Caused by: java.lang.IllegalArgumentException: Result Maps collection already contains value for com.resources.dao.AttachmentsMapper.BaseResultMap
	at org.apache.ibatis.session.Configuration$StrictMap.put(Configuration.java:782)
	at org.apache.ibatis.session.Configuration$StrictMap.put(Configuration.java:754)
	at org.apache.ibatis.session.Configuration.addResultMap(Configuration.java:536)
	at org.apache.ibatis.builder.MapperBuilderAssistant.addResultMap(MapperBuilderAssistant.java:204)
	at org.apache.ibatis.builder.ResultMapResolver.resolve(ResultMapResolver.java:44)
	at org.apache.ibatis.builder.xml.XMLMapperBuilder.resultMapElement(XMLMapperBuilder.java:281)
	at org.apache.ibatis.builder.xml.XMLMapperBuilder.resultMapElement(XMLMapperBuilder.java:248)
	at org.apache.ibatis.builder.xml.XMLMapperBuilder.resultMapElements(XMLMapperBuilder.java:240)
	at org.apache.ibatis.builder.xml.XMLMapperBuilder.configurationElement(XMLMapperBuilder.java:113)
	... 46 more
]]></system-out>
  </testcase>
  <testcase name="testDeleteStringArray" classname="com.framework.resources.services.AttachmentsServiceTest" time="0.001">
    <error message="Failed to load ApplicationContext" type="java.lang.IllegalStateException">java.lang.IllegalStateException: Failed to load ApplicationContext
Caused by: org.springframework.beans.factory.BeanCreationException: Error creating bean with name 'sqlSessionFactory' defined in class path resource [config/application-core.xml]: Invocation of init method failed; nested exception is org.springframework.core.NestedIOException: Failed to parse mapping resource: 'file [D:\workspace\framework-root\framework-resources\target\classes\context\mapper\AttachmentsMapper.xml]'; nested exception is org.apache.ibatis.builder.BuilderException: Error parsing Mapper XML. Cause: java.lang.IllegalArgumentException: Result Maps collection already contains value for com.resources.dao.AttachmentsMapper.BaseResultMap
Caused by: org.springframework.core.NestedIOException: Failed to parse mapping resource: 'file [D:\workspace\framework-root\framework-resources\target\classes\context\mapper\AttachmentsMapper.xml]'; nested exception is org.apache.ibatis.builder.BuilderException: Error parsing Mapper XML. Cause: java.lang.IllegalArgumentException: Result Maps collection already contains value for com.resources.dao.AttachmentsMapper.BaseResultMap
Caused by: org.apache.ibatis.builder.BuilderException: Error parsing Mapper XML. Cause: java.lang.IllegalArgumentException: Result Maps collection already contains value for com.resources.dao.AttachmentsMapper.BaseResultMap
Caused by: java.lang.IllegalArgumentException: Result Maps collection already contains value for com.resources.dao.AttachmentsMapper.BaseResultMap
</error>
    <system-out><![CDATA[16:07:40,345 DEBUG ProfileValueUtils:70 - Retrieved @ProfileValueSourceConfiguration [null] for test class [com.framework.resources.services.AttachmentsServiceTest]
16:07:40,345 DEBUG ProfileValueUtils:82 - Retrieved ProfileValueSource type [class org.springframework.test.annotation.SystemProfileValueSource] for class [com.framework.resources.services.AttachmentsServiceTest]
16:07:40,346 DEBUG DependencyInjectionTestExecutionListener:80 - Performing dependency injection for test context [[DefaultTestContext@5c5725ac testClass = AttachmentsServiceTest, testInstance = com.framework.resources.services.AttachmentsServiceTest@807ff95, testMethod = [null], testException = [null], mergedContextConfiguration = [MergedContextConfiguration@7680dfd9 testClass = AttachmentsServiceTest, locations = '{classpath:config/application-resources.xml}', classes = '{}', contextInitializerClasses = '[]', activeProfiles = '{mybatis}', propertySourceLocations = '{}', propertySourceProperties = '{}', contextLoader = 'org.springframework.test.context.support.DelegatingSmartContextLoader', parent = [null]]]].
16:07:40,346 DEBUG AbstractDelegatingSmartContextLoader:106 - Delegating to GenericXmlContextLoader to load context from [MergedContextConfiguration@7680dfd9 testClass = AttachmentsServiceTest, locations = '{classpath:config/application-resources.xml}', classes = '{}', contextInitializerClasses = '[]', activeProfiles = '{mybatis}', propertySourceLocations = '{}', propertySourceProperties = '{}', contextLoader = 'org.springframework.test.context.support.DelegatingSmartContextLoader', parent = [null]].
16:07:40,347 DEBUG AbstractGenericContextLoader:107 - Loading ApplicationContext for merged context configuration [[MergedContextConfiguration@7680dfd9 testClass = AttachmentsServiceTest, locations = '{classpath:config/application-resources.xml}', classes = '{}', contextInitializerClasses = '[]', activeProfiles = '{mybatis}', propertySourceLocations = '{}', propertySourceProperties = '{}', contextLoader = 'org.springframework.test.context.support.DelegatingSmartContextLoader', parent = [null]]].
16:07:40,347  INFO XmlBeanDefinitionReader:316 - Loading XML bean definitions from class path resource [config/application-resources.xml]
16:07:40,349 DEBUG DefaultDocumentLoader:73 - Using JAXP provider [com.sun.org.apache.xerces.internal.jaxp.DocumentBuilderFactoryImpl]
16:07:40,349 DEBUG PluggableSchemaResolver:141 - Loading schema mappings from [META-INF/spring.schemas]
16:07:40,351 DEBUG PluggableSchemaResolver:147 - Loaded schema mappings: {http://www.springframework.org/schema/tx/spring-tx-2.5.xsd=org/springframework/transaction/config/spring-tx-2.5.xsd, http://www.springframework.org/schema/aop/spring-aop-4.1.xsd=org/springframework/aop/config/spring-aop-4.1.xsd, http://www.springframework.org/schema/context/spring-context-3.1.xsd=org/springframework/context/config/spring-context-3.1.xsd, http://www.springframework.org/schema/data/repository/spring-repository-1.4.xsd=org/springframework/data/repository/config/spring-repository-1.4.xsd, http://www.springframework.org/schema/jdbc/spring-jdbc-4.1.xsd=org/springframework/jdbc/config/spring-jdbc-4.1.xsd, http://www.springframework.org/schema/mvc/spring-mvc-4.1.xsd=org/springframework/web/servlet/config/spring-mvc-4.1.xsd, http://www.springframework.org/schema/util/spring-util-3.0.xsd=org/springframework/beans/factory/xml/spring-util-3.0.xsd, http://mybatis.org/schema/mybatis-spring-1.2.xsd=org/mybatis/spring/config/mybatis-spring-1.2.xsd, http://www.springframework.org/schema/tool/spring-tool.xsd=org/springframework/beans/factory/xml/spring-tool-4.1.xsd, http://www.springframework.org/schema/aop/spring-aop-3.2.xsd=org/springframework/aop/config/spring-aop-3.2.xsd, http://www.springframework.org/schema/lang/spring-lang-4.1.xsd=org/springframework/scripting/config/spring-lang-4.1.xsd, http://www.springframework.org/schema/context/spring-context-4.0.xsd=org/springframework/context/config/spring-context-4.0.xsd, http://www.springframework.org/schema/mvc/spring-mvc-3.2.xsd=org/springframework/web/servlet/config/spring-mvc-3.2.xsd, http://www.springframework.org/schema/tool/spring-tool-4.1.xsd=org/springframework/beans/factory/xml/spring-tool-4.1.xsd, http://www.springframework.org/schema/lang/spring-lang-3.2.xsd=org/springframework/scripting/config/spring-lang-3.2.xsd, http://www.springframework.org/schema/cache/spring-cache-3.2.xsd=org/springframework/cache/config/spring-cache-3.2.xsd, http://www.springframework.org/schema/jee/spring-jee-4.1.xsd=org/springframework/ejb/config/spring-jee-4.1.xsd, http://www.springframework.org/schema/jdbc/spring-jdbc-3.1.xsd=org/springframework/jdbc/config/spring-jdbc-3.1.xsd, http://www.springframework.org/schema/util/spring-util-2.0.xsd=org/springframework/beans/factory/xml/spring-util-2.0.xsd, http://www.springframework.org/schema/tool/spring-tool-3.2.xsd=org/springframework/beans/factory/xml/spring-tool-3.2.xsd, http://www.springframework.org/schema/context/spring-context.xsd=org/springframework/context/config/spring-context-4.1.xsd, http://www.springframework.org/schema/cache/spring-cache-4.1.xsd=org/springframework/cache/config/spring-cache-4.1.xsd, http://www.springframework.org/schema/aop/spring-aop-4.0.xsd=org/springframework/aop/config/spring-aop-4.0.xsd, http://www.springframework.org/schema/jee/spring-jee-3.2.xsd=org/springframework/ejb/config/spring-jee-3.2.xsd, http://www.springframework.org/schema/context/spring-context-3.0.xsd=org/springframework/context/config/spring-context-3.0.xsd, http://www.springframework.org/schema/jdbc/spring-jdbc-4.0.xsd=org/springframework/jdbc/config/spring-jdbc-4.0.xsd, http://www.springframework.org/schema/mvc/spring-mvc-4.0.xsd=org/springframework/web/servlet/config/spring-mvc-4.0.xsd, http://www.springframework.org/schema/util/spring-util-2.5.xsd=org/springframework/beans/factory/xml/spring-util-2.5.xsd, http://www.springframework.org/schema/beans/spring-beans-3.2.xsd=org/springframework/beans/factory/xml/spring-beans-3.2.xsd, http://www.springframework.org/schema/aop/spring-aop-3.1.xsd=org/springframework/aop/config/spring-aop-3.1.xsd, http://www.springframework.org/schema/lang/spring-lang-4.0.xsd=org/springframework/scripting/config/spring-lang-4.0.xsd, http://www.springframework.org/schema/mvc/spring-mvc.xsd=org/springframework/web/servlet/config/spring-mvc-4.1.xsd, http://www.springframework.org/schema/mvc/spring-mvc-3.1.xsd=org/springframework/web/servlet/config/spring-mvc-3.1.xsd, http://www.springframework.org/schema/beans/spring-beans-4.1.xsd=org/springframework/beans/factory/xml/spring-beans-4.1.xsd, http://www.springframework.org/schema/tool/spring-tool-4.0.xsd=org/springframework/beans/factory/xml/spring-tool-4.0.xsd, http://www.springframework.org/schema/tx/spring-tx-3.2.xsd=org/springframework/transaction/config/spring-tx-3.2.xsd, http://www.springframework.org/schema/lang/spring-lang-3.1.xsd=org/springframework/scripting/config/spring-lang-3.1.xsd, http://www.springframework.org/schema/cache/spring-cache-3.1.xsd=org/springframework/cache/config/spring-cache-3.1.xsd, http://www.springframework.org/schema/jee/spring-jee-4.0.xsd=org/springframework/ejb/config/spring-jee-4.0.xsd, http://www.springframework.org/schema/jdbc/spring-jdbc-3.0.xsd=org/springframework/jdbc/config/spring-jdbc-3.0.xsd, http://www.springframework.org/schema/task/spring-task-4.1.xsd=org/springframework/scheduling/config/spring-task-4.1.xsd, http://www.springframework.org/schema/jdbc/spring-jdbc.xsd=org/springframework/jdbc/config/spring-jdbc-4.1.xsd, http://www.springframework.org/schema/tool/spring-tool-3.1.xsd=org/springframework/beans/factory/xml/spring-tool-3.1.xsd, http://www.springframework.org/schema/tx/spring-tx-4.1.xsd=org/springframework/transaction/config/spring-tx-4.1.xsd, http://www.springframework.org/schema/cache/spring-cache-4.0.xsd=org/springframework/cache/config/spring-cache-4.0.xsd, http://www.springframework.org/schema/jee/spring-jee-3.1.xsd=org/springframework/ejb/config/spring-jee-3.1.xsd, http://www.springframework.org/schema/task/spring-task-3.2.xsd=org/springframework/scheduling/config/spring-task-3.2.xsd, http://www.springframework.org/schema/beans/spring-beans-3.1.xsd=org/springframework/beans/factory/xml/spring-beans-3.1.xsd, http://www.springframework.org/schema/util/spring-util.xsd=org/springframework/beans/factory/xml/spring-util-4.1.xsd, http://www.springframework.org/schema/aop/spring-aop-3.0.xsd=org/springframework/aop/config/spring-aop-3.0.xsd, http://www.springframework.org/schema/data/repository/spring-repository.xsd=org/springframework/data/repository/config/spring-repository-1.7.xsd, http://www.springframework.org/schema/data/repository/spring-repository-1.7.xsd=org/springframework/data/repository/config/spring-repository-1.7.xsd, http://www.springframework.org/schema/mvc/spring-mvc-3.0.xsd=org/springframework/web/servlet/config/spring-mvc-3.0.xsd, http://www.springframework.org/schema/beans/spring-beans-4.0.xsd=org/springframework/beans/factory/xml/spring-beans-4.0.xsd, http://www.springframework.org/schema/beans/spring-beans.xsd=org/springframework/beans/factory/xml/spring-beans-4.1.xsd, http://mybatis.org/schema/mybatis-spring.xsd=org/mybatis/spring/config/mybatis-spring-1.2.xsd, http://www.springframework.org/schema/tx/spring-tx-3.1.xsd=org/springframework/transaction/config/spring-tx-3.1.xsd, http://www.springframework.org/schema/lang/spring-lang-3.0.xsd=org/springframework/scripting/config/spring-lang-3.0.xsd, http://www.springframework.org/schema/context/spring-context-2.5.xsd=org/springframework/context/config/spring-context-2.5.xsd, http://www.springframework.org/schema/task/spring-task-4.0.xsd=org/springframework/scheduling/config/spring-task-4.0.xsd, http://www.springframework.org/schema/tool/spring-tool-3.0.xsd=org/springframework/beans/factory/xml/spring-tool-3.0.xsd, http://www.springframework.org/schema/tx/spring-tx-4.0.xsd=org/springframework/transaction/config/spring-tx-4.0.xsd, http://ehcache-spring-annotations.googlecode.com/svn/schema/ehcache-spring/ehcache-spring-1.2.xsd=com/googlecode/ehcache/annotations/ehcache-spring-1.2.xsd, http://www.springframework.org/schema/aop/spring-aop-2.0.xsd=org/springframework/aop/config/spring-aop-2.0.xsd, http://www.springframework.org/schema/jee/spring-jee-3.0.xsd=org/springframework/ejb/config/spring-jee-3.0.xsd, http://www.springframework.org/schema/util/spring-util-4.1.xsd=org/springframework/beans/factory/xml/spring-util-4.1.xsd, http://www.springframework.org/schema/task/spring-task-3.1.xsd=org/springframework/scheduling/config/spring-task-3.1.xsd, http://www.springframework.org/schema/beans/spring-beans-3.0.xsd=org/springframework/beans/factory/xml/spring-beans-3.0.xsd, http://www.springframework.org/schema/jee/spring-jee.xsd=org/springframework/ejb/config/spring-jee-4.1.xsd, http://www.springframework.org/schema/aop/spring-aop-2.5.xsd=org/springframework/aop/config/spring-aop-2.5.xsd, http://www.springframework.org/schema/lang/spring-lang-2.0.xsd=org/springframework/scripting/config/spring-lang-2.0.xsd, http://www.springframework.org/schema/data/repository/spring-repository-1.6.xsd=org/springframework/data/repository/config/spring-repository-1.6.xsd, http://www.springframework.org/schema/util/spring-util-3.2.xsd=org/springframework/beans/factory/xml/spring-util-3.2.xsd, http://www.springframework.org/schema/task/spring-task.xsd=org/springframework/scheduling/config/spring-task-4.1.xsd, http://www.springframework.org/schema/tool/spring-tool-2.0.xsd=org/springframework/beans/factory/xml/spring-tool-2.0.xsd, http://www.springframework.org/schema/tx/spring-tx-3.0.xsd=org/springframework/transaction/config/spring-tx-3.0.xsd, http://www.springframework.org/schema/lang/spring-lang-2.5.xsd=org/springframework/scripting/config/spring-lang-2.5.xsd, http://www.springframework.org/schema/jee/spring-jee-2.0.xsd=org/springframework/ejb/config/spring-jee-2.0.xsd, http://www.springframework.org/schema/tool/spring-tool-2.5.xsd=org/springframework/beans/factory/xml/spring-tool-2.5.xsd, http://ehcache-spring-annotations.googlecode.com/svn/schema/ehcache-spring/ehcache-spring-1.1.xsd=com/googlecode/ehcache/annotations/ehcache-spring-1.1.xsd, http://www.springframework.org/schema/jee/spring-jee-2.5.xsd=org/springframework/ejb/config/spring-jee-2.5.xsd, http://www.springframework.org/schema/data/repository/spring-repository-1.0.xsd=org/springframework/data/repository/config/spring-repository-1.0.xsd, http://www.springframework.org/schema/util/spring-util-4.0.xsd=org/springframework/beans/factory/xml/spring-util-4.0.xsd, http://www.springframework.org/schema/task/spring-task-3.0.xsd=org/springframework/scheduling/config/spring-task-3.0.xsd, http://www.springframework.org/schema/lang/spring-lang.xsd=org/springframework/scripting/config/spring-lang-4.1.xsd, http://www.springframework.org/schema/context/spring-context-3.2.xsd=org/springframework/context/config/spring-context-3.2.xsd, http://www.springframework.org/schema/data/repository/spring-repository-1.5.xsd=org/springframework/data/repository/config/spring-repository-1.5.xsd, http://www.springframework.org/schema/util/spring-util-3.1.xsd=org/springframework/beans/factory/xml/spring-util-3.1.xsd, http://www.springframework.org/schema/beans/spring-beans-2.0.xsd=org/springframework/beans/factory/xml/spring-beans-2.0.xsd, http://www.springframework.org/schema/cache/spring-cache.xsd=org/springframework/cache/config/spring-cache-4.1.xsd, http://www.springframework.org/schema/tx/spring-tx.xsd=org/springframework/transaction/config/spring-tx-4.1.xsd, http://www.springframework.org/schema/context/spring-context-4.1.xsd=org/springframework/context/config/spring-context-4.1.xsd, http://www.springframework.org/schema/beans/spring-beans-2.5.xsd=org/springframework/beans/factory/xml/spring-beans-2.5.xsd, http://www.springframework.org/schema/tx/spring-tx-2.0.xsd=org/springframework/transaction/config/spring-tx-2.0.xsd, http://ehcache-spring-annotations.googlecode.com/svn/schema/ehcache-spring/ehcache-spring-1.0.xsd=com/googlecode/ehcache/annotations/ehcache-spring-1.0.xsd, http://www.springframework.org/schema/jdbc/spring-jdbc-3.2.xsd=org/springframework/jdbc/config/spring-jdbc-3.2.xsd, http://www.springframework.org/schema/aop/spring-aop.xsd=org/springframework/aop/config/spring-aop-4.1.xsd}
16:07:40,352 DEBUG PluggableSchemaResolver:119 - Found XML schema [http://www.springframework.org/schema/beans/spring-beans.xsd] in classpath: org/springframework/beans/factory/xml/spring-beans-4.1.xsd
16:07:40,357 DEBUG PluggableSchemaResolver:119 - Found XML schema [http://www.springframework.org/schema/context/spring-context.xsd] in classpath: org/springframework/context/config/spring-context-4.1.xsd
16:07:40,358 DEBUG PluggableSchemaResolver:119 - Found XML schema [http://www.springframework.org/schema/tool/spring-tool-4.1.xsd] in classpath: org/springframework/beans/factory/xml/spring-tool-4.1.xsd
16:07:40,360 DEBUG DefaultBeanDefinitionDocumentReader:108 - Loading bean definitions
16:07:40,360  INFO XmlBeanDefinitionReader:316 - Loading XML bean definitions from class path resource [config/application-core.xml]
16:07:40,361 DEBUG DefaultDocumentLoader:73 - Using JAXP provider [com.sun.org.apache.xerces.internal.jaxp.DocumentBuilderFactoryImpl]
16:07:40,362 DEBUG PluggableSchemaResolver:119 - Found XML schema [http://www.springframework.org/schema/beans/spring-beans.xsd] in classpath: org/springframework/beans/factory/xml/spring-beans-4.1.xsd
16:07:40,367 DEBUG PluggableSchemaResolver:119 - Found XML schema [http://www.springframework.org/schema/context/spring-context.xsd] in classpath: org/springframework/context/config/spring-context-4.1.xsd
16:07:40,368 DEBUG PluggableSchemaResolver:119 - Found XML schema [http://www.springframework.org/schema/tool/spring-tool-4.1.xsd] in classpath: org/springframework/beans/factory/xml/spring-tool-4.1.xsd
16:07:40,370 DEBUG PluggableSchemaResolver:119 - Found XML schema [http://www.springframework.org/schema/tx/spring-tx.xsd] in classpath: org/springframework/transaction/config/spring-tx-4.1.xsd
16:07:40,372 DEBUG PluggableSchemaResolver:119 - Found XML schema [http://www.springframework.org/schema/aop/spring-aop.xsd] in classpath: org/springframework/aop/config/spring-aop-4.1.xsd
16:07:40,374 DEBUG DefaultBeanDefinitionDocumentReader:108 - Loading bean definitions
16:07:40,375  INFO XmlBeanDefinitionReader:316 - Loading XML bean definitions from class path resource [config/datasource-config.xml]
16:07:40,376 DEBUG DefaultDocumentLoader:73 - Using JAXP provider [com.sun.org.apache.xerces.internal.jaxp.DocumentBuilderFactoryImpl]
16:07:40,377 DEBUG PluggableSchemaResolver:119 - Found XML schema [http://www.springframework.org/schema/beans/spring-beans.xsd] in classpath: org/springframework/beans/factory/xml/spring-beans-4.1.xsd
16:07:40,381 DEBUG PluggableSchemaResolver:119 - Found XML schema [http://www.springframework.org/schema/context/spring-context.xsd] in classpath: org/springframework/context/config/spring-context-4.1.xsd
16:07:40,383 DEBUG PluggableSchemaResolver:119 - Found XML schema [http://www.springframework.org/schema/tool/spring-tool-4.1.xsd] in classpath: org/springframework/beans/factory/xml/spring-tool-4.1.xsd
16:07:40,386 DEBUG DefaultBeanDefinitionDocumentReader:108 - Loading bean definitions
16:07:40,388 DEBUG DefaultNamespaceHandlerResolver:157 - Loaded NamespaceHandler mappings: {http://www.springframework.org/schema/p=org.springframework.beans.factory.xml.SimplePropertyNamespaceHandler, http://www.springframework.org/schema/mvc=org.springframework.web.servlet.config.MvcNamespaceHandler, http://www.springframework.org/schema/util=org.springframework.beans.factory.xml.UtilNamespaceHandler, http://www.springframework.org/schema/jee=org.springframework.ejb.config.JeeNamespaceHandler, http://www.springframework.org/schema/aop=org.springframework.aop.config.AopNamespaceHandler, http://www.springframework.org/schema/data/repository=org.springframework.data.repository.config.RepositoryNameSpaceHandler, http://www.springframework.org/schema/jdbc=org.springframework.jdbc.config.JdbcNamespaceHandler, http://ehcache-spring-annotations.googlecode.com/svn/schema/ehcache-spring=com.googlecode.ehcache.annotations.config.AnnotationDrivenEhCacheNamespaceHandler, http://www.springframework.org/schema/cache=org.springframework.cache.config.CacheNamespaceHandler, http://mybatis.org/schema/mybatis-spring=org.mybatis.spring.config.NamespaceHandler, http://www.springframework.org/schema/c=org.springframework.beans.factory.xml.SimpleConstructorNamespaceHandler, http://www.springframework.org/schema/tx=org.springframework.transaction.config.TxNamespaceHandler, http://www.springframework.org/schema/task=org.springframework.scheduling.config.TaskNamespaceHandler, http://www.springframework.org/schema/lang=org.springframework.scripting.config.LangNamespaceHandler, http://www.springframework.org/schema/data/keyvalue=org.springframework.data.keyvalue.repository.config.KeyValueRepositoryNameSpaceHandler, http://www.springframework.org/schema/context=org.springframework.context.config.ContextNamespaceHandler}
16:07:40,389 DEBUG DefaultBeanDefinitionDocumentReader:269 - Imported 2 bean definitions from relative location [datasource-config.xml]
16:07:40,389  INFO XmlBeanDefinitionReader:316 - Loading XML bean definitions from class path resource [config/bean-defined.xml]
16:07:40,390 DEBUG DefaultDocumentLoader:73 - Using JAXP provider [com.sun.org.apache.xerces.internal.jaxp.DocumentBuilderFactoryImpl]
16:07:40,391 DEBUG PluggableSchemaResolver:119 - Found XML schema [http://www.springframework.org/schema/beans/spring-beans.xsd] in classpath: org/springframework/beans/factory/xml/spring-beans-4.1.xsd
16:07:40,395 DEBUG DefaultBeanDefinitionDocumentReader:108 - Loading bean definitions
16:07:40,395 DEBUG DefaultBeanDefinitionDocumentReader:269 - Imported 1 bean definitions from relative location [bean-defined.xml]
16:07:40,396 DEBUG ClassPathBeanDefinitionScanner:250 - JSR-330 'javax.inject.Named' annotation found and supported for component scanning
16:07:40,398 DEBUG ClassPathBeanDefinitionScanner:284 - Identified candidate component class: URL [jar:file:/d:/maven/repository/com/framework/framework-core/0.0.1-SNAPSHOT/framework-core-0.0.1-SNAPSHOT.jar!/com/framework/web/advice/ControlAdvice.class]
16:07:40,400 DEBUG ClassPathBeanDefinitionScanner:284 - Identified candidate component class: URL [jar:file:/d:/maven/repository/com/framework/framework-core/0.0.1-SNAPSHOT/framework-core-0.0.1-SNAPSHOT.jar!/com/framework/web/util/SessionManager.class]
16:07:40,402 DEBUG ClassPathBeanDefinitionScanner:250 - JSR-330 'javax.inject.Named' annotation found and supported for component scanning
16:07:40,403 DEBUG ClassPathBeanDefinitionScanner:284 - Identified candidate component class: URL [jar:file:/d:/maven/repository/com/framework/framework-core/0.0.1-SNAPSHOT/framework-core-0.0.1-SNAPSHOT.jar!/com/framework/common/aspect/QueryParamAop.class]
16:07:40,403 DEBUG BeanDefinitionParserDelegate:495 - Neither XML 'id' nor 'name' specified - using generated bean name [org.mybatis.spring.mapper.MapperScannerConfigurer#0]
16:07:40,404 DEBUG ClassPathBeanDefinitionScanner:250 - JSR-330 'javax.inject.Named' annotation found and supported for component scanning
16:07:40,406 DEBUG ClassPathBeanDefinitionScanner:290 - Ignored because not a concrete top-level class: URL [jar:file:/d:/maven/repository/com/framework/framework-core/0.0.1-SNAPSHOT/framework-core-0.0.1-SNAPSHOT.jar!/com/system/mybatis/dao/SysDeptMapper.class]
16:07:40,406 DEBUG ClassPathBeanDefinitionScanner:290 - Ignored because not a concrete top-level class: URL [jar:file:/d:/maven/repository/com/framework/framework-core/0.0.1-SNAPSHOT/framework-core-0.0.1-SNAPSHOT.jar!/com/system/mybatis/dao/SysLogMapper.class]
16:07:40,407 DEBUG ClassPathBeanDefinitionScanner:290 - Ignored because not a concrete top-level class: URL [jar:file:/d:/maven/repository/com/framework/framework-core/0.0.1-SNAPSHOT/framework-core-0.0.1-SNAPSHOT.jar!/com/system/mybatis/service/IIndexItemService.class]
16:07:40,408 DEBUG ClassPathBeanDefinitionScanner:284 - Identified candidate component class: URL [jar:file:/d:/maven/repository/com/framework/framework-core/0.0.1-SNAPSHOT/framework-core-0.0.1-SNAPSHOT.jar!/com/system/mybatis/service/impl/IndexItemService.class]
16:07:40,409 DEBUG ClassPathBeanDefinitionScanner:284 - Identified candidate component class: URL [jar:file:/d:/maven/repository/com/framework/framework-core/0.0.1-SNAPSHOT/framework-core-0.0.1-SNAPSHOT.jar!/com/system/mybatis/service/impl/SysCodeService.class]
16:07:40,409 DEBUG ClassPathBeanDefinitionScanner:284 - Identified candidate component class: URL [jar:file:/d:/maven/repository/com/framework/framework-core/0.0.1-SNAPSHOT/framework-core-0.0.1-SNAPSHOT.jar!/com/system/mybatis/service/impl/SysDeptServiceImpl.class]
16:07:40,410 DEBUG ClassPathBeanDefinitionScanner:284 - Identified candidate component class: URL [jar:file:/d:/maven/repository/com/framework/framework-core/0.0.1-SNAPSHOT/framework-core-0.0.1-SNAPSHOT.jar!/com/system/mybatis/service/impl/SysModuleServiceImpl.class]
16:07:40,411 DEBUG ClassPathBeanDefinitionScanner:284 - Identified candidate component class: URL [jar:file:/d:/maven/repository/com/framework/framework-core/0.0.1-SNAPSHOT/framework-core-0.0.1-SNAPSHOT.jar!/com/system/mybatis/service/impl/SystemLogServiceImpl.class]
16:07:40,411 DEBUG ClassPathBeanDefinitionScanner:284 - Identified candidate component class: URL [jar:file:/d:/maven/repository/com/framework/framework-core/0.0.1-SNAPSHOT/framework-core-0.0.1-SNAPSHOT.jar!/com/system/mybatis/service/impl/SystemRoleServiceImpl.class]
16:07:40,412 DEBUG ClassPathBeanDefinitionScanner:284 - Identified candidate component class: URL [jar:file:/d:/maven/repository/com/framework/framework-core/0.0.1-SNAPSHOT/framework-core-0.0.1-SNAPSHOT.jar!/com/system/mybatis/service/impl/SystemUserServiceImpl.class]
16:07:40,413 DEBUG ClassPathBeanDefinitionScanner:290 - Ignored because not a concrete top-level class: URL [jar:file:/d:/maven/repository/com/framework/framework-core/0.0.1-SNAPSHOT/framework-core-0.0.1-SNAPSHOT.jar!/com/system/mybatis/service/ISysCodeService.class]
16:07:40,414 DEBUG ClassPathBeanDefinitionScanner:290 - Ignored because not a concrete top-level class: URL [jar:file:/d:/maven/repository/com/framework/framework-core/0.0.1-SNAPSHOT/framework-core-0.0.1-SNAPSHOT.jar!/com/system/mybatis/service/ISysModuleService.class]
16:07:40,414 DEBUG ClassPathBeanDefinitionScanner:290 - Ignored because not a concrete top-level class: URL [jar:file:/d:/maven/repository/com/framework/framework-core/0.0.1-SNAPSHOT/framework-core-0.0.1-SNAPSHOT.jar!/com/system/mybatis/service/ISystemLogService.class]
16:07:40,415 DEBUG ClassPathBeanDefinitionScanner:290 - Ignored because not a concrete top-level class: URL [jar:file:/d:/maven/repository/com/framework/framework-core/0.0.1-SNAPSHOT/framework-core-0.0.1-SNAPSHOT.jar!/com/system/mybatis/service/ISystemRoleService.class]
16:07:40,415 DEBUG ClassPathBeanDefinitionScanner:290 - Ignored because not a concrete top-level class: URL [jar:file:/d:/maven/repository/com/framework/framework-core/0.0.1-SNAPSHOT/framework-core-0.0.1-SNAPSHOT.jar!/com/system/mybatis/service/ISystemUserService.class]
16:07:40,416 DEBUG ClassPathBeanDefinitionScanner:250 - JSR-330 'javax.inject.Named' annotation found and supported for component scanning
16:07:40,418 DEBUG ClassPathBeanDefinitionScanner:284 - Identified candidate component class: URL [jar:file:/d:/maven/repository/com/framework/framework-core/0.0.1-SNAPSHOT/framework-core-0.0.1-SNAPSHOT.jar!/com/framework/mybatis/aspect/SystemLogAOP.class]
16:07:40,421 DEBUG ClassPathBeanDefinitionScanner:290 - Ignored because not a concrete top-level class: URL [jar:file:/d:/maven/repository/com/framework/framework-core/0.0.1-SNAPSHOT/framework-core-0.0.1-SNAPSHOT.jar!/com/framework/mybatis/service/ICommonService.class]
16:07:40,421 DEBUG ClassPathBeanDefinitionScanner:284 - Identified candidate component class: URL [jar:file:/d:/maven/repository/com/framework/framework-core/0.0.1-SNAPSHOT/framework-core-0.0.1-SNAPSHOT.jar!/com/framework/mybatis/service/impl/CommonServiceImpl.class]
16:07:40,423 DEBUG DefaultBeanDefinitionDocumentReader:269 - Imported 28 bean definitions from relative location [application-core.xml]
16:07:40,424 DEBUG ClassPathBeanDefinitionScanner:250 - JSR-330 'javax.inject.Named' annotation found and supported for component scanning
16:07:40,426 DEBUG ClassPathBeanDefinitionScanner:284 - Identified candidate component class: file [D:\workspace\framework-root\framework-resources\target\classes\com\resources\services\impl\AttachmentsServiceImpl.class]
16:07:40,427 DEBUG ClassPathBeanDefinitionScanner:284 - Identified candidate component class: file [D:\workspace\framework-root\framework-resources\target\classes\com\resources\web\AttachmentsController.class]
16:07:40,427 DEBUG ClassPathBeanDefinitionScanner:284 - Identified candidate component class: file [D:\workspace\framework-root\framework-resources\target\classes\com\resources\web\ShareResources.class]
16:07:40,428 DEBUG ClassPathBeanDefinitionScanner:250 - JSR-330 'javax.inject.Named' annotation found and supported for component scanning
16:07:40,431 DEBUG ClassPathBeanDefinitionScanner:284 - Identified candidate component class: file [D:\workspace\framework-root\framework-resources\target\classes\com\framework\image\handler\impl\IM4ImageHandler.class]
16:07:40,432 DEBUG ClassPathBeanDefinitionScanner:284 - Identified candidate component class: file [D:\workspace\framework-root\framework-resources\target\classes\com\framework\image\ImageService.class]
16:07:40,433 DEBUG BeanDefinitionParserDelegate:495 - Neither XML 'id' nor 'name' specified - using generated bean name [org.mybatis.spring.mapper.MapperScannerConfigurer#1]
16:07:40,434 DEBUG XmlBeanDefinitionReader:223 - Loaded 35 bean definitions from location pattern [classpath:config/application-resources.xml]
16:07:40,434  INFO GenericApplicationContext:510 - Refreshing org.springframework.context.support.GenericApplicationContext@451c9351: startup date [Mon Sep 18 16:07:40 CST 2017]; root of context hierarchy
16:07:40,434 DEBUG GenericApplicationContext:540 - Bean factory for org.springframework.context.support.GenericApplicationContext@451c9351: org.springframework.beans.factory.support.DefaultListableBeanFactory@170b69b2: defining beans [org.springframework.beans.factory.config.PropertyPlaceholderConfigurer#0,dataSource,validator,controlAdvice,sessionManager,org.springframework.context.annotation.internalConfigurationAnnotationProcessor,org.springframework.context.annotation.internalAutowiredAnnotationProcessor,org.springframework.context.annotation.internalRequiredAnnotationProcessor,org.springframework.context.annotation.internalCommonAnnotationProcessor,org.springframework.context.annotation.internalPersistenceAnnotationProcessor,queryParamAop,org.springframework.aop.config.internalAutoProxyCreator,org.springframework.transaction.annotation.AnnotationTransactionAttributeSource#0,org.springframework.transaction.interceptor.TransactionInterceptor#0,org.springframework.transaction.config.internalTransactionAdvisor,sqlSessionFactory,myBatisExceptionTranslator,org.mybatis.spring.mapper.MapperScannerConfigurer#0,transactionManager,indexItemService,sysCodeService,sysDeptServiceImpl,sysModuleServiceImpl,systemLogServiceImpl,systemRoleServiceImpl,systemUserServiceImpl,systemLogAOP,commonServiceImpl,configProperties,attachmentsServiceImpl,attachmentsController,shareResources,iM4ImageHandler,imageService,org.mybatis.spring.mapper.MapperScannerConfigurer#1]; root of factory hierarchy
16:07:40,435 DEBUG DefaultListableBeanFactory:220 - Creating shared instance of singleton bean 'org.springframework.context.annotation.internalConfigurationAnnotationProcessor'
16:07:40,436 DEBUG DefaultListableBeanFactory:450 - Creating instance of bean 'org.springframework.context.annotation.internalConfigurationAnnotationProcessor'
16:07:40,436 DEBUG DefaultListableBeanFactory:524 - Eagerly caching bean 'org.springframework.context.annotation.internalConfigurationAnnotationProcessor' to allow for resolving potential circular references
16:07:40,436 DEBUG DefaultListableBeanFactory:478 - Finished creating instance of bean 'org.springframework.context.annotation.internalConfigurationAnnotationProcessor'
16:07:40,450 DEBUG DefaultListableBeanFactory:220 - Creating shared instance of singleton bean 'org.mybatis.spring.mapper.MapperScannerConfigurer#0'
16:07:40,450 DEBUG DefaultListableBeanFactory:450 - Creating instance of bean 'org.mybatis.spring.mapper.MapperScannerConfigurer#0'
16:07:40,450 DEBUG DefaultListableBeanFactory:524 - Eagerly caching bean 'org.mybatis.spring.mapper.MapperScannerConfigurer#0' to allow for resolving potential circular references
16:07:40,451 DEBUG DefaultListableBeanFactory:1610 - Invoking afterPropertiesSet() on bean with name 'org.mybatis.spring.mapper.MapperScannerConfigurer#0'
16:07:40,451 DEBUG DefaultListableBeanFactory:478 - Finished creating instance of bean 'org.mybatis.spring.mapper.MapperScannerConfigurer#0'
16:07:40,453 DEBUG ClassPathMapperScanner:284 - Identified candidate component class: URL [jar:file:/d:/maven/repository/com/framework/framework-core/0.0.1-SNAPSHOT/framework-core-0.0.1-SNAPSHOT.jar!/com/system/common/SysConstant.class]
16:07:40,453 DEBUG ClassPathMapperScanner:284 - Identified candidate component class: URL [jar:file:/d:/maven/repository/com/framework/framework-core/0.0.1-SNAPSHOT/framework-core-0.0.1-SNAPSHOT.jar!/com/system/jpa/repository/ISysDeptDao.class]
16:07:40,454 DEBUG ClassPathMapperScanner:290 - Ignored because not a concrete top-level class: URL [jar:file:/d:/maven/repository/com/framework/framework-core/0.0.1-SNAPSHOT/framework-core-0.0.1-SNAPSHOT.jar!/com/system/jpa/repository/jpa/SysDeptDaoImpl.class]
16:07:40,454 DEBUG ClassPathMapperScanner:290 - Ignored because not a concrete top-level class: URL [jar:file:/d:/maven/repository/com/framework/framework-core/0.0.1-SNAPSHOT/framework-core-0.0.1-SNAPSHOT.jar!/com/system/model/DataIndexTree.class]
16:07:40,454 DEBUG ClassPathMapperScanner:290 - Ignored because not a concrete top-level class: URL [jar:file:/d:/maven/repository/com/framework/framework-core/0.0.1-SNAPSHOT/framework-core-0.0.1-SNAPSHOT.jar!/com/system/model/SysCode.class]
16:07:40,455 DEBUG ClassPathMapperScanner:290 - Ignored because not a concrete top-level class: URL [jar:file:/d:/maven/repository/com/framework/framework-core/0.0.1-SNAPSHOT/framework-core-0.0.1-SNAPSHOT.jar!/com/system/model/SysCodeTree.class]
16:07:40,455 DEBUG ClassPathMapperScanner:290 - Ignored because not a concrete top-level class: URL [jar:file:/d:/maven/repository/com/framework/framework-core/0.0.1-SNAPSHOT/framework-core-0.0.1-SNAPSHOT.jar!/com/system/model/SysDepartmentTree.class]
16:07:40,455 DEBUG ClassPathMapperScanner:290 - Ignored because not a concrete top-level class: URL [jar:file:/d:/maven/repository/com/framework/framework-core/0.0.1-SNAPSHOT/framework-core-0.0.1-SNAPSHOT.jar!/com/system/model/SysDept.class]
16:07:40,456 DEBUG ClassPathMapperScanner:290 - Ignored because not a concrete top-level class: URL [jar:file:/d:/maven/repository/com/framework/framework-core/0.0.1-SNAPSHOT/framework-core-0.0.1-SNAPSHOT.jar!/com/system/model/SysDeptUser.class]
16:07:40,456 DEBUG ClassPathMapperScanner:290 - Ignored because not a concrete top-level class: URL [jar:file:/d:/maven/repository/com/framework/framework-core/0.0.1-SNAPSHOT/framework-core-0.0.1-SNAPSHOT.jar!/com/system/model/SysIndexitem.class]
16:07:40,456 DEBUG ClassPathMapperScanner:290 - Ignored because not a concrete top-level class: URL [jar:file:/d:/maven/repository/com/framework/framework-core/0.0.1-SNAPSHOT/framework-core-0.0.1-SNAPSHOT.jar!/com/system/model/SysLog.class]
16:07:40,457 DEBUG ClassPathMapperScanner:290 - Ignored because not a concrete top-level class: URL [jar:file:/d:/maven/repository/com/framework/framework-core/0.0.1-SNAPSHOT/framework-core-0.0.1-SNAPSHOT.jar!/com/system/model/SysModule.class]
16:07:40,457 DEBUG ClassPathMapperScanner:290 - Ignored because not a concrete top-level class: URL [jar:file:/d:/maven/repository/com/framework/framework-core/0.0.1-SNAPSHOT/framework-core-0.0.1-SNAPSHOT.jar!/com/system/model/SysRole.class]
16:07:40,458 DEBUG ClassPathMapperScanner:290 - Ignored because not a concrete top-level class: URL [jar:file:/d:/maven/repository/com/framework/framework-core/0.0.1-SNAPSHOT/framework-core-0.0.1-SNAPSHOT.jar!/com/system/model/SysRoleFuncKey.class]
16:07:40,458 DEBUG ClassPathMapperScanner:290 - Ignored because not a concrete top-level class: URL [jar:file:/d:/maven/repository/com/framework/framework-core/0.0.1-SNAPSHOT/framework-core-0.0.1-SNAPSHOT.jar!/com/system/model/SysRoleUser.class]
16:07:40,458 DEBUG ClassPathMapperScanner:290 - Ignored because not a concrete top-level class: URL [jar:file:/d:/maven/repository/com/framework/framework-core/0.0.1-SNAPSHOT/framework-core-0.0.1-SNAPSHOT.jar!/com/system/model/SysUser.class]
16:07:40,459 DEBUG ClassPathMapperScanner:284 - Identified candidate component class: URL [jar:file:/d:/maven/repository/com/framework/framework-core/0.0.1-SNAPSHOT/framework-core-0.0.1-SNAPSHOT.jar!/com/system/mybatis/dao/CommSeqMapper.class]
16:07:40,459 DEBUG ClassPathMapperScanner:284 - Identified candidate component class: URL [jar:file:/d:/maven/repository/com/framework/framework-core/0.0.1-SNAPSHOT/framework-core-0.0.1-SNAPSHOT.jar!/com/system/mybatis/dao/SysCodeMapper.class]
16:07:40,460 DEBUG ClassPathMapperScanner:284 - Identified candidate component class: URL [jar:file:/d:/maven/repository/com/framework/framework-core/0.0.1-SNAPSHOT/framework-core-0.0.1-SNAPSHOT.jar!/com/system/mybatis/dao/SysDeptMapper.class]
16:07:40,460 DEBUG ClassPathMapperScanner:284 - Identified candidate component class: URL [jar:file:/d:/maven/repository/com/framework/framework-core/0.0.1-SNAPSHOT/framework-core-0.0.1-SNAPSHOT.jar!/com/system/mybatis/dao/SysDeptUserMapper.class]
16:07:40,460 DEBUG ClassPathMapperScanner:284 - Identified candidate component class: URL [jar:file:/d:/maven/repository/com/framework/framework-core/0.0.1-SNAPSHOT/framework-core-0.0.1-SNAPSHOT.jar!/com/system/mybatis/dao/SysIndexitemMapper.class]
16:07:40,461 DEBUG ClassPathMapperScanner:284 - Identified candidate component class: URL [jar:file:/d:/maven/repository/com/framework/framework-core/0.0.1-SNAPSHOT/framework-core-0.0.1-SNAPSHOT.jar!/com/system/mybatis/dao/SysLogMapper.class]
16:07:40,461 DEBUG ClassPathMapperScanner:284 - Identified candidate component class: URL [jar:file:/d:/maven/repository/com/framework/framework-core/0.0.1-SNAPSHOT/framework-core-0.0.1-SNAPSHOT.jar!/com/system/mybatis/dao/SysModuleMapper.class]
16:07:40,462 DEBUG ClassPathMapperScanner:284 - Identified candidate component class: URL [jar:file:/d:/maven/repository/com/framework/framework-core/0.0.1-SNAPSHOT/framework-core-0.0.1-SNAPSHOT.jar!/com/system/mybatis/dao/SysRoleFuncMapper.class]
16:07:40,462 DEBUG ClassPathMapperScanner:284 - Identified candidate component class: URL [jar:file:/d:/maven/repository/com/framework/framework-core/0.0.1-SNAPSHOT/framework-core-0.0.1-SNAPSHOT.jar!/com/system/mybatis/dao/SysRoleMapper.class]
16:07:40,462 DEBUG ClassPathMapperScanner:284 - Identified candidate component class: URL [jar:file:/d:/maven/repository/com/framework/framework-core/0.0.1-SNAPSHOT/framework-core-0.0.1-SNAPSHOT.jar!/com/system/mybatis/dao/SysRoleUserMapper.class]
16:07:40,463 DEBUG ClassPathMapperScanner:284 - Identified candidate component class: URL [jar:file:/d:/maven/repository/com/framework/framework-core/0.0.1-SNAPSHOT/framework-core-0.0.1-SNAPSHOT.jar!/com/system/mybatis/dao/SysUserMapper.class]
16:07:40,464 DEBUG ClassPathMapperScanner:284 - Identified candidate component class: URL [jar:file:/d:/maven/repository/com/framework/framework-core/0.0.1-SNAPSHOT/framework-core-0.0.1-SNAPSHOT.jar!/com/system/mybatis/service/IIndexItemService.class]
16:07:40,465 DEBUG ClassPathMapperScanner:290 - Ignored because not a concrete top-level class: URL [jar:file:/d:/maven/repository/com/framework/framework-core/0.0.1-SNAPSHOT/framework-core-0.0.1-SNAPSHOT.jar!/com/system/mybatis/service/impl/IndexItemService.class]
16:07:40,466 DEBUG ClassPathMapperScanner:290 - Ignored because not a concrete top-level class: URL [jar:file:/d:/maven/repository/com/framework/framework-core/0.0.1-SNAPSHOT/framework-core-0.0.1-SNAPSHOT.jar!/com/system/mybatis/service/impl/SysCodeService.class]
16:07:40,466 DEBUG ClassPathMapperScanner:290 - Ignored because not a concrete top-level class: URL [jar:file:/d:/maven/repository/com/framework/framework-core/0.0.1-SNAPSHOT/framework-core-0.0.1-SNAPSHOT.jar!/com/system/mybatis/service/impl/SysDeptServiceImpl.class]
16:07:40,467 DEBUG ClassPathMapperScanner:290 - Ignored because not a concrete top-level class: URL [jar:file:/d:/maven/repository/com/framework/framework-core/0.0.1-SNAPSHOT/framework-core-0.0.1-SNAPSHOT.jar!/com/system/mybatis/service/impl/SysModuleServiceImpl.class]
16:07:40,467 DEBUG ClassPathMapperScanner:290 - Ignored because not a concrete top-level class: URL [jar:file:/d:/maven/repository/com/framework/framework-core/0.0.1-SNAPSHOT/framework-core-0.0.1-SNAPSHOT.jar!/com/system/mybatis/service/impl/SystemLogServiceImpl.class]
16:07:40,468 DEBUG ClassPathMapperScanner:290 - Ignored because not a concrete top-level class: URL [jar:file:/d:/maven/repository/com/framework/framework-core/0.0.1-SNAPSHOT/framework-core-0.0.1-SNAPSHOT.jar!/com/system/mybatis/service/impl/SystemRoleServiceImpl.class]
16:07:40,469 DEBUG ClassPathMapperScanner:290 - Ignored because not a concrete top-level class: URL [jar:file:/d:/maven/repository/com/framework/framework-core/0.0.1-SNAPSHOT/framework-core-0.0.1-SNAPSHOT.jar!/com/system/mybatis/service/impl/SystemUserServiceImpl.class]
16:07:40,469 DEBUG ClassPathMapperScanner:284 - Identified candidate component class: URL [jar:file:/d:/maven/repository/com/framework/framework-core/0.0.1-SNAPSHOT/framework-core-0.0.1-SNAPSHOT.jar!/com/system/mybatis/service/ISysCodeService.class]
16:07:40,470 DEBUG ClassPathMapperScanner:284 - Identified candidate component class: URL [jar:file:/d:/maven/repository/com/framework/framework-core/0.0.1-SNAPSHOT/framework-core-0.0.1-SNAPSHOT.jar!/com/system/mybatis/service/ISysDeptService.class]
16:07:40,470 DEBUG ClassPathMapperScanner:284 - Identified candidate component class: URL [jar:file:/d:/maven/repository/com/framework/framework-core/0.0.1-SNAPSHOT/framework-core-0.0.1-SNAPSHOT.jar!/com/system/mybatis/service/ISysModuleService.class]
16:07:40,470 DEBUG ClassPathMapperScanner:284 - Identified candidate component class: URL [jar:file:/d:/maven/repository/com/framework/framework-core/0.0.1-SNAPSHOT/framework-core-0.0.1-SNAPSHOT.jar!/com/system/mybatis/service/ISystemLogService.class]
16:07:40,471 DEBUG ClassPathMapperScanner:284 - Identified candidate component class: URL [jar:file:/d:/maven/repository/com/framework/framework-core/0.0.1-SNAPSHOT/framework-core-0.0.1-SNAPSHOT.jar!/com/system/mybatis/service/ISystemRoleService.class]
16:07:40,471 DEBUG ClassPathMapperScanner:284 - Identified candidate component class: URL [jar:file:/d:/maven/repository/com/framework/framework-core/0.0.1-SNAPSHOT/framework-core-0.0.1-SNAPSHOT.jar!/com/system/mybatis/service/ISystemUserService.class]
16:07:40,472 DEBUG ClassPathMapperScanner:290 - Ignored because not a concrete top-level class: URL [jar:file:/d:/maven/repository/com/framework/framework-core/0.0.1-SNAPSHOT/framework-core-0.0.1-SNAPSHOT.jar!/com/system/web/code/CodeController.class]
16:07:40,472 DEBUG ClassPathMapperScanner:290 - Ignored because not a concrete top-level class: URL [jar:file:/d:/maven/repository/com/framework/framework-core/0.0.1-SNAPSHOT/framework-core-0.0.1-SNAPSHOT.jar!/com/system/web/custom/CustomController.class]
16:07:40,473 DEBUG ClassPathMapperScanner:290 - Ignored because not a concrete top-level class: URL [jar:file:/d:/maven/repository/com/framework/framework-core/0.0.1-SNAPSHOT/framework-core-0.0.1-SNAPSHOT.jar!/com/system/web/dataindex/IndexItemController.class]
16:07:40,474 DEBUG ClassPathMapperScanner:290 - Ignored because not a concrete top-level class: URL [jar:file:/d:/maven/repository/com/framework/framework-core/0.0.1-SNAPSHOT/framework-core-0.0.1-SNAPSHOT.jar!/com/system/web/DepartmentController.class]
16:07:40,475 DEBUG ClassPathMapperScanner:290 - Ignored because not a concrete top-level class: URL [jar:file:/d:/maven/repository/com/framework/framework-core/0.0.1-SNAPSHOT/framework-core-0.0.1-SNAPSHOT.jar!/com/system/web/RoleController.class]
16:07:40,476 DEBUG ClassPathMapperScanner:290 - Ignored because not a concrete top-level class: URL [jar:file:/d:/maven/repository/com/framework/framework-core/0.0.1-SNAPSHOT/framework-core-0.0.1-SNAPSHOT.jar!/com/system/web/user/UserController.class]
16:07:40,477 DEBUG ClassPathMapperScanner:161 - Creating MapperFactoryBean with name 'sysConstant' and 'com.system.common.SysConstant' mapperInterface
16:07:40,477 DEBUG ClassPathMapperScanner:161 - Creating MapperFactoryBean with name 'ISysDeptDao' and 'com.system.jpa.repository.ISysDeptDao' mapperInterface
16:07:40,477 DEBUG ClassPathMapperScanner:161 - Creating MapperFactoryBean with name 'commSeqMapper' and 'com.system.mybatis.dao.CommSeqMapper' mapperInterface
16:07:40,477 DEBUG ClassPathMapperScanner:161 - Creating MapperFactoryBean with name 'sysCodeMapper' and 'com.system.mybatis.dao.SysCodeMapper' mapperInterface
16:07:40,477 DEBUG ClassPathMapperScanner:161 - Creating MapperFactoryBean with name 'sysDeptMapper' and 'com.system.mybatis.dao.SysDeptMapper' mapperInterface
16:07:40,478 DEBUG ClassPathMapperScanner:161 - Creating MapperFactoryBean with name 'sysDeptUserMapper' and 'com.system.mybatis.dao.SysDeptUserMapper' mapperInterface
16:07:40,478 DEBUG ClassPathMapperScanner:161 - Creating MapperFactoryBean with name 'sysIndexitemMapper' and 'com.system.mybatis.dao.SysIndexitemMapper' mapperInterface
16:07:40,478 DEBUG ClassPathMapperScanner:161 - Creating MapperFactoryBean with name 'sysLogMapper' and 'com.system.mybatis.dao.SysLogMapper' mapperInterface
16:07:40,478 DEBUG ClassPathMapperScanner:161 - Creating MapperFactoryBean with name 'sysModuleMapper' and 'com.system.mybatis.dao.SysModuleMapper' mapperInterface
16:07:40,478 DEBUG ClassPathMapperScanner:161 - Creating MapperFactoryBean with name 'sysRoleFuncMapper' and 'com.system.mybatis.dao.SysRoleFuncMapper' mapperInterface
16:07:40,478 DEBUG ClassPathMapperScanner:161 - Creating MapperFactoryBean with name 'sysRoleMapper' and 'com.system.mybatis.dao.SysRoleMapper' mapperInterface
16:07:40,478 DEBUG ClassPathMapperScanner:161 - Creating MapperFactoryBean with name 'sysRoleUserMapper' and 'com.system.mybatis.dao.SysRoleUserMapper' mapperInterface
16:07:40,478 DEBUG ClassPathMapperScanner:161 - Creating MapperFactoryBean with name 'sysUserMapper' and 'com.system.mybatis.dao.SysUserMapper' mapperInterface
16:07:40,479 DEBUG ClassPathMapperScanner:161 - Creating MapperFactoryBean with name 'IIndexItemService' and 'com.system.mybatis.service.IIndexItemService' mapperInterface
16:07:40,479 DEBUG ClassPathMapperScanner:161 - Creating MapperFactoryBean with name 'ISysCodeService' and 'com.system.mybatis.service.ISysCodeService' mapperInterface
16:07:40,479 DEBUG ClassPathMapperScanner:161 - Creating MapperFactoryBean with name 'ISysDeptService' and 'com.system.mybatis.service.ISysDeptService' mapperInterface
16:07:40,479 DEBUG ClassPathMapperScanner:161 - Creating MapperFactoryBean with name 'ISysModuleService' and 'com.system.mybatis.service.ISysModuleService' mapperInterface
16:07:40,479 DEBUG ClassPathMapperScanner:161 - Creating MapperFactoryBean with name 'ISystemLogService' and 'com.system.mybatis.service.ISystemLogService' mapperInterface
16:07:40,479 DEBUG ClassPathMapperScanner:161 - Creating MapperFactoryBean with name 'ISystemRoleService' and 'com.system.mybatis.service.ISystemRoleService' mapperInterface
16:07:40,480 DEBUG ClassPathMapperScanner:161 - Creating MapperFactoryBean with name 'ISystemUserService' and 'com.system.mybatis.service.ISystemUserService' mapperInterface
16:07:40,480 DEBUG DefaultListableBeanFactory:220 - Creating shared instance of singleton bean 'org.mybatis.spring.mapper.MapperScannerConfigurer#1'
16:07:40,480 DEBUG DefaultListableBeanFactory:450 - Creating instance of bean 'org.mybatis.spring.mapper.MapperScannerConfigurer#1'
16:07:40,481 DEBUG DefaultListableBeanFactory:524 - Eagerly caching bean 'org.mybatis.spring.mapper.MapperScannerConfigurer#1' to allow for resolving potential circular references
16:07:40,482 DEBUG DefaultListableBeanFactory:1610 - Invoking afterPropertiesSet() on bean with name 'org.mybatis.spring.mapper.MapperScannerConfigurer#1'
16:07:40,483 DEBUG DefaultListableBeanFactory:478 - Finished creating instance of bean 'org.mybatis.spring.mapper.MapperScannerConfigurer#1'
16:07:40,518 DEBUG ClassPathMapperScanner:284 - Identified candidate component class: URL [jar:file:/d:/maven/repository/com/framework/framework-core/0.0.1-SNAPSHOT/framework-core-0.0.1-SNAPSHOT.jar!/com/system/common/SysConstant.class]
16:07:40,519 DEBUG ClassPathMapperScanner:284 - Identified candidate component class: URL [jar:file:/d:/maven/repository/com/framework/framework-core/0.0.1-SNAPSHOT/framework-core-0.0.1-SNAPSHOT.jar!/com/system/jpa/repository/ISysDeptDao.class]
16:07:40,520 DEBUG ClassPathMapperScanner:290 - Ignored because not a concrete top-level class: URL [jar:file:/d:/maven/repository/com/framework/framework-core/0.0.1-SNAPSHOT/framework-core-0.0.1-SNAPSHOT.jar!/com/system/jpa/repository/jpa/SysDeptDaoImpl.class]
16:07:40,521 DEBUG ClassPathMapperScanner:290 - Ignored because not a concrete top-level class: URL [jar:file:/d:/maven/repository/com/framework/framework-core/0.0.1-SNAPSHOT/framework-core-0.0.1-SNAPSHOT.jar!/com/system/model/DataIndexTree.class]
16:07:40,521 DEBUG ClassPathMapperScanner:290 - Ignored because not a concrete top-level class: URL [jar:file:/d:/maven/repository/com/framework/framework-core/0.0.1-SNAPSHOT/framework-core-0.0.1-SNAPSHOT.jar!/com/system/model/SysCode.class]
16:07:40,522 DEBUG ClassPathMapperScanner:290 - Ignored because not a concrete top-level class: URL [jar:file:/d:/maven/repository/com/framework/framework-core/0.0.1-SNAPSHOT/framework-core-0.0.1-SNAPSHOT.jar!/com/system/model/SysCodeTree.class]
16:07:40,522 DEBUG ClassPathMapperScanner:290 - Ignored because not a concrete top-level class: URL [jar:file:/d:/maven/repository/com/framework/framework-core/0.0.1-SNAPSHOT/framework-core-0.0.1-SNAPSHOT.jar!/com/system/model/SysDepartmentTree.class]
16:07:40,523 DEBUG ClassPathMapperScanner:290 - Ignored because not a concrete top-level class: URL [jar:file:/d:/maven/repository/com/framework/framework-core/0.0.1-SNAPSHOT/framework-core-0.0.1-SNAPSHOT.jar!/com/system/model/SysDept.class]
16:07:40,524 DEBUG ClassPathMapperScanner:290 - Ignored because not a concrete top-level class: URL [jar:file:/d:/maven/repository/com/framework/framework-core/0.0.1-SNAPSHOT/framework-core-0.0.1-SNAPSHOT.jar!/com/system/model/SysDeptUser.class]
16:07:40,524 DEBUG ClassPathMapperScanner:290 - Ignored because not a concrete top-level class: URL [jar:file:/d:/maven/repository/com/framework/framework-core/0.0.1-SNAPSHOT/framework-core-0.0.1-SNAPSHOT.jar!/com/system/model/SysIndexitem.class]
16:07:40,525 DEBUG ClassPathMapperScanner:290 - Ignored because not a concrete top-level class: URL [jar:file:/d:/maven/repository/com/framework/framework-core/0.0.1-SNAPSHOT/framework-core-0.0.1-SNAPSHOT.jar!/com/system/model/SysLog.class]
16:07:40,525 DEBUG ClassPathMapperScanner:290 - Ignored because not a concrete top-level class: URL [jar:file:/d:/maven/repository/com/framework/framework-core/0.0.1-SNAPSHOT/framework-core-0.0.1-SNAPSHOT.jar!/com/system/model/SysModule.class]
16:07:40,526 DEBUG ClassPathMapperScanner:290 - Ignored because not a concrete top-level class: URL [jar:file:/d:/maven/repository/com/framework/framework-core/0.0.1-SNAPSHOT/framework-core-0.0.1-SNAPSHOT.jar!/com/system/model/SysRole.class]
16:07:40,526 DEBUG ClassPathMapperScanner:290 - Ignored because not a concrete top-level class: URL [jar:file:/d:/maven/repository/com/framework/framework-core/0.0.1-SNAPSHOT/framework-core-0.0.1-SNAPSHOT.jar!/com/system/model/SysRoleFuncKey.class]
16:07:40,526 DEBUG ClassPathMapperScanner:290 - Ignored because not a concrete top-level class: URL [jar:file:/d:/maven/repository/com/framework/framework-core/0.0.1-SNAPSHOT/framework-core-0.0.1-SNAPSHOT.jar!/com/system/model/SysRoleUser.class]
16:07:40,527 DEBUG ClassPathMapperScanner:290 - Ignored because not a concrete top-level class: URL [jar:file:/d:/maven/repository/com/framework/framework-core/0.0.1-SNAPSHOT/framework-core-0.0.1-SNAPSHOT.jar!/com/system/model/SysUser.class]
16:07:40,527 DEBUG ClassPathMapperScanner:284 - Identified candidate component class: URL [jar:file:/d:/maven/repository/com/framework/framework-core/0.0.1-SNAPSHOT/framework-core-0.0.1-SNAPSHOT.jar!/com/system/mybatis/dao/CommSeqMapper.class]
16:07:40,528 DEBUG ClassPathMapperScanner:284 - Identified candidate component class: URL [jar:file:/d:/maven/repository/com/framework/framework-core/0.0.1-SNAPSHOT/framework-core-0.0.1-SNAPSHOT.jar!/com/system/mybatis/dao/SysCodeMapper.class]
16:07:40,528 DEBUG ClassPathMapperScanner:284 - Identified candidate component class: URL [jar:file:/d:/maven/repository/com/framework/framework-core/0.0.1-SNAPSHOT/framework-core-0.0.1-SNAPSHOT.jar!/com/system/mybatis/dao/SysDeptMapper.class]
16:07:40,529 DEBUG ClassPathMapperScanner:284 - Identified candidate component class: URL [jar:file:/d:/maven/repository/com/framework/framework-core/0.0.1-SNAPSHOT/framework-core-0.0.1-SNAPSHOT.jar!/com/system/mybatis/dao/SysDeptUserMapper.class]
16:07:40,529 DEBUG ClassPathMapperScanner:284 - Identified candidate component class: URL [jar:file:/d:/maven/repository/com/framework/framework-core/0.0.1-SNAPSHOT/framework-core-0.0.1-SNAPSHOT.jar!/com/system/mybatis/dao/SysIndexitemMapper.class]
16:07:40,530 DEBUG ClassPathMapperScanner:284 - Identified candidate component class: URL [jar:file:/d:/maven/repository/com/framework/framework-core/0.0.1-SNAPSHOT/framework-core-0.0.1-SNAPSHOT.jar!/com/system/mybatis/dao/SysLogMapper.class]
16:07:40,531 DEBUG ClassPathMapperScanner:284 - Identified candidate component class: URL [jar:file:/d:/maven/repository/com/framework/framework-core/0.0.1-SNAPSHOT/framework-core-0.0.1-SNAPSHOT.jar!/com/system/mybatis/dao/SysModuleMapper.class]
16:07:40,532 DEBUG ClassPathMapperScanner:284 - Identified candidate component class: URL [jar:file:/d:/maven/repository/com/framework/framework-core/0.0.1-SNAPSHOT/framework-core-0.0.1-SNAPSHOT.jar!/com/system/mybatis/dao/SysRoleFuncMapper.class]
16:07:40,532 DEBUG ClassPathMapperScanner:284 - Identified candidate component class: URL [jar:file:/d:/maven/repository/com/framework/framework-core/0.0.1-SNAPSHOT/framework-core-0.0.1-SNAPSHOT.jar!/com/system/mybatis/dao/SysRoleMapper.class]
16:07:40,533 DEBUG ClassPathMapperScanner:284 - Identified candidate component class: URL [jar:file:/d:/maven/repository/com/framework/framework-core/0.0.1-SNAPSHOT/framework-core-0.0.1-SNAPSHOT.jar!/com/system/mybatis/dao/SysRoleUserMapper.class]
16:07:40,533 DEBUG ClassPathMapperScanner:284 - Identified candidate component class: URL [jar:file:/d:/maven/repository/com/framework/framework-core/0.0.1-SNAPSHOT/framework-core-0.0.1-SNAPSHOT.jar!/com/system/mybatis/dao/SysUserMapper.class]
16:07:40,534 DEBUG ClassPathMapperScanner:284 - Identified candidate component class: URL [jar:file:/d:/maven/repository/com/framework/framework-core/0.0.1-SNAPSHOT/framework-core-0.0.1-SNAPSHOT.jar!/com/system/mybatis/service/IIndexItemService.class]
16:07:40,534 DEBUG ClassPathMapperScanner:290 - Ignored because not a concrete top-level class: URL [jar:file:/d:/maven/repository/com/framework/framework-core/0.0.1-SNAPSHOT/framework-core-0.0.1-SNAPSHOT.jar!/com/system/mybatis/service/impl/IndexItemService.class]
16:07:40,535 DEBUG ClassPathMapperScanner:290 - Ignored because not a concrete top-level class: URL [jar:file:/d:/maven/repository/com/framework/framework-core/0.0.1-SNAPSHOT/framework-core-0.0.1-SNAPSHOT.jar!/com/system/mybatis/service/impl/SysCodeService.class]
16:07:40,535 DEBUG ClassPathMapperScanner:290 - Ignored because not a concrete top-level class: URL [jar:file:/d:/maven/repository/com/framework/framework-core/0.0.1-SNAPSHOT/framework-core-0.0.1-SNAPSHOT.jar!/com/system/mybatis/service/impl/SysDeptServiceImpl.class]
16:07:40,536 DEBUG ClassPathMapperScanner:290 - Ignored because not a concrete top-level class: URL [jar:file:/d:/maven/repository/com/framework/framework-core/0.0.1-SNAPSHOT/framework-core-0.0.1-SNAPSHOT.jar!/com/system/mybatis/service/impl/SysModuleServiceImpl.class]
16:07:40,536 DEBUG ClassPathMapperScanner:290 - Ignored because not a concrete top-level class: URL [jar:file:/d:/maven/repository/com/framework/framework-core/0.0.1-SNAPSHOT/framework-core-0.0.1-SNAPSHOT.jar!/com/system/mybatis/service/impl/SystemLogServiceImpl.class]
16:07:40,537 DEBUG ClassPathMapperScanner:290 - Ignored because not a concrete top-level class: URL [jar:file:/d:/maven/repository/com/framework/framework-core/0.0.1-SNAPSHOT/framework-core-0.0.1-SNAPSHOT.jar!/com/system/mybatis/service/impl/SystemRoleServiceImpl.class]
16:07:40,538 DEBUG ClassPathMapperScanner:290 - Ignored because not a concrete top-level class: URL [jar:file:/d:/maven/repository/com/framework/framework-core/0.0.1-SNAPSHOT/framework-core-0.0.1-SNAPSHOT.jar!/com/system/mybatis/service/impl/SystemUserServiceImpl.class]
16:07:40,538 DEBUG ClassPathMapperScanner:284 - Identified candidate component class: URL [jar:file:/d:/maven/repository/com/framework/framework-core/0.0.1-SNAPSHOT/framework-core-0.0.1-SNAPSHOT.jar!/com/system/mybatis/service/ISysCodeService.class]
16:07:40,538 DEBUG ClassPathMapperScanner:284 - Identified candidate component class: URL [jar:file:/d:/maven/repository/com/framework/framework-core/0.0.1-SNAPSHOT/framework-core-0.0.1-SNAPSHOT.jar!/com/system/mybatis/service/ISysDeptService.class]
16:07:40,539 DEBUG ClassPathMapperScanner:284 - Identified candidate component class: URL [jar:file:/d:/maven/repository/com/framework/framework-core/0.0.1-SNAPSHOT/framework-core-0.0.1-SNAPSHOT.jar!/com/system/mybatis/service/ISysModuleService.class]
16:07:40,539 DEBUG ClassPathMapperScanner:284 - Identified candidate component class: URL [jar:file:/d:/maven/repository/com/framework/framework-core/0.0.1-SNAPSHOT/framework-core-0.0.1-SNAPSHOT.jar!/com/system/mybatis/service/ISystemLogService.class]
16:07:40,539 DEBUG ClassPathMapperScanner:284 - Identified candidate component class: URL [jar:file:/d:/maven/repository/com/framework/framework-core/0.0.1-SNAPSHOT/framework-core-0.0.1-SNAPSHOT.jar!/com/system/mybatis/service/ISystemRoleService.class]
16:07:40,540 DEBUG ClassPathMapperScanner:284 - Identified candidate component class: URL [jar:file:/d:/maven/repository/com/framework/framework-core/0.0.1-SNAPSHOT/framework-core-0.0.1-SNAPSHOT.jar!/com/system/mybatis/service/ISystemUserService.class]
16:07:40,540 DEBUG ClassPathMapperScanner:290 - Ignored because not a concrete top-level class: URL [jar:file:/d:/maven/repository/com/framework/framework-core/0.0.1-SNAPSHOT/framework-core-0.0.1-SNAPSHOT.jar!/com/system/web/code/CodeController.class]
16:07:40,541 DEBUG ClassPathMapperScanner:290 - Ignored because not a concrete top-level class: URL [jar:file:/d:/maven/repository/com/framework/framework-core/0.0.1-SNAPSHOT/framework-core-0.0.1-SNAPSHOT.jar!/com/system/web/custom/CustomController.class]
16:07:40,541 DEBUG ClassPathMapperScanner:290 - Ignored because not a concrete top-level class: URL [jar:file:/d:/maven/repository/com/framework/framework-core/0.0.1-SNAPSHOT/framework-core-0.0.1-SNAPSHOT.jar!/com/system/web/dataindex/IndexItemController.class]
16:07:40,542 DEBUG ClassPathMapperScanner:290 - Ignored because not a concrete top-level class: URL [jar:file:/d:/maven/repository/com/framework/framework-core/0.0.1-SNAPSHOT/framework-core-0.0.1-SNAPSHOT.jar!/com/system/web/DepartmentController.class]
16:07:40,543 DEBUG ClassPathMapperScanner:290 - Ignored because not a concrete top-level class: URL [jar:file:/d:/maven/repository/com/framework/framework-core/0.0.1-SNAPSHOT/framework-core-0.0.1-SNAPSHOT.jar!/com/system/web/RoleController.class]
16:07:40,544 DEBUG ClassPathMapperScanner:290 - Ignored because not a concrete top-level class: URL [jar:file:/d:/maven/repository/com/framework/framework-core/0.0.1-SNAPSHOT/framework-core-0.0.1-SNAPSHOT.jar!/com/system/web/user/UserController.class]
16:07:40,544  WARN ClassPathMapperScanner:223 - Skipping MapperFactoryBean with name 'sysConstant' and 'com.system.common.SysConstant' mapperInterface. Bean already defined with the same name!
16:07:40,544  WARN ClassPathMapperScanner:223 - Skipping MapperFactoryBean with name 'ISysDeptDao' and 'com.system.jpa.repository.ISysDeptDao' mapperInterface. Bean already defined with the same name!
16:07:40,544  WARN ClassPathMapperScanner:223 - Skipping MapperFactoryBean with name 'commSeqMapper' and 'com.system.mybatis.dao.CommSeqMapper' mapperInterface. Bean already defined with the same name!
16:07:40,545  WARN ClassPathMapperScanner:223 - Skipping MapperFactoryBean with name 'sysCodeMapper' and 'com.system.mybatis.dao.SysCodeMapper' mapperInterface. Bean already defined with the same name!
16:07:40,545  WARN ClassPathMapperScanner:223 - Skipping MapperFactoryBean with name 'sysDeptMapper' and 'com.system.mybatis.dao.SysDeptMapper' mapperInterface. Bean already defined with the same name!
16:07:40,545  WARN ClassPathMapperScanner:223 - Skipping MapperFactoryBean with name 'sysDeptUserMapper' and 'com.system.mybatis.dao.SysDeptUserMapper' mapperInterface. Bean already defined with the same name!
16:07:40,545  WARN ClassPathMapperScanner:223 - Skipping MapperFactoryBean with name 'sysIndexitemMapper' and 'com.system.mybatis.dao.SysIndexitemMapper' mapperInterface. Bean already defined with the same name!
16:07:40,545  WARN ClassPathMapperScanner:223 - Skipping MapperFactoryBean with name 'sysLogMapper' and 'com.system.mybatis.dao.SysLogMapper' mapperInterface. Bean already defined with the same name!
16:07:40,546  WARN ClassPathMapperScanner:223 - Skipping MapperFactoryBean with name 'sysModuleMapper' and 'com.system.mybatis.dao.SysModuleMapper' mapperInterface. Bean already defined with the same name!
16:07:40,546  WARN ClassPathMapperScanner:223 - Skipping MapperFactoryBean with name 'sysRoleFuncMapper' and 'com.system.mybatis.dao.SysRoleFuncMapper' mapperInterface. Bean already defined with the same name!
16:07:40,546  WARN ClassPathMapperScanner:223 - Skipping MapperFactoryBean with name 'sysRoleMapper' and 'com.system.mybatis.dao.SysRoleMapper' mapperInterface. Bean already defined with the same name!
16:07:40,546  WARN ClassPathMapperScanner:223 - Skipping MapperFactoryBean with name 'sysRoleUserMapper' and 'com.system.mybatis.dao.SysRoleUserMapper' mapperInterface. Bean already defined with the same name!
16:07:40,546  WARN ClassPathMapperScanner:223 - Skipping MapperFactoryBean with name 'sysUserMapper' and 'com.system.mybatis.dao.SysUserMapper' mapperInterface. Bean already defined with the same name!
16:07:40,547  WARN ClassPathMapperScanner:223 - Skipping MapperFactoryBean with name 'IIndexItemService' and 'com.system.mybatis.service.IIndexItemService' mapperInterface. Bean already defined with the same name!
16:07:40,547  WARN ClassPathMapperScanner:223 - Skipping MapperFactoryBean with name 'ISysCodeService' and 'com.system.mybatis.service.ISysCodeService' mapperInterface. Bean already defined with the same name!
16:07:40,547  WARN ClassPathMapperScanner:223 - Skipping MapperFactoryBean with name 'ISysDeptService' and 'com.system.mybatis.service.ISysDeptService' mapperInterface. Bean already defined with the same name!
16:07:40,548  WARN ClassPathMapperScanner:223 - Skipping MapperFactoryBean with name 'ISysModuleService' and 'com.system.mybatis.service.ISysModuleService' mapperInterface. Bean already defined with the same name!
16:07:40,548  WARN ClassPathMapperScanner:223 - Skipping MapperFactoryBean with name 'ISystemLogService' and 'com.system.mybatis.service.ISystemLogService' mapperInterface. Bean already defined with the same name!
16:07:40,548  WARN ClassPathMapperScanner:223 - Skipping MapperFactoryBean with name 'ISystemRoleService' and 'com.system.mybatis.service.ISystemRoleService' mapperInterface. Bean already defined with the same name!
16:07:40,548  WARN ClassPathMapperScanner:223 - Skipping MapperFactoryBean with name 'ISystemUserService' and 'com.system.mybatis.service.ISystemUserService' mapperInterface. Bean already defined with the same name!
16:07:40,550 DEBUG ClassPathMapperScanner:284 - Identified candidate component class: file [D:\workspace\framework-root\framework-resources\target\classes\com\resources\dao\AttachmentsMapper.class]
16:07:40,550 DEBUG ClassPathMapperScanner:284 - Identified candidate component class: file [D:\workspace\framework-root\framework-resources\target\classes\com\resources\dao\AttaThumbnailMapper.class]
16:07:40,550 DEBUG ClassPathMapperScanner:290 - Ignored because not a concrete top-level class: file [D:\workspace\framework-root\framework-resources\target\classes\com\resources\model\CommAttachments.class]
16:07:40,550 DEBUG ClassPathMapperScanner:290 - Ignored because not a concrete top-level class: file [D:\workspace\framework-root\framework-resources\target\classes\com\resources\model\CommAttaThumbnail.class]
16:07:40,551 DEBUG ClassPathMapperScanner:284 - Identified candidate component class: file [D:\workspace\framework-root\framework-resources\target\classes\com\resources\ResConstant.class]
16:07:40,551 DEBUG ClassPathMapperScanner:284 - Identified candidate component class: file [D:\workspace\framework-root\framework-resources\target\classes\com\resources\services\AttachmentsService.class]
16:07:40,551 DEBUG ClassPathMapperScanner:290 - Ignored because not a concrete top-level class: file [D:\workspace\framework-root\framework-resources\target\classes\com\resources\services\impl\AttachmentsServiceImpl$1.class]
16:07:40,552 DEBUG ClassPathMapperScanner:290 - Ignored because not a concrete top-level class: file [D:\workspace\framework-root\framework-resources\target\classes\com\resources\services\impl\AttachmentsServiceImpl.class]
16:07:40,552 DEBUG ClassPathMapperScanner:290 - Ignored because not a concrete top-level class: file [D:\workspace\framework-root\framework-resources\target\classes\com\resources\web\AttachmentsController.class]
16:07:40,553 DEBUG ClassPathMapperScanner:290 - Ignored because not a concrete top-level class: file [D:\workspace\framework-root\framework-resources\target\classes\com\resources\web\ShareResources.class]
16:07:40,553 DEBUG ClassPathMapperScanner:161 - Creating MapperFactoryBean with name 'attachmentsMapper' and 'com.resources.dao.AttachmentsMapper' mapperInterface
16:07:40,553 DEBUG ClassPathMapperScanner:161 - Creating MapperFactoryBean with name 'attaThumbnailMapper' and 'com.resources.dao.AttaThumbnailMapper' mapperInterface
16:07:40,553 DEBUG ClassPathMapperScanner:161 - Creating MapperFactoryBean with name 'resConstant' and 'com.resources.ResConstant' mapperInterface
16:07:40,553 DEBUG ClassPathMapperScanner:161 - Creating MapperFactoryBean with name 'attachmentsService' and 'com.resources.services.AttachmentsService' mapperInterface
16:07:40,556 DEBUG DefaultListableBeanFactory:220 - Creating shared instance of singleton bean 'org.springframework.beans.factory.config.PropertyPlaceholderConfigurer#0'
16:07:40,556 DEBUG DefaultListableBeanFactory:450 - Creating instance of bean 'org.springframework.beans.factory.config.PropertyPlaceholderConfigurer#0'
16:07:40,556 DEBUG DefaultListableBeanFactory:524 - Eagerly caching bean 'org.springframework.beans.factory.config.PropertyPlaceholderConfigurer#0' to allow for resolving potential circular references
16:07:40,556 DEBUG DefaultListableBeanFactory:478 - Finished creating instance of bean 'org.springframework.beans.factory.config.PropertyPlaceholderConfigurer#0'
16:07:40,557  INFO PropertyPlaceholderConfigurer:172 - Loading properties file from class path resource [config/db.properties]
16:07:40,558 DEBUG DefaultListableBeanFactory:220 - Creating shared instance of singleton bean 'org.springframework.context.annotation.internalAutowiredAnnotationProcessor'
16:07:40,558 DEBUG DefaultListableBeanFactory:450 - Creating instance of bean 'org.springframework.context.annotation.internalAutowiredAnnotationProcessor'
16:07:40,559  INFO AutowiredAnnotationBeanPostProcessor:153 - JSR-330 'javax.inject.Inject' annotation found and supported for autowiring
16:07:40,559 DEBUG DefaultListableBeanFactory:524 - Eagerly caching bean 'org.springframework.context.annotation.internalAutowiredAnnotationProcessor' to allow for resolving potential circular references
16:07:40,559 DEBUG DefaultListableBeanFactory:478 - Finished creating instance of bean 'org.springframework.context.annotation.internalAutowiredAnnotationProcessor'
16:07:40,559 DEBUG DefaultListableBeanFactory:220 - Creating shared instance of singleton bean 'org.springframework.context.annotation.internalRequiredAnnotationProcessor'
16:07:40,559 DEBUG DefaultListableBeanFactory:450 - Creating instance of bean 'org.springframework.context.annotation.internalRequiredAnnotationProcessor'
16:07:40,559 DEBUG DefaultListableBeanFactory:524 - Eagerly caching bean 'org.springframework.context.annotation.internalRequiredAnnotationProcessor' to allow for resolving potential circular references
16:07:40,560 DEBUG DefaultListableBeanFactory:478 - Finished creating instance of bean 'org.springframework.context.annotation.internalRequiredAnnotationProcessor'
16:07:40,560 DEBUG DefaultListableBeanFactory:220 - Creating shared instance of singleton bean 'org.springframework.context.annotation.internalCommonAnnotationProcessor'
16:07:40,560 DEBUG DefaultListableBeanFactory:450 - Creating instance of bean 'org.springframework.context.annotation.internalCommonAnnotationProcessor'
16:07:40,560 DEBUG DefaultListableBeanFactory:524 - Eagerly caching bean 'org.springframework.context.annotation.internalCommonAnnotationProcessor' to allow for resolving potential circular references
16:07:40,560 DEBUG DefaultListableBeanFactory:478 - Finished creating instance of bean 'org.springframework.context.annotation.internalCommonAnnotationProcessor'
16:07:40,560 DEBUG DefaultListableBeanFactory:220 - Creating shared instance of singleton bean 'org.springframework.context.annotation.internalPersistenceAnnotationProcessor'
16:07:40,560 DEBUG DefaultListableBeanFactory:450 - Creating instance of bean 'org.springframework.context.annotation.internalPersistenceAnnotationProcessor'
16:07:40,560 DEBUG DefaultListableBeanFactory:524 - Eagerly caching bean 'org.springframework.context.annotation.internalPersistenceAnnotationProcessor' to allow for resolving potential circular references
16:07:40,561 DEBUG DefaultListableBeanFactory:478 - Finished creating instance of bean 'org.springframework.context.annotation.internalPersistenceAnnotationProcessor'
16:07:40,561 DEBUG DefaultListableBeanFactory:220 - Creating shared instance of singleton bean 'org.springframework.context.annotation.ConfigurationClassPostProcessor.importAwareProcessor'
16:07:40,561 DEBUG DefaultListableBeanFactory:450 - Creating instance of bean 'org.springframework.context.annotation.ConfigurationClassPostProcessor.importAwareProcessor'
16:07:40,561 DEBUG DefaultListableBeanFactory:524 - Eagerly caching bean 'org.springframework.context.annotation.ConfigurationClassPostProcessor.importAwareProcessor' to allow for resolving potential circular references
16:07:40,561 DEBUG DefaultListableBeanFactory:478 - Finished creating instance of bean 'org.springframework.context.annotation.ConfigurationClassPostProcessor.importAwareProcessor'
16:07:40,561 DEBUG DefaultListableBeanFactory:220 - Creating shared instance of singleton bean 'org.springframework.context.annotation.ConfigurationClassPostProcessor.enhancedConfigurationProcessor'
16:07:40,561 DEBUG DefaultListableBeanFactory:450 - Creating instance of bean 'org.springframework.context.annotation.ConfigurationClassPostProcessor.enhancedConfigurationProcessor'
16:07:40,562 DEBUG DefaultListableBeanFactory:524 - Eagerly caching bean 'org.springframework.context.annotation.ConfigurationClassPostProcessor.enhancedConfigurationProcessor' to allow for resolving potential circular references
16:07:40,562 DEBUG DefaultListableBeanFactory:478 - Finished creating instance of bean 'org.springframework.context.annotation.ConfigurationClassPostProcessor.enhancedConfigurationProcessor'
16:07:40,562 DEBUG DefaultListableBeanFactory:220 - Creating shared instance of singleton bean 'org.springframework.aop.config.internalAutoProxyCreator'
16:07:40,562 DEBUG DefaultListableBeanFactory:450 - Creating instance of bean 'org.springframework.aop.config.internalAutoProxyCreator'
16:07:40,563 DEBUG DefaultListableBeanFactory:524 - Eagerly caching bean 'org.springframework.aop.config.internalAutoProxyCreator' to allow for resolving potential circular references
16:07:40,563 DEBUG DefaultListableBeanFactory:478 - Finished creating instance of bean 'org.springframework.aop.config.internalAutoProxyCreator'
16:07:40,563 DEBUG GenericApplicationContext:646 - Unable to locate MessageSource with name 'messageSource': using default [org.springframework.context.support.DelegatingMessageSource@33fe4a6d]
16:07:40,564 DEBUG GenericApplicationContext:670 - Unable to locate ApplicationEventMulticaster with name 'applicationEventMulticaster': using default [org.springframework.context.event.SimpleApplicationEventMulticaster@7bc854c5]
16:07:40,567 DEBUG DefaultListableBeanFactory:691 - Pre-instantiating singletons in org.springframework.beans.factory.support.DefaultListableBeanFactory@170b69b2: defining beans [org.springframework.beans.factory.config.PropertyPlaceholderConfigurer#0,dataSource,validator,controlAdvice,sessionManager,org.springframework.context.annotation.internalConfigurationAnnotationProcessor,org.springframework.context.annotation.internalAutowiredAnnotationProcessor,org.springframework.context.annotation.internalRequiredAnnotationProcessor,org.springframework.context.annotation.internalCommonAnnotationProcessor,org.springframework.context.annotation.internalPersistenceAnnotationProcessor,queryParamAop,org.springframework.aop.config.internalAutoProxyCreator,org.springframework.transaction.annotation.AnnotationTransactionAttributeSource#0,org.springframework.transaction.interceptor.TransactionInterceptor#0,org.springframework.transaction.config.internalTransactionAdvisor,sqlSessionFactory,myBatisExceptionTranslator,org.mybatis.spring.mapper.MapperScannerConfigurer#0,transactionManager,indexItemService,sysCodeService,sysDeptServiceImpl,sysModuleServiceImpl,systemLogServiceImpl,systemRoleServiceImpl,systemUserServiceImpl,systemLogAOP,commonServiceImpl,configProperties,attachmentsServiceImpl,attachmentsController,shareResources,iM4ImageHandler,imageService,org.mybatis.spring.mapper.MapperScannerConfigurer#1,org.springframework.context.annotation.ConfigurationClassPostProcessor.importAwareProcessor,org.springframework.context.annotation.ConfigurationClassPostProcessor.enhancedConfigurationProcessor,sysConstant,ISysDeptDao,commSeqMapper,sysCodeMapper,sysDeptMapper,sysDeptUserMapper,sysIndexitemMapper,sysLogMapper,sysModuleMapper,sysRoleFuncMapper,sysRoleMapper,sysRoleUserMapper,sysUserMapper,IIndexItemService,ISysCodeService,ISysDeptService,ISysModuleService,ISystemLogService,ISystemRoleService,ISystemUserService,attachmentsMapper,attaThumbnailMapper,resConstant,attachmentsService]; root of factory hierarchy
16:07:40,567 DEBUG DefaultListableBeanFactory:247 - Returning cached instance of singleton bean 'org.springframework.beans.factory.config.PropertyPlaceholderConfigurer#0'
16:07:40,567 DEBUG DefaultListableBeanFactory:220 - Creating shared instance of singleton bean 'dataSource'
16:07:40,567 DEBUG DefaultListableBeanFactory:450 - Creating instance of bean 'dataSource'
16:07:40,568 DEBUG DefaultListableBeanFactory:220 - Creating shared instance of singleton bean 'org.springframework.transaction.config.internalTransactionAdvisor'
16:07:40,569 DEBUG DefaultListableBeanFactory:450 - Creating instance of bean 'org.springframework.transaction.config.internalTransactionAdvisor'
16:07:40,569 DEBUG DefaultListableBeanFactory:524 - Eagerly caching bean 'org.springframework.transaction.config.internalTransactionAdvisor' to allow for resolving potential circular references
16:07:40,570 DEBUG DefaultListableBeanFactory:220 - Creating shared instance of singleton bean 'org.springframework.transaction.annotation.AnnotationTransactionAttributeSource#0'
16:07:40,570 DEBUG DefaultListableBeanFactory:450 - Creating instance of bean 'org.springframework.transaction.annotation.AnnotationTransactionAttributeSource#0'
16:07:40,570 DEBUG BeanFactoryAdvisorRetrievalHelper:87 - Skipping currently created advisor 'org.springframework.transaction.config.internalTransactionAdvisor'
16:07:40,572 DEBUG ReflectiveAspectJAdvisorFactory:221 - Found AspectJ method: public java.lang.Object com.framework.common.aspect.QueryParamAop.actionAopAround(org.aspectj.lang.ProceedingJoinPoint,com.framework.mybatis.model.QueryModel,java.lang.Integer,java.lang.Integer) throws java.lang.Throwable
16:07:40,572 DEBUG ReflectiveAspectJAdvisorFactory:221 - Found AspectJ method: public void com.framework.common.aspect.QueryParamAop.beforeAction(org.aspectj.lang.JoinPoint,com.framework.mybatis.model.QueryModel,java.lang.Integer,java.lang.Integer)
16:07:40,574 DEBUG ReflectiveAspectJAdvisorFactory:221 - Found AspectJ method: public void com.framework.mybatis.aspect.SystemLogAOP.doBefore(org.aspectj.lang.JoinPoint)
16:07:40,574 DEBUG ReflectiveAspectJAdvisorFactory:221 - Found AspectJ method: public void com.framework.mybatis.aspect.SystemLogAOP.doAfterThrowing(org.aspectj.lang.JoinPoint,java.lang.Throwable)
16:07:40,576 DEBUG DefaultListableBeanFactory:524 - Eagerly caching bean 'org.springframework.transaction.annotation.AnnotationTransactionAttributeSource#0' to allow for resolving potential circular references
16:07:40,577 DEBUG BeanFactoryAdvisorRetrievalHelper:87 - Skipping currently created advisor 'org.springframework.transaction.config.internalTransactionAdvisor'
16:07:40,577 DEBUG BeanFactoryAdvisorRetrievalHelper:87 - Skipping currently created advisor 'org.springframework.transaction.config.internalTransactionAdvisor'
16:07:40,587 DEBUG DefaultListableBeanFactory:478 - Finished creating instance of bean 'org.springframework.transaction.annotation.AnnotationTransactionAttributeSource#0'
16:07:40,588 DEBUG DefaultListableBeanFactory:478 - Finished creating instance of bean 'org.springframework.transaction.config.internalTransactionAdvisor'
16:07:40,604 DEBUG DefaultListableBeanFactory:524 - Eagerly caching bean 'dataSource' to allow for resolving potential circular references
16:07:40,606 DEBUG DefaultListableBeanFactory:247 - Returning cached instance of singleton bean 'org.springframework.transaction.config.internalTransactionAdvisor'
16:07:40,606 DEBUG DefaultListableBeanFactory:247 - Returning cached instance of singleton bean 'org.springframework.transaction.config.internalTransactionAdvisor'
16:07:40,917 DEBUG DefaultListableBeanFactory:478 - Finished creating instance of bean 'dataSource'
16:07:40,918 DEBUG DefaultListableBeanFactory:220 - Creating shared instance of singleton bean 'validator'
16:07:40,918 DEBUG DefaultListableBeanFactory:450 - Creating instance of bean 'validator'
16:07:40,918 DEBUG DefaultListableBeanFactory:247 - Returning cached instance of singleton bean 'org.springframework.transaction.config.internalTransactionAdvisor'
16:07:40,918 DEBUG DefaultListableBeanFactory:524 - Eagerly caching bean 'validator' to allow for resolving potential circular references
16:07:40,918 DEBUG DefaultListableBeanFactory:1610 - Invoking afterPropertiesSet() on bean with name 'validator'
16:07:40,919 DEBUG DefaultTraversableResolver:103 - Found javax.persistence.Persistence on classpath containing 'getPersistenceUtil'. Assuming JPA 2 environment. Trying to instantiate JPA aware TraversableResolver
16:07:40,919 DEBUG DefaultTraversableResolver:114 - Instantiated JPA aware TraversableResolver of type org.hibernate.validator.internal.engine.resolver.JPATraversableResolver.
16:07:40,919 DEBUG ConfigurationImpl:145 - Setting custom MessageInterpolator of type org.springframework.validation.beanvalidation.LocaleContextMessageInterpolator
16:07:40,920 DEBUG ConfigurationImpl:167 - Setting custom ConstraintValidatorFactory of type org.springframework.validation.beanvalidation.SpringConstraintValidatorFactory
16:07:40,920 DEBUG ConfigurationImpl:181 - Setting custom ParameterNameProvider of type com.sun.proxy.$Proxy33
16:07:40,921 DEBUG ValidationXmlParser:90 - Trying to load META-INF/validation.xml for XML based Validator configuration.
16:07:40,921 DEBUG ResourceLoaderHelper:54 - Trying to load META-INF/validation.xml via TCCL
16:07:40,921 DEBUG ResourceLoaderHelper:60 - Trying to load META-INF/validation.xml via Hibernate Validator's class loader
16:07:40,921 DEBUG ValidationXmlParser:97 - No META-INF/validation.xml found. Using annotation based configuration only.
16:07:40,923 DEBUG DefaultListableBeanFactory:247 - Returning cached instance of singleton bean 'org.springframework.transaction.config.internalTransactionAdvisor'
16:07:40,923 DEBUG DefaultListableBeanFactory:247 - Returning cached instance of singleton bean 'org.springframework.transaction.config.internalTransactionAdvisor'
16:07:40,954 DEBUG DefaultListableBeanFactory:478 - Finished creating instance of bean 'validator'
16:07:40,955 DEBUG DefaultListableBeanFactory:220 - Creating shared instance of singleton bean 'controlAdvice'
16:07:40,955 DEBUG DefaultListableBeanFactory:450 - Creating instance of bean 'controlAdvice'
16:07:40,955 DEBUG DefaultListableBeanFactory:247 - Returning cached instance of singleton bean 'org.springframework.transaction.config.internalTransactionAdvisor'
16:07:40,956 DEBUG DefaultListableBeanFactory:524 - Eagerly caching bean 'controlAdvice' to allow for resolving potential circular references
16:07:40,956 DEBUG DefaultListableBeanFactory:247 - Returning cached instance of singleton bean 'org.springframework.transaction.config.internalTransactionAdvisor'
16:07:40,957 DEBUG DefaultListableBeanFactory:247 - Returning cached instance of singleton bean 'org.springframework.transaction.config.internalTransactionAdvisor'
16:07:40,961 DEBUG DefaultListableBeanFactory:478 - Finished creating instance of bean 'controlAdvice'
16:07:40,962 DEBUG DefaultListableBeanFactory:220 - Creating shared instance of singleton bean 'sessionManager'
16:07:40,962 DEBUG DefaultListableBeanFactory:450 - Creating instance of bean 'sessionManager'
16:07:40,962 DEBUG DefaultListableBeanFactory:247 - Returning cached instance of singleton bean 'org.springframework.transaction.config.internalTransactionAdvisor'
16:07:40,962 DEBUG DefaultListableBeanFactory:524 - Eagerly caching bean 'sessionManager' to allow for resolving potential circular references
16:07:40,963 DEBUG DefaultListableBeanFactory:247 - Returning cached instance of singleton bean 'org.springframework.transaction.config.internalTransactionAdvisor'
16:07:40,963 DEBUG DefaultListableBeanFactory:247 - Returning cached instance of singleton bean 'org.springframework.transaction.config.internalTransactionAdvisor'
16:07:40,969 DEBUG DefaultListableBeanFactory:478 - Finished creating instance of bean 'sessionManager'
16:07:40,969 DEBUG DefaultListableBeanFactory:247 - Returning cached instance of singleton bean 'org.springframework.context.annotation.internalConfigurationAnnotationProcessor'
16:07:40,969 DEBUG DefaultListableBeanFactory:247 - Returning cached instance of singleton bean 'org.springframework.context.annotation.internalAutowiredAnnotationProcessor'
16:07:40,970 DEBUG DefaultListableBeanFactory:247 - Returning cached instance of singleton bean 'org.springframework.context.annotation.internalRequiredAnnotationProcessor'
16:07:40,970 DEBUG DefaultListableBeanFactory:247 - Returning cached instance of singleton bean 'org.springframework.context.annotation.internalCommonAnnotationProcessor'
16:07:40,970 DEBUG DefaultListableBeanFactory:247 - Returning cached instance of singleton bean 'org.springframework.context.annotation.internalPersistenceAnnotationProcessor'
16:07:40,970 DEBUG DefaultListableBeanFactory:220 - Creating shared instance of singleton bean 'queryParamAop'
16:07:40,970 DEBUG DefaultListableBeanFactory:450 - Creating instance of bean 'queryParamAop'
16:07:40,971 DEBUG DefaultListableBeanFactory:524 - Eagerly caching bean 'queryParamAop' to allow for resolving potential circular references
16:07:40,971 DEBUG DefaultListableBeanFactory:478 - Finished creating instance of bean 'queryParamAop'
16:07:40,971 DEBUG DefaultListableBeanFactory:247 - Returning cached instance of singleton bean 'org.springframework.aop.config.internalAutoProxyCreator'
16:07:40,971 DEBUG DefaultListableBeanFactory:247 - Returning cached instance of singleton bean 'org.springframework.transaction.annotation.AnnotationTransactionAttributeSource#0'
16:07:40,971 DEBUG DefaultListableBeanFactory:220 - Creating shared instance of singleton bean 'org.springframework.transaction.interceptor.TransactionInterceptor#0'
16:07:40,972 DEBUG DefaultListableBeanFactory:450 - Creating instance of bean 'org.springframework.transaction.interceptor.TransactionInterceptor#0'
16:07:40,972 DEBUG DefaultListableBeanFactory:524 - Eagerly caching bean 'org.springframework.transaction.interceptor.TransactionInterceptor#0' to allow for resolving potential circular references
16:07:40,973 DEBUG DefaultListableBeanFactory:247 - Returning cached instance of singleton bean 'org.springframework.transaction.annotation.AnnotationTransactionAttributeSource#0'
16:07:40,973 DEBUG DefaultListableBeanFactory:1610 - Invoking afterPropertiesSet() on bean with name 'org.springframework.transaction.interceptor.TransactionInterceptor#0'
16:07:40,973 DEBUG DefaultListableBeanFactory:478 - Finished creating instance of bean 'org.springframework.transaction.interceptor.TransactionInterceptor#0'
16:07:40,973 DEBUG DefaultListableBeanFactory:247 - Returning cached instance of singleton bean 'org.springframework.transaction.config.internalTransactionAdvisor'
16:07:40,973 DEBUG DefaultListableBeanFactory:220 - Creating shared instance of singleton bean 'sqlSessionFactory'
16:07:40,973 DEBUG DefaultListableBeanFactory:450 - Creating instance of bean 'sqlSessionFactory'
16:07:40,973 DEBUG DefaultListableBeanFactory:247 - Returning cached instance of singleton bean 'org.springframework.transaction.config.internalTransactionAdvisor'
16:07:40,974 DEBUG DefaultListableBeanFactory:524 - Eagerly caching bean 'sqlSessionFactory' to allow for resolving potential circular references
16:07:40,974 DEBUG DefaultListableBeanFactory:247 - Returning cached instance of singleton bean 'dataSource'
16:07:40,976 DEBUG DefaultListableBeanFactory:1610 - Invoking afterPropertiesSet() on bean with name 'sqlSessionFactory'
16:07:40,981 DEBUG PageInterceptor:130 - {}
16:07:40,982 DEBUG PageInterceptor:119 - {defaultPageSize=10}
16:07:40,988 DEBUG SqlSessionFactoryBean:427 - Parsed configuration file: 'class path resource [context/mybatis-config.xml]'
16:07:41,032 DEBUG SqlSessionFactoryBean:468 - Parsed mapper file: 'file [D:\workspace\framework-root\framework-resources\target\test-classes\context\mapper\AttachmentsMapper.xml]'
16:07:41,051 DEBUG SqlSessionFactoryBean:468 - Parsed mapper file: 'file [D:\workspace\framework-root\framework-resources\target\test-classes\context\mapper\AttaThumbnailMapper.xml]'
16:07:41,072 DEBUG SqlSessionFactoryBean:468 - Parsed mapper file: 'file [D:\workspace\framework-root\framework-resources\target\test-classes\context\mapper\CommSeqMapper.xml]'
16:07:41,108 DEBUG SqlSessionFactoryBean:468 - Parsed mapper file: 'file [D:\workspace\framework-root\framework-resources\target\test-classes\context\mapper\PublicMapper.xml]'
16:07:41,135 DEBUG SqlSessionFactoryBean:468 - Parsed mapper file: 'file [D:\workspace\framework-root\framework-resources\target\test-classes\context\mapper\SysCodeMapper.xml]'
16:07:41,160 DEBUG SqlSessionFactoryBean:468 - Parsed mapper file: 'file [D:\workspace\framework-root\framework-resources\target\test-classes\context\mapper\SysDeptMapper.xml]'
16:07:41,184 DEBUG SqlSessionFactoryBean:468 - Parsed mapper file: 'file [D:\workspace\framework-root\framework-resources\target\test-classes\context\mapper\SysDeptUserMapper.xml]'
16:07:41,211 DEBUG SqlSessionFactoryBean:468 - Parsed mapper file: 'file [D:\workspace\framework-root\framework-resources\target\test-classes\context\mapper\SysIndexitemMapper.xml]'
16:07:41,249 DEBUG SqlSessionFactoryBean:468 - Parsed mapper file: 'file [D:\workspace\framework-root\framework-resources\target\test-classes\context\mapper\SysLogMapper.xml]'
16:07:41,277 DEBUG SqlSessionFactoryBean:468 - Parsed mapper file: 'file [D:\workspace\framework-root\framework-resources\target\test-classes\context\mapper\SysModuleMapper.xml]'
16:07:41,292 DEBUG SqlSessionFactoryBean:468 - Parsed mapper file: 'file [D:\workspace\framework-root\framework-resources\target\test-classes\context\mapper\SysRoleFuncMapper.xml]'
16:07:41,316 DEBUG SqlSessionFactoryBean:468 - Parsed mapper file: 'file [D:\workspace\framework-root\framework-resources\target\test-classes\context\mapper\SysRoleMapper.xml]'
16:07:41,330 DEBUG SqlSessionFactoryBean:468 - Parsed mapper file: 'file [D:\workspace\framework-root\framework-resources\target\test-classes\context\mapper\SysRoleUserMapper.xml]'
16:07:41,357 DEBUG SqlSessionFactoryBean:468 - Parsed mapper file: 'file [D:\workspace\framework-root\framework-resources\target\test-classes\context\mapper\SysUserMapper.xml]'
16:07:41,366  WARN GenericApplicationContext:487 - Exception encountered during context initialization - cancelling refresh attempt
org.springframework.beans.factory.BeanCreationException: Error creating bean with name 'sqlSessionFactory' defined in class path resource [config/application-core.xml]: Invocation of init method failed; nested exception is org.springframework.core.NestedIOException: Failed to parse mapping resource: 'file [D:\workspace\framework-root\framework-resources\target\classes\context\mapper\AttachmentsMapper.xml]'; nested exception is org.apache.ibatis.builder.BuilderException: Error parsing Mapper XML. Cause: java.lang.IllegalArgumentException: Result Maps collection already contains value for com.resources.dao.AttachmentsMapper.BaseResultMap
	at org.springframework.beans.factory.support.AbstractAutowireCapableBeanFactory.initializeBean(AbstractAutowireCapableBeanFactory.java:1568)
	at org.springframework.beans.factory.support.AbstractAutowireCapableBeanFactory.doCreateBean(AbstractAutowireCapableBeanFactory.java:540)
	at org.springframework.beans.factory.support.AbstractAutowireCapableBeanFactory.createBean(AbstractAutowireCapableBeanFactory.java:476)
	at org.springframework.beans.factory.support.AbstractBeanFactory$1.getObject(AbstractBeanFactory.java:302)
	at org.springframework.beans.factory.support.DefaultSingletonBeanRegistry.getSingleton(DefaultSingletonBeanRegistry.java:229)
	at org.springframework.beans.factory.support.AbstractBeanFactory.doGetBean(AbstractBeanFactory.java:298)
	at org.springframework.beans.factory.support.AbstractBeanFactory.getBean(AbstractBeanFactory.java:193)
	at org.springframework.beans.factory.support.DefaultListableBeanFactory.preInstantiateSingletons(DefaultListableBeanFactory.java:706)
	at org.springframework.context.support.AbstractApplicationContext.finishBeanFactoryInitialization(AbstractApplicationContext.java:757)
	at org.springframework.context.support.AbstractApplicationContext.refresh(AbstractApplicationContext.java:480)
	at org.springframework.test.context.support.AbstractGenericContextLoader.loadContext(AbstractGenericContextLoader.java:125)
	at org.springframework.test.context.support.AbstractGenericContextLoader.loadContext(AbstractGenericContextLoader.java:60)
	at org.springframework.test.context.support.AbstractDelegatingSmartContextLoader.delegateLoading(AbstractDelegatingSmartContextLoader.java:108)
	at org.springframework.test.context.support.AbstractDelegatingSmartContextLoader.loadContext(AbstractDelegatingSmartContextLoader.java:260)
	at org.springframework.test.context.DefaultCacheAwareContextLoaderDelegate.loadContextInternal(DefaultCacheAwareContextLoaderDelegate.java:63)
	at org.springframework.test.context.DefaultCacheAwareContextLoaderDelegate.loadContext(DefaultCacheAwareContextLoaderDelegate.java:83)
	at org.springframework.test.context.DefaultTestContext.getApplicationContext(DefaultTestContext.java:74)
	at org.springframework.test.context.support.DependencyInjectionTestExecutionListener.injectDependencies(DependencyInjectionTestExecutionListener.java:116)
	at org.springframework.test.context.support.DependencyInjectionTestExecutionListener.prepareTestInstance(DependencyInjectionTestExecutionListener.java:82)
	at org.springframework.test.context.TestContextManager.prepareTestInstance(TestContextManager.java:212)
	at org.springframework.test.context.junit4.SpringJUnit4ClassRunner.createTest(SpringJUnit4ClassRunner.java:199)
	at org.springframework.test.context.junit4.SpringJUnit4ClassRunner$1.runReflectiveCall(SpringJUnit4ClassRunner.java:251)
	at org.junit.internal.runners.model.ReflectiveCallable.run(ReflectiveCallable.java:12)
	at org.springframework.test.context.junit4.SpringJUnit4ClassRunner.methodBlock(SpringJUnit4ClassRunner.java:253)
	at org.springframework.test.context.junit4.SpringJUnit4ClassRunner.runChild(SpringJUnit4ClassRunner.java:216)
	at org.springframework.test.context.junit4.SpringJUnit4ClassRunner.runChild(SpringJUnit4ClassRunner.java:82)
	at org.junit.runners.ParentRunner$3.run(ParentRunner.java:238)
	at org.junit.runners.ParentRunner$1.schedule(ParentRunner.java:63)
	at org.junit.runners.ParentRunner.runChildren(ParentRunner.java:236)
	at org.junit.runners.ParentRunner.access$000(ParentRunner.java:53)
	at org.junit.runners.ParentRunner$2.evaluate(ParentRunner.java:229)
	at org.springframework.test.context.junit4.statements.RunBeforeTestClassCallbacks.evaluate(RunBeforeTestClassCallbacks.java:60)
	at org.springframework.test.context.junit4.statements.RunAfterTestClassCallbacks.evaluate(RunAfterTestClassCallbacks.java:67)
	at org.junit.runners.ParentRunner.run(ParentRunner.java:309)
	at org.springframework.test.context.junit4.SpringJUnit4ClassRunner.run(SpringJUnit4ClassRunner.java:162)
	at org.apache.maven.surefire.junit4.JUnit4Provider.execute(JUnit4Provider.java:344)
	at org.apache.maven.surefire.junit4.JUnit4Provider.executeWithRerun(JUnit4Provider.java:269)
	at org.apache.maven.surefire.junit4.JUnit4Provider.executeTestSet(JUnit4Provider.java:240)
	at org.apache.maven.surefire.junit4.JUnit4Provider.invoke(JUnit4Provider.java:184)
	at org.apache.maven.surefire.booter.ForkedBooter.invokeProviderInSameClassLoader(ForkedBooter.java:286)
	at org.apache.maven.surefire.booter.ForkedBooter.runSuitesInProcess(ForkedBooter.java:240)
	at org.apache.maven.surefire.booter.ForkedBooter.main(ForkedBooter.java:121)
Caused by: org.springframework.core.NestedIOException: Failed to parse mapping resource: 'file [D:\workspace\framework-root\framework-resources\target\classes\context\mapper\AttachmentsMapper.xml]'; nested exception is org.apache.ibatis.builder.BuilderException: Error parsing Mapper XML. Cause: java.lang.IllegalArgumentException: Result Maps collection already contains value for com.resources.dao.AttachmentsMapper.BaseResultMap
	at org.mybatis.spring.SqlSessionFactoryBean.buildSqlSessionFactory(SqlSessionFactoryBean.java:462)
	at org.mybatis.spring.SqlSessionFactoryBean.afterPropertiesSet(SqlSessionFactoryBean.java:336)
	at org.springframework.beans.factory.support.AbstractAutowireCapableBeanFactory.invokeInitMethods(AbstractAutowireCapableBeanFactory.java:1627)
	at org.springframework.beans.factory.support.AbstractAutowireCapableBeanFactory.initializeBean(AbstractAutowireCapableBeanFactory.java:1564)
	... 41 more
Caused by: org.apache.ibatis.builder.BuilderException: Error parsing Mapper XML. Cause: java.lang.IllegalArgumentException: Result Maps collection already contains value for com.resources.dao.AttachmentsMapper.BaseResultMap
	at org.apache.ibatis.builder.xml.XMLMapperBuilder.configurationElement(XMLMapperBuilder.java:117)
	at org.apache.ibatis.builder.xml.XMLMapperBuilder.parse(XMLMapperBuilder.java:89)
	at org.mybatis.spring.SqlSessionFactoryBean.buildSqlSessionFactory(SqlSessionFactoryBean.java:460)
	... 44 more
Caused by: java.lang.IllegalArgumentException: Result Maps collection already contains value for com.resources.dao.AttachmentsMapper.BaseResultMap
	at org.apache.ibatis.session.Configuration$StrictMap.put(Configuration.java:782)
	at org.apache.ibatis.session.Configuration$StrictMap.put(Configuration.java:754)
	at org.apache.ibatis.session.Configuration.addResultMap(Configuration.java:536)
	at org.apache.ibatis.builder.MapperBuilderAssistant.addResultMap(MapperBuilderAssistant.java:204)
	at org.apache.ibatis.builder.ResultMapResolver.resolve(ResultMapResolver.java:44)
	at org.apache.ibatis.builder.xml.XMLMapperBuilder.resultMapElement(XMLMapperBuilder.java:281)
	at org.apache.ibatis.builder.xml.XMLMapperBuilder.resultMapElement(XMLMapperBuilder.java:248)
	at org.apache.ibatis.builder.xml.XMLMapperBuilder.resultMapElements(XMLMapperBuilder.java:240)
	at org.apache.ibatis.builder.xml.XMLMapperBuilder.configurationElement(XMLMapperBuilder.java:113)
	... 46 more
16:07:41,368 DEBUG DefaultListableBeanFactory:499 - Destroying singletons in org.springframework.beans.factory.support.DefaultListableBeanFactory@170b69b2: defining beans [org.springframework.beans.factory.config.PropertyPlaceholderConfigurer#0,dataSource,validator,controlAdvice,sessionManager,org.springframework.context.annotation.internalConfigurationAnnotationProcessor,org.springframework.context.annotation.internalAutowiredAnnotationProcessor,org.springframework.context.annotation.internalRequiredAnnotationProcessor,org.springframework.context.annotation.internalCommonAnnotationProcessor,org.springframework.context.annotation.internalPersistenceAnnotationProcessor,queryParamAop,org.springframework.aop.config.internalAutoProxyCreator,org.springframework.transaction.annotation.AnnotationTransactionAttributeSource#0,org.springframework.transaction.interceptor.TransactionInterceptor#0,org.springframework.transaction.config.internalTransactionAdvisor,sqlSessionFactory,myBatisExceptionTranslator,org.mybatis.spring.mapper.MapperScannerConfigurer#0,transactionManager,indexItemService,sysCodeService,sysDeptServiceImpl,sysModuleServiceImpl,systemLogServiceImpl,systemRoleServiceImpl,systemUserServiceImpl,systemLogAOP,commonServiceImpl,configProperties,attachmentsServiceImpl,attachmentsController,shareResources,iM4ImageHandler,imageService,org.mybatis.spring.mapper.MapperScannerConfigurer#1,org.springframework.context.annotation.ConfigurationClassPostProcessor.importAwareProcessor,org.springframework.context.annotation.ConfigurationClassPostProcessor.enhancedConfigurationProcessor,sysConstant,ISysDeptDao,commSeqMapper,sysCodeMapper,sysDeptMapper,sysDeptUserMapper,sysIndexitemMapper,sysLogMapper,sysModuleMapper,sysRoleFuncMapper,sysRoleMapper,sysRoleUserMapper,sysUserMapper,IIndexItemService,ISysCodeService,ISysDeptService,ISysModuleService,ISystemLogService,ISystemRoleService,ISystemUserService,attachmentsMapper,attaThumbnailMapper,resConstant,attachmentsService]; root of factory hierarchy
16:07:41,368 DEBUG DisposableBeanAdapter:245 - Invoking destroy() on bean with name 'validator'
16:07:41,368 DEBUG DisposableBeanAdapter:323 - Invoking destroy method 'close' on bean with name 'dataSource'
16:07:41,369 ERROR TestContextManager:215 - Caught exception while allowing TestExecutionListener [org.springframework.test.context.support.DependencyInjectionTestExecutionListener@3076270e] to prepare test instance [com.framework.resources.services.AttachmentsServiceTest@807ff95]
java.lang.IllegalStateException: Failed to load ApplicationContext
	at org.springframework.test.context.DefaultCacheAwareContextLoaderDelegate.loadContext(DefaultCacheAwareContextLoaderDelegate.java:91)
	at org.springframework.test.context.DefaultTestContext.getApplicationContext(DefaultTestContext.java:74)
	at org.springframework.test.context.support.DependencyInjectionTestExecutionListener.injectDependencies(DependencyInjectionTestExecutionListener.java:116)
	at org.springframework.test.context.support.DependencyInjectionTestExecutionListener.prepareTestInstance(DependencyInjectionTestExecutionListener.java:82)
	at org.springframework.test.context.TestContextManager.prepareTestInstance(TestContextManager.java:212)
	at org.springframework.test.context.junit4.SpringJUnit4ClassRunner.createTest(SpringJUnit4ClassRunner.java:199)
	at org.springframework.test.context.junit4.SpringJUnit4ClassRunner$1.runReflectiveCall(SpringJUnit4ClassRunner.java:251)
	at org.junit.internal.runners.model.ReflectiveCallable.run(ReflectiveCallable.java:12)
	at org.springframework.test.context.junit4.SpringJUnit4ClassRunner.methodBlock(SpringJUnit4ClassRunner.java:253)
	at org.springframework.test.context.junit4.SpringJUnit4ClassRunner.runChild(SpringJUnit4ClassRunner.java:216)
	at org.springframework.test.context.junit4.SpringJUnit4ClassRunner.runChild(SpringJUnit4ClassRunner.java:82)
	at org.junit.runners.ParentRunner$3.run(ParentRunner.java:238)
	at org.junit.runners.ParentRunner$1.schedule(ParentRunner.java:63)
	at org.junit.runners.ParentRunner.runChildren(ParentRunner.java:236)
	at org.junit.runners.ParentRunner.access$000(ParentRunner.java:53)
	at org.junit.runners.ParentRunner$2.evaluate(ParentRunner.java:229)
	at org.springframework.test.context.junit4.statements.RunBeforeTestClassCallbacks.evaluate(RunBeforeTestClassCallbacks.java:60)
	at org.springframework.test.context.junit4.statements.RunAfterTestClassCallbacks.evaluate(RunAfterTestClassCallbacks.java:67)
	at org.junit.runners.ParentRunner.run(ParentRunner.java:309)
	at org.springframework.test.context.junit4.SpringJUnit4ClassRunner.run(SpringJUnit4ClassRunner.java:162)
	at org.apache.maven.surefire.junit4.JUnit4Provider.execute(JUnit4Provider.java:344)
	at org.apache.maven.surefire.junit4.JUnit4Provider.executeWithRerun(JUnit4Provider.java:269)
	at org.apache.maven.surefire.junit4.JUnit4Provider.executeTestSet(JUnit4Provider.java:240)
	at org.apache.maven.surefire.junit4.JUnit4Provider.invoke(JUnit4Provider.java:184)
	at org.apache.maven.surefire.booter.ForkedBooter.invokeProviderInSameClassLoader(ForkedBooter.java:286)
	at org.apache.maven.surefire.booter.ForkedBooter.runSuitesInProcess(ForkedBooter.java:240)
	at org.apache.maven.surefire.booter.ForkedBooter.main(ForkedBooter.java:121)
Caused by: org.springframework.beans.factory.BeanCreationException: Error creating bean with name 'sqlSessionFactory' defined in class path resource [config/application-core.xml]: Invocation of init method failed; nested exception is org.springframework.core.NestedIOException: Failed to parse mapping resource: 'file [D:\workspace\framework-root\framework-resources\target\classes\context\mapper\AttachmentsMapper.xml]'; nested exception is org.apache.ibatis.builder.BuilderException: Error parsing Mapper XML. Cause: java.lang.IllegalArgumentException: Result Maps collection already contains value for com.resources.dao.AttachmentsMapper.BaseResultMap
	at org.springframework.beans.factory.support.AbstractAutowireCapableBeanFactory.initializeBean(AbstractAutowireCapableBeanFactory.java:1568)
	at org.springframework.beans.factory.support.AbstractAutowireCapableBeanFactory.doCreateBean(AbstractAutowireCapableBeanFactory.java:540)
	at org.springframework.beans.factory.support.AbstractAutowireCapableBeanFactory.createBean(AbstractAutowireCapableBeanFactory.java:476)
	at org.springframework.beans.factory.support.AbstractBeanFactory$1.getObject(AbstractBeanFactory.java:302)
	at org.springframework.beans.factory.support.DefaultSingletonBeanRegistry.getSingleton(DefaultSingletonBeanRegistry.java:229)
	at org.springframework.beans.factory.support.AbstractBeanFactory.doGetBean(AbstractBeanFactory.java:298)
	at org.springframework.beans.factory.support.AbstractBeanFactory.getBean(AbstractBeanFactory.java:193)
	at org.springframework.beans.factory.support.DefaultListableBeanFactory.preInstantiateSingletons(DefaultListableBeanFactory.java:706)
	at org.springframework.context.support.AbstractApplicationContext.finishBeanFactoryInitialization(AbstractApplicationContext.java:757)
	at org.springframework.context.support.AbstractApplicationContext.refresh(AbstractApplicationContext.java:480)
	at org.springframework.test.context.support.AbstractGenericContextLoader.loadContext(AbstractGenericContextLoader.java:125)
	at org.springframework.test.context.support.AbstractGenericContextLoader.loadContext(AbstractGenericContextLoader.java:60)
	at org.springframework.test.context.support.AbstractDelegatingSmartContextLoader.delegateLoading(AbstractDelegatingSmartContextLoader.java:108)
	at org.springframework.test.context.support.AbstractDelegatingSmartContextLoader.loadContext(AbstractDelegatingSmartContextLoader.java:260)
	at org.springframework.test.context.DefaultCacheAwareContextLoaderDelegate.loadContextInternal(DefaultCacheAwareContextLoaderDelegate.java:63)
	at org.springframework.test.context.DefaultCacheAwareContextLoaderDelegate.loadContext(DefaultCacheAwareContextLoaderDelegate.java:83)
	... 26 more
Caused by: org.springframework.core.NestedIOException: Failed to parse mapping resource: 'file [D:\workspace\framework-root\framework-resources\target\classes\context\mapper\AttachmentsMapper.xml]'; nested exception is org.apache.ibatis.builder.BuilderException: Error parsing Mapper XML. Cause: java.lang.IllegalArgumentException: Result Maps collection already contains value for com.resources.dao.AttachmentsMapper.BaseResultMap
	at org.mybatis.spring.SqlSessionFactoryBean.buildSqlSessionFactory(SqlSessionFactoryBean.java:462)
	at org.mybatis.spring.SqlSessionFactoryBean.afterPropertiesSet(SqlSessionFactoryBean.java:336)
	at org.springframework.beans.factory.support.AbstractAutowireCapableBeanFactory.invokeInitMethods(AbstractAutowireCapableBeanFactory.java:1627)
	at org.springframework.beans.factory.support.AbstractAutowireCapableBeanFactory.initializeBean(AbstractAutowireCapableBeanFactory.java:1564)
	... 41 more
Caused by: org.apache.ibatis.builder.BuilderException: Error parsing Mapper XML. Cause: java.lang.IllegalArgumentException: Result Maps collection already contains value for com.resources.dao.AttachmentsMapper.BaseResultMap
	at org.apache.ibatis.builder.xml.XMLMapperBuilder.configurationElement(XMLMapperBuilder.java:117)
	at org.apache.ibatis.builder.xml.XMLMapperBuilder.parse(XMLMapperBuilder.java:89)
	at org.mybatis.spring.SqlSessionFactoryBean.buildSqlSessionFactory(SqlSessionFactoryBean.java:460)
	... 44 more
Caused by: java.lang.IllegalArgumentException: Result Maps collection already contains value for com.resources.dao.AttachmentsMapper.BaseResultMap
	at org.apache.ibatis.session.Configuration$StrictMap.put(Configuration.java:782)
	at org.apache.ibatis.session.Configuration$StrictMap.put(Configuration.java:754)
	at org.apache.ibatis.session.Configuration.addResultMap(Configuration.java:536)
	at org.apache.ibatis.builder.MapperBuilderAssistant.addResultMap(MapperBuilderAssistant.java:204)
	at org.apache.ibatis.builder.ResultMapResolver.resolve(ResultMapResolver.java:44)
	at org.apache.ibatis.builder.xml.XMLMapperBuilder.resultMapElement(XMLMapperBuilder.java:281)
	at org.apache.ibatis.builder.xml.XMLMapperBuilder.resultMapElement(XMLMapperBuilder.java:248)
	at org.apache.ibatis.builder.xml.XMLMapperBuilder.resultMapElements(XMLMapperBuilder.java:240)
	at org.apache.ibatis.builder.xml.XMLMapperBuilder.configurationElement(XMLMapperBuilder.java:113)
	... 46 more
]]></system-out>
  </testcase>
</testsuite>