<?xml version="1.0" encoding="UTF-8"?>
<testsuite xmlns:xsi="http://www.w3.org/2001/XMLSchema-instance" xsi:schemaLocation="https://maven.apache.org/surefire/maven-surefire-plugin/xsd/surefire-test-report.xsd" name="com.framework.resources.dao.AttachmentsMapperTest" time="8.141" tests="5" errors="5" skipped="0" failures="0">
  <properties>
    <property name="java.runtime.name" value="Java(TM) SE Runtime Environment"/>
    <property name="sun.boot.library.path" value="C:\Program Files\Java\jdk1.7.0_45\jre\bin"/>
    <property name="java.vm.version" value="24.45-b08"/>
    <property name="java.vm.vendor" value="Oracle Corporation"/>
    <property name="maven.multiModuleProjectDirectory" value="$M2_HOME"/>
    <property name="java.vendor.url" value="http://java.oracle.com/"/>
    <property name="path.separator" value=";"/>
    <property name="guice.disable.misplaced.annotation.check" value="true"/>
    <property name="java.vm.name" value="Java HotSpot(TM) 64-Bit Server VM"/>
    <property name="file.encoding.pkg" value="sun.io"/>
    <property name="user.script" value=""/>
    <property name="user.country" value="CN"/>
    <property name="sun.java.launcher" value="SUN_STANDARD"/>
    <property name="sun.os.patch.level" value=""/>
    <property name="java.vm.specification.name" value="Java Virtual Machine Specification"/>
    <property name="user.dir" value="D:\workspace\framework-root\framework-resources"/>
    <property name="java.runtime.version" value="1.7.0_45-b18"/>
    <property name="java.awt.graphicsenv" value="sun.awt.Win32GraphicsEnvironment"/>
    <property name="java.endorsed.dirs" value="C:\Program Files\Java\jdk1.7.0_45\jre\lib\endorsed"/>
    <property name="os.arch" value="amd64"/>
    <property name="java.io.tmpdir" value="C:\Users\lilj\AppData\Local\Temp\"/>
    <property name="line.separator" value="&#10;"/>
    <property name="java.vm.specification.vendor" value="Oracle Corporation"/>
    <property name="user.variant" value=""/>
    <property name="os.name" value="Windows 8"/>
    <property name="classworlds.conf" value="D:\workspace\.metadata\.plugins\org.eclipse.m2e.launching\launches\m2conf8943254302418877405.tmp"/>
    <property name="sun.jnu.encoding" value="GBK"/>
    <property name="java.library.path" value="C:\Program Files\Java\jdk1.7.0_45\bin;C:\WINDOWS\Sun\Java\bin;C:\WINDOWS\system32;C:\WINDOWS;C:/Program Files/Java/jre1.8.0_31/bin/server;C:/Program Files/Java/jre1.8.0_31/bin;C:/Program Files/Java/jre1.8.0_31/lib/amd64;C:\ProgramData\Oracle\Java\javapath;c:\program files\graphicsmagick-1.3.25-q16;C:\Program Files\ImageMagick-7.0.5-Q8;C:\Program Files\ImageMagick-7.0.5-Q16-HDRI;C:\Program Files\ImageMagick-7.0.5-Q16;C:\Program Files (x86)\Common Files\NetSarang;D:\app\product\11.2.0\dbhome_1\bin;c:\oracle\product\10.2.0\db_1\bin;C:\Program Files\Java\jdk1.7.0_45\bin;C:\Program Files (x86)\Intel\iCLS Client\;C:\Program Files\Intel\iCLS Client\;C:\Windows\system32;C:\Windows;C:\Windows\System32\Wbem;C:\Windows\System32\WindowsPowerShell\v1.0\;C:\Program Files (x86)\Intel\Intel(R) Management Engine Components\DAL;C:\Program Files\Intel\Intel(R) Management Engine Components\DAL;C:\Program Files (x86)\Intel\Intel(R) Management Engine Components\IPT;C:\Program Files\Intel\Intel(R) Management Engine Components\IPT;C:\Program Files (x86)\NVIDIA Corporation\PhysX\Common;C:\Program Files\TortoiseSVN\bin;D:\maven\apache-maven-3.3.1\bin;C:\WINDOWS\system32;C:\WINDOWS;C:\WINDOWS\System32\Wbem;C:\WINDOWS\System32\WindowsPowerShell\v1.0\;G:\nodejs\;C:\Program Files\nodejs;D:\maven\apache-ant-1.9.7\bin;D:\maven\hadoop-common-2.7.1-bin\bin;C:\Program Files\Git\cmd;C:\Program Files\TortoiseGit\bin;C:\Program Files\Java\jdk1.7.0_45\bin;D:\maven\apache-maven-3.3.1\bin;C:\Program Files (x86)\SSH Communications Security\SSH Secure Shell;C:\Users\lilj\AppData\Roaming\npm;C:\Program Files\nodejs;C:\Users\lilj\AppData\Local\Microsoft\WindowsApps;;g:\eclipse;;."/>
    <property name="java.specification.name" value="Java Platform API Specification"/>
    <property name="java.class.version" value="51.0"/>
    <property name="sun.management.compiler" value="HotSpot 64-Bit Tiered Compilers"/>
    <property name="os.version" value="6.2"/>
    <property name="user.home" value="C:\Users\lilj"/>
    <property name="user.timezone" value="Asia/Shanghai"/>
    <property name="java.awt.printerjob" value="sun.awt.windows.WPrinterJob"/>
    <property name="java.specification.version" value="1.7"/>
    <property name="file.encoding" value="UTF-8"/>
    <property name="user.name" value="lilj"/>
    <property name="java.class.path" value="D:\maven\apache-maven-3.3.1\boot\plexus-classworlds-2.5.2.jar"/>
    <property name="java.vm.specification.version" value="1.7"/>
    <property name="sun.arch.data.model" value="64"/>
    <property name="java.home" value="C:\Program Files\Java\jdk1.7.0_45\jre"/>
    <property name="sun.java.command" value="org.codehaus.plexus.classworlds.launcher.Launcher -B -s D:\maven\apache-maven-3.3.1\conf\settings.xml install"/>
    <property name="java.specification.vendor" value="Oracle Corporation"/>
    <property name="user.language" value="zh"/>
    <property name="awt.toolkit" value="sun.awt.windows.WToolkit"/>
    <property name="java.vm.info" value="mixed mode"/>
    <property name="java.version" value="1.7.0_45"/>
    <property name="java.ext.dirs" value="C:\Program Files\Java\jdk1.7.0_45\jre\lib\ext;C:\WINDOWS\Sun\Java\lib\ext"/>
    <property name="sun.boot.class.path" value="C:\Program Files\Java\jdk1.7.0_45\jre\lib\resources.jar;C:\Program Files\Java\jdk1.7.0_45\jre\lib\rt.jar;C:\Program Files\Java\jdk1.7.0_45\jre\lib\sunrsasign.jar;C:\Program Files\Java\jdk1.7.0_45\jre\lib\jsse.jar;C:\Program Files\Java\jdk1.7.0_45\jre\lib\jce.jar;C:\Program Files\Java\jdk1.7.0_45\jre\lib\charsets.jar;C:\Program Files\Java\jdk1.7.0_45\jre\lib\jfr.jar;C:\Program Files\Java\jdk1.7.0_45\jre\classes"/>
    <property name="java.vendor" value="Oracle Corporation"/>
    <property name="maven.home" value="D:\maven\apache-maven-3.3.1"/>
    <property name="file.separator" value="\"/>
    <property name="java.vendor.url.bug" value="http://bugreport.sun.com/bugreport/"/>
    <property name="sun.cpu.endian" value="little"/>
    <property name="sun.io.unicode.encoding" value="UnicodeLittle"/>
    <property name="sun.desktop" value="windows"/>
    <property name="sun.cpu.isalist" value="amd64"/>
  </properties>
  <testcase name="testDeleteByPrimaryKey" classname="com.framework.resources.dao.AttachmentsMapperTest" time="0.005">
    <error message="Failed to load ApplicationContext" type="java.lang.IllegalStateException">java.lang.IllegalStateException: Failed to load ApplicationContext
Caused by: org.springframework.beans.factory.BeanCreationException: Error creating bean with name 'sqlSessionFactory' defined in class path resource [config/application-core.xml]: Invocation of init method failed; nested exception is org.springframework.core.NestedIOException: Failed to parse mapping resource: 'file [D:\workspace\framework-root\framework-resources\target\classes\context\mapper\AttachmentsMapper.xml]'; nested exception is org.apache.ibatis.builder.BuilderException: Error parsing Mapper XML. Cause: java.lang.IllegalArgumentException: Result Maps collection already contains value for com.resources.dao.AttachmentsMapper.BaseResultMap
Caused by: org.springframework.core.NestedIOException: Failed to parse mapping resource: 'file [D:\workspace\framework-root\framework-resources\target\classes\context\mapper\AttachmentsMapper.xml]'; nested exception is org.apache.ibatis.builder.BuilderException: Error parsing Mapper XML. Cause: java.lang.IllegalArgumentException: Result Maps collection already contains value for com.resources.dao.AttachmentsMapper.BaseResultMap
Caused by: org.apache.ibatis.builder.BuilderException: Error parsing Mapper XML. Cause: java.lang.IllegalArgumentException: Result Maps collection already contains value for com.resources.dao.AttachmentsMapper.BaseResultMap
Caused by: java.lang.IllegalArgumentException: Result Maps collection already contains value for com.resources.dao.AttachmentsMapper.BaseResultMap
</error>
    <system-out><![CDATA[16:07:30,273 DEBUG SpringJUnit4ClassRunner:112 - SpringJUnit4ClassRunner constructor called with [class com.framework.resources.dao.AttachmentsMapperTest].
16:07:30,292 DEBUG BootstrapUtils:77 - Instantiating TestContextBootstrapper from class [org.springframework.test.context.support.DefaultTestContextBootstrapper]
16:07:30,314 DEBUG AbstractDelegatingSmartContextLoader:96 - Delegating to GenericXmlContextLoader to process context configuration [ContextConfigurationAttributes@718503e4 declaringClass = 'com.framework.resources.BaseMybatisTest', classes = '{}', locations = '{classpath:config/application-resources.xml}', inheritLocations = true, initializers = '{}', inheritInitializers = true, name = [null], contextLoaderClass = 'org.springframework.test.context.ContextLoader'].
16:07:30,320 DEBUG DefaultTestContextBootstrapper:112 - @TestExecutionListeners is not present for class [com.framework.resources.dao.AttachmentsMapperTest]: using defaults.
16:07:30,326  INFO DefaultTestContextBootstrapper:255 - Loaded default TestExecutionListener class names from location [META-INF/spring.factories]: [org.springframework.test.context.web.ServletTestExecutionListener, org.springframework.test.context.support.DependencyInjectionTestExecutionListener, org.springframework.test.context.support.DirtiesContextTestExecutionListener, org.springframework.test.context.transaction.TransactionalTestExecutionListener, org.springframework.test.context.jdbc.SqlScriptsTestExecutionListener]
16:07:30,341  INFO DefaultTestContextBootstrapper:181 - Using TestExecutionListeners: [org.springframework.test.context.web.ServletTestExecutionListener@602f958, org.springframework.test.context.support.DependencyInjectionTestExecutionListener@2d40037d, org.springframework.test.context.support.DirtiesContextTestExecutionListener@45a51ac0, org.springframework.test.context.transaction.TransactionalTestExecutionListener@5a7f56f8, org.springframework.test.context.jdbc.SqlScriptsTestExecutionListener@5e26e232]
16:07:30,344 DEBUG SpringJUnit4ClassRunner:112 - SpringJUnit4ClassRunner constructor called with [class com.framework.resources.services.AttachmentsServiceTest].
16:07:30,344 DEBUG BootstrapUtils:77 - Instantiating TestContextBootstrapper from class [org.springframework.test.context.support.DefaultTestContextBootstrapper]
16:07:30,345 DEBUG AbstractDelegatingSmartContextLoader:96 - Delegating to GenericXmlContextLoader to process context configuration [ContextConfigurationAttributes@29c114f2 declaringClass = 'com.framework.resources.BaseMybatisTest', classes = '{}', locations = '{classpath:config/application-resources.xml}', inheritLocations = true, initializers = '{}', inheritInitializers = true, name = [null], contextLoaderClass = 'org.springframework.test.context.ContextLoader'].
16:07:30,346 DEBUG DefaultTestContextBootstrapper:112 - @TestExecutionListeners is not present for class [com.framework.resources.services.AttachmentsServiceTest]: using defaults.
16:07:30,348  INFO DefaultTestContextBootstrapper:255 - Loaded default TestExecutionListener class names from location [META-INF/spring.factories]: [org.springframework.test.context.web.ServletTestExecutionListener, org.springframework.test.context.support.DependencyInjectionTestExecutionListener, org.springframework.test.context.support.DirtiesContextTestExecutionListener, org.springframework.test.context.transaction.TransactionalTestExecutionListener, org.springframework.test.context.jdbc.SqlScriptsTestExecutionListener]
16:07:30,348  INFO DefaultTestContextBootstrapper:181 - Using TestExecutionListeners: [org.springframework.test.context.web.ServletTestExecutionListener@1a966bcb, org.springframework.test.context.support.DependencyInjectionTestExecutionListener@97eea10, org.springframework.test.context.support.DirtiesContextTestExecutionListener@6b38c54e, org.springframework.test.context.transaction.TransactionalTestExecutionListener@5c21bae0, org.springframework.test.context.jdbc.SqlScriptsTestExecutionListener@2a73f761]
16:07:30,352 DEBUG ProfileValueUtils:70 - Retrieved @ProfileValueSourceConfiguration [null] for test class [com.framework.resources.dao.AttachmentsMapperTest]
16:07:30,352 DEBUG ProfileValueUtils:82 - Retrieved ProfileValueSource type [class org.springframework.test.annotation.SystemProfileValueSource] for class [com.framework.resources.dao.AttachmentsMapperTest]
16:07:30,353 DEBUG ProfileValueUtils:70 - Retrieved @ProfileValueSourceConfiguration [null] for test class [com.framework.resources.services.AttachmentsServiceTest]
16:07:30,354 DEBUG ProfileValueUtils:82 - Retrieved ProfileValueSource type [class org.springframework.test.annotation.SystemProfileValueSource] for class [com.framework.resources.services.AttachmentsServiceTest]
16:07:30,359 DEBUG SpringJUnit4ClassRunner:112 - SpringJUnit4ClassRunner constructor called with [class com.framework.resources.dao.AttachmentsMapperTest].
16:07:30,359 DEBUG BootstrapUtils:77 - Instantiating TestContextBootstrapper from class [org.springframework.test.context.support.DefaultTestContextBootstrapper]
16:07:30,360 DEBUG AbstractDelegatingSmartContextLoader:96 - Delegating to GenericXmlContextLoader to process context configuration [ContextConfigurationAttributes@78334ba0 declaringClass = 'com.framework.resources.BaseMybatisTest', classes = '{}', locations = '{classpath:config/application-resources.xml}', inheritLocations = true, initializers = '{}', inheritInitializers = true, name = [null], contextLoaderClass = 'org.springframework.test.context.ContextLoader'].
16:07:30,361 DEBUG DefaultTestContextBootstrapper:112 - @TestExecutionListeners is not present for class [com.framework.resources.dao.AttachmentsMapperTest]: using defaults.
16:07:30,363  INFO DefaultTestContextBootstrapper:255 - Loaded default TestExecutionListener class names from location [META-INF/spring.factories]: [org.springframework.test.context.web.ServletTestExecutionListener, org.springframework.test.context.support.DependencyInjectionTestExecutionListener, org.springframework.test.context.support.DirtiesContextTestExecutionListener, org.springframework.test.context.transaction.TransactionalTestExecutionListener, org.springframework.test.context.jdbc.SqlScriptsTestExecutionListener]
16:07:30,363  INFO DefaultTestContextBootstrapper:181 - Using TestExecutionListeners: [org.springframework.test.context.web.ServletTestExecutionListener@6ec5b763, org.springframework.test.context.support.DependencyInjectionTestExecutionListener@768afd65, org.springframework.test.context.support.DirtiesContextTestExecutionListener@1f022eb0, org.springframework.test.context.transaction.TransactionalTestExecutionListener@484734b7, org.springframework.test.context.jdbc.SqlScriptsTestExecutionListener@3ad5ff73]
16:07:30,364 DEBUG ProfileValueUtils:70 - Retrieved @ProfileValueSourceConfiguration [null] for test class [com.framework.resources.dao.AttachmentsMapperTest]
16:07:30,364 DEBUG ProfileValueUtils:82 - Retrieved ProfileValueSource type [class org.springframework.test.annotation.SystemProfileValueSource] for class [com.framework.resources.dao.AttachmentsMapperTest]
16:07:30,365 DEBUG ProfileValueUtils:70 - Retrieved @ProfileValueSourceConfiguration [null] for test class [com.framework.resources.dao.AttachmentsMapperTest]
16:07:30,365 DEBUG ProfileValueUtils:82 - Retrieved ProfileValueSource type [class org.springframework.test.annotation.SystemProfileValueSource] for class [com.framework.resources.dao.AttachmentsMapperTest]
16:07:30,366 DEBUG ProfileValueUtils:70 - Retrieved @ProfileValueSourceConfiguration [null] for test class [com.framework.resources.dao.AttachmentsMapperTest]
16:07:30,366 DEBUG ProfileValueUtils:82 - Retrieved ProfileValueSource type [class org.springframework.test.annotation.SystemProfileValueSource] for class [com.framework.resources.dao.AttachmentsMapperTest]
16:07:30,368 DEBUG ProfileValueUtils:70 - Retrieved @ProfileValueSourceConfiguration [null] for test class [com.framework.resources.dao.AttachmentsMapperTest]
16:07:30,368 DEBUG ProfileValueUtils:82 - Retrieved ProfileValueSource type [class org.springframework.test.annotation.SystemProfileValueSource] for class [com.framework.resources.dao.AttachmentsMapperTest]
16:07:30,370 DEBUG DependencyInjectionTestExecutionListener:80 - Performing dependency injection for test context [[DefaultTestContext@7a0eab2e testClass = AttachmentsMapperTest, testInstance = com.framework.resources.dao.AttachmentsMapperTest@5908979c, testMethod = [null], testException = [null], mergedContextConfiguration = [MergedContextConfiguration@4319b06e testClass = AttachmentsMapperTest, locations = '{classpath:config/application-resources.xml}', classes = '{}', contextInitializerClasses = '[]', activeProfiles = '{mybatis}', propertySourceLocations = '{}', propertySourceProperties = '{}', contextLoader = 'org.springframework.test.context.support.DelegatingSmartContextLoader', parent = [null]]]].
16:07:30,371 DEBUG AbstractDelegatingSmartContextLoader:106 - Delegating to GenericXmlContextLoader to load context from [MergedContextConfiguration@4319b06e testClass = AttachmentsMapperTest, locations = '{classpath:config/application-resources.xml}', classes = '{}', contextInitializerClasses = '[]', activeProfiles = '{mybatis}', propertySourceLocations = '{}', propertySourceProperties = '{}', contextLoader = 'org.springframework.test.context.support.DelegatingSmartContextLoader', parent = [null]].
16:07:30,371 DEBUG AbstractGenericContextLoader:107 - Loading ApplicationContext for merged context configuration [[MergedContextConfiguration@4319b06e testClass = AttachmentsMapperTest, locations = '{classpath:config/application-resources.xml}', classes = '{}', contextInitializerClasses = '[]', activeProfiles = '{mybatis}', propertySourceLocations = '{}', propertySourceProperties = '{}', contextLoader = 'org.springframework.test.context.support.DelegatingSmartContextLoader', parent = [null]]].
16:07:30,459  INFO XmlBeanDefinitionReader:316 - Loading XML bean definitions from class path resource [config/application-resources.xml]
16:07:30,480 DEBUG DefaultDocumentLoader:73 - Using JAXP provider [com.sun.org.apache.xerces.internal.jaxp.DocumentBuilderFactoryImpl]
16:07:30,509 DEBUG PluggableSchemaResolver:141 - Loading schema mappings from [META-INF/spring.schemas]
16:07:30,512 DEBUG PluggableSchemaResolver:147 - Loaded schema mappings: {http://www.springframework.org/schema/tx/spring-tx-2.5.xsd=org/springframework/transaction/config/spring-tx-2.5.xsd, http://www.springframework.org/schema/aop/spring-aop-4.1.xsd=org/springframework/aop/config/spring-aop-4.1.xsd, http://www.springframework.org/schema/context/spring-context-3.1.xsd=org/springframework/context/config/spring-context-3.1.xsd, http://www.springframework.org/schema/data/repository/spring-repository-1.4.xsd=org/springframework/data/repository/config/spring-repository-1.4.xsd, http://www.springframework.org/schema/jdbc/spring-jdbc-4.1.xsd=org/springframework/jdbc/config/spring-jdbc-4.1.xsd, http://www.springframework.org/schema/mvc/spring-mvc-4.1.xsd=org/springframework/web/servlet/config/spring-mvc-4.1.xsd, http://www.springframework.org/schema/util/spring-util-3.0.xsd=org/springframework/beans/factory/xml/spring-util-3.0.xsd, http://mybatis.org/schema/mybatis-spring-1.2.xsd=org/mybatis/spring/config/mybatis-spring-1.2.xsd, http://www.springframework.org/schema/tool/spring-tool.xsd=org/springframework/beans/factory/xml/spring-tool-4.1.xsd, http://www.springframework.org/schema/aop/spring-aop-3.2.xsd=org/springframework/aop/config/spring-aop-3.2.xsd, http://www.springframework.org/schema/lang/spring-lang-4.1.xsd=org/springframework/scripting/config/spring-lang-4.1.xsd, http://www.springframework.org/schema/context/spring-context-4.0.xsd=org/springframework/context/config/spring-context-4.0.xsd, http://www.springframework.org/schema/mvc/spring-mvc-3.2.xsd=org/springframework/web/servlet/config/spring-mvc-3.2.xsd, http://www.springframework.org/schema/tool/spring-tool-4.1.xsd=org/springframework/beans/factory/xml/spring-tool-4.1.xsd, http://www.springframework.org/schema/lang/spring-lang-3.2.xsd=org/springframework/scripting/config/spring-lang-3.2.xsd, http://www.springframework.org/schema/cache/spring-cache-3.2.xsd=org/springframework/cache/config/spring-cache-3.2.xsd, http://www.springframework.org/schema/jee/spring-jee-4.1.xsd=org/springframework/ejb/config/spring-jee-4.1.xsd, http://www.springframework.org/schema/jdbc/spring-jdbc-3.1.xsd=org/springframework/jdbc/config/spring-jdbc-3.1.xsd, http://www.springframework.org/schema/util/spring-util-2.0.xsd=org/springframework/beans/factory/xml/spring-util-2.0.xsd, http://www.springframework.org/schema/tool/spring-tool-3.2.xsd=org/springframework/beans/factory/xml/spring-tool-3.2.xsd, http://www.springframework.org/schema/context/spring-context.xsd=org/springframework/context/config/spring-context-4.1.xsd, http://www.springframework.org/schema/cache/spring-cache-4.1.xsd=org/springframework/cache/config/spring-cache-4.1.xsd, http://www.springframework.org/schema/aop/spring-aop-4.0.xsd=org/springframework/aop/config/spring-aop-4.0.xsd, http://www.springframework.org/schema/jee/spring-jee-3.2.xsd=org/springframework/ejb/config/spring-jee-3.2.xsd, http://www.springframework.org/schema/context/spring-context-3.0.xsd=org/springframework/context/config/spring-context-3.0.xsd, http://www.springframework.org/schema/jdbc/spring-jdbc-4.0.xsd=org/springframework/jdbc/config/spring-jdbc-4.0.xsd, http://www.springframework.org/schema/mvc/spring-mvc-4.0.xsd=org/springframework/web/servlet/config/spring-mvc-4.0.xsd, http://www.springframework.org/schema/util/spring-util-2.5.xsd=org/springframework/beans/factory/xml/spring-util-2.5.xsd, http://www.springframework.org/schema/beans/spring-beans-3.2.xsd=org/springframework/beans/factory/xml/spring-beans-3.2.xsd, http://www.springframework.org/schema/aop/spring-aop-3.1.xsd=org/springframework/aop/config/spring-aop-3.1.xsd, http://www.springframework.org/schema/lang/spring-lang-4.0.xsd=org/springframework/scripting/config/spring-lang-4.0.xsd, http://www.springframework.org/schema/mvc/spring-mvc.xsd=org/springframework/web/servlet/config/spring-mvc-4.1.xsd, http://www.springframework.org/schema/mvc/spring-mvc-3.1.xsd=org/springframework/web/servlet/config/spring-mvc-3.1.xsd, http://www.springframework.org/schema/beans/spring-beans-4.1.xsd=org/springframework/beans/factory/xml/spring-beans-4.1.xsd, http://www.springframework.org/schema/tool/spring-tool-4.0.xsd=org/springframework/beans/factory/xml/spring-tool-4.0.xsd, http://www.springframework.org/schema/tx/spring-tx-3.2.xsd=org/springframework/transaction/config/spring-tx-3.2.xsd, http://www.springframework.org/schema/lang/spring-lang-3.1.xsd=org/springframework/scripting/config/spring-lang-3.1.xsd, http://www.springframework.org/schema/cache/spring-cache-3.1.xsd=org/springframework/cache/config/spring-cache-3.1.xsd, http://www.springframework.org/schema/jee/spring-jee-4.0.xsd=org/springframework/ejb/config/spring-jee-4.0.xsd, http://www.springframework.org/schema/jdbc/spring-jdbc-3.0.xsd=org/springframework/jdbc/config/spring-jdbc-3.0.xsd, http://www.springframework.org/schema/task/spring-task-4.1.xsd=org/springframework/scheduling/config/spring-task-4.1.xsd, http://www.springframework.org/schema/jdbc/spring-jdbc.xsd=org/springframework/jdbc/config/spring-jdbc-4.1.xsd, http://www.springframework.org/schema/tool/spring-tool-3.1.xsd=org/springframework/beans/factory/xml/spring-tool-3.1.xsd, http://www.springframework.org/schema/tx/spring-tx-4.1.xsd=org/springframework/transaction/config/spring-tx-4.1.xsd, http://www.springframework.org/schema/cache/spring-cache-4.0.xsd=org/springframework/cache/config/spring-cache-4.0.xsd, http://www.springframework.org/schema/jee/spring-jee-3.1.xsd=org/springframework/ejb/config/spring-jee-3.1.xsd, http://www.springframework.org/schema/task/spring-task-3.2.xsd=org/springframework/scheduling/config/spring-task-3.2.xsd, http://www.springframework.org/schema/beans/spring-beans-3.1.xsd=org/springframework/beans/factory/xml/spring-beans-3.1.xsd, http://www.springframework.org/schema/util/spring-util.xsd=org/springframework/beans/factory/xml/spring-util-4.1.xsd, http://www.springframework.org/schema/aop/spring-aop-3.0.xsd=org/springframework/aop/config/spring-aop-3.0.xsd, http://www.springframework.org/schema/data/repository/spring-repository.xsd=org/springframework/data/repository/config/spring-repository-1.7.xsd, http://www.springframework.org/schema/data/repository/spring-repository-1.7.xsd=org/springframework/data/repository/config/spring-repository-1.7.xsd, http://www.springframework.org/schema/mvc/spring-mvc-3.0.xsd=org/springframework/web/servlet/config/spring-mvc-3.0.xsd, http://www.springframework.org/schema/beans/spring-beans-4.0.xsd=org/springframework/beans/factory/xml/spring-beans-4.0.xsd, http://www.springframework.org/schema/beans/spring-beans.xsd=org/springframework/beans/factory/xml/spring-beans-4.1.xsd, http://mybatis.org/schema/mybatis-spring.xsd=org/mybatis/spring/config/mybatis-spring-1.2.xsd, http://www.springframework.org/schema/tx/spring-tx-3.1.xsd=org/springframework/transaction/config/spring-tx-3.1.xsd, http://www.springframework.org/schema/lang/spring-lang-3.0.xsd=org/springframework/scripting/config/spring-lang-3.0.xsd, http://www.springframework.org/schema/context/spring-context-2.5.xsd=org/springframework/context/config/spring-context-2.5.xsd, http://www.springframework.org/schema/task/spring-task-4.0.xsd=org/springframework/scheduling/config/spring-task-4.0.xsd, http://www.springframework.org/schema/tool/spring-tool-3.0.xsd=org/springframework/beans/factory/xml/spring-tool-3.0.xsd, http://www.springframework.org/schema/tx/spring-tx-4.0.xsd=org/springframework/transaction/config/spring-tx-4.0.xsd, http://ehcache-spring-annotations.googlecode.com/svn/schema/ehcache-spring/ehcache-spring-1.2.xsd=com/googlecode/ehcache/annotations/ehcache-spring-1.2.xsd, http://www.springframework.org/schema/aop/spring-aop-2.0.xsd=org/springframework/aop/config/spring-aop-2.0.xsd, http://www.springframework.org/schema/jee/spring-jee-3.0.xsd=org/springframework/ejb/config/spring-jee-3.0.xsd, http://www.springframework.org/schema/util/spring-util-4.1.xsd=org/springframework/beans/factory/xml/spring-util-4.1.xsd, http://www.springframework.org/schema/task/spring-task-3.1.xsd=org/springframework/scheduling/config/spring-task-3.1.xsd, http://www.springframework.org/schema/beans/spring-beans-3.0.xsd=org/springframework/beans/factory/xml/spring-beans-3.0.xsd, http://www.springframework.org/schema/jee/spring-jee.xsd=org/springframework/ejb/config/spring-jee-4.1.xsd, http://www.springframework.org/schema/aop/spring-aop-2.5.xsd=org/springframework/aop/config/spring-aop-2.5.xsd, http://www.springframework.org/schema/lang/spring-lang-2.0.xsd=org/springframework/scripting/config/spring-lang-2.0.xsd, http://www.springframework.org/schema/data/repository/spring-repository-1.6.xsd=org/springframework/data/repository/config/spring-repository-1.6.xsd, http://www.springframework.org/schema/util/spring-util-3.2.xsd=org/springframework/beans/factory/xml/spring-util-3.2.xsd, http://www.springframework.org/schema/task/spring-task.xsd=org/springframework/scheduling/config/spring-task-4.1.xsd, http://www.springframework.org/schema/tool/spring-tool-2.0.xsd=org/springframework/beans/factory/xml/spring-tool-2.0.xsd, http://www.springframework.org/schema/tx/spring-tx-3.0.xsd=org/springframework/transaction/config/spring-tx-3.0.xsd, http://www.springframework.org/schema/lang/spring-lang-2.5.xsd=org/springframework/scripting/config/spring-lang-2.5.xsd, http://www.springframework.org/schema/jee/spring-jee-2.0.xsd=org/springframework/ejb/config/spring-jee-2.0.xsd, http://www.springframework.org/schema/tool/spring-tool-2.5.xsd=org/springframework/beans/factory/xml/spring-tool-2.5.xsd, http://ehcache-spring-annotations.googlecode.com/svn/schema/ehcache-spring/ehcache-spring-1.1.xsd=com/googlecode/ehcache/annotations/ehcache-spring-1.1.xsd, http://www.springframework.org/schema/jee/spring-jee-2.5.xsd=org/springframework/ejb/config/spring-jee-2.5.xsd, http://www.springframework.org/schema/data/repository/spring-repository-1.0.xsd=org/springframework/data/repository/config/spring-repository-1.0.xsd, http://www.springframework.org/schema/util/spring-util-4.0.xsd=org/springframework/beans/factory/xml/spring-util-4.0.xsd, http://www.springframework.org/schema/task/spring-task-3.0.xsd=org/springframework/scheduling/config/spring-task-3.0.xsd, http://www.springframework.org/schema/lang/spring-lang.xsd=org/springframework/scripting/config/spring-lang-4.1.xsd, http://www.springframework.org/schema/context/spring-context-3.2.xsd=org/springframework/context/config/spring-context-3.2.xsd, http://www.springframework.org/schema/data/repository/spring-repository-1.5.xsd=org/springframework/data/repository/config/spring-repository-1.5.xsd, http://www.springframework.org/schema/util/spring-util-3.1.xsd=org/springframework/beans/factory/xml/spring-util-3.1.xsd, http://www.springframework.org/schema/beans/spring-beans-2.0.xsd=org/springframework/beans/factory/xml/spring-beans-2.0.xsd, http://www.springframework.org/schema/cache/spring-cache.xsd=org/springframework/cache/config/spring-cache-4.1.xsd, http://www.springframework.org/schema/tx/spring-tx.xsd=org/springframework/transaction/config/spring-tx-4.1.xsd, http://www.springframework.org/schema/context/spring-context-4.1.xsd=org/springframework/context/config/spring-context-4.1.xsd, http://www.springframework.org/schema/beans/spring-beans-2.5.xsd=org/springframework/beans/factory/xml/spring-beans-2.5.xsd, http://www.springframework.org/schema/tx/spring-tx-2.0.xsd=org/springframework/transaction/config/spring-tx-2.0.xsd, http://ehcache-spring-annotations.googlecode.com/svn/schema/ehcache-spring/ehcache-spring-1.0.xsd=com/googlecode/ehcache/annotations/ehcache-spring-1.0.xsd, http://www.springframework.org/schema/jdbc/spring-jdbc-3.2.xsd=org/springframework/jdbc/config/spring-jdbc-3.2.xsd, http://www.springframework.org/schema/aop/spring-aop.xsd=org/springframework/aop/config/spring-aop-4.1.xsd}
16:07:30,514 DEBUG PluggableSchemaResolver:119 - Found XML schema [http://www.springframework.org/schema/beans/spring-beans.xsd] in classpath: org/springframework/beans/factory/xml/spring-beans-4.1.xsd
16:07:30,555 DEBUG PluggableSchemaResolver:119 - Found XML schema [http://www.springframework.org/schema/context/spring-context.xsd] in classpath: org/springframework/context/config/spring-context-4.1.xsd
16:07:30,562 DEBUG PluggableSchemaResolver:119 - Found XML schema [http://www.springframework.org/schema/tool/spring-tool-4.1.xsd] in classpath: org/springframework/beans/factory/xml/spring-tool-4.1.xsd
16:07:30,571 DEBUG DefaultBeanDefinitionDocumentReader:108 - Loading bean definitions
16:07:30,591  INFO XmlBeanDefinitionReader:316 - Loading XML bean definitions from class path resource [config/application-core.xml]
16:07:30,604 DEBUG DefaultDocumentLoader:73 - Using JAXP provider [com.sun.org.apache.xerces.internal.jaxp.DocumentBuilderFactoryImpl]
16:07:30,606 DEBUG PluggableSchemaResolver:119 - Found XML schema [http://www.springframework.org/schema/beans/spring-beans.xsd] in classpath: org/springframework/beans/factory/xml/spring-beans-4.1.xsd
16:07:30,624 DEBUG PluggableSchemaResolver:119 - Found XML schema [http://www.springframework.org/schema/context/spring-context.xsd] in classpath: org/springframework/context/config/spring-context-4.1.xsd
16:07:30,628 DEBUG PluggableSchemaResolver:119 - Found XML schema [http://www.springframework.org/schema/tool/spring-tool-4.1.xsd] in classpath: org/springframework/beans/factory/xml/spring-tool-4.1.xsd
16:07:30,635 DEBUG PluggableSchemaResolver:119 - Found XML schema [http://www.springframework.org/schema/tx/spring-tx.xsd] in classpath: org/springframework/transaction/config/spring-tx-4.1.xsd
16:07:30,640 DEBUG PluggableSchemaResolver:119 - Found XML schema [http://www.springframework.org/schema/aop/spring-aop.xsd] in classpath: org/springframework/aop/config/spring-aop-4.1.xsd
16:07:30,648 DEBUG DefaultBeanDefinitionDocumentReader:108 - Loading bean definitions
16:07:30,649  INFO XmlBeanDefinitionReader:316 - Loading XML bean definitions from class path resource [config/datasource-config.xml]
16:07:30,651 DEBUG DefaultDocumentLoader:73 - Using JAXP provider [com.sun.org.apache.xerces.internal.jaxp.DocumentBuilderFactoryImpl]
16:07:30,652 DEBUG PluggableSchemaResolver:119 - Found XML schema [http://www.springframework.org/schema/beans/spring-beans.xsd] in classpath: org/springframework/beans/factory/xml/spring-beans-4.1.xsd
16:07:30,666 DEBUG PluggableSchemaResolver:119 - Found XML schema [http://www.springframework.org/schema/context/spring-context.xsd] in classpath: org/springframework/context/config/spring-context-4.1.xsd
16:07:30,670 DEBUG PluggableSchemaResolver:119 - Found XML schema [http://www.springframework.org/schema/tool/spring-tool-4.1.xsd] in classpath: org/springframework/beans/factory/xml/spring-tool-4.1.xsd
16:07:30,675 DEBUG DefaultBeanDefinitionDocumentReader:108 - Loading bean definitions
16:07:30,678 DEBUG DefaultNamespaceHandlerResolver:157 - Loaded NamespaceHandler mappings: {http://www.springframework.org/schema/p=org.springframework.beans.factory.xml.SimplePropertyNamespaceHandler, http://www.springframework.org/schema/mvc=org.springframework.web.servlet.config.MvcNamespaceHandler, http://www.springframework.org/schema/util=org.springframework.beans.factory.xml.UtilNamespaceHandler, http://www.springframework.org/schema/jee=org.springframework.ejb.config.JeeNamespaceHandler, http://www.springframework.org/schema/aop=org.springframework.aop.config.AopNamespaceHandler, http://www.springframework.org/schema/data/repository=org.springframework.data.repository.config.RepositoryNameSpaceHandler, http://www.springframework.org/schema/jdbc=org.springframework.jdbc.config.JdbcNamespaceHandler, http://ehcache-spring-annotations.googlecode.com/svn/schema/ehcache-spring=com.googlecode.ehcache.annotations.config.AnnotationDrivenEhCacheNamespaceHandler, http://www.springframework.org/schema/cache=org.springframework.cache.config.CacheNamespaceHandler, http://mybatis.org/schema/mybatis-spring=org.mybatis.spring.config.NamespaceHandler, http://www.springframework.org/schema/c=org.springframework.beans.factory.xml.SimpleConstructorNamespaceHandler, http://www.springframework.org/schema/tx=org.springframework.transaction.config.TxNamespaceHandler, http://www.springframework.org/schema/task=org.springframework.scheduling.config.TaskNamespaceHandler, http://www.springframework.org/schema/lang=org.springframework.scripting.config.LangNamespaceHandler, http://www.springframework.org/schema/data/keyvalue=org.springframework.data.keyvalue.repository.config.KeyValueRepositoryNameSpaceHandler, http://www.springframework.org/schema/context=org.springframework.context.config.ContextNamespaceHandler}
16:07:30,698 DEBUG DefaultBeanDefinitionDocumentReader:269 - Imported 2 bean definitions from relative location [datasource-config.xml]
16:07:30,699  INFO XmlBeanDefinitionReader:316 - Loading XML bean definitions from class path resource [config/bean-defined.xml]
16:07:30,701 DEBUG DefaultDocumentLoader:73 - Using JAXP provider [com.sun.org.apache.xerces.internal.jaxp.DocumentBuilderFactoryImpl]
16:07:30,704 DEBUG PluggableSchemaResolver:119 - Found XML schema [http://www.springframework.org/schema/beans/spring-beans.xsd] in classpath: org/springframework/beans/factory/xml/spring-beans-4.1.xsd
16:07:30,718 DEBUG DefaultBeanDefinitionDocumentReader:108 - Loading bean definitions
16:07:30,719 DEBUG DefaultBeanDefinitionDocumentReader:269 - Imported 1 bean definitions from relative location [bean-defined.xml]
16:07:30,728 DEBUG ClassPathBeanDefinitionScanner:250 - JSR-330 'javax.inject.Named' annotation found and supported for component scanning
16:07:30,770 DEBUG ClassPathBeanDefinitionScanner:284 - Identified candidate component class: URL [jar:file:/d:/maven/repository/com/framework/framework-core/0.0.1-SNAPSHOT/framework-core-0.0.1-SNAPSHOT.jar!/com/framework/web/advice/ControlAdvice.class]
16:07:30,786 DEBUG ClassPathBeanDefinitionScanner:284 - Identified candidate component class: URL [jar:file:/d:/maven/repository/com/framework/framework-core/0.0.1-SNAPSHOT/framework-core-0.0.1-SNAPSHOT.jar!/com/framework/web/util/SessionManager.class]
16:07:30,806 DEBUG ClassPathBeanDefinitionScanner:250 - JSR-330 'javax.inject.Named' annotation found and supported for component scanning
16:07:30,811 DEBUG ClassPathBeanDefinitionScanner:284 - Identified candidate component class: URL [jar:file:/d:/maven/repository/com/framework/framework-core/0.0.1-SNAPSHOT/framework-core-0.0.1-SNAPSHOT.jar!/com/framework/common/aspect/QueryParamAop.class]
16:07:30,826 DEBUG BeanDefinitionParserDelegate:495 - Neither XML 'id' nor 'name' specified - using generated bean name [org.mybatis.spring.mapper.MapperScannerConfigurer#0]
16:07:30,827 DEBUG ClassPathBeanDefinitionScanner:250 - JSR-330 'javax.inject.Named' annotation found and supported for component scanning
16:07:30,834 DEBUG ClassPathBeanDefinitionScanner:290 - Ignored because not a concrete top-level class: URL [jar:file:/d:/maven/repository/com/framework/framework-core/0.0.1-SNAPSHOT/framework-core-0.0.1-SNAPSHOT.jar!/com/system/mybatis/dao/SysDeptMapper.class]
16:07:30,836 DEBUG ClassPathBeanDefinitionScanner:290 - Ignored because not a concrete top-level class: URL [jar:file:/d:/maven/repository/com/framework/framework-core/0.0.1-SNAPSHOT/framework-core-0.0.1-SNAPSHOT.jar!/com/system/mybatis/dao/SysLogMapper.class]
16:07:30,838 DEBUG ClassPathBeanDefinitionScanner:290 - Ignored because not a concrete top-level class: URL [jar:file:/d:/maven/repository/com/framework/framework-core/0.0.1-SNAPSHOT/framework-core-0.0.1-SNAPSHOT.jar!/com/system/mybatis/service/IIndexItemService.class]
16:07:30,840 DEBUG ClassPathBeanDefinitionScanner:284 - Identified candidate component class: URL [jar:file:/d:/maven/repository/com/framework/framework-core/0.0.1-SNAPSHOT/framework-core-0.0.1-SNAPSHOT.jar!/com/system/mybatis/service/impl/IndexItemService.class]
16:07:30,842 DEBUG ClassPathBeanDefinitionScanner:284 - Identified candidate component class: URL [jar:file:/d:/maven/repository/com/framework/framework-core/0.0.1-SNAPSHOT/framework-core-0.0.1-SNAPSHOT.jar!/com/system/mybatis/service/impl/SysCodeService.class]
16:07:30,843 DEBUG ClassPathBeanDefinitionScanner:284 - Identified candidate component class: URL [jar:file:/d:/maven/repository/com/framework/framework-core/0.0.1-SNAPSHOT/framework-core-0.0.1-SNAPSHOT.jar!/com/system/mybatis/service/impl/SysDeptServiceImpl.class]
16:07:30,844 DEBUG ClassPathBeanDefinitionScanner:284 - Identified candidate component class: URL [jar:file:/d:/maven/repository/com/framework/framework-core/0.0.1-SNAPSHOT/framework-core-0.0.1-SNAPSHOT.jar!/com/system/mybatis/service/impl/SysModuleServiceImpl.class]
16:07:30,845 DEBUG ClassPathBeanDefinitionScanner:284 - Identified candidate component class: URL [jar:file:/d:/maven/repository/com/framework/framework-core/0.0.1-SNAPSHOT/framework-core-0.0.1-SNAPSHOT.jar!/com/system/mybatis/service/impl/SystemLogServiceImpl.class]
16:07:30,847 DEBUG ClassPathBeanDefinitionScanner:284 - Identified candidate component class: URL [jar:file:/d:/maven/repository/com/framework/framework-core/0.0.1-SNAPSHOT/framework-core-0.0.1-SNAPSHOT.jar!/com/system/mybatis/service/impl/SystemRoleServiceImpl.class]
16:07:30,849 DEBUG ClassPathBeanDefinitionScanner:284 - Identified candidate component class: URL [jar:file:/d:/maven/repository/com/framework/framework-core/0.0.1-SNAPSHOT/framework-core-0.0.1-SNAPSHOT.jar!/com/system/mybatis/service/impl/SystemUserServiceImpl.class]
16:07:30,849 DEBUG ClassPathBeanDefinitionScanner:290 - Ignored because not a concrete top-level class: URL [jar:file:/d:/maven/repository/com/framework/framework-core/0.0.1-SNAPSHOT/framework-core-0.0.1-SNAPSHOT.jar!/com/system/mybatis/service/ISysCodeService.class]
16:07:30,850 DEBUG ClassPathBeanDefinitionScanner:290 - Ignored because not a concrete top-level class: URL [jar:file:/d:/maven/repository/com/framework/framework-core/0.0.1-SNAPSHOT/framework-core-0.0.1-SNAPSHOT.jar!/com/system/mybatis/service/ISysModuleService.class]
16:07:30,851 DEBUG ClassPathBeanDefinitionScanner:290 - Ignored because not a concrete top-level class: URL [jar:file:/d:/maven/repository/com/framework/framework-core/0.0.1-SNAPSHOT/framework-core-0.0.1-SNAPSHOT.jar!/com/system/mybatis/service/ISystemLogService.class]
16:07:30,852 DEBUG ClassPathBeanDefinitionScanner:290 - Ignored because not a concrete top-level class: URL [jar:file:/d:/maven/repository/com/framework/framework-core/0.0.1-SNAPSHOT/framework-core-0.0.1-SNAPSHOT.jar!/com/system/mybatis/service/ISystemRoleService.class]
16:07:30,853 DEBUG ClassPathBeanDefinitionScanner:290 - Ignored because not a concrete top-level class: URL [jar:file:/d:/maven/repository/com/framework/framework-core/0.0.1-SNAPSHOT/framework-core-0.0.1-SNAPSHOT.jar!/com/system/mybatis/service/ISystemUserService.class]
16:07:30,854 DEBUG ClassPathBeanDefinitionScanner:250 - JSR-330 'javax.inject.Named' annotation found and supported for component scanning
16:07:30,860 DEBUG ClassPathBeanDefinitionScanner:284 - Identified candidate component class: URL [jar:file:/d:/maven/repository/com/framework/framework-core/0.0.1-SNAPSHOT/framework-core-0.0.1-SNAPSHOT.jar!/com/framework/mybatis/aspect/SystemLogAOP.class]
16:07:30,866 DEBUG ClassPathBeanDefinitionScanner:290 - Ignored because not a concrete top-level class: URL [jar:file:/d:/maven/repository/com/framework/framework-core/0.0.1-SNAPSHOT/framework-core-0.0.1-SNAPSHOT.jar!/com/framework/mybatis/service/ICommonService.class]
16:07:30,868 DEBUG ClassPathBeanDefinitionScanner:284 - Identified candidate component class: URL [jar:file:/d:/maven/repository/com/framework/framework-core/0.0.1-SNAPSHOT/framework-core-0.0.1-SNAPSHOT.jar!/com/framework/mybatis/service/impl/CommonServiceImpl.class]
16:07:30,879 DEBUG DefaultBeanDefinitionDocumentReader:269 - Imported 28 bean definitions from relative location [application-core.xml]
16:07:30,882 DEBUG ClassPathBeanDefinitionScanner:250 - JSR-330 'javax.inject.Named' annotation found and supported for component scanning
16:07:30,889 DEBUG ClassPathBeanDefinitionScanner:284 - Identified candidate component class: file [D:\workspace\framework-root\framework-resources\target\classes\com\resources\services\impl\AttachmentsServiceImpl.class]
16:07:30,891 DEBUG ClassPathBeanDefinitionScanner:284 - Identified candidate component class: file [D:\workspace\framework-root\framework-resources\target\classes\com\resources\web\AttachmentsController.class]
16:07:30,893 DEBUG ClassPathBeanDefinitionScanner:284 - Identified candidate component class: file [D:\workspace\framework-root\framework-resources\target\classes\com\resources\web\ShareResources.class]
16:07:30,894 DEBUG ClassPathBeanDefinitionScanner:250 - JSR-330 'javax.inject.Named' annotation found and supported for component scanning
16:07:30,900 DEBUG ClassPathBeanDefinitionScanner:284 - Identified candidate component class: file [D:\workspace\framework-root\framework-resources\target\classes\com\framework\image\handler\impl\IM4ImageHandler.class]
16:07:30,902 DEBUG ClassPathBeanDefinitionScanner:284 - Identified candidate component class: file [D:\workspace\framework-root\framework-resources\target\classes\com\framework\image\ImageService.class]
16:07:30,904 DEBUG BeanDefinitionParserDelegate:495 - Neither XML 'id' nor 'name' specified - using generated bean name [org.mybatis.spring.mapper.MapperScannerConfigurer#1]
16:07:30,905 DEBUG XmlBeanDefinitionReader:223 - Loaded 35 bean definitions from location pattern [classpath:config/application-resources.xml]
16:07:30,909  INFO GenericApplicationContext:510 - Refreshing org.springframework.context.support.GenericApplicationContext@276ac534: startup date [Mon Sep 18 16:07:30 CST 2017]; root of context hierarchy
16:07:30,910 DEBUG GenericApplicationContext:540 - Bean factory for org.springframework.context.support.GenericApplicationContext@276ac534: org.springframework.beans.factory.support.DefaultListableBeanFactory@724873df: defining beans [org.springframework.beans.factory.config.PropertyPlaceholderConfigurer#0,dataSource,validator,controlAdvice,sessionManager,org.springframework.context.annotation.internalConfigurationAnnotationProcessor,org.springframework.context.annotation.internalAutowiredAnnotationProcessor,org.springframework.context.annotation.internalRequiredAnnotationProcessor,org.springframework.context.annotation.internalCommonAnnotationProcessor,org.springframework.context.annotation.internalPersistenceAnnotationProcessor,queryParamAop,org.springframework.aop.config.internalAutoProxyCreator,org.springframework.transaction.annotation.AnnotationTransactionAttributeSource#0,org.springframework.transaction.interceptor.TransactionInterceptor#0,org.springframework.transaction.config.internalTransactionAdvisor,sqlSessionFactory,myBatisExceptionTranslator,org.mybatis.spring.mapper.MapperScannerConfigurer#0,transactionManager,indexItemService,sysCodeService,sysDeptServiceImpl,sysModuleServiceImpl,systemLogServiceImpl,systemRoleServiceImpl,systemUserServiceImpl,systemLogAOP,commonServiceImpl,configProperties,attachmentsServiceImpl,attachmentsController,shareResources,iM4ImageHandler,imageService,org.mybatis.spring.mapper.MapperScannerConfigurer#1]; root of factory hierarchy
16:07:30,947 DEBUG DefaultListableBeanFactory:220 - Creating shared instance of singleton bean 'org.springframework.context.annotation.internalConfigurationAnnotationProcessor'
16:07:30,947 DEBUG DefaultListableBeanFactory:450 - Creating instance of bean 'org.springframework.context.annotation.internalConfigurationAnnotationProcessor'
16:07:30,967 DEBUG DefaultListableBeanFactory:524 - Eagerly caching bean 'org.springframework.context.annotation.internalConfigurationAnnotationProcessor' to allow for resolving potential circular references
16:07:30,969 DEBUG DefaultListableBeanFactory:478 - Finished creating instance of bean 'org.springframework.context.annotation.internalConfigurationAnnotationProcessor'
16:07:31,044 DEBUG DefaultListableBeanFactory:220 - Creating shared instance of singleton bean 'org.mybatis.spring.mapper.MapperScannerConfigurer#0'
16:07:31,044 DEBUG DefaultListableBeanFactory:450 - Creating instance of bean 'org.mybatis.spring.mapper.MapperScannerConfigurer#0'
16:07:31,045 DEBUG DefaultListableBeanFactory:524 - Eagerly caching bean 'org.mybatis.spring.mapper.MapperScannerConfigurer#0' to allow for resolving potential circular references
16:07:31,076 DEBUG DefaultListableBeanFactory:1610 - Invoking afterPropertiesSet() on bean with name 'org.mybatis.spring.mapper.MapperScannerConfigurer#0'
16:07:31,076 DEBUG DefaultListableBeanFactory:478 - Finished creating instance of bean 'org.mybatis.spring.mapper.MapperScannerConfigurer#0'
16:07:31,092 DEBUG ClassPathMapperScanner:284 - Identified candidate component class: URL [jar:file:/d:/maven/repository/com/framework/framework-core/0.0.1-SNAPSHOT/framework-core-0.0.1-SNAPSHOT.jar!/com/system/common/SysConstant.class]
16:07:31,093 DEBUG ClassPathMapperScanner:284 - Identified candidate component class: URL [jar:file:/d:/maven/repository/com/framework/framework-core/0.0.1-SNAPSHOT/framework-core-0.0.1-SNAPSHOT.jar!/com/system/jpa/repository/ISysDeptDao.class]
16:07:31,094 DEBUG ClassPathMapperScanner:290 - Ignored because not a concrete top-level class: URL [jar:file:/d:/maven/repository/com/framework/framework-core/0.0.1-SNAPSHOT/framework-core-0.0.1-SNAPSHOT.jar!/com/system/jpa/repository/jpa/SysDeptDaoImpl.class]
16:07:31,095 DEBUG ClassPathMapperScanner:290 - Ignored because not a concrete top-level class: URL [jar:file:/d:/maven/repository/com/framework/framework-core/0.0.1-SNAPSHOT/framework-core-0.0.1-SNAPSHOT.jar!/com/system/model/DataIndexTree.class]
16:07:31,096 DEBUG ClassPathMapperScanner:290 - Ignored because not a concrete top-level class: URL [jar:file:/d:/maven/repository/com/framework/framework-core/0.0.1-SNAPSHOT/framework-core-0.0.1-SNAPSHOT.jar!/com/system/model/SysCode.class]
16:07:31,097 DEBUG ClassPathMapperScanner:290 - Ignored because not a concrete top-level class: URL [jar:file:/d:/maven/repository/com/framework/framework-core/0.0.1-SNAPSHOT/framework-core-0.0.1-SNAPSHOT.jar!/com/system/model/SysCodeTree.class]
16:07:31,098 DEBUG ClassPathMapperScanner:290 - Ignored because not a concrete top-level class: URL [jar:file:/d:/maven/repository/com/framework/framework-core/0.0.1-SNAPSHOT/framework-core-0.0.1-SNAPSHOT.jar!/com/system/model/SysDepartmentTree.class]
16:07:31,113 DEBUG ClassPathMapperScanner:290 - Ignored because not a concrete top-level class: URL [jar:file:/d:/maven/repository/com/framework/framework-core/0.0.1-SNAPSHOT/framework-core-0.0.1-SNAPSHOT.jar!/com/system/model/SysDept.class]
16:07:31,114 DEBUG ClassPathMapperScanner:290 - Ignored because not a concrete top-level class: URL [jar:file:/d:/maven/repository/com/framework/framework-core/0.0.1-SNAPSHOT/framework-core-0.0.1-SNAPSHOT.jar!/com/system/model/SysDeptUser.class]
16:07:31,115 DEBUG ClassPathMapperScanner:290 - Ignored because not a concrete top-level class: URL [jar:file:/d:/maven/repository/com/framework/framework-core/0.0.1-SNAPSHOT/framework-core-0.0.1-SNAPSHOT.jar!/com/system/model/SysIndexitem.class]
16:07:31,116 DEBUG ClassPathMapperScanner:290 - Ignored because not a concrete top-level class: URL [jar:file:/d:/maven/repository/com/framework/framework-core/0.0.1-SNAPSHOT/framework-core-0.0.1-SNAPSHOT.jar!/com/system/model/SysLog.class]
16:07:31,116 DEBUG ClassPathMapperScanner:290 - Ignored because not a concrete top-level class: URL [jar:file:/d:/maven/repository/com/framework/framework-core/0.0.1-SNAPSHOT/framework-core-0.0.1-SNAPSHOT.jar!/com/system/model/SysModule.class]
16:07:31,117 DEBUG ClassPathMapperScanner:290 - Ignored because not a concrete top-level class: URL [jar:file:/d:/maven/repository/com/framework/framework-core/0.0.1-SNAPSHOT/framework-core-0.0.1-SNAPSHOT.jar!/com/system/model/SysRole.class]
16:07:31,118 DEBUG ClassPathMapperScanner:290 - Ignored because not a concrete top-level class: URL [jar:file:/d:/maven/repository/com/framework/framework-core/0.0.1-SNAPSHOT/framework-core-0.0.1-SNAPSHOT.jar!/com/system/model/SysRoleFuncKey.class]
16:07:31,118 DEBUG ClassPathMapperScanner:290 - Ignored because not a concrete top-level class: URL [jar:file:/d:/maven/repository/com/framework/framework-core/0.0.1-SNAPSHOT/framework-core-0.0.1-SNAPSHOT.jar!/com/system/model/SysRoleUser.class]
16:07:31,119 DEBUG ClassPathMapperScanner:290 - Ignored because not a concrete top-level class: URL [jar:file:/d:/maven/repository/com/framework/framework-core/0.0.1-SNAPSHOT/framework-core-0.0.1-SNAPSHOT.jar!/com/system/model/SysUser.class]
16:07:31,119 DEBUG ClassPathMapperScanner:284 - Identified candidate component class: URL [jar:file:/d:/maven/repository/com/framework/framework-core/0.0.1-SNAPSHOT/framework-core-0.0.1-SNAPSHOT.jar!/com/system/mybatis/dao/CommSeqMapper.class]
16:07:31,120 DEBUG ClassPathMapperScanner:284 - Identified candidate component class: URL [jar:file:/d:/maven/repository/com/framework/framework-core/0.0.1-SNAPSHOT/framework-core-0.0.1-SNAPSHOT.jar!/com/system/mybatis/dao/SysCodeMapper.class]
16:07:31,121 DEBUG ClassPathMapperScanner:284 - Identified candidate component class: URL [jar:file:/d:/maven/repository/com/framework/framework-core/0.0.1-SNAPSHOT/framework-core-0.0.1-SNAPSHOT.jar!/com/system/mybatis/dao/SysDeptMapper.class]
16:07:31,121 DEBUG ClassPathMapperScanner:284 - Identified candidate component class: URL [jar:file:/d:/maven/repository/com/framework/framework-core/0.0.1-SNAPSHOT/framework-core-0.0.1-SNAPSHOT.jar!/com/system/mybatis/dao/SysDeptUserMapper.class]
16:07:31,122 DEBUG ClassPathMapperScanner:284 - Identified candidate component class: URL [jar:file:/d:/maven/repository/com/framework/framework-core/0.0.1-SNAPSHOT/framework-core-0.0.1-SNAPSHOT.jar!/com/system/mybatis/dao/SysIndexitemMapper.class]
16:07:31,122 DEBUG ClassPathMapperScanner:284 - Identified candidate component class: URL [jar:file:/d:/maven/repository/com/framework/framework-core/0.0.1-SNAPSHOT/framework-core-0.0.1-SNAPSHOT.jar!/com/system/mybatis/dao/SysLogMapper.class]
16:07:31,123 DEBUG ClassPathMapperScanner:284 - Identified candidate component class: URL [jar:file:/d:/maven/repository/com/framework/framework-core/0.0.1-SNAPSHOT/framework-core-0.0.1-SNAPSHOT.jar!/com/system/mybatis/dao/SysModuleMapper.class]
16:07:31,123 DEBUG ClassPathMapperScanner:284 - Identified candidate component class: URL [jar:file:/d:/maven/repository/com/framework/framework-core/0.0.1-SNAPSHOT/framework-core-0.0.1-SNAPSHOT.jar!/com/system/mybatis/dao/SysRoleFuncMapper.class]
16:07:31,124 DEBUG ClassPathMapperScanner:284 - Identified candidate component class: URL [jar:file:/d:/maven/repository/com/framework/framework-core/0.0.1-SNAPSHOT/framework-core-0.0.1-SNAPSHOT.jar!/com/system/mybatis/dao/SysRoleMapper.class]
16:07:31,124 DEBUG ClassPathMapperScanner:284 - Identified candidate component class: URL [jar:file:/d:/maven/repository/com/framework/framework-core/0.0.1-SNAPSHOT/framework-core-0.0.1-SNAPSHOT.jar!/com/system/mybatis/dao/SysRoleUserMapper.class]
16:07:31,124 DEBUG ClassPathMapperScanner:284 - Identified candidate component class: URL [jar:file:/d:/maven/repository/com/framework/framework-core/0.0.1-SNAPSHOT/framework-core-0.0.1-SNAPSHOT.jar!/com/system/mybatis/dao/SysUserMapper.class]
16:07:31,125 DEBUG ClassPathMapperScanner:284 - Identified candidate component class: URL [jar:file:/d:/maven/repository/com/framework/framework-core/0.0.1-SNAPSHOT/framework-core-0.0.1-SNAPSHOT.jar!/com/system/mybatis/service/IIndexItemService.class]
16:07:31,126 DEBUG ClassPathMapperScanner:290 - Ignored because not a concrete top-level class: URL [jar:file:/d:/maven/repository/com/framework/framework-core/0.0.1-SNAPSHOT/framework-core-0.0.1-SNAPSHOT.jar!/com/system/mybatis/service/impl/IndexItemService.class]
16:07:31,128 DEBUG ClassPathMapperScanner:290 - Ignored because not a concrete top-level class: URL [jar:file:/d:/maven/repository/com/framework/framework-core/0.0.1-SNAPSHOT/framework-core-0.0.1-SNAPSHOT.jar!/com/system/mybatis/service/impl/SysCodeService.class]
16:07:31,128 DEBUG ClassPathMapperScanner:290 - Ignored because not a concrete top-level class: URL [jar:file:/d:/maven/repository/com/framework/framework-core/0.0.1-SNAPSHOT/framework-core-0.0.1-SNAPSHOT.jar!/com/system/mybatis/service/impl/SysDeptServiceImpl.class]
16:07:31,129 DEBUG ClassPathMapperScanner:290 - Ignored because not a concrete top-level class: URL [jar:file:/d:/maven/repository/com/framework/framework-core/0.0.1-SNAPSHOT/framework-core-0.0.1-SNAPSHOT.jar!/com/system/mybatis/service/impl/SysModuleServiceImpl.class]
16:07:31,130 DEBUG ClassPathMapperScanner:290 - Ignored because not a concrete top-level class: URL [jar:file:/d:/maven/repository/com/framework/framework-core/0.0.1-SNAPSHOT/framework-core-0.0.1-SNAPSHOT.jar!/com/system/mybatis/service/impl/SystemLogServiceImpl.class]
16:07:31,132 DEBUG ClassPathMapperScanner:290 - Ignored because not a concrete top-level class: URL [jar:file:/d:/maven/repository/com/framework/framework-core/0.0.1-SNAPSHOT/framework-core-0.0.1-SNAPSHOT.jar!/com/system/mybatis/service/impl/SystemRoleServiceImpl.class]
16:07:31,134 DEBUG ClassPathMapperScanner:290 - Ignored because not a concrete top-level class: URL [jar:file:/d:/maven/repository/com/framework/framework-core/0.0.1-SNAPSHOT/framework-core-0.0.1-SNAPSHOT.jar!/com/system/mybatis/service/impl/SystemUserServiceImpl.class]
16:07:31,135 DEBUG ClassPathMapperScanner:284 - Identified candidate component class: URL [jar:file:/d:/maven/repository/com/framework/framework-core/0.0.1-SNAPSHOT/framework-core-0.0.1-SNAPSHOT.jar!/com/system/mybatis/service/ISysCodeService.class]
16:07:31,135 DEBUG ClassPathMapperScanner:284 - Identified candidate component class: URL [jar:file:/d:/maven/repository/com/framework/framework-core/0.0.1-SNAPSHOT/framework-core-0.0.1-SNAPSHOT.jar!/com/system/mybatis/service/ISysDeptService.class]
16:07:31,136 DEBUG ClassPathMapperScanner:284 - Identified candidate component class: URL [jar:file:/d:/maven/repository/com/framework/framework-core/0.0.1-SNAPSHOT/framework-core-0.0.1-SNAPSHOT.jar!/com/system/mybatis/service/ISysModuleService.class]
16:07:31,136 DEBUG ClassPathMapperScanner:284 - Identified candidate component class: URL [jar:file:/d:/maven/repository/com/framework/framework-core/0.0.1-SNAPSHOT/framework-core-0.0.1-SNAPSHOT.jar!/com/system/mybatis/service/ISystemLogService.class]
16:07:31,137 DEBUG ClassPathMapperScanner:284 - Identified candidate component class: URL [jar:file:/d:/maven/repository/com/framework/framework-core/0.0.1-SNAPSHOT/framework-core-0.0.1-SNAPSHOT.jar!/com/system/mybatis/service/ISystemRoleService.class]
16:07:31,137 DEBUG ClassPathMapperScanner:284 - Identified candidate component class: URL [jar:file:/d:/maven/repository/com/framework/framework-core/0.0.1-SNAPSHOT/framework-core-0.0.1-SNAPSHOT.jar!/com/system/mybatis/service/ISystemUserService.class]
16:07:31,140 DEBUG ClassPathMapperScanner:290 - Ignored because not a concrete top-level class: URL [jar:file:/d:/maven/repository/com/framework/framework-core/0.0.1-SNAPSHOT/framework-core-0.0.1-SNAPSHOT.jar!/com/system/web/code/CodeController.class]
16:07:31,141 DEBUG ClassPathMapperScanner:290 - Ignored because not a concrete top-level class: URL [jar:file:/d:/maven/repository/com/framework/framework-core/0.0.1-SNAPSHOT/framework-core-0.0.1-SNAPSHOT.jar!/com/system/web/custom/CustomController.class]
16:07:31,143 DEBUG ClassPathMapperScanner:290 - Ignored because not a concrete top-level class: URL [jar:file:/d:/maven/repository/com/framework/framework-core/0.0.1-SNAPSHOT/framework-core-0.0.1-SNAPSHOT.jar!/com/system/web/dataindex/IndexItemController.class]
16:07:31,144 DEBUG ClassPathMapperScanner:290 - Ignored because not a concrete top-level class: URL [jar:file:/d:/maven/repository/com/framework/framework-core/0.0.1-SNAPSHOT/framework-core-0.0.1-SNAPSHOT.jar!/com/system/web/DepartmentController.class]
16:07:31,146 DEBUG ClassPathMapperScanner:290 - Ignored because not a concrete top-level class: URL [jar:file:/d:/maven/repository/com/framework/framework-core/0.0.1-SNAPSHOT/framework-core-0.0.1-SNAPSHOT.jar!/com/system/web/RoleController.class]
16:07:31,149 DEBUG ClassPathMapperScanner:290 - Ignored because not a concrete top-level class: URL [jar:file:/d:/maven/repository/com/framework/framework-core/0.0.1-SNAPSHOT/framework-core-0.0.1-SNAPSHOT.jar!/com/system/web/user/UserController.class]
16:07:31,150 DEBUG ClassPathMapperScanner:161 - Creating MapperFactoryBean with name 'sysConstant' and 'com.system.common.SysConstant' mapperInterface
16:07:31,151 DEBUG ClassPathMapperScanner:161 - Creating MapperFactoryBean with name 'ISysDeptDao' and 'com.system.jpa.repository.ISysDeptDao' mapperInterface
16:07:31,151 DEBUG ClassPathMapperScanner:161 - Creating MapperFactoryBean with name 'commSeqMapper' and 'com.system.mybatis.dao.CommSeqMapper' mapperInterface
16:07:31,151 DEBUG ClassPathMapperScanner:161 - Creating MapperFactoryBean with name 'sysCodeMapper' and 'com.system.mybatis.dao.SysCodeMapper' mapperInterface
16:07:31,152 DEBUG ClassPathMapperScanner:161 - Creating MapperFactoryBean with name 'sysDeptMapper' and 'com.system.mybatis.dao.SysDeptMapper' mapperInterface
16:07:31,152 DEBUG ClassPathMapperScanner:161 - Creating MapperFactoryBean with name 'sysDeptUserMapper' and 'com.system.mybatis.dao.SysDeptUserMapper' mapperInterface
16:07:31,152 DEBUG ClassPathMapperScanner:161 - Creating MapperFactoryBean with name 'sysIndexitemMapper' and 'com.system.mybatis.dao.SysIndexitemMapper' mapperInterface
16:07:31,152 DEBUG ClassPathMapperScanner:161 - Creating MapperFactoryBean with name 'sysLogMapper' and 'com.system.mybatis.dao.SysLogMapper' mapperInterface
16:07:31,152 DEBUG ClassPathMapperScanner:161 - Creating MapperFactoryBean with name 'sysModuleMapper' and 'com.system.mybatis.dao.SysModuleMapper' mapperInterface
16:07:31,152 DEBUG ClassPathMapperScanner:161 - Creating MapperFactoryBean with name 'sysRoleFuncMapper' and 'com.system.mybatis.dao.SysRoleFuncMapper' mapperInterface
16:07:31,152 DEBUG ClassPathMapperScanner:161 - Creating MapperFactoryBean with name 'sysRoleMapper' and 'com.system.mybatis.dao.SysRoleMapper' mapperInterface
16:07:31,153 DEBUG ClassPathMapperScanner:161 - Creating MapperFactoryBean with name 'sysRoleUserMapper' and 'com.system.mybatis.dao.SysRoleUserMapper' mapperInterface
16:07:31,153 DEBUG ClassPathMapperScanner:161 - Creating MapperFactoryBean with name 'sysUserMapper' and 'com.system.mybatis.dao.SysUserMapper' mapperInterface
16:07:31,153 DEBUG ClassPathMapperScanner:161 - Creating MapperFactoryBean with name 'IIndexItemService' and 'com.system.mybatis.service.IIndexItemService' mapperInterface
16:07:31,153 DEBUG ClassPathMapperScanner:161 - Creating MapperFactoryBean with name 'ISysCodeService' and 'com.system.mybatis.service.ISysCodeService' mapperInterface
16:07:31,153 DEBUG ClassPathMapperScanner:161 - Creating MapperFactoryBean with name 'ISysDeptService' and 'com.system.mybatis.service.ISysDeptService' mapperInterface
16:07:31,153 DEBUG ClassPathMapperScanner:161 - Creating MapperFactoryBean with name 'ISysModuleService' and 'com.system.mybatis.service.ISysModuleService' mapperInterface
16:07:31,154 DEBUG ClassPathMapperScanner:161 - Creating MapperFactoryBean with name 'ISystemLogService' and 'com.system.mybatis.service.ISystemLogService' mapperInterface
16:07:31,154 DEBUG ClassPathMapperScanner:161 - Creating MapperFactoryBean with name 'ISystemRoleService' and 'com.system.mybatis.service.ISystemRoleService' mapperInterface
16:07:31,154 DEBUG ClassPathMapperScanner:161 - Creating MapperFactoryBean with name 'ISystemUserService' and 'com.system.mybatis.service.ISystemUserService' mapperInterface
16:07:31,154 DEBUG DefaultListableBeanFactory:220 - Creating shared instance of singleton bean 'org.mybatis.spring.mapper.MapperScannerConfigurer#1'
16:07:31,155 DEBUG DefaultListableBeanFactory:450 - Creating instance of bean 'org.mybatis.spring.mapper.MapperScannerConfigurer#1'
16:07:31,155 DEBUG DefaultListableBeanFactory:524 - Eagerly caching bean 'org.mybatis.spring.mapper.MapperScannerConfigurer#1' to allow for resolving potential circular references
16:07:31,155 DEBUG DefaultListableBeanFactory:1610 - Invoking afterPropertiesSet() on bean with name 'org.mybatis.spring.mapper.MapperScannerConfigurer#1'
16:07:31,156 DEBUG DefaultListableBeanFactory:478 - Finished creating instance of bean 'org.mybatis.spring.mapper.MapperScannerConfigurer#1'
16:07:31,162 DEBUG ClassPathMapperScanner:284 - Identified candidate component class: URL [jar:file:/d:/maven/repository/com/framework/framework-core/0.0.1-SNAPSHOT/framework-core-0.0.1-SNAPSHOT.jar!/com/system/common/SysConstant.class]
16:07:31,163 DEBUG ClassPathMapperScanner:284 - Identified candidate component class: URL [jar:file:/d:/maven/repository/com/framework/framework-core/0.0.1-SNAPSHOT/framework-core-0.0.1-SNAPSHOT.jar!/com/system/jpa/repository/ISysDeptDao.class]
16:07:31,164 DEBUG ClassPathMapperScanner:290 - Ignored because not a concrete top-level class: URL [jar:file:/d:/maven/repository/com/framework/framework-core/0.0.1-SNAPSHOT/framework-core-0.0.1-SNAPSHOT.jar!/com/system/jpa/repository/jpa/SysDeptDaoImpl.class]
16:07:31,164 DEBUG ClassPathMapperScanner:290 - Ignored because not a concrete top-level class: URL [jar:file:/d:/maven/repository/com/framework/framework-core/0.0.1-SNAPSHOT/framework-core-0.0.1-SNAPSHOT.jar!/com/system/model/DataIndexTree.class]
16:07:31,165 DEBUG ClassPathMapperScanner:290 - Ignored because not a concrete top-level class: URL [jar:file:/d:/maven/repository/com/framework/framework-core/0.0.1-SNAPSHOT/framework-core-0.0.1-SNAPSHOT.jar!/com/system/model/SysCode.class]
16:07:31,165 DEBUG ClassPathMapperScanner:290 - Ignored because not a concrete top-level class: URL [jar:file:/d:/maven/repository/com/framework/framework-core/0.0.1-SNAPSHOT/framework-core-0.0.1-SNAPSHOT.jar!/com/system/model/SysCodeTree.class]
16:07:31,166 DEBUG ClassPathMapperScanner:290 - Ignored because not a concrete top-level class: URL [jar:file:/d:/maven/repository/com/framework/framework-core/0.0.1-SNAPSHOT/framework-core-0.0.1-SNAPSHOT.jar!/com/system/model/SysDepartmentTree.class]
16:07:31,167 DEBUG ClassPathMapperScanner:290 - Ignored because not a concrete top-level class: URL [jar:file:/d:/maven/repository/com/framework/framework-core/0.0.1-SNAPSHOT/framework-core-0.0.1-SNAPSHOT.jar!/com/system/model/SysDept.class]
16:07:31,167 DEBUG ClassPathMapperScanner:290 - Ignored because not a concrete top-level class: URL [jar:file:/d:/maven/repository/com/framework/framework-core/0.0.1-SNAPSHOT/framework-core-0.0.1-SNAPSHOT.jar!/com/system/model/SysDeptUser.class]
16:07:31,168 DEBUG ClassPathMapperScanner:290 - Ignored because not a concrete top-level class: URL [jar:file:/d:/maven/repository/com/framework/framework-core/0.0.1-SNAPSHOT/framework-core-0.0.1-SNAPSHOT.jar!/com/system/model/SysIndexitem.class]
16:07:31,169 DEBUG ClassPathMapperScanner:290 - Ignored because not a concrete top-level class: URL [jar:file:/d:/maven/repository/com/framework/framework-core/0.0.1-SNAPSHOT/framework-core-0.0.1-SNAPSHOT.jar!/com/system/model/SysLog.class]
16:07:31,169 DEBUG ClassPathMapperScanner:290 - Ignored because not a concrete top-level class: URL [jar:file:/d:/maven/repository/com/framework/framework-core/0.0.1-SNAPSHOT/framework-core-0.0.1-SNAPSHOT.jar!/com/system/model/SysModule.class]
16:07:31,170 DEBUG ClassPathMapperScanner:290 - Ignored because not a concrete top-level class: URL [jar:file:/d:/maven/repository/com/framework/framework-core/0.0.1-SNAPSHOT/framework-core-0.0.1-SNAPSHOT.jar!/com/system/model/SysRole.class]
16:07:31,170 DEBUG ClassPathMapperScanner:290 - Ignored because not a concrete top-level class: URL [jar:file:/d:/maven/repository/com/framework/framework-core/0.0.1-SNAPSHOT/framework-core-0.0.1-SNAPSHOT.jar!/com/system/model/SysRoleFuncKey.class]
16:07:31,171 DEBUG ClassPathMapperScanner:290 - Ignored because not a concrete top-level class: URL [jar:file:/d:/maven/repository/com/framework/framework-core/0.0.1-SNAPSHOT/framework-core-0.0.1-SNAPSHOT.jar!/com/system/model/SysRoleUser.class]
16:07:31,171 DEBUG ClassPathMapperScanner:290 - Ignored because not a concrete top-level class: URL [jar:file:/d:/maven/repository/com/framework/framework-core/0.0.1-SNAPSHOT/framework-core-0.0.1-SNAPSHOT.jar!/com/system/model/SysUser.class]
16:07:31,172 DEBUG ClassPathMapperScanner:284 - Identified candidate component class: URL [jar:file:/d:/maven/repository/com/framework/framework-core/0.0.1-SNAPSHOT/framework-core-0.0.1-SNAPSHOT.jar!/com/system/mybatis/dao/CommSeqMapper.class]
16:07:31,172 DEBUG ClassPathMapperScanner:284 - Identified candidate component class: URL [jar:file:/d:/maven/repository/com/framework/framework-core/0.0.1-SNAPSHOT/framework-core-0.0.1-SNAPSHOT.jar!/com/system/mybatis/dao/SysCodeMapper.class]
16:07:31,173 DEBUG ClassPathMapperScanner:284 - Identified candidate component class: URL [jar:file:/d:/maven/repository/com/framework/framework-core/0.0.1-SNAPSHOT/framework-core-0.0.1-SNAPSHOT.jar!/com/system/mybatis/dao/SysDeptMapper.class]
16:07:31,173 DEBUG ClassPathMapperScanner:284 - Identified candidate component class: URL [jar:file:/d:/maven/repository/com/framework/framework-core/0.0.1-SNAPSHOT/framework-core-0.0.1-SNAPSHOT.jar!/com/system/mybatis/dao/SysDeptUserMapper.class]
16:07:31,174 DEBUG ClassPathMapperScanner:284 - Identified candidate component class: URL [jar:file:/d:/maven/repository/com/framework/framework-core/0.0.1-SNAPSHOT/framework-core-0.0.1-SNAPSHOT.jar!/com/system/mybatis/dao/SysIndexitemMapper.class]
16:07:31,174 DEBUG ClassPathMapperScanner:284 - Identified candidate component class: URL [jar:file:/d:/maven/repository/com/framework/framework-core/0.0.1-SNAPSHOT/framework-core-0.0.1-SNAPSHOT.jar!/com/system/mybatis/dao/SysLogMapper.class]
16:07:31,175 DEBUG ClassPathMapperScanner:284 - Identified candidate component class: URL [jar:file:/d:/maven/repository/com/framework/framework-core/0.0.1-SNAPSHOT/framework-core-0.0.1-SNAPSHOT.jar!/com/system/mybatis/dao/SysModuleMapper.class]
16:07:31,176 DEBUG ClassPathMapperScanner:284 - Identified candidate component class: URL [jar:file:/d:/maven/repository/com/framework/framework-core/0.0.1-SNAPSHOT/framework-core-0.0.1-SNAPSHOT.jar!/com/system/mybatis/dao/SysRoleFuncMapper.class]
16:07:31,176 DEBUG ClassPathMapperScanner:284 - Identified candidate component class: URL [jar:file:/d:/maven/repository/com/framework/framework-core/0.0.1-SNAPSHOT/framework-core-0.0.1-SNAPSHOT.jar!/com/system/mybatis/dao/SysRoleMapper.class]
16:07:31,176 DEBUG ClassPathMapperScanner:284 - Identified candidate component class: URL [jar:file:/d:/maven/repository/com/framework/framework-core/0.0.1-SNAPSHOT/framework-core-0.0.1-SNAPSHOT.jar!/com/system/mybatis/dao/SysRoleUserMapper.class]
16:07:31,177 DEBUG ClassPathMapperScanner:284 - Identified candidate component class: URL [jar:file:/d:/maven/repository/com/framework/framework-core/0.0.1-SNAPSHOT/framework-core-0.0.1-SNAPSHOT.jar!/com/system/mybatis/dao/SysUserMapper.class]
16:07:31,177 DEBUG ClassPathMapperScanner:284 - Identified candidate component class: URL [jar:file:/d:/maven/repository/com/framework/framework-core/0.0.1-SNAPSHOT/framework-core-0.0.1-SNAPSHOT.jar!/com/system/mybatis/service/IIndexItemService.class]
16:07:31,179 DEBUG ClassPathMapperScanner:290 - Ignored because not a concrete top-level class: URL [jar:file:/d:/maven/repository/com/framework/framework-core/0.0.1-SNAPSHOT/framework-core-0.0.1-SNAPSHOT.jar!/com/system/mybatis/service/impl/IndexItemService.class]
16:07:31,180 DEBUG ClassPathMapperScanner:290 - Ignored because not a concrete top-level class: URL [jar:file:/d:/maven/repository/com/framework/framework-core/0.0.1-SNAPSHOT/framework-core-0.0.1-SNAPSHOT.jar!/com/system/mybatis/service/impl/SysCodeService.class]
16:07:31,181 DEBUG ClassPathMapperScanner:290 - Ignored because not a concrete top-level class: URL [jar:file:/d:/maven/repository/com/framework/framework-core/0.0.1-SNAPSHOT/framework-core-0.0.1-SNAPSHOT.jar!/com/system/mybatis/service/impl/SysDeptServiceImpl.class]
16:07:31,181 DEBUG ClassPathMapperScanner:290 - Ignored because not a concrete top-level class: URL [jar:file:/d:/maven/repository/com/framework/framework-core/0.0.1-SNAPSHOT/framework-core-0.0.1-SNAPSHOT.jar!/com/system/mybatis/service/impl/SysModuleServiceImpl.class]
16:07:31,182 DEBUG ClassPathMapperScanner:290 - Ignored because not a concrete top-level class: URL [jar:file:/d:/maven/repository/com/framework/framework-core/0.0.1-SNAPSHOT/framework-core-0.0.1-SNAPSHOT.jar!/com/system/mybatis/service/impl/SystemLogServiceImpl.class]
16:07:31,183 DEBUG ClassPathMapperScanner:290 - Ignored because not a concrete top-level class: URL [jar:file:/d:/maven/repository/com/framework/framework-core/0.0.1-SNAPSHOT/framework-core-0.0.1-SNAPSHOT.jar!/com/system/mybatis/service/impl/SystemRoleServiceImpl.class]
16:07:31,184 DEBUG ClassPathMapperScanner:290 - Ignored because not a concrete top-level class: URL [jar:file:/d:/maven/repository/com/framework/framework-core/0.0.1-SNAPSHOT/framework-core-0.0.1-SNAPSHOT.jar!/com/system/mybatis/service/impl/SystemUserServiceImpl.class]
16:07:31,185 DEBUG ClassPathMapperScanner:284 - Identified candidate component class: URL [jar:file:/d:/maven/repository/com/framework/framework-core/0.0.1-SNAPSHOT/framework-core-0.0.1-SNAPSHOT.jar!/com/system/mybatis/service/ISysCodeService.class]
16:07:31,185 DEBUG ClassPathMapperScanner:284 - Identified candidate component class: URL [jar:file:/d:/maven/repository/com/framework/framework-core/0.0.1-SNAPSHOT/framework-core-0.0.1-SNAPSHOT.jar!/com/system/mybatis/service/ISysDeptService.class]
16:07:31,186 DEBUG ClassPathMapperScanner:284 - Identified candidate component class: URL [jar:file:/d:/maven/repository/com/framework/framework-core/0.0.1-SNAPSHOT/framework-core-0.0.1-SNAPSHOT.jar!/com/system/mybatis/service/ISysModuleService.class]
16:07:31,186 DEBUG ClassPathMapperScanner:284 - Identified candidate component class: URL [jar:file:/d:/maven/repository/com/framework/framework-core/0.0.1-SNAPSHOT/framework-core-0.0.1-SNAPSHOT.jar!/com/system/mybatis/service/ISystemLogService.class]
16:07:31,186 DEBUG ClassPathMapperScanner:284 - Identified candidate component class: URL [jar:file:/d:/maven/repository/com/framework/framework-core/0.0.1-SNAPSHOT/framework-core-0.0.1-SNAPSHOT.jar!/com/system/mybatis/service/ISystemRoleService.class]
16:07:31,187 DEBUG ClassPathMapperScanner:284 - Identified candidate component class: URL [jar:file:/d:/maven/repository/com/framework/framework-core/0.0.1-SNAPSHOT/framework-core-0.0.1-SNAPSHOT.jar!/com/system/mybatis/service/ISystemUserService.class]
16:07:31,188 DEBUG ClassPathMapperScanner:290 - Ignored because not a concrete top-level class: URL [jar:file:/d:/maven/repository/com/framework/framework-core/0.0.1-SNAPSHOT/framework-core-0.0.1-SNAPSHOT.jar!/com/system/web/code/CodeController.class]
16:07:31,189 DEBUG ClassPathMapperScanner:290 - Ignored because not a concrete top-level class: URL [jar:file:/d:/maven/repository/com/framework/framework-core/0.0.1-SNAPSHOT/framework-core-0.0.1-SNAPSHOT.jar!/com/system/web/custom/CustomController.class]
16:07:31,190 DEBUG ClassPathMapperScanner:290 - Ignored because not a concrete top-level class: URL [jar:file:/d:/maven/repository/com/framework/framework-core/0.0.1-SNAPSHOT/framework-core-0.0.1-SNAPSHOT.jar!/com/system/web/dataindex/IndexItemController.class]
16:07:31,191 DEBUG ClassPathMapperScanner:290 - Ignored because not a concrete top-level class: URL [jar:file:/d:/maven/repository/com/framework/framework-core/0.0.1-SNAPSHOT/framework-core-0.0.1-SNAPSHOT.jar!/com/system/web/DepartmentController.class]
16:07:31,192 DEBUG ClassPathMapperScanner:290 - Ignored because not a concrete top-level class: URL [jar:file:/d:/maven/repository/com/framework/framework-core/0.0.1-SNAPSHOT/framework-core-0.0.1-SNAPSHOT.jar!/com/system/web/RoleController.class]
16:07:31,194 DEBUG ClassPathMapperScanner:290 - Ignored because not a concrete top-level class: URL [jar:file:/d:/maven/repository/com/framework/framework-core/0.0.1-SNAPSHOT/framework-core-0.0.1-SNAPSHOT.jar!/com/system/web/user/UserController.class]
16:07:31,195  WARN ClassPathMapperScanner:223 - Skipping MapperFactoryBean with name 'sysConstant' and 'com.system.common.SysConstant' mapperInterface. Bean already defined with the same name!
16:07:31,195  WARN ClassPathMapperScanner:223 - Skipping MapperFactoryBean with name 'ISysDeptDao' and 'com.system.jpa.repository.ISysDeptDao' mapperInterface. Bean already defined with the same name!
16:07:31,195  WARN ClassPathMapperScanner:223 - Skipping MapperFactoryBean with name 'commSeqMapper' and 'com.system.mybatis.dao.CommSeqMapper' mapperInterface. Bean already defined with the same name!
16:07:31,195  WARN ClassPathMapperScanner:223 - Skipping MapperFactoryBean with name 'sysCodeMapper' and 'com.system.mybatis.dao.SysCodeMapper' mapperInterface. Bean already defined with the same name!
16:07:31,195  WARN ClassPathMapperScanner:223 - Skipping MapperFactoryBean with name 'sysDeptMapper' and 'com.system.mybatis.dao.SysDeptMapper' mapperInterface. Bean already defined with the same name!
16:07:31,195  WARN ClassPathMapperScanner:223 - Skipping MapperFactoryBean with name 'sysDeptUserMapper' and 'com.system.mybatis.dao.SysDeptUserMapper' mapperInterface. Bean already defined with the same name!
16:07:31,195  WARN ClassPathMapperScanner:223 - Skipping MapperFactoryBean with name 'sysIndexitemMapper' and 'com.system.mybatis.dao.SysIndexitemMapper' mapperInterface. Bean already defined with the same name!
16:07:31,196  WARN ClassPathMapperScanner:223 - Skipping MapperFactoryBean with name 'sysLogMapper' and 'com.system.mybatis.dao.SysLogMapper' mapperInterface. Bean already defined with the same name!
16:07:31,196  WARN ClassPathMapperScanner:223 - Skipping MapperFactoryBean with name 'sysModuleMapper' and 'com.system.mybatis.dao.SysModuleMapper' mapperInterface. Bean already defined with the same name!
16:07:31,196  WARN ClassPathMapperScanner:223 - Skipping MapperFactoryBean with name 'sysRoleFuncMapper' and 'com.system.mybatis.dao.SysRoleFuncMapper' mapperInterface. Bean already defined with the same name!
16:07:31,196  WARN ClassPathMapperScanner:223 - Skipping MapperFactoryBean with name 'sysRoleMapper' and 'com.system.mybatis.dao.SysRoleMapper' mapperInterface. Bean already defined with the same name!
16:07:31,196  WARN ClassPathMapperScanner:223 - Skipping MapperFactoryBean with name 'sysRoleUserMapper' and 'com.system.mybatis.dao.SysRoleUserMapper' mapperInterface. Bean already defined with the same name!
16:07:31,196  WARN ClassPathMapperScanner:223 - Skipping MapperFactoryBean with name 'sysUserMapper' and 'com.system.mybatis.dao.SysUserMapper' mapperInterface. Bean already defined with the same name!
16:07:31,197  WARN ClassPathMapperScanner:223 - Skipping MapperFactoryBean with name 'IIndexItemService' and 'com.system.mybatis.service.IIndexItemService' mapperInterface. Bean already defined with the same name!
16:07:31,197  WARN ClassPathMapperScanner:223 - Skipping MapperFactoryBean with name 'ISysCodeService' and 'com.system.mybatis.service.ISysCodeService' mapperInterface. Bean already defined with the same name!
16:07:31,197  WARN ClassPathMapperScanner:223 - Skipping MapperFactoryBean with name 'ISysDeptService' and 'com.system.mybatis.service.ISysDeptService' mapperInterface. Bean already defined with the same name!
16:07:31,197  WARN ClassPathMapperScanner:223 - Skipping MapperFactoryBean with name 'ISysModuleService' and 'com.system.mybatis.service.ISysModuleService' mapperInterface. Bean already defined with the same name!
16:07:31,197  WARN ClassPathMapperScanner:223 - Skipping MapperFactoryBean with name 'ISystemLogService' and 'com.system.mybatis.service.ISystemLogService' mapperInterface. Bean already defined with the same name!
16:07:31,198  WARN ClassPathMapperScanner:223 - Skipping MapperFactoryBean with name 'ISystemRoleService' and 'com.system.mybatis.service.ISystemRoleService' mapperInterface. Bean already defined with the same name!
16:07:31,198  WARN ClassPathMapperScanner:223 - Skipping MapperFactoryBean with name 'ISystemUserService' and 'com.system.mybatis.service.ISystemUserService' mapperInterface. Bean already defined with the same name!
16:07:31,200 DEBUG ClassPathMapperScanner:284 - Identified candidate component class: file [D:\workspace\framework-root\framework-resources\target\classes\com\resources\dao\AttachmentsMapper.class]
16:07:31,200 DEBUG ClassPathMapperScanner:284 - Identified candidate component class: file [D:\workspace\framework-root\framework-resources\target\classes\com\resources\dao\AttaThumbnailMapper.class]
16:07:31,201 DEBUG ClassPathMapperScanner:290 - Ignored because not a concrete top-level class: file [D:\workspace\framework-root\framework-resources\target\classes\com\resources\model\CommAttachments.class]
16:07:31,201 DEBUG ClassPathMapperScanner:290 - Ignored because not a concrete top-level class: file [D:\workspace\framework-root\framework-resources\target\classes\com\resources\model\CommAttaThumbnail.class]
16:07:31,201 DEBUG ClassPathMapperScanner:284 - Identified candidate component class: file [D:\workspace\framework-root\framework-resources\target\classes\com\resources\ResConstant.class]
16:07:31,202 DEBUG ClassPathMapperScanner:284 - Identified candidate component class: file [D:\workspace\framework-root\framework-resources\target\classes\com\resources\services\AttachmentsService.class]
16:07:31,202 DEBUG ClassPathMapperScanner:290 - Ignored because not a concrete top-level class: file [D:\workspace\framework-root\framework-resources\target\classes\com\resources\services\impl\AttachmentsServiceImpl$1.class]
16:07:31,203 DEBUG ClassPathMapperScanner:290 - Ignored because not a concrete top-level class: file [D:\workspace\framework-root\framework-resources\target\classes\com\resources\services\impl\AttachmentsServiceImpl.class]
16:07:31,204 DEBUG ClassPathMapperScanner:290 - Ignored because not a concrete top-level class: file [D:\workspace\framework-root\framework-resources\target\classes\com\resources\web\AttachmentsController.class]
16:07:31,205 DEBUG ClassPathMapperScanner:290 - Ignored because not a concrete top-level class: file [D:\workspace\framework-root\framework-resources\target\classes\com\resources\web\ShareResources.class]
16:07:31,206 DEBUG ClassPathMapperScanner:161 - Creating MapperFactoryBean with name 'attachmentsMapper' and 'com.resources.dao.AttachmentsMapper' mapperInterface
16:07:31,206 DEBUG ClassPathMapperScanner:161 - Creating MapperFactoryBean with name 'attaThumbnailMapper' and 'com.resources.dao.AttaThumbnailMapper' mapperInterface
16:07:31,206 DEBUG ClassPathMapperScanner:161 - Creating MapperFactoryBean with name 'resConstant' and 'com.resources.ResConstant' mapperInterface
16:07:31,206 DEBUG ClassPathMapperScanner:161 - Creating MapperFactoryBean with name 'attachmentsService' and 'com.resources.services.AttachmentsService' mapperInterface
16:07:31,213 DEBUG DefaultListableBeanFactory:220 - Creating shared instance of singleton bean 'org.springframework.beans.factory.config.PropertyPlaceholderConfigurer#0'
16:07:31,213 DEBUG DefaultListableBeanFactory:450 - Creating instance of bean 'org.springframework.beans.factory.config.PropertyPlaceholderConfigurer#0'
16:07:31,215 DEBUG DefaultListableBeanFactory:524 - Eagerly caching bean 'org.springframework.beans.factory.config.PropertyPlaceholderConfigurer#0' to allow for resolving potential circular references
16:07:31,225 DEBUG DefaultListableBeanFactory:478 - Finished creating instance of bean 'org.springframework.beans.factory.config.PropertyPlaceholderConfigurer#0'
16:07:31,225  INFO PropertyPlaceholderConfigurer:172 - Loading properties file from class path resource [config/db.properties]
16:07:31,233 DEBUG DefaultListableBeanFactory:220 - Creating shared instance of singleton bean 'org.springframework.context.annotation.internalAutowiredAnnotationProcessor'
16:07:31,234 DEBUG DefaultListableBeanFactory:450 - Creating instance of bean 'org.springframework.context.annotation.internalAutowiredAnnotationProcessor'
16:07:31,234  INFO AutowiredAnnotationBeanPostProcessor:153 - JSR-330 'javax.inject.Inject' annotation found and supported for autowiring
16:07:31,235 DEBUG DefaultListableBeanFactory:524 - Eagerly caching bean 'org.springframework.context.annotation.internalAutowiredAnnotationProcessor' to allow for resolving potential circular references
16:07:31,235 DEBUG DefaultListableBeanFactory:478 - Finished creating instance of bean 'org.springframework.context.annotation.internalAutowiredAnnotationProcessor'
16:07:31,235 DEBUG DefaultListableBeanFactory:220 - Creating shared instance of singleton bean 'org.springframework.context.annotation.internalRequiredAnnotationProcessor'
16:07:31,235 DEBUG DefaultListableBeanFactory:450 - Creating instance of bean 'org.springframework.context.annotation.internalRequiredAnnotationProcessor'
16:07:31,236 DEBUG DefaultListableBeanFactory:524 - Eagerly caching bean 'org.springframework.context.annotation.internalRequiredAnnotationProcessor' to allow for resolving potential circular references
16:07:31,236 DEBUG DefaultListableBeanFactory:478 - Finished creating instance of bean 'org.springframework.context.annotation.internalRequiredAnnotationProcessor'
16:07:31,236 DEBUG DefaultListableBeanFactory:220 - Creating shared instance of singleton bean 'org.springframework.context.annotation.internalCommonAnnotationProcessor'
16:07:31,236 DEBUG DefaultListableBeanFactory:450 - Creating instance of bean 'org.springframework.context.annotation.internalCommonAnnotationProcessor'
16:07:31,240 DEBUG DefaultListableBeanFactory:524 - Eagerly caching bean 'org.springframework.context.annotation.internalCommonAnnotationProcessor' to allow for resolving potential circular references
16:07:31,240 DEBUG DefaultListableBeanFactory:478 - Finished creating instance of bean 'org.springframework.context.annotation.internalCommonAnnotationProcessor'
16:07:31,240 DEBUG DefaultListableBeanFactory:220 - Creating shared instance of singleton bean 'org.springframework.context.annotation.internalPersistenceAnnotationProcessor'
16:07:31,240 DEBUG DefaultListableBeanFactory:450 - Creating instance of bean 'org.springframework.context.annotation.internalPersistenceAnnotationProcessor'
16:07:31,242 DEBUG DefaultListableBeanFactory:524 - Eagerly caching bean 'org.springframework.context.annotation.internalPersistenceAnnotationProcessor' to allow for resolving potential circular references
16:07:31,242 DEBUG DefaultListableBeanFactory:478 - Finished creating instance of bean 'org.springframework.context.annotation.internalPersistenceAnnotationProcessor'
16:07:31,242 DEBUG DefaultListableBeanFactory:220 - Creating shared instance of singleton bean 'org.springframework.context.annotation.ConfigurationClassPostProcessor.importAwareProcessor'
16:07:31,242 DEBUG DefaultListableBeanFactory:450 - Creating instance of bean 'org.springframework.context.annotation.ConfigurationClassPostProcessor.importAwareProcessor'
16:07:31,243 DEBUG DefaultListableBeanFactory:524 - Eagerly caching bean 'org.springframework.context.annotation.ConfigurationClassPostProcessor.importAwareProcessor' to allow for resolving potential circular references
16:07:31,243 DEBUG DefaultListableBeanFactory:478 - Finished creating instance of bean 'org.springframework.context.annotation.ConfigurationClassPostProcessor.importAwareProcessor'
16:07:31,243 DEBUG DefaultListableBeanFactory:220 - Creating shared instance of singleton bean 'org.springframework.context.annotation.ConfigurationClassPostProcessor.enhancedConfigurationProcessor'
16:07:31,243 DEBUG DefaultListableBeanFactory:450 - Creating instance of bean 'org.springframework.context.annotation.ConfigurationClassPostProcessor.enhancedConfigurationProcessor'
16:07:31,243 DEBUG DefaultListableBeanFactory:524 - Eagerly caching bean 'org.springframework.context.annotation.ConfigurationClassPostProcessor.enhancedConfigurationProcessor' to allow for resolving potential circular references
16:07:31,243 DEBUG DefaultListableBeanFactory:478 - Finished creating instance of bean 'org.springframework.context.annotation.ConfigurationClassPostProcessor.enhancedConfigurationProcessor'
16:07:31,244 DEBUG DefaultListableBeanFactory:220 - Creating shared instance of singleton bean 'org.springframework.aop.config.internalAutoProxyCreator'
16:07:31,244 DEBUG DefaultListableBeanFactory:450 - Creating instance of bean 'org.springframework.aop.config.internalAutoProxyCreator'
16:07:31,262 DEBUG DefaultListableBeanFactory:524 - Eagerly caching bean 'org.springframework.aop.config.internalAutoProxyCreator' to allow for resolving potential circular references
16:07:31,273 DEBUG DefaultListableBeanFactory:478 - Finished creating instance of bean 'org.springframework.aop.config.internalAutoProxyCreator'
16:07:31,276 DEBUG GenericApplicationContext:646 - Unable to locate MessageSource with name 'messageSource': using default [org.springframework.context.support.DelegatingMessageSource@6a20cc11]
16:07:31,278 DEBUG GenericApplicationContext:670 - Unable to locate ApplicationEventMulticaster with name 'applicationEventMulticaster': using default [org.springframework.context.event.SimpleApplicationEventMulticaster@4a0e69ae]
16:07:31,286 DEBUG DefaultListableBeanFactory:691 - Pre-instantiating singletons in org.springframework.beans.factory.support.DefaultListableBeanFactory@724873df: defining beans [org.springframework.beans.factory.config.PropertyPlaceholderConfigurer#0,dataSource,validator,controlAdvice,sessionManager,org.springframework.context.annotation.internalConfigurationAnnotationProcessor,org.springframework.context.annotation.internalAutowiredAnnotationProcessor,org.springframework.context.annotation.internalRequiredAnnotationProcessor,org.springframework.context.annotation.internalCommonAnnotationProcessor,org.springframework.context.annotation.internalPersistenceAnnotationProcessor,queryParamAop,org.springframework.aop.config.internalAutoProxyCreator,org.springframework.transaction.annotation.AnnotationTransactionAttributeSource#0,org.springframework.transaction.interceptor.TransactionInterceptor#0,org.springframework.transaction.config.internalTransactionAdvisor,sqlSessionFactory,myBatisExceptionTranslator,org.mybatis.spring.mapper.MapperScannerConfigurer#0,transactionManager,indexItemService,sysCodeService,sysDeptServiceImpl,sysModuleServiceImpl,systemLogServiceImpl,systemRoleServiceImpl,systemUserServiceImpl,systemLogAOP,commonServiceImpl,configProperties,attachmentsServiceImpl,attachmentsController,shareResources,iM4ImageHandler,imageService,org.mybatis.spring.mapper.MapperScannerConfigurer#1,org.springframework.context.annotation.ConfigurationClassPostProcessor.importAwareProcessor,org.springframework.context.annotation.ConfigurationClassPostProcessor.enhancedConfigurationProcessor,sysConstant,ISysDeptDao,commSeqMapper,sysCodeMapper,sysDeptMapper,sysDeptUserMapper,sysIndexitemMapper,sysLogMapper,sysModuleMapper,sysRoleFuncMapper,sysRoleMapper,sysRoleUserMapper,sysUserMapper,IIndexItemService,ISysCodeService,ISysDeptService,ISysModuleService,ISystemLogService,ISystemRoleService,ISystemUserService,attachmentsMapper,attaThumbnailMapper,resConstant,attachmentsService]; root of factory hierarchy
16:07:31,286 DEBUG DefaultListableBeanFactory:247 - Returning cached instance of singleton bean 'org.springframework.beans.factory.config.PropertyPlaceholderConfigurer#0'
16:07:31,287 DEBUG DefaultListableBeanFactory:220 - Creating shared instance of singleton bean 'dataSource'
16:07:31,287 DEBUG DefaultListableBeanFactory:450 - Creating instance of bean 'dataSource'
16:07:31,289 DEBUG DefaultListableBeanFactory:220 - Creating shared instance of singleton bean 'org.springframework.transaction.config.internalTransactionAdvisor'
16:07:31,290 DEBUG DefaultListableBeanFactory:450 - Creating instance of bean 'org.springframework.transaction.config.internalTransactionAdvisor'
16:07:31,291 DEBUG DefaultListableBeanFactory:524 - Eagerly caching bean 'org.springframework.transaction.config.internalTransactionAdvisor' to allow for resolving potential circular references
16:07:31,296 DEBUG DefaultListableBeanFactory:220 - Creating shared instance of singleton bean 'org.springframework.transaction.annotation.AnnotationTransactionAttributeSource#0'
16:07:31,297 DEBUG DefaultListableBeanFactory:450 - Creating instance of bean 'org.springframework.transaction.annotation.AnnotationTransactionAttributeSource#0'
16:07:31,297 DEBUG BeanFactoryAdvisorRetrievalHelper:87 - Skipping currently created advisor 'org.springframework.transaction.config.internalTransactionAdvisor'
16:07:31,332 DEBUG ReflectiveAspectJAdvisorFactory:221 - Found AspectJ method: public java.lang.Object com.framework.common.aspect.QueryParamAop.actionAopAround(org.aspectj.lang.ProceedingJoinPoint,com.framework.mybatis.model.QueryModel,java.lang.Integer,java.lang.Integer) throws java.lang.Throwable
16:07:31,335 DEBUG ReflectiveAspectJAdvisorFactory:221 - Found AspectJ method: public void com.framework.common.aspect.QueryParamAop.beforeAction(org.aspectj.lang.JoinPoint,com.framework.mybatis.model.QueryModel,java.lang.Integer,java.lang.Integer)
16:07:31,345 DEBUG ReflectiveAspectJAdvisorFactory:221 - Found AspectJ method: public void com.framework.mybatis.aspect.SystemLogAOP.doBefore(org.aspectj.lang.JoinPoint)
16:07:31,345 DEBUG ReflectiveAspectJAdvisorFactory:221 - Found AspectJ method: public void com.framework.mybatis.aspect.SystemLogAOP.doAfterThrowing(org.aspectj.lang.JoinPoint,java.lang.Throwable)
16:07:31,368 DEBUG DefaultListableBeanFactory:524 - Eagerly caching bean 'org.springframework.transaction.annotation.AnnotationTransactionAttributeSource#0' to allow for resolving potential circular references
16:07:31,372 DEBUG BeanFactoryAdvisorRetrievalHelper:87 - Skipping currently created advisor 'org.springframework.transaction.config.internalTransactionAdvisor'
16:07:31,373 DEBUG BeanFactoryAdvisorRetrievalHelper:87 - Skipping currently created advisor 'org.springframework.transaction.config.internalTransactionAdvisor'
16:07:31,618 DEBUG DefaultListableBeanFactory:478 - Finished creating instance of bean 'org.springframework.transaction.annotation.AnnotationTransactionAttributeSource#0'
16:07:31,619 DEBUG DefaultListableBeanFactory:478 - Finished creating instance of bean 'org.springframework.transaction.config.internalTransactionAdvisor'
16:07:31,786 DEBUG DefaultListableBeanFactory:524 - Eagerly caching bean 'dataSource' to allow for resolving potential circular references
16:07:31,809 DEBUG DefaultListableBeanFactory:247 - Returning cached instance of singleton bean 'org.springframework.transaction.config.internalTransactionAdvisor'
16:07:31,810 DEBUG DefaultListableBeanFactory:247 - Returning cached instance of singleton bean 'org.springframework.transaction.config.internalTransactionAdvisor'
16:07:32,428 DEBUG DefaultListableBeanFactory:478 - Finished creating instance of bean 'dataSource'
16:07:32,428 DEBUG DefaultListableBeanFactory:220 - Creating shared instance of singleton bean 'validator'
16:07:32,428 DEBUG DefaultListableBeanFactory:450 - Creating instance of bean 'validator'
16:07:32,428 DEBUG DefaultListableBeanFactory:247 - Returning cached instance of singleton bean 'org.springframework.transaction.config.internalTransactionAdvisor'
16:07:32,434 DEBUG DefaultListableBeanFactory:524 - Eagerly caching bean 'validator' to allow for resolving potential circular references
16:07:32,438 DEBUG DefaultListableBeanFactory:1610 - Invoking afterPropertiesSet() on bean with name 'validator'
16:07:32,460 DEBUG logging:19 - Logging Provider: org.jboss.logging.Log4jLoggerProvider
16:07:32,461  INFO Version:17 - HV000001: Hibernate Validator 5.2.0.Final
16:07:32,479 DEBUG DefaultTraversableResolver:103 - Found javax.persistence.Persistence on classpath containing 'getPersistenceUtil'. Assuming JPA 2 environment. Trying to instantiate JPA aware TraversableResolver
16:07:32,480 DEBUG DefaultTraversableResolver:114 - Instantiated JPA aware TraversableResolver of type org.hibernate.validator.internal.engine.resolver.JPATraversableResolver.
16:07:32,488 DEBUG ConfigurationImpl:145 - Setting custom MessageInterpolator of type org.springframework.validation.beanvalidation.LocaleContextMessageInterpolator
16:07:32,489 DEBUG ConfigurationImpl:167 - Setting custom ConstraintValidatorFactory of type org.springframework.validation.beanvalidation.SpringConstraintValidatorFactory
16:07:32,491 DEBUG ConfigurationImpl:181 - Setting custom ParameterNameProvider of type com.sun.proxy.$Proxy33
16:07:32,492 DEBUG ValidationXmlParser:90 - Trying to load META-INF/validation.xml for XML based Validator configuration.
16:07:32,494 DEBUG ResourceLoaderHelper:54 - Trying to load META-INF/validation.xml via TCCL
16:07:32,494 DEBUG ResourceLoaderHelper:60 - Trying to load META-INF/validation.xml via Hibernate Validator's class loader
16:07:32,495 DEBUG ValidationXmlParser:97 - No META-INF/validation.xml found. Using annotation based configuration only.
16:07:32,555 DEBUG DefaultListableBeanFactory:247 - Returning cached instance of singleton bean 'org.springframework.transaction.config.internalTransactionAdvisor'
16:07:32,556 DEBUG DefaultListableBeanFactory:247 - Returning cached instance of singleton bean 'org.springframework.transaction.config.internalTransactionAdvisor'
16:07:32,605 DEBUG DefaultListableBeanFactory:478 - Finished creating instance of bean 'validator'
16:07:32,605 DEBUG DefaultListableBeanFactory:220 - Creating shared instance of singleton bean 'controlAdvice'
16:07:32,606 DEBUG DefaultListableBeanFactory:450 - Creating instance of bean 'controlAdvice'
16:07:32,606 DEBUG DefaultListableBeanFactory:247 - Returning cached instance of singleton bean 'org.springframework.transaction.config.internalTransactionAdvisor'
16:07:32,613 DEBUG DefaultListableBeanFactory:524 - Eagerly caching bean 'controlAdvice' to allow for resolving potential circular references
16:07:32,614 DEBUG DefaultListableBeanFactory:247 - Returning cached instance of singleton bean 'org.springframework.transaction.config.internalTransactionAdvisor'
16:07:32,614 DEBUG DefaultListableBeanFactory:247 - Returning cached instance of singleton bean 'org.springframework.transaction.config.internalTransactionAdvisor'
16:07:32,622 DEBUG DefaultListableBeanFactory:478 - Finished creating instance of bean 'controlAdvice'
16:07:32,622 DEBUG DefaultListableBeanFactory:220 - Creating shared instance of singleton bean 'sessionManager'
16:07:32,623 DEBUG DefaultListableBeanFactory:450 - Creating instance of bean 'sessionManager'
16:07:32,623 DEBUG DefaultListableBeanFactory:247 - Returning cached instance of singleton bean 'org.springframework.transaction.config.internalTransactionAdvisor'
16:07:32,624 DEBUG DefaultListableBeanFactory:524 - Eagerly caching bean 'sessionManager' to allow for resolving potential circular references
16:07:32,630 DEBUG DefaultListableBeanFactory:247 - Returning cached instance of singleton bean 'org.springframework.transaction.config.internalTransactionAdvisor'
16:07:32,631 DEBUG DefaultListableBeanFactory:247 - Returning cached instance of singleton bean 'org.springframework.transaction.config.internalTransactionAdvisor'
16:07:32,649 DEBUG DefaultListableBeanFactory:478 - Finished creating instance of bean 'sessionManager'
16:07:32,649 DEBUG DefaultListableBeanFactory:247 - Returning cached instance of singleton bean 'org.springframework.context.annotation.internalConfigurationAnnotationProcessor'
16:07:32,649 DEBUG DefaultListableBeanFactory:247 - Returning cached instance of singleton bean 'org.springframework.context.annotation.internalAutowiredAnnotationProcessor'
16:07:32,650 DEBUG DefaultListableBeanFactory:247 - Returning cached instance of singleton bean 'org.springframework.context.annotation.internalRequiredAnnotationProcessor'
16:07:32,650 DEBUG DefaultListableBeanFactory:247 - Returning cached instance of singleton bean 'org.springframework.context.annotation.internalCommonAnnotationProcessor'
16:07:32,650 DEBUG DefaultListableBeanFactory:247 - Returning cached instance of singleton bean 'org.springframework.context.annotation.internalPersistenceAnnotationProcessor'
16:07:32,651 DEBUG DefaultListableBeanFactory:220 - Creating shared instance of singleton bean 'queryParamAop'
16:07:32,651 DEBUG DefaultListableBeanFactory:450 - Creating instance of bean 'queryParamAop'
16:07:32,652 DEBUG DefaultListableBeanFactory:524 - Eagerly caching bean 'queryParamAop' to allow for resolving potential circular references
16:07:32,654 DEBUG DefaultListableBeanFactory:478 - Finished creating instance of bean 'queryParamAop'
16:07:32,655 DEBUG DefaultListableBeanFactory:247 - Returning cached instance of singleton bean 'org.springframework.aop.config.internalAutoProxyCreator'
16:07:32,655 DEBUG DefaultListableBeanFactory:247 - Returning cached instance of singleton bean 'org.springframework.transaction.annotation.AnnotationTransactionAttributeSource#0'
16:07:32,655 DEBUG DefaultListableBeanFactory:220 - Creating shared instance of singleton bean 'org.springframework.transaction.interceptor.TransactionInterceptor#0'
16:07:32,655 DEBUG DefaultListableBeanFactory:450 - Creating instance of bean 'org.springframework.transaction.interceptor.TransactionInterceptor#0'
16:07:32,659 DEBUG DefaultListableBeanFactory:524 - Eagerly caching bean 'org.springframework.transaction.interceptor.TransactionInterceptor#0' to allow for resolving potential circular references
16:07:32,663 DEBUG DefaultListableBeanFactory:247 - Returning cached instance of singleton bean 'org.springframework.transaction.annotation.AnnotationTransactionAttributeSource#0'
16:07:32,663 DEBUG DefaultListableBeanFactory:1610 - Invoking afterPropertiesSet() on bean with name 'org.springframework.transaction.interceptor.TransactionInterceptor#0'
16:07:32,664 DEBUG DefaultListableBeanFactory:478 - Finished creating instance of bean 'org.springframework.transaction.interceptor.TransactionInterceptor#0'
16:07:32,664 DEBUG DefaultListableBeanFactory:247 - Returning cached instance of singleton bean 'org.springframework.transaction.config.internalTransactionAdvisor'
16:07:32,665 DEBUG DefaultListableBeanFactory:220 - Creating shared instance of singleton bean 'sqlSessionFactory'
16:07:32,665 DEBUG DefaultListableBeanFactory:450 - Creating instance of bean 'sqlSessionFactory'
16:07:32,665 DEBUG DefaultListableBeanFactory:247 - Returning cached instance of singleton bean 'org.springframework.transaction.config.internalTransactionAdvisor'
16:07:32,672 DEBUG LogFactory:124 - Logging initialized using 'class org.apache.ibatis.logging.slf4j.Slf4jImpl' adapter.
16:07:32,676 DEBUG DefaultListableBeanFactory:524 - Eagerly caching bean 'sqlSessionFactory' to allow for resolving potential circular references
16:07:32,679 DEBUG DefaultListableBeanFactory:247 - Returning cached instance of singleton bean 'dataSource'
16:07:32,688 DEBUG DefaultListableBeanFactory:1610 - Invoking afterPropertiesSet() on bean with name 'sqlSessionFactory'
16:07:32,782 DEBUG PageInterceptor:130 - {}
16:07:32,783 DEBUG PageInterceptor:119 - {defaultPageSize=10}
16:07:32,840 DEBUG SqlSessionFactoryBean:427 - Parsed configuration file: 'class path resource [context/mybatis-config.xml]'
16:07:33,139 DEBUG SqlSessionFactoryBean:468 - Parsed mapper file: 'file [D:\workspace\framework-root\framework-resources\target\test-classes\context\mapper\AttachmentsMapper.xml]'
16:07:33,176 DEBUG SqlSessionFactoryBean:468 - Parsed mapper file: 'file [D:\workspace\framework-root\framework-resources\target\test-classes\context\mapper\AttaThumbnailMapper.xml]'
16:07:33,205 DEBUG SqlSessionFactoryBean:468 - Parsed mapper file: 'file [D:\workspace\framework-root\framework-resources\target\test-classes\context\mapper\CommSeqMapper.xml]'
16:07:33,287 DEBUG SqlSessionFactoryBean:468 - Parsed mapper file: 'file [D:\workspace\framework-root\framework-resources\target\test-classes\context\mapper\PublicMapper.xml]'
16:07:33,345 DEBUG SqlSessionFactoryBean:468 - Parsed mapper file: 'file [D:\workspace\framework-root\framework-resources\target\test-classes\context\mapper\SysCodeMapper.xml]'
16:07:33,386 DEBUG SqlSessionFactoryBean:468 - Parsed mapper file: 'file [D:\workspace\framework-root\framework-resources\target\test-classes\context\mapper\SysDeptMapper.xml]'
16:07:33,419 DEBUG SqlSessionFactoryBean:468 - Parsed mapper file: 'file [D:\workspace\framework-root\framework-resources\target\test-classes\context\mapper\SysDeptUserMapper.xml]'
16:07:33,458 DEBUG SqlSessionFactoryBean:468 - Parsed mapper file: 'file [D:\workspace\framework-root\framework-resources\target\test-classes\context\mapper\SysIndexitemMapper.xml]'
16:07:33,504 DEBUG SqlSessionFactoryBean:468 - Parsed mapper file: 'file [D:\workspace\framework-root\framework-resources\target\test-classes\context\mapper\SysLogMapper.xml]'
16:07:33,547 DEBUG SqlSessionFactoryBean:468 - Parsed mapper file: 'file [D:\workspace\framework-root\framework-resources\target\test-classes\context\mapper\SysModuleMapper.xml]'
16:07:33,572 DEBUG SqlSessionFactoryBean:468 - Parsed mapper file: 'file [D:\workspace\framework-root\framework-resources\target\test-classes\context\mapper\SysRoleFuncMapper.xml]'
16:07:33,607 DEBUG SqlSessionFactoryBean:468 - Parsed mapper file: 'file [D:\workspace\framework-root\framework-resources\target\test-classes\context\mapper\SysRoleMapper.xml]'
16:07:33,624 DEBUG SqlSessionFactoryBean:468 - Parsed mapper file: 'file [D:\workspace\framework-root\framework-resources\target\test-classes\context\mapper\SysRoleUserMapper.xml]'
16:07:33,654 DEBUG SqlSessionFactoryBean:468 - Parsed mapper file: 'file [D:\workspace\framework-root\framework-resources\target\test-classes\context\mapper\SysUserMapper.xml]'
16:07:33,670  WARN GenericApplicationContext:487 - Exception encountered during context initialization - cancelling refresh attempt
org.springframework.beans.factory.BeanCreationException: Error creating bean with name 'sqlSessionFactory' defined in class path resource [config/application-core.xml]: Invocation of init method failed; nested exception is org.springframework.core.NestedIOException: Failed to parse mapping resource: 'file [D:\workspace\framework-root\framework-resources\target\classes\context\mapper\AttachmentsMapper.xml]'; nested exception is org.apache.ibatis.builder.BuilderException: Error parsing Mapper XML. Cause: java.lang.IllegalArgumentException: Result Maps collection already contains value for com.resources.dao.AttachmentsMapper.BaseResultMap
	at org.springframework.beans.factory.support.AbstractAutowireCapableBeanFactory.initializeBean(AbstractAutowireCapableBeanFactory.java:1568)
	at org.springframework.beans.factory.support.AbstractAutowireCapableBeanFactory.doCreateBean(AbstractAutowireCapableBeanFactory.java:540)
	at org.springframework.beans.factory.support.AbstractAutowireCapableBeanFactory.createBean(AbstractAutowireCapableBeanFactory.java:476)
	at org.springframework.beans.factory.support.AbstractBeanFactory$1.getObject(AbstractBeanFactory.java:302)
	at org.springframework.beans.factory.support.DefaultSingletonBeanRegistry.getSingleton(DefaultSingletonBeanRegistry.java:229)
	at org.springframework.beans.factory.support.AbstractBeanFactory.doGetBean(AbstractBeanFactory.java:298)
	at org.springframework.beans.factory.support.AbstractBeanFactory.getBean(AbstractBeanFactory.java:193)
	at org.springframework.beans.factory.support.DefaultListableBeanFactory.preInstantiateSingletons(DefaultListableBeanFactory.java:706)
	at org.springframework.context.support.AbstractApplicationContext.finishBeanFactoryInitialization(AbstractApplicationContext.java:757)
	at org.springframework.context.support.AbstractApplicationContext.refresh(AbstractApplicationContext.java:480)
	at org.springframework.test.context.support.AbstractGenericContextLoader.loadContext(AbstractGenericContextLoader.java:125)
	at org.springframework.test.context.support.AbstractGenericContextLoader.loadContext(AbstractGenericContextLoader.java:60)
	at org.springframework.test.context.support.AbstractDelegatingSmartContextLoader.delegateLoading(AbstractDelegatingSmartContextLoader.java:108)
	at org.springframework.test.context.support.AbstractDelegatingSmartContextLoader.loadContext(AbstractDelegatingSmartContextLoader.java:260)
	at org.springframework.test.context.DefaultCacheAwareContextLoaderDelegate.loadContextInternal(DefaultCacheAwareContextLoaderDelegate.java:63)
	at org.springframework.test.context.DefaultCacheAwareContextLoaderDelegate.loadContext(DefaultCacheAwareContextLoaderDelegate.java:83)
	at org.springframework.test.context.DefaultTestContext.getApplicationContext(DefaultTestContext.java:74)
	at org.springframework.test.context.support.DependencyInjectionTestExecutionListener.injectDependencies(DependencyInjectionTestExecutionListener.java:116)
	at org.springframework.test.context.support.DependencyInjectionTestExecutionListener.prepareTestInstance(DependencyInjectionTestExecutionListener.java:82)
	at org.springframework.test.context.TestContextManager.prepareTestInstance(TestContextManager.java:212)
	at org.springframework.test.context.junit4.SpringJUnit4ClassRunner.createTest(SpringJUnit4ClassRunner.java:199)
	at org.springframework.test.context.junit4.SpringJUnit4ClassRunner$1.runReflectiveCall(SpringJUnit4ClassRunner.java:251)
	at org.junit.internal.runners.model.ReflectiveCallable.run(ReflectiveCallable.java:12)
	at org.springframework.test.context.junit4.SpringJUnit4ClassRunner.methodBlock(SpringJUnit4ClassRunner.java:253)
	at org.springframework.test.context.junit4.SpringJUnit4ClassRunner.runChild(SpringJUnit4ClassRunner.java:216)
	at org.springframework.test.context.junit4.SpringJUnit4ClassRunner.runChild(SpringJUnit4ClassRunner.java:82)
	at org.junit.runners.ParentRunner$3.run(ParentRunner.java:238)
	at org.junit.runners.ParentRunner$1.schedule(ParentRunner.java:63)
	at org.junit.runners.ParentRunner.runChildren(ParentRunner.java:236)
	at org.junit.runners.ParentRunner.access$000(ParentRunner.java:53)
	at org.junit.runners.ParentRunner$2.evaluate(ParentRunner.java:229)
	at org.springframework.test.context.junit4.statements.RunBeforeTestClassCallbacks.evaluate(RunBeforeTestClassCallbacks.java:60)
	at org.springframework.test.context.junit4.statements.RunAfterTestClassCallbacks.evaluate(RunAfterTestClassCallbacks.java:67)
	at org.junit.runners.ParentRunner.run(ParentRunner.java:309)
	at org.springframework.test.context.junit4.SpringJUnit4ClassRunner.run(SpringJUnit4ClassRunner.java:162)
	at org.apache.maven.surefire.junit4.JUnit4Provider.execute(JUnit4Provider.java:344)
	at org.apache.maven.surefire.junit4.JUnit4Provider.executeWithRerun(JUnit4Provider.java:269)
	at org.apache.maven.surefire.junit4.JUnit4Provider.executeTestSet(JUnit4Provider.java:240)
	at org.apache.maven.surefire.junit4.JUnit4Provider.invoke(JUnit4Provider.java:184)
	at org.apache.maven.surefire.booter.ForkedBooter.invokeProviderInSameClassLoader(ForkedBooter.java:286)
	at org.apache.maven.surefire.booter.ForkedBooter.runSuitesInProcess(ForkedBooter.java:240)
	at org.apache.maven.surefire.booter.ForkedBooter.main(ForkedBooter.java:121)
Caused by: org.springframework.core.NestedIOException: Failed to parse mapping resource: 'file [D:\workspace\framework-root\framework-resources\target\classes\context\mapper\AttachmentsMapper.xml]'; nested exception is org.apache.ibatis.builder.BuilderException: Error parsing Mapper XML. Cause: java.lang.IllegalArgumentException: Result Maps collection already contains value for com.resources.dao.AttachmentsMapper.BaseResultMap
	at org.mybatis.spring.SqlSessionFactoryBean.buildSqlSessionFactory(SqlSessionFactoryBean.java:462)
	at org.mybatis.spring.SqlSessionFactoryBean.afterPropertiesSet(SqlSessionFactoryBean.java:336)
	at org.springframework.beans.factory.support.AbstractAutowireCapableBeanFactory.invokeInitMethods(AbstractAutowireCapableBeanFactory.java:1627)
	at org.springframework.beans.factory.support.AbstractAutowireCapableBeanFactory.initializeBean(AbstractAutowireCapableBeanFactory.java:1564)
	... 41 more
Caused by: org.apache.ibatis.builder.BuilderException: Error parsing Mapper XML. Cause: java.lang.IllegalArgumentException: Result Maps collection already contains value for com.resources.dao.AttachmentsMapper.BaseResultMap
	at org.apache.ibatis.builder.xml.XMLMapperBuilder.configurationElement(XMLMapperBuilder.java:117)
	at org.apache.ibatis.builder.xml.XMLMapperBuilder.parse(XMLMapperBuilder.java:89)
	at org.mybatis.spring.SqlSessionFactoryBean.buildSqlSessionFactory(SqlSessionFactoryBean.java:460)
	... 44 more
Caused by: java.lang.IllegalArgumentException: Result Maps collection already contains value for com.resources.dao.AttachmentsMapper.BaseResultMap
	at org.apache.ibatis.session.Configuration$StrictMap.put(Configuration.java:782)
	at org.apache.ibatis.session.Configuration$StrictMap.put(Configuration.java:754)
	at org.apache.ibatis.session.Configuration.addResultMap(Configuration.java:536)
	at org.apache.ibatis.builder.MapperBuilderAssistant.addResultMap(MapperBuilderAssistant.java:204)
	at org.apache.ibatis.builder.ResultMapResolver.resolve(ResultMapResolver.java:44)
	at org.apache.ibatis.builder.xml.XMLMapperBuilder.resultMapElement(XMLMapperBuilder.java:281)
	at org.apache.ibatis.builder.xml.XMLMapperBuilder.resultMapElement(XMLMapperBuilder.java:248)
	at org.apache.ibatis.builder.xml.XMLMapperBuilder.resultMapElements(XMLMapperBuilder.java:240)
	at org.apache.ibatis.builder.xml.XMLMapperBuilder.configurationElement(XMLMapperBuilder.java:113)
	... 46 more
16:07:33,673 DEBUG DefaultListableBeanFactory:499 - Destroying singletons in org.springframework.beans.factory.support.DefaultListableBeanFactory@724873df: defining beans [org.springframework.beans.factory.config.PropertyPlaceholderConfigurer#0,dataSource,validator,controlAdvice,sessionManager,org.springframework.context.annotation.internalConfigurationAnnotationProcessor,org.springframework.context.annotation.internalAutowiredAnnotationProcessor,org.springframework.context.annotation.internalRequiredAnnotationProcessor,org.springframework.context.annotation.internalCommonAnnotationProcessor,org.springframework.context.annotation.internalPersistenceAnnotationProcessor,queryParamAop,org.springframework.aop.config.internalAutoProxyCreator,org.springframework.transaction.annotation.AnnotationTransactionAttributeSource#0,org.springframework.transaction.interceptor.TransactionInterceptor#0,org.springframework.transaction.config.internalTransactionAdvisor,sqlSessionFactory,myBatisExceptionTranslator,org.mybatis.spring.mapper.MapperScannerConfigurer#0,transactionManager,indexItemService,sysCodeService,sysDeptServiceImpl,sysModuleServiceImpl,systemLogServiceImpl,systemRoleServiceImpl,systemUserServiceImpl,systemLogAOP,commonServiceImpl,configProperties,attachmentsServiceImpl,attachmentsController,shareResources,iM4ImageHandler,imageService,org.mybatis.spring.mapper.MapperScannerConfigurer#1,org.springframework.context.annotation.ConfigurationClassPostProcessor.importAwareProcessor,org.springframework.context.annotation.ConfigurationClassPostProcessor.enhancedConfigurationProcessor,sysConstant,ISysDeptDao,commSeqMapper,sysCodeMapper,sysDeptMapper,sysDeptUserMapper,sysIndexitemMapper,sysLogMapper,sysModuleMapper,sysRoleFuncMapper,sysRoleMapper,sysRoleUserMapper,sysUserMapper,IIndexItemService,ISysCodeService,ISysDeptService,ISysModuleService,ISystemLogService,ISystemRoleService,ISystemUserService,attachmentsMapper,attaThumbnailMapper,resConstant,attachmentsService]; root of factory hierarchy
16:07:33,681 DEBUG DisposableBeanAdapter:245 - Invoking destroy() on bean with name 'validator'
16:07:33,682 DEBUG DisposableBeanAdapter:323 - Invoking destroy method 'close' on bean with name 'dataSource'
16:07:33,683 ERROR TestContextManager:215 - Caught exception while allowing TestExecutionListener [org.springframework.test.context.support.DependencyInjectionTestExecutionListener@768afd65] to prepare test instance [com.framework.resources.dao.AttachmentsMapperTest@5908979c]
java.lang.IllegalStateException: Failed to load ApplicationContext
	at org.springframework.test.context.DefaultCacheAwareContextLoaderDelegate.loadContext(DefaultCacheAwareContextLoaderDelegate.java:91)
	at org.springframework.test.context.DefaultTestContext.getApplicationContext(DefaultTestContext.java:74)
	at org.springframework.test.context.support.DependencyInjectionTestExecutionListener.injectDependencies(DependencyInjectionTestExecutionListener.java:116)
	at org.springframework.test.context.support.DependencyInjectionTestExecutionListener.prepareTestInstance(DependencyInjectionTestExecutionListener.java:82)
	at org.springframework.test.context.TestContextManager.prepareTestInstance(TestContextManager.java:212)
	at org.springframework.test.context.junit4.SpringJUnit4ClassRunner.createTest(SpringJUnit4ClassRunner.java:199)
	at org.springframework.test.context.junit4.SpringJUnit4ClassRunner$1.runReflectiveCall(SpringJUnit4ClassRunner.java:251)
	at org.junit.internal.runners.model.ReflectiveCallable.run(ReflectiveCallable.java:12)
	at org.springframework.test.context.junit4.SpringJUnit4ClassRunner.methodBlock(SpringJUnit4ClassRunner.java:253)
	at org.springframework.test.context.junit4.SpringJUnit4ClassRunner.runChild(SpringJUnit4ClassRunner.java:216)
	at org.springframework.test.context.junit4.SpringJUnit4ClassRunner.runChild(SpringJUnit4ClassRunner.java:82)
	at org.junit.runners.ParentRunner$3.run(ParentRunner.java:238)
	at org.junit.runners.ParentRunner$1.schedule(ParentRunner.java:63)
	at org.junit.runners.ParentRunner.runChildren(ParentRunner.java:236)
	at org.junit.runners.ParentRunner.access$000(ParentRunner.java:53)
	at org.junit.runners.ParentRunner$2.evaluate(ParentRunner.java:229)
	at org.springframework.test.context.junit4.statements.RunBeforeTestClassCallbacks.evaluate(RunBeforeTestClassCallbacks.java:60)
	at org.springframework.test.context.junit4.statements.RunAfterTestClassCallbacks.evaluate(RunAfterTestClassCallbacks.java:67)
	at org.junit.runners.ParentRunner.run(ParentRunner.java:309)
	at org.springframework.test.context.junit4.SpringJUnit4ClassRunner.run(SpringJUnit4ClassRunner.java:162)
	at org.apache.maven.surefire.junit4.JUnit4Provider.execute(JUnit4Provider.java:344)
	at org.apache.maven.surefire.junit4.JUnit4Provider.executeWithRerun(JUnit4Provider.java:269)
	at org.apache.maven.surefire.junit4.JUnit4Provider.executeTestSet(JUnit4Provider.java:240)
	at org.apache.maven.surefire.junit4.JUnit4Provider.invoke(JUnit4Provider.java:184)
	at org.apache.maven.surefire.booter.ForkedBooter.invokeProviderInSameClassLoader(ForkedBooter.java:286)
	at org.apache.maven.surefire.booter.ForkedBooter.runSuitesInProcess(ForkedBooter.java:240)
	at org.apache.maven.surefire.booter.ForkedBooter.main(ForkedBooter.java:121)
Caused by: org.springframework.beans.factory.BeanCreationException: Error creating bean with name 'sqlSessionFactory' defined in class path resource [config/application-core.xml]: Invocation of init method failed; nested exception is org.springframework.core.NestedIOException: Failed to parse mapping resource: 'file [D:\workspace\framework-root\framework-resources\target\classes\context\mapper\AttachmentsMapper.xml]'; nested exception is org.apache.ibatis.builder.BuilderException: Error parsing Mapper XML. Cause: java.lang.IllegalArgumentException: Result Maps collection already contains value for com.resources.dao.AttachmentsMapper.BaseResultMap
	at org.springframework.beans.factory.support.AbstractAutowireCapableBeanFactory.initializeBean(AbstractAutowireCapableBeanFactory.java:1568)
	at org.springframework.beans.factory.support.AbstractAutowireCapableBeanFactory.doCreateBean(AbstractAutowireCapableBeanFactory.java:540)
	at org.springframework.beans.factory.support.AbstractAutowireCapableBeanFactory.createBean(AbstractAutowireCapableBeanFactory.java:476)
	at org.springframework.beans.factory.support.AbstractBeanFactory$1.getObject(AbstractBeanFactory.java:302)
	at org.springframework.beans.factory.support.DefaultSingletonBeanRegistry.getSingleton(DefaultSingletonBeanRegistry.java:229)
	at org.springframework.beans.factory.support.AbstractBeanFactory.doGetBean(AbstractBeanFactory.java:298)
	at org.springframework.beans.factory.support.AbstractBeanFactory.getBean(AbstractBeanFactory.java:193)
	at org.springframework.beans.factory.support.DefaultListableBeanFactory.preInstantiateSingletons(DefaultListableBeanFactory.java:706)
	at org.springframework.context.support.AbstractApplicationContext.finishBeanFactoryInitialization(AbstractApplicationContext.java:757)
	at org.springframework.context.support.AbstractApplicationContext.refresh(AbstractApplicationContext.java:480)
	at org.springframework.test.context.support.AbstractGenericContextLoader.loadContext(AbstractGenericContextLoader.java:125)
	at org.springframework.test.context.support.AbstractGenericContextLoader.loadContext(AbstractGenericContextLoader.java:60)
	at org.springframework.test.context.support.AbstractDelegatingSmartContextLoader.delegateLoading(AbstractDelegatingSmartContextLoader.java:108)
	at org.springframework.test.context.support.AbstractDelegatingSmartContextLoader.loadContext(AbstractDelegatingSmartContextLoader.java:260)
	at org.springframework.test.context.DefaultCacheAwareContextLoaderDelegate.loadContextInternal(DefaultCacheAwareContextLoaderDelegate.java:63)
	at org.springframework.test.context.DefaultCacheAwareContextLoaderDelegate.loadContext(DefaultCacheAwareContextLoaderDelegate.java:83)
	... 26 more
Caused by: org.springframework.core.NestedIOException: Failed to parse mapping resource: 'file [D:\workspace\framework-root\framework-resources\target\classes\context\mapper\AttachmentsMapper.xml]'; nested exception is org.apache.ibatis.builder.BuilderException: Error parsing Mapper XML. Cause: java.lang.IllegalArgumentException: Result Maps collection already contains value for com.resources.dao.AttachmentsMapper.BaseResultMap
	at org.mybatis.spring.SqlSessionFactoryBean.buildSqlSessionFactory(SqlSessionFactoryBean.java:462)
	at org.mybatis.spring.SqlSessionFactoryBean.afterPropertiesSet(SqlSessionFactoryBean.java:336)
	at org.springframework.beans.factory.support.AbstractAutowireCapableBeanFactory.invokeInitMethods(AbstractAutowireCapableBeanFactory.java:1627)
	at org.springframework.beans.factory.support.AbstractAutowireCapableBeanFactory.initializeBean(AbstractAutowireCapableBeanFactory.java:1564)
	... 41 more
Caused by: org.apache.ibatis.builder.BuilderException: Error parsing Mapper XML. Cause: java.lang.IllegalArgumentException: Result Maps collection already contains value for com.resources.dao.AttachmentsMapper.BaseResultMap
	at org.apache.ibatis.builder.xml.XMLMapperBuilder.configurationElement(XMLMapperBuilder.java:117)
	at org.apache.ibatis.builder.xml.XMLMapperBuilder.parse(XMLMapperBuilder.java:89)
	at org.mybatis.spring.SqlSessionFactoryBean.buildSqlSessionFactory(SqlSessionFactoryBean.java:460)
	... 44 more
Caused by: java.lang.IllegalArgumentException: Result Maps collection already contains value for com.resources.dao.AttachmentsMapper.BaseResultMap
	at org.apache.ibatis.session.Configuration$StrictMap.put(Configuration.java:782)
	at org.apache.ibatis.session.Configuration$StrictMap.put(Configuration.java:754)
	at org.apache.ibatis.session.Configuration.addResultMap(Configuration.java:536)
	at org.apache.ibatis.builder.MapperBuilderAssistant.addResultMap(MapperBuilderAssistant.java:204)
	at org.apache.ibatis.builder.ResultMapResolver.resolve(ResultMapResolver.java:44)
	at org.apache.ibatis.builder.xml.XMLMapperBuilder.resultMapElement(XMLMapperBuilder.java:281)
	at org.apache.ibatis.builder.xml.XMLMapperBuilder.resultMapElement(XMLMapperBuilder.java:248)
	at org.apache.ibatis.builder.xml.XMLMapperBuilder.resultMapElements(XMLMapperBuilder.java:240)
	at org.apache.ibatis.builder.xml.XMLMapperBuilder.configurationElement(XMLMapperBuilder.java:113)
	... 46 more
]]></system-out>
  </testcase>
  <testcase name="testUpdateByPrimaryKey" classname="com.framework.resources.dao.AttachmentsMapperTest" time="0.001">
    <error message="Failed to load ApplicationContext" type="java.lang.IllegalStateException">java.lang.IllegalStateException: Failed to load ApplicationContext
Caused by: org.springframework.beans.factory.BeanCreationException: Error creating bean with name 'sqlSessionFactory' defined in class path resource [config/application-core.xml]: Invocation of init method failed; nested exception is org.springframework.core.NestedIOException: Failed to parse mapping resource: 'file [D:\workspace\framework-root\framework-resources\target\classes\context\mapper\AttachmentsMapper.xml]'; nested exception is org.apache.ibatis.builder.BuilderException: Error parsing Mapper XML. Cause: java.lang.IllegalArgumentException: Result Maps collection already contains value for com.resources.dao.AttachmentsMapper.BaseResultMap
Caused by: org.springframework.core.NestedIOException: Failed to parse mapping resource: 'file [D:\workspace\framework-root\framework-resources\target\classes\context\mapper\AttachmentsMapper.xml]'; nested exception is org.apache.ibatis.builder.BuilderException: Error parsing Mapper XML. Cause: java.lang.IllegalArgumentException: Result Maps collection already contains value for com.resources.dao.AttachmentsMapper.BaseResultMap
Caused by: org.apache.ibatis.builder.BuilderException: Error parsing Mapper XML. Cause: java.lang.IllegalArgumentException: Result Maps collection already contains value for com.resources.dao.AttachmentsMapper.BaseResultMap
Caused by: java.lang.IllegalArgumentException: Result Maps collection already contains value for com.resources.dao.AttachmentsMapper.BaseResultMap
</error>
    <system-out><![CDATA[16:07:33,771 DEBUG ProfileValueUtils:70 - Retrieved @ProfileValueSourceConfiguration [null] for test class [com.framework.resources.dao.AttachmentsMapperTest]
16:07:33,771 DEBUG ProfileValueUtils:82 - Retrieved ProfileValueSource type [class org.springframework.test.annotation.SystemProfileValueSource] for class [com.framework.resources.dao.AttachmentsMapperTest]
16:07:33,772 DEBUG DependencyInjectionTestExecutionListener:80 - Performing dependency injection for test context [[DefaultTestContext@7a0eab2e testClass = AttachmentsMapperTest, testInstance = com.framework.resources.dao.AttachmentsMapperTest@7305e9f7, testMethod = [null], testException = [null], mergedContextConfiguration = [MergedContextConfiguration@4319b06e testClass = AttachmentsMapperTest, locations = '{classpath:config/application-resources.xml}', classes = '{}', contextInitializerClasses = '[]', activeProfiles = '{mybatis}', propertySourceLocations = '{}', propertySourceProperties = '{}', contextLoader = 'org.springframework.test.context.support.DelegatingSmartContextLoader', parent = [null]]]].
16:07:33,772 DEBUG AbstractDelegatingSmartContextLoader:106 - Delegating to GenericXmlContextLoader to load context from [MergedContextConfiguration@4319b06e testClass = AttachmentsMapperTest, locations = '{classpath:config/application-resources.xml}', classes = '{}', contextInitializerClasses = '[]', activeProfiles = '{mybatis}', propertySourceLocations = '{}', propertySourceProperties = '{}', contextLoader = 'org.springframework.test.context.support.DelegatingSmartContextLoader', parent = [null]].
16:07:33,772 DEBUG AbstractGenericContextLoader:107 - Loading ApplicationContext for merged context configuration [[MergedContextConfiguration@4319b06e testClass = AttachmentsMapperTest, locations = '{classpath:config/application-resources.xml}', classes = '{}', contextInitializerClasses = '[]', activeProfiles = '{mybatis}', propertySourceLocations = '{}', propertySourceProperties = '{}', contextLoader = 'org.springframework.test.context.support.DelegatingSmartContextLoader', parent = [null]]].
16:07:33,773  INFO XmlBeanDefinitionReader:316 - Loading XML bean definitions from class path resource [config/application-resources.xml]
16:07:33,774 DEBUG DefaultDocumentLoader:73 - Using JAXP provider [com.sun.org.apache.xerces.internal.jaxp.DocumentBuilderFactoryImpl]
16:07:33,775 DEBUG PluggableSchemaResolver:141 - Loading schema mappings from [META-INF/spring.schemas]
16:07:33,777 DEBUG PluggableSchemaResolver:147 - Loaded schema mappings: {http://www.springframework.org/schema/tx/spring-tx-2.5.xsd=org/springframework/transaction/config/spring-tx-2.5.xsd, http://www.springframework.org/schema/aop/spring-aop-4.1.xsd=org/springframework/aop/config/spring-aop-4.1.xsd, http://www.springframework.org/schema/context/spring-context-3.1.xsd=org/springframework/context/config/spring-context-3.1.xsd, http://www.springframework.org/schema/data/repository/spring-repository-1.4.xsd=org/springframework/data/repository/config/spring-repository-1.4.xsd, http://www.springframework.org/schema/jdbc/spring-jdbc-4.1.xsd=org/springframework/jdbc/config/spring-jdbc-4.1.xsd, http://www.springframework.org/schema/mvc/spring-mvc-4.1.xsd=org/springframework/web/servlet/config/spring-mvc-4.1.xsd, http://www.springframework.org/schema/util/spring-util-3.0.xsd=org/springframework/beans/factory/xml/spring-util-3.0.xsd, http://mybatis.org/schema/mybatis-spring-1.2.xsd=org/mybatis/spring/config/mybatis-spring-1.2.xsd, http://www.springframework.org/schema/tool/spring-tool.xsd=org/springframework/beans/factory/xml/spring-tool-4.1.xsd, http://www.springframework.org/schema/aop/spring-aop-3.2.xsd=org/springframework/aop/config/spring-aop-3.2.xsd, http://www.springframework.org/schema/lang/spring-lang-4.1.xsd=org/springframework/scripting/config/spring-lang-4.1.xsd, http://www.springframework.org/schema/context/spring-context-4.0.xsd=org/springframework/context/config/spring-context-4.0.xsd, http://www.springframework.org/schema/mvc/spring-mvc-3.2.xsd=org/springframework/web/servlet/config/spring-mvc-3.2.xsd, http://www.springframework.org/schema/tool/spring-tool-4.1.xsd=org/springframework/beans/factory/xml/spring-tool-4.1.xsd, http://www.springframework.org/schema/lang/spring-lang-3.2.xsd=org/springframework/scripting/config/spring-lang-3.2.xsd, http://www.springframework.org/schema/cache/spring-cache-3.2.xsd=org/springframework/cache/config/spring-cache-3.2.xsd, http://www.springframework.org/schema/jee/spring-jee-4.1.xsd=org/springframework/ejb/config/spring-jee-4.1.xsd, http://www.springframework.org/schema/jdbc/spring-jdbc-3.1.xsd=org/springframework/jdbc/config/spring-jdbc-3.1.xsd, http://www.springframework.org/schema/util/spring-util-2.0.xsd=org/springframework/beans/factory/xml/spring-util-2.0.xsd, http://www.springframework.org/schema/tool/spring-tool-3.2.xsd=org/springframework/beans/factory/xml/spring-tool-3.2.xsd, http://www.springframework.org/schema/context/spring-context.xsd=org/springframework/context/config/spring-context-4.1.xsd, http://www.springframework.org/schema/cache/spring-cache-4.1.xsd=org/springframework/cache/config/spring-cache-4.1.xsd, http://www.springframework.org/schema/aop/spring-aop-4.0.xsd=org/springframework/aop/config/spring-aop-4.0.xsd, http://www.springframework.org/schema/jee/spring-jee-3.2.xsd=org/springframework/ejb/config/spring-jee-3.2.xsd, http://www.springframework.org/schema/context/spring-context-3.0.xsd=org/springframework/context/config/spring-context-3.0.xsd, http://www.springframework.org/schema/jdbc/spring-jdbc-4.0.xsd=org/springframework/jdbc/config/spring-jdbc-4.0.xsd, http://www.springframework.org/schema/mvc/spring-mvc-4.0.xsd=org/springframework/web/servlet/config/spring-mvc-4.0.xsd, http://www.springframework.org/schema/util/spring-util-2.5.xsd=org/springframework/beans/factory/xml/spring-util-2.5.xsd, http://www.springframework.org/schema/beans/spring-beans-3.2.xsd=org/springframework/beans/factory/xml/spring-beans-3.2.xsd, http://www.springframework.org/schema/aop/spring-aop-3.1.xsd=org/springframework/aop/config/spring-aop-3.1.xsd, http://www.springframework.org/schema/lang/spring-lang-4.0.xsd=org/springframework/scripting/config/spring-lang-4.0.xsd, http://www.springframework.org/schema/mvc/spring-mvc.xsd=org/springframework/web/servlet/config/spring-mvc-4.1.xsd, http://www.springframework.org/schema/mvc/spring-mvc-3.1.xsd=org/springframework/web/servlet/config/spring-mvc-3.1.xsd, http://www.springframework.org/schema/beans/spring-beans-4.1.xsd=org/springframework/beans/factory/xml/spring-beans-4.1.xsd, http://www.springframework.org/schema/tool/spring-tool-4.0.xsd=org/springframework/beans/factory/xml/spring-tool-4.0.xsd, http://www.springframework.org/schema/tx/spring-tx-3.2.xsd=org/springframework/transaction/config/spring-tx-3.2.xsd, http://www.springframework.org/schema/lang/spring-lang-3.1.xsd=org/springframework/scripting/config/spring-lang-3.1.xsd, http://www.springframework.org/schema/cache/spring-cache-3.1.xsd=org/springframework/cache/config/spring-cache-3.1.xsd, http://www.springframework.org/schema/jee/spring-jee-4.0.xsd=org/springframework/ejb/config/spring-jee-4.0.xsd, http://www.springframework.org/schema/jdbc/spring-jdbc-3.0.xsd=org/springframework/jdbc/config/spring-jdbc-3.0.xsd, http://www.springframework.org/schema/task/spring-task-4.1.xsd=org/springframework/scheduling/config/spring-task-4.1.xsd, http://www.springframework.org/schema/jdbc/spring-jdbc.xsd=org/springframework/jdbc/config/spring-jdbc-4.1.xsd, http://www.springframework.org/schema/tool/spring-tool-3.1.xsd=org/springframework/beans/factory/xml/spring-tool-3.1.xsd, http://www.springframework.org/schema/tx/spring-tx-4.1.xsd=org/springframework/transaction/config/spring-tx-4.1.xsd, http://www.springframework.org/schema/cache/spring-cache-4.0.xsd=org/springframework/cache/config/spring-cache-4.0.xsd, http://www.springframework.org/schema/jee/spring-jee-3.1.xsd=org/springframework/ejb/config/spring-jee-3.1.xsd, http://www.springframework.org/schema/task/spring-task-3.2.xsd=org/springframework/scheduling/config/spring-task-3.2.xsd, http://www.springframework.org/schema/beans/spring-beans-3.1.xsd=org/springframework/beans/factory/xml/spring-beans-3.1.xsd, http://www.springframework.org/schema/util/spring-util.xsd=org/springframework/beans/factory/xml/spring-util-4.1.xsd, http://www.springframework.org/schema/aop/spring-aop-3.0.xsd=org/springframework/aop/config/spring-aop-3.0.xsd, http://www.springframework.org/schema/data/repository/spring-repository.xsd=org/springframework/data/repository/config/spring-repository-1.7.xsd, http://www.springframework.org/schema/data/repository/spring-repository-1.7.xsd=org/springframework/data/repository/config/spring-repository-1.7.xsd, http://www.springframework.org/schema/mvc/spring-mvc-3.0.xsd=org/springframework/web/servlet/config/spring-mvc-3.0.xsd, http://www.springframework.org/schema/beans/spring-beans-4.0.xsd=org/springframework/beans/factory/xml/spring-beans-4.0.xsd, http://www.springframework.org/schema/beans/spring-beans.xsd=org/springframework/beans/factory/xml/spring-beans-4.1.xsd, http://mybatis.org/schema/mybatis-spring.xsd=org/mybatis/spring/config/mybatis-spring-1.2.xsd, http://www.springframework.org/schema/tx/spring-tx-3.1.xsd=org/springframework/transaction/config/spring-tx-3.1.xsd, http://www.springframework.org/schema/lang/spring-lang-3.0.xsd=org/springframework/scripting/config/spring-lang-3.0.xsd, http://www.springframework.org/schema/context/spring-context-2.5.xsd=org/springframework/context/config/spring-context-2.5.xsd, http://www.springframework.org/schema/task/spring-task-4.0.xsd=org/springframework/scheduling/config/spring-task-4.0.xsd, http://www.springframework.org/schema/tool/spring-tool-3.0.xsd=org/springframework/beans/factory/xml/spring-tool-3.0.xsd, http://www.springframework.org/schema/tx/spring-tx-4.0.xsd=org/springframework/transaction/config/spring-tx-4.0.xsd, http://ehcache-spring-annotations.googlecode.com/svn/schema/ehcache-spring/ehcache-spring-1.2.xsd=com/googlecode/ehcache/annotations/ehcache-spring-1.2.xsd, http://www.springframework.org/schema/aop/spring-aop-2.0.xsd=org/springframework/aop/config/spring-aop-2.0.xsd, http://www.springframework.org/schema/jee/spring-jee-3.0.xsd=org/springframework/ejb/config/spring-jee-3.0.xsd, http://www.springframework.org/schema/util/spring-util-4.1.xsd=org/springframework/beans/factory/xml/spring-util-4.1.xsd, http://www.springframework.org/schema/task/spring-task-3.1.xsd=org/springframework/scheduling/config/spring-task-3.1.xsd, http://www.springframework.org/schema/beans/spring-beans-3.0.xsd=org/springframework/beans/factory/xml/spring-beans-3.0.xsd, http://www.springframework.org/schema/jee/spring-jee.xsd=org/springframework/ejb/config/spring-jee-4.1.xsd, http://www.springframework.org/schema/aop/spring-aop-2.5.xsd=org/springframework/aop/config/spring-aop-2.5.xsd, http://www.springframework.org/schema/lang/spring-lang-2.0.xsd=org/springframework/scripting/config/spring-lang-2.0.xsd, http://www.springframework.org/schema/data/repository/spring-repository-1.6.xsd=org/springframework/data/repository/config/spring-repository-1.6.xsd, http://www.springframework.org/schema/util/spring-util-3.2.xsd=org/springframework/beans/factory/xml/spring-util-3.2.xsd, http://www.springframework.org/schema/task/spring-task.xsd=org/springframework/scheduling/config/spring-task-4.1.xsd, http://www.springframework.org/schema/tool/spring-tool-2.0.xsd=org/springframework/beans/factory/xml/spring-tool-2.0.xsd, http://www.springframework.org/schema/tx/spring-tx-3.0.xsd=org/springframework/transaction/config/spring-tx-3.0.xsd, http://www.springframework.org/schema/lang/spring-lang-2.5.xsd=org/springframework/scripting/config/spring-lang-2.5.xsd, http://www.springframework.org/schema/jee/spring-jee-2.0.xsd=org/springframework/ejb/config/spring-jee-2.0.xsd, http://www.springframework.org/schema/tool/spring-tool-2.5.xsd=org/springframework/beans/factory/xml/spring-tool-2.5.xsd, http://ehcache-spring-annotations.googlecode.com/svn/schema/ehcache-spring/ehcache-spring-1.1.xsd=com/googlecode/ehcache/annotations/ehcache-spring-1.1.xsd, http://www.springframework.org/schema/jee/spring-jee-2.5.xsd=org/springframework/ejb/config/spring-jee-2.5.xsd, http://www.springframework.org/schema/data/repository/spring-repository-1.0.xsd=org/springframework/data/repository/config/spring-repository-1.0.xsd, http://www.springframework.org/schema/util/spring-util-4.0.xsd=org/springframework/beans/factory/xml/spring-util-4.0.xsd, http://www.springframework.org/schema/task/spring-task-3.0.xsd=org/springframework/scheduling/config/spring-task-3.0.xsd, http://www.springframework.org/schema/lang/spring-lang.xsd=org/springframework/scripting/config/spring-lang-4.1.xsd, http://www.springframework.org/schema/context/spring-context-3.2.xsd=org/springframework/context/config/spring-context-3.2.xsd, http://www.springframework.org/schema/data/repository/spring-repository-1.5.xsd=org/springframework/data/repository/config/spring-repository-1.5.xsd, http://www.springframework.org/schema/util/spring-util-3.1.xsd=org/springframework/beans/factory/xml/spring-util-3.1.xsd, http://www.springframework.org/schema/beans/spring-beans-2.0.xsd=org/springframework/beans/factory/xml/spring-beans-2.0.xsd, http://www.springframework.org/schema/cache/spring-cache.xsd=org/springframework/cache/config/spring-cache-4.1.xsd, http://www.springframework.org/schema/tx/spring-tx.xsd=org/springframework/transaction/config/spring-tx-4.1.xsd, http://www.springframework.org/schema/context/spring-context-4.1.xsd=org/springframework/context/config/spring-context-4.1.xsd, http://www.springframework.org/schema/beans/spring-beans-2.5.xsd=org/springframework/beans/factory/xml/spring-beans-2.5.xsd, http://www.springframework.org/schema/tx/spring-tx-2.0.xsd=org/springframework/transaction/config/spring-tx-2.0.xsd, http://ehcache-spring-annotations.googlecode.com/svn/schema/ehcache-spring/ehcache-spring-1.0.xsd=com/googlecode/ehcache/annotations/ehcache-spring-1.0.xsd, http://www.springframework.org/schema/jdbc/spring-jdbc-3.2.xsd=org/springframework/jdbc/config/spring-jdbc-3.2.xsd, http://www.springframework.org/schema/aop/spring-aop.xsd=org/springframework/aop/config/spring-aop-4.1.xsd}
16:07:33,778 DEBUG PluggableSchemaResolver:119 - Found XML schema [http://www.springframework.org/schema/beans/spring-beans.xsd] in classpath: org/springframework/beans/factory/xml/spring-beans-4.1.xsd
16:07:33,789 DEBUG PluggableSchemaResolver:119 - Found XML schema [http://www.springframework.org/schema/context/spring-context.xsd] in classpath: org/springframework/context/config/spring-context-4.1.xsd
16:07:33,791 DEBUG PluggableSchemaResolver:119 - Found XML schema [http://www.springframework.org/schema/tool/spring-tool-4.1.xsd] in classpath: org/springframework/beans/factory/xml/spring-tool-4.1.xsd
16:07:33,795 DEBUG DefaultBeanDefinitionDocumentReader:108 - Loading bean definitions
16:07:33,796  INFO XmlBeanDefinitionReader:316 - Loading XML bean definitions from class path resource [config/application-core.xml]
16:07:33,797 DEBUG DefaultDocumentLoader:73 - Using JAXP provider [com.sun.org.apache.xerces.internal.jaxp.DocumentBuilderFactoryImpl]
16:07:33,799 DEBUG PluggableSchemaResolver:119 - Found XML schema [http://www.springframework.org/schema/beans/spring-beans.xsd] in classpath: org/springframework/beans/factory/xml/spring-beans-4.1.xsd
16:07:33,811 DEBUG PluggableSchemaResolver:119 - Found XML schema [http://www.springframework.org/schema/context/spring-context.xsd] in classpath: org/springframework/context/config/spring-context-4.1.xsd
16:07:33,815 DEBUG PluggableSchemaResolver:119 - Found XML schema [http://www.springframework.org/schema/tool/spring-tool-4.1.xsd] in classpath: org/springframework/beans/factory/xml/spring-tool-4.1.xsd
16:07:33,820 DEBUG PluggableSchemaResolver:119 - Found XML schema [http://www.springframework.org/schema/tx/spring-tx.xsd] in classpath: org/springframework/transaction/config/spring-tx-4.1.xsd
16:07:33,825 DEBUG PluggableSchemaResolver:119 - Found XML schema [http://www.springframework.org/schema/aop/spring-aop.xsd] in classpath: org/springframework/aop/config/spring-aop-4.1.xsd
16:07:33,832 DEBUG DefaultBeanDefinitionDocumentReader:108 - Loading bean definitions
16:07:33,833  INFO XmlBeanDefinitionReader:316 - Loading XML bean definitions from class path resource [config/datasource-config.xml]
16:07:33,835 DEBUG DefaultDocumentLoader:73 - Using JAXP provider [com.sun.org.apache.xerces.internal.jaxp.DocumentBuilderFactoryImpl]
16:07:33,836 DEBUG PluggableSchemaResolver:119 - Found XML schema [http://www.springframework.org/schema/beans/spring-beans.xsd] in classpath: org/springframework/beans/factory/xml/spring-beans-4.1.xsd
16:07:33,849 DEBUG PluggableSchemaResolver:119 - Found XML schema [http://www.springframework.org/schema/context/spring-context.xsd] in classpath: org/springframework/context/config/spring-context-4.1.xsd
16:07:33,853 DEBUG PluggableSchemaResolver:119 - Found XML schema [http://www.springframework.org/schema/tool/spring-tool-4.1.xsd] in classpath: org/springframework/beans/factory/xml/spring-tool-4.1.xsd
16:07:33,859 DEBUG DefaultBeanDefinitionDocumentReader:108 - Loading bean definitions
16:07:33,862 DEBUG DefaultNamespaceHandlerResolver:157 - Loaded NamespaceHandler mappings: {http://www.springframework.org/schema/p=org.springframework.beans.factory.xml.SimplePropertyNamespaceHandler, http://www.springframework.org/schema/mvc=org.springframework.web.servlet.config.MvcNamespaceHandler, http://www.springframework.org/schema/util=org.springframework.beans.factory.xml.UtilNamespaceHandler, http://www.springframework.org/schema/jee=org.springframework.ejb.config.JeeNamespaceHandler, http://www.springframework.org/schema/aop=org.springframework.aop.config.AopNamespaceHandler, http://www.springframework.org/schema/data/repository=org.springframework.data.repository.config.RepositoryNameSpaceHandler, http://www.springframework.org/schema/jdbc=org.springframework.jdbc.config.JdbcNamespaceHandler, http://ehcache-spring-annotations.googlecode.com/svn/schema/ehcache-spring=com.googlecode.ehcache.annotations.config.AnnotationDrivenEhCacheNamespaceHandler, http://www.springframework.org/schema/cache=org.springframework.cache.config.CacheNamespaceHandler, http://mybatis.org/schema/mybatis-spring=org.mybatis.spring.config.NamespaceHandler, http://www.springframework.org/schema/c=org.springframework.beans.factory.xml.SimpleConstructorNamespaceHandler, http://www.springframework.org/schema/tx=org.springframework.transaction.config.TxNamespaceHandler, http://www.springframework.org/schema/task=org.springframework.scheduling.config.TaskNamespaceHandler, http://www.springframework.org/schema/lang=org.springframework.scripting.config.LangNamespaceHandler, http://www.springframework.org/schema/data/keyvalue=org.springframework.data.keyvalue.repository.config.KeyValueRepositoryNameSpaceHandler, http://www.springframework.org/schema/context=org.springframework.context.config.ContextNamespaceHandler}
16:07:33,864 DEBUG DefaultBeanDefinitionDocumentReader:269 - Imported 2 bean definitions from relative location [datasource-config.xml]
16:07:33,865  INFO XmlBeanDefinitionReader:316 - Loading XML bean definitions from class path resource [config/bean-defined.xml]
16:07:33,867 DEBUG DefaultDocumentLoader:73 - Using JAXP provider [com.sun.org.apache.xerces.internal.jaxp.DocumentBuilderFactoryImpl]
16:07:33,869 DEBUG PluggableSchemaResolver:119 - Found XML schema [http://www.springframework.org/schema/beans/spring-beans.xsd] in classpath: org/springframework/beans/factory/xml/spring-beans-4.1.xsd
16:07:33,880 DEBUG DefaultBeanDefinitionDocumentReader:108 - Loading bean definitions
16:07:33,880 DEBUG DefaultBeanDefinitionDocumentReader:269 - Imported 1 bean definitions from relative location [bean-defined.xml]
16:07:33,882 DEBUG ClassPathBeanDefinitionScanner:250 - JSR-330 'javax.inject.Named' annotation found and supported for component scanning
16:07:33,887 DEBUG ClassPathBeanDefinitionScanner:284 - Identified candidate component class: URL [jar:file:/d:/maven/repository/com/framework/framework-core/0.0.1-SNAPSHOT/framework-core-0.0.1-SNAPSHOT.jar!/com/framework/web/advice/ControlAdvice.class]
16:07:33,891 DEBUG ClassPathBeanDefinitionScanner:284 - Identified candidate component class: URL [jar:file:/d:/maven/repository/com/framework/framework-core/0.0.1-SNAPSHOT/framework-core-0.0.1-SNAPSHOT.jar!/com/framework/web/util/SessionManager.class]
16:07:33,893 DEBUG ClassPathBeanDefinitionScanner:250 - JSR-330 'javax.inject.Named' annotation found and supported for component scanning
16:07:33,895 DEBUG ClassPathBeanDefinitionScanner:284 - Identified candidate component class: URL [jar:file:/d:/maven/repository/com/framework/framework-core/0.0.1-SNAPSHOT/framework-core-0.0.1-SNAPSHOT.jar!/com/framework/common/aspect/QueryParamAop.class]
16:07:33,897 DEBUG BeanDefinitionParserDelegate:495 - Neither XML 'id' nor 'name' specified - using generated bean name [org.mybatis.spring.mapper.MapperScannerConfigurer#0]
16:07:33,898 DEBUG ClassPathBeanDefinitionScanner:250 - JSR-330 'javax.inject.Named' annotation found and supported for component scanning
16:07:33,902 DEBUG ClassPathBeanDefinitionScanner:290 - Ignored because not a concrete top-level class: URL [jar:file:/d:/maven/repository/com/framework/framework-core/0.0.1-SNAPSHOT/framework-core-0.0.1-SNAPSHOT.jar!/com/system/mybatis/dao/SysDeptMapper.class]
16:07:33,904 DEBUG ClassPathBeanDefinitionScanner:290 - Ignored because not a concrete top-level class: URL [jar:file:/d:/maven/repository/com/framework/framework-core/0.0.1-SNAPSHOT/framework-core-0.0.1-SNAPSHOT.jar!/com/system/mybatis/dao/SysLogMapper.class]
16:07:33,906 DEBUG ClassPathBeanDefinitionScanner:290 - Ignored because not a concrete top-level class: URL [jar:file:/d:/maven/repository/com/framework/framework-core/0.0.1-SNAPSHOT/framework-core-0.0.1-SNAPSHOT.jar!/com/system/mybatis/service/IIndexItemService.class]
16:07:33,907 DEBUG ClassPathBeanDefinitionScanner:284 - Identified candidate component class: URL [jar:file:/d:/maven/repository/com/framework/framework-core/0.0.1-SNAPSHOT/framework-core-0.0.1-SNAPSHOT.jar!/com/system/mybatis/service/impl/IndexItemService.class]
16:07:33,908 DEBUG ClassPathBeanDefinitionScanner:284 - Identified candidate component class: URL [jar:file:/d:/maven/repository/com/framework/framework-core/0.0.1-SNAPSHOT/framework-core-0.0.1-SNAPSHOT.jar!/com/system/mybatis/service/impl/SysCodeService.class]
16:07:33,909 DEBUG ClassPathBeanDefinitionScanner:284 - Identified candidate component class: URL [jar:file:/d:/maven/repository/com/framework/framework-core/0.0.1-SNAPSHOT/framework-core-0.0.1-SNAPSHOT.jar!/com/system/mybatis/service/impl/SysDeptServiceImpl.class]
16:07:33,909 DEBUG ClassPathBeanDefinitionScanner:284 - Identified candidate component class: URL [jar:file:/d:/maven/repository/com/framework/framework-core/0.0.1-SNAPSHOT/framework-core-0.0.1-SNAPSHOT.jar!/com/system/mybatis/service/impl/SysModuleServiceImpl.class]
16:07:33,910 DEBUG ClassPathBeanDefinitionScanner:284 - Identified candidate component class: URL [jar:file:/d:/maven/repository/com/framework/framework-core/0.0.1-SNAPSHOT/framework-core-0.0.1-SNAPSHOT.jar!/com/system/mybatis/service/impl/SystemLogServiceImpl.class]
16:07:33,911 DEBUG ClassPathBeanDefinitionScanner:284 - Identified candidate component class: URL [jar:file:/d:/maven/repository/com/framework/framework-core/0.0.1-SNAPSHOT/framework-core-0.0.1-SNAPSHOT.jar!/com/system/mybatis/service/impl/SystemRoleServiceImpl.class]
16:07:33,912 DEBUG ClassPathBeanDefinitionScanner:284 - Identified candidate component class: URL [jar:file:/d:/maven/repository/com/framework/framework-core/0.0.1-SNAPSHOT/framework-core-0.0.1-SNAPSHOT.jar!/com/system/mybatis/service/impl/SystemUserServiceImpl.class]
16:07:33,913 DEBUG ClassPathBeanDefinitionScanner:290 - Ignored because not a concrete top-level class: URL [jar:file:/d:/maven/repository/com/framework/framework-core/0.0.1-SNAPSHOT/framework-core-0.0.1-SNAPSHOT.jar!/com/system/mybatis/service/ISysCodeService.class]
16:07:33,913 DEBUG ClassPathBeanDefinitionScanner:290 - Ignored because not a concrete top-level class: URL [jar:file:/d:/maven/repository/com/framework/framework-core/0.0.1-SNAPSHOT/framework-core-0.0.1-SNAPSHOT.jar!/com/system/mybatis/service/ISysModuleService.class]
16:07:33,914 DEBUG ClassPathBeanDefinitionScanner:290 - Ignored because not a concrete top-level class: URL [jar:file:/d:/maven/repository/com/framework/framework-core/0.0.1-SNAPSHOT/framework-core-0.0.1-SNAPSHOT.jar!/com/system/mybatis/service/ISystemLogService.class]
16:07:33,914 DEBUG ClassPathBeanDefinitionScanner:290 - Ignored because not a concrete top-level class: URL [jar:file:/d:/maven/repository/com/framework/framework-core/0.0.1-SNAPSHOT/framework-core-0.0.1-SNAPSHOT.jar!/com/system/mybatis/service/ISystemRoleService.class]
16:07:33,915 DEBUG ClassPathBeanDefinitionScanner:290 - Ignored because not a concrete top-level class: URL [jar:file:/d:/maven/repository/com/framework/framework-core/0.0.1-SNAPSHOT/framework-core-0.0.1-SNAPSHOT.jar!/com/system/mybatis/service/ISystemUserService.class]
16:07:33,917 DEBUG ClassPathBeanDefinitionScanner:250 - JSR-330 'javax.inject.Named' annotation found and supported for component scanning
16:07:33,920 DEBUG ClassPathBeanDefinitionScanner:284 - Identified candidate component class: URL [jar:file:/d:/maven/repository/com/framework/framework-core/0.0.1-SNAPSHOT/framework-core-0.0.1-SNAPSHOT.jar!/com/framework/mybatis/aspect/SystemLogAOP.class]
16:07:33,924 DEBUG ClassPathBeanDefinitionScanner:290 - Ignored because not a concrete top-level class: URL [jar:file:/d:/maven/repository/com/framework/framework-core/0.0.1-SNAPSHOT/framework-core-0.0.1-SNAPSHOT.jar!/com/framework/mybatis/service/ICommonService.class]
16:07:33,925 DEBUG ClassPathBeanDefinitionScanner:284 - Identified candidate component class: URL [jar:file:/d:/maven/repository/com/framework/framework-core/0.0.1-SNAPSHOT/framework-core-0.0.1-SNAPSHOT.jar!/com/framework/mybatis/service/impl/CommonServiceImpl.class]
16:07:33,927 DEBUG DefaultBeanDefinitionDocumentReader:269 - Imported 28 bean definitions from relative location [application-core.xml]
16:07:33,928 DEBUG ClassPathBeanDefinitionScanner:250 - JSR-330 'javax.inject.Named' annotation found and supported for component scanning
16:07:33,932 DEBUG ClassPathBeanDefinitionScanner:284 - Identified candidate component class: file [D:\workspace\framework-root\framework-resources\target\classes\com\resources\services\impl\AttachmentsServiceImpl.class]
16:07:33,934 DEBUG ClassPathBeanDefinitionScanner:284 - Identified candidate component class: file [D:\workspace\framework-root\framework-resources\target\classes\com\resources\web\AttachmentsController.class]
16:07:33,935 DEBUG ClassPathBeanDefinitionScanner:284 - Identified candidate component class: file [D:\workspace\framework-root\framework-resources\target\classes\com\resources\web\ShareResources.class]
16:07:33,937 DEBUG ClassPathBeanDefinitionScanner:250 - JSR-330 'javax.inject.Named' annotation found and supported for component scanning
16:07:33,941 DEBUG ClassPathBeanDefinitionScanner:284 - Identified candidate component class: file [D:\workspace\framework-root\framework-resources\target\classes\com\framework\image\handler\impl\IM4ImageHandler.class]
16:07:33,943 DEBUG ClassPathBeanDefinitionScanner:284 - Identified candidate component class: file [D:\workspace\framework-root\framework-resources\target\classes\com\framework\image\ImageService.class]
16:07:33,945 DEBUG BeanDefinitionParserDelegate:495 - Neither XML 'id' nor 'name' specified - using generated bean name [org.mybatis.spring.mapper.MapperScannerConfigurer#1]
16:07:33,945 DEBUG XmlBeanDefinitionReader:223 - Loaded 35 bean definitions from location pattern [classpath:config/application-resources.xml]
16:07:33,945  INFO GenericApplicationContext:510 - Refreshing org.springframework.context.support.GenericApplicationContext@9439220: startup date [Mon Sep 18 16:07:33 CST 2017]; root of context hierarchy
16:07:33,945 DEBUG GenericApplicationContext:540 - Bean factory for org.springframework.context.support.GenericApplicationContext@9439220: org.springframework.beans.factory.support.DefaultListableBeanFactory@5848c76b: defining beans [org.springframework.beans.factory.config.PropertyPlaceholderConfigurer#0,dataSource,validator,controlAdvice,sessionManager,org.springframework.context.annotation.internalConfigurationAnnotationProcessor,org.springframework.context.annotation.internalAutowiredAnnotationProcessor,org.springframework.context.annotation.internalRequiredAnnotationProcessor,org.springframework.context.annotation.internalCommonAnnotationProcessor,org.springframework.context.annotation.internalPersistenceAnnotationProcessor,queryParamAop,org.springframework.aop.config.internalAutoProxyCreator,org.springframework.transaction.annotation.AnnotationTransactionAttributeSource#0,org.springframework.transaction.interceptor.TransactionInterceptor#0,org.springframework.transaction.config.internalTransactionAdvisor,sqlSessionFactory,myBatisExceptionTranslator,org.mybatis.spring.mapper.MapperScannerConfigurer#0,transactionManager,indexItemService,sysCodeService,sysDeptServiceImpl,sysModuleServiceImpl,systemLogServiceImpl,systemRoleServiceImpl,systemUserServiceImpl,systemLogAOP,commonServiceImpl,configProperties,attachmentsServiceImpl,attachmentsController,shareResources,iM4ImageHandler,imageService,org.mybatis.spring.mapper.MapperScannerConfigurer#1]; root of factory hierarchy
16:07:33,948 DEBUG DefaultListableBeanFactory:220 - Creating shared instance of singleton bean 'org.springframework.context.annotation.internalConfigurationAnnotationProcessor'
16:07:33,948 DEBUG DefaultListableBeanFactory:450 - Creating instance of bean 'org.springframework.context.annotation.internalConfigurationAnnotationProcessor'
16:07:33,949 DEBUG DefaultListableBeanFactory:524 - Eagerly caching bean 'org.springframework.context.annotation.internalConfigurationAnnotationProcessor' to allow for resolving potential circular references
16:07:33,949 DEBUG DefaultListableBeanFactory:478 - Finished creating instance of bean 'org.springframework.context.annotation.internalConfigurationAnnotationProcessor'
16:07:33,976 DEBUG DefaultListableBeanFactory:220 - Creating shared instance of singleton bean 'org.mybatis.spring.mapper.MapperScannerConfigurer#0'
16:07:33,976 DEBUG DefaultListableBeanFactory:450 - Creating instance of bean 'org.mybatis.spring.mapper.MapperScannerConfigurer#0'
16:07:33,977 DEBUG DefaultListableBeanFactory:524 - Eagerly caching bean 'org.mybatis.spring.mapper.MapperScannerConfigurer#0' to allow for resolving potential circular references
16:07:33,977 DEBUG DefaultListableBeanFactory:1610 - Invoking afterPropertiesSet() on bean with name 'org.mybatis.spring.mapper.MapperScannerConfigurer#0'
16:07:33,977 DEBUG DefaultListableBeanFactory:478 - Finished creating instance of bean 'org.mybatis.spring.mapper.MapperScannerConfigurer#0'
16:07:33,982 DEBUG ClassPathMapperScanner:284 - Identified candidate component class: URL [jar:file:/d:/maven/repository/com/framework/framework-core/0.0.1-SNAPSHOT/framework-core-0.0.1-SNAPSHOT.jar!/com/system/common/SysConstant.class]
16:07:33,982 DEBUG ClassPathMapperScanner:284 - Identified candidate component class: URL [jar:file:/d:/maven/repository/com/framework/framework-core/0.0.1-SNAPSHOT/framework-core-0.0.1-SNAPSHOT.jar!/com/system/jpa/repository/ISysDeptDao.class]
16:07:33,983 DEBUG ClassPathMapperScanner:290 - Ignored because not a concrete top-level class: URL [jar:file:/d:/maven/repository/com/framework/framework-core/0.0.1-SNAPSHOT/framework-core-0.0.1-SNAPSHOT.jar!/com/system/jpa/repository/jpa/SysDeptDaoImpl.class]
16:07:33,983 DEBUG ClassPathMapperScanner:290 - Ignored because not a concrete top-level class: URL [jar:file:/d:/maven/repository/com/framework/framework-core/0.0.1-SNAPSHOT/framework-core-0.0.1-SNAPSHOT.jar!/com/system/model/DataIndexTree.class]
16:07:33,984 DEBUG ClassPathMapperScanner:290 - Ignored because not a concrete top-level class: URL [jar:file:/d:/maven/repository/com/framework/framework-core/0.0.1-SNAPSHOT/framework-core-0.0.1-SNAPSHOT.jar!/com/system/model/SysCode.class]
16:07:33,984 DEBUG ClassPathMapperScanner:290 - Ignored because not a concrete top-level class: URL [jar:file:/d:/maven/repository/com/framework/framework-core/0.0.1-SNAPSHOT/framework-core-0.0.1-SNAPSHOT.jar!/com/system/model/SysCodeTree.class]
16:07:33,984 DEBUG ClassPathMapperScanner:290 - Ignored because not a concrete top-level class: URL [jar:file:/d:/maven/repository/com/framework/framework-core/0.0.1-SNAPSHOT/framework-core-0.0.1-SNAPSHOT.jar!/com/system/model/SysDepartmentTree.class]
16:07:33,985 DEBUG ClassPathMapperScanner:290 - Ignored because not a concrete top-level class: URL [jar:file:/d:/maven/repository/com/framework/framework-core/0.0.1-SNAPSHOT/framework-core-0.0.1-SNAPSHOT.jar!/com/system/model/SysDept.class]
16:07:33,985 DEBUG ClassPathMapperScanner:290 - Ignored because not a concrete top-level class: URL [jar:file:/d:/maven/repository/com/framework/framework-core/0.0.1-SNAPSHOT/framework-core-0.0.1-SNAPSHOT.jar!/com/system/model/SysDeptUser.class]
16:07:33,986 DEBUG ClassPathMapperScanner:290 - Ignored because not a concrete top-level class: URL [jar:file:/d:/maven/repository/com/framework/framework-core/0.0.1-SNAPSHOT/framework-core-0.0.1-SNAPSHOT.jar!/com/system/model/SysIndexitem.class]
16:07:33,986 DEBUG ClassPathMapperScanner:290 - Ignored because not a concrete top-level class: URL [jar:file:/d:/maven/repository/com/framework/framework-core/0.0.1-SNAPSHOT/framework-core-0.0.1-SNAPSHOT.jar!/com/system/model/SysLog.class]
16:07:33,986 DEBUG ClassPathMapperScanner:290 - Ignored because not a concrete top-level class: URL [jar:file:/d:/maven/repository/com/framework/framework-core/0.0.1-SNAPSHOT/framework-core-0.0.1-SNAPSHOT.jar!/com/system/model/SysModule.class]
16:07:33,987 DEBUG ClassPathMapperScanner:290 - Ignored because not a concrete top-level class: URL [jar:file:/d:/maven/repository/com/framework/framework-core/0.0.1-SNAPSHOT/framework-core-0.0.1-SNAPSHOT.jar!/com/system/model/SysRole.class]
16:07:33,987 DEBUG ClassPathMapperScanner:290 - Ignored because not a concrete top-level class: URL [jar:file:/d:/maven/repository/com/framework/framework-core/0.0.1-SNAPSHOT/framework-core-0.0.1-SNAPSHOT.jar!/com/system/model/SysRoleFuncKey.class]
16:07:33,987 DEBUG ClassPathMapperScanner:290 - Ignored because not a concrete top-level class: URL [jar:file:/d:/maven/repository/com/framework/framework-core/0.0.1-SNAPSHOT/framework-core-0.0.1-SNAPSHOT.jar!/com/system/model/SysRoleUser.class]
16:07:33,988 DEBUG ClassPathMapperScanner:290 - Ignored because not a concrete top-level class: URL [jar:file:/d:/maven/repository/com/framework/framework-core/0.0.1-SNAPSHOT/framework-core-0.0.1-SNAPSHOT.jar!/com/system/model/SysUser.class]
16:07:33,988 DEBUG ClassPathMapperScanner:284 - Identified candidate component class: URL [jar:file:/d:/maven/repository/com/framework/framework-core/0.0.1-SNAPSHOT/framework-core-0.0.1-SNAPSHOT.jar!/com/system/mybatis/dao/CommSeqMapper.class]
16:07:33,988 DEBUG ClassPathMapperScanner:284 - Identified candidate component class: URL [jar:file:/d:/maven/repository/com/framework/framework-core/0.0.1-SNAPSHOT/framework-core-0.0.1-SNAPSHOT.jar!/com/system/mybatis/dao/SysCodeMapper.class]
16:07:33,989 DEBUG ClassPathMapperScanner:284 - Identified candidate component class: URL [jar:file:/d:/maven/repository/com/framework/framework-core/0.0.1-SNAPSHOT/framework-core-0.0.1-SNAPSHOT.jar!/com/system/mybatis/dao/SysDeptMapper.class]
16:07:33,989 DEBUG ClassPathMapperScanner:284 - Identified candidate component class: URL [jar:file:/d:/maven/repository/com/framework/framework-core/0.0.1-SNAPSHOT/framework-core-0.0.1-SNAPSHOT.jar!/com/system/mybatis/dao/SysDeptUserMapper.class]
16:07:33,989 DEBUG ClassPathMapperScanner:284 - Identified candidate component class: URL [jar:file:/d:/maven/repository/com/framework/framework-core/0.0.1-SNAPSHOT/framework-core-0.0.1-SNAPSHOT.jar!/com/system/mybatis/dao/SysIndexitemMapper.class]
16:07:33,990 DEBUG ClassPathMapperScanner:284 - Identified candidate component class: URL [jar:file:/d:/maven/repository/com/framework/framework-core/0.0.1-SNAPSHOT/framework-core-0.0.1-SNAPSHOT.jar!/com/system/mybatis/dao/SysLogMapper.class]
16:07:33,990 DEBUG ClassPathMapperScanner:284 - Identified candidate component class: URL [jar:file:/d:/maven/repository/com/framework/framework-core/0.0.1-SNAPSHOT/framework-core-0.0.1-SNAPSHOT.jar!/com/system/mybatis/dao/SysModuleMapper.class]
16:07:33,990 DEBUG ClassPathMapperScanner:284 - Identified candidate component class: URL [jar:file:/d:/maven/repository/com/framework/framework-core/0.0.1-SNAPSHOT/framework-core-0.0.1-SNAPSHOT.jar!/com/system/mybatis/dao/SysRoleFuncMapper.class]
16:07:33,991 DEBUG ClassPathMapperScanner:284 - Identified candidate component class: URL [jar:file:/d:/maven/repository/com/framework/framework-core/0.0.1-SNAPSHOT/framework-core-0.0.1-SNAPSHOT.jar!/com/system/mybatis/dao/SysRoleMapper.class]
16:07:33,991 DEBUG ClassPathMapperScanner:284 - Identified candidate component class: URL [jar:file:/d:/maven/repository/com/framework/framework-core/0.0.1-SNAPSHOT/framework-core-0.0.1-SNAPSHOT.jar!/com/system/mybatis/dao/SysRoleUserMapper.class]
16:07:33,991 DEBUG ClassPathMapperScanner:284 - Identified candidate component class: URL [jar:file:/d:/maven/repository/com/framework/framework-core/0.0.1-SNAPSHOT/framework-core-0.0.1-SNAPSHOT.jar!/com/system/mybatis/dao/SysUserMapper.class]
16:07:33,992 DEBUG ClassPathMapperScanner:284 - Identified candidate component class: URL [jar:file:/d:/maven/repository/com/framework/framework-core/0.0.1-SNAPSHOT/framework-core-0.0.1-SNAPSHOT.jar!/com/system/mybatis/service/IIndexItemService.class]
16:07:33,993 DEBUG ClassPathMapperScanner:290 - Ignored because not a concrete top-level class: URL [jar:file:/d:/maven/repository/com/framework/framework-core/0.0.1-SNAPSHOT/framework-core-0.0.1-SNAPSHOT.jar!/com/system/mybatis/service/impl/IndexItemService.class]
16:07:33,993 DEBUG ClassPathMapperScanner:290 - Ignored because not a concrete top-level class: URL [jar:file:/d:/maven/repository/com/framework/framework-core/0.0.1-SNAPSHOT/framework-core-0.0.1-SNAPSHOT.jar!/com/system/mybatis/service/impl/SysCodeService.class]
16:07:33,994 DEBUG ClassPathMapperScanner:290 - Ignored because not a concrete top-level class: URL [jar:file:/d:/maven/repository/com/framework/framework-core/0.0.1-SNAPSHOT/framework-core-0.0.1-SNAPSHOT.jar!/com/system/mybatis/service/impl/SysDeptServiceImpl.class]
16:07:33,994 DEBUG ClassPathMapperScanner:290 - Ignored because not a concrete top-level class: URL [jar:file:/d:/maven/repository/com/framework/framework-core/0.0.1-SNAPSHOT/framework-core-0.0.1-SNAPSHOT.jar!/com/system/mybatis/service/impl/SysModuleServiceImpl.class]
16:07:33,995 DEBUG ClassPathMapperScanner:290 - Ignored because not a concrete top-level class: URL [jar:file:/d:/maven/repository/com/framework/framework-core/0.0.1-SNAPSHOT/framework-core-0.0.1-SNAPSHOT.jar!/com/system/mybatis/service/impl/SystemLogServiceImpl.class]
16:07:33,995 DEBUG ClassPathMapperScanner:290 - Ignored because not a concrete top-level class: URL [jar:file:/d:/maven/repository/com/framework/framework-core/0.0.1-SNAPSHOT/framework-core-0.0.1-SNAPSHOT.jar!/com/system/mybatis/service/impl/SystemRoleServiceImpl.class]
16:07:33,996 DEBUG ClassPathMapperScanner:290 - Ignored because not a concrete top-level class: URL [jar:file:/d:/maven/repository/com/framework/framework-core/0.0.1-SNAPSHOT/framework-core-0.0.1-SNAPSHOT.jar!/com/system/mybatis/service/impl/SystemUserServiceImpl.class]
16:07:33,997 DEBUG ClassPathMapperScanner:284 - Identified candidate component class: URL [jar:file:/d:/maven/repository/com/framework/framework-core/0.0.1-SNAPSHOT/framework-core-0.0.1-SNAPSHOT.jar!/com/system/mybatis/service/ISysCodeService.class]
16:07:33,997 DEBUG ClassPathMapperScanner:284 - Identified candidate component class: URL [jar:file:/d:/maven/repository/com/framework/framework-core/0.0.1-SNAPSHOT/framework-core-0.0.1-SNAPSHOT.jar!/com/system/mybatis/service/ISysDeptService.class]
16:07:33,998 DEBUG ClassPathMapperScanner:284 - Identified candidate component class: URL [jar:file:/d:/maven/repository/com/framework/framework-core/0.0.1-SNAPSHOT/framework-core-0.0.1-SNAPSHOT.jar!/com/system/mybatis/service/ISysModuleService.class]
16:07:33,998 DEBUG ClassPathMapperScanner:284 - Identified candidate component class: URL [jar:file:/d:/maven/repository/com/framework/framework-core/0.0.1-SNAPSHOT/framework-core-0.0.1-SNAPSHOT.jar!/com/system/mybatis/service/ISystemLogService.class]
16:07:33,999 DEBUG ClassPathMapperScanner:284 - Identified candidate component class: URL [jar:file:/d:/maven/repository/com/framework/framework-core/0.0.1-SNAPSHOT/framework-core-0.0.1-SNAPSHOT.jar!/com/system/mybatis/service/ISystemRoleService.class]
16:07:33,999 DEBUG ClassPathMapperScanner:284 - Identified candidate component class: URL [jar:file:/d:/maven/repository/com/framework/framework-core/0.0.1-SNAPSHOT/framework-core-0.0.1-SNAPSHOT.jar!/com/system/mybatis/service/ISystemUserService.class]
16:07:34,000 DEBUG ClassPathMapperScanner:290 - Ignored because not a concrete top-level class: URL [jar:file:/d:/maven/repository/com/framework/framework-core/0.0.1-SNAPSHOT/framework-core-0.0.1-SNAPSHOT.jar!/com/system/web/code/CodeController.class]
16:07:34,001 DEBUG ClassPathMapperScanner:290 - Ignored because not a concrete top-level class: URL [jar:file:/d:/maven/repository/com/framework/framework-core/0.0.1-SNAPSHOT/framework-core-0.0.1-SNAPSHOT.jar!/com/system/web/custom/CustomController.class]
16:07:34,002 DEBUG ClassPathMapperScanner:290 - Ignored because not a concrete top-level class: URL [jar:file:/d:/maven/repository/com/framework/framework-core/0.0.1-SNAPSHOT/framework-core-0.0.1-SNAPSHOT.jar!/com/system/web/dataindex/IndexItemController.class]
16:07:34,003 DEBUG ClassPathMapperScanner:290 - Ignored because not a concrete top-level class: URL [jar:file:/d:/maven/repository/com/framework/framework-core/0.0.1-SNAPSHOT/framework-core-0.0.1-SNAPSHOT.jar!/com/system/web/DepartmentController.class]
16:07:34,004 DEBUG ClassPathMapperScanner:290 - Ignored because not a concrete top-level class: URL [jar:file:/d:/maven/repository/com/framework/framework-core/0.0.1-SNAPSHOT/framework-core-0.0.1-SNAPSHOT.jar!/com/system/web/RoleController.class]
16:07:34,005 DEBUG ClassPathMapperScanner:290 - Ignored because not a concrete top-level class: URL [jar:file:/d:/maven/repository/com/framework/framework-core/0.0.1-SNAPSHOT/framework-core-0.0.1-SNAPSHOT.jar!/com/system/web/user/UserController.class]
16:07:34,006 DEBUG ClassPathMapperScanner:161 - Creating MapperFactoryBean with name 'sysConstant' and 'com.system.common.SysConstant' mapperInterface
16:07:34,006 DEBUG ClassPathMapperScanner:161 - Creating MapperFactoryBean with name 'ISysDeptDao' and 'com.system.jpa.repository.ISysDeptDao' mapperInterface
16:07:34,006 DEBUG ClassPathMapperScanner:161 - Creating MapperFactoryBean with name 'commSeqMapper' and 'com.system.mybatis.dao.CommSeqMapper' mapperInterface
16:07:34,006 DEBUG ClassPathMapperScanner:161 - Creating MapperFactoryBean with name 'sysCodeMapper' and 'com.system.mybatis.dao.SysCodeMapper' mapperInterface
16:07:34,006 DEBUG ClassPathMapperScanner:161 - Creating MapperFactoryBean with name 'sysDeptMapper' and 'com.system.mybatis.dao.SysDeptMapper' mapperInterface
16:07:34,006 DEBUG ClassPathMapperScanner:161 - Creating MapperFactoryBean with name 'sysDeptUserMapper' and 'com.system.mybatis.dao.SysDeptUserMapper' mapperInterface
16:07:34,006 DEBUG ClassPathMapperScanner:161 - Creating MapperFactoryBean with name 'sysIndexitemMapper' and 'com.system.mybatis.dao.SysIndexitemMapper' mapperInterface
16:07:34,006 DEBUG ClassPathMapperScanner:161 - Creating MapperFactoryBean with name 'sysLogMapper' and 'com.system.mybatis.dao.SysLogMapper' mapperInterface
16:07:34,007 DEBUG ClassPathMapperScanner:161 - Creating MapperFactoryBean with name 'sysModuleMapper' and 'com.system.mybatis.dao.SysModuleMapper' mapperInterface
16:07:34,007 DEBUG ClassPathMapperScanner:161 - Creating MapperFactoryBean with name 'sysRoleFuncMapper' and 'com.system.mybatis.dao.SysRoleFuncMapper' mapperInterface
16:07:34,007 DEBUG ClassPathMapperScanner:161 - Creating MapperFactoryBean with name 'sysRoleMapper' and 'com.system.mybatis.dao.SysRoleMapper' mapperInterface
16:07:34,007 DEBUG ClassPathMapperScanner:161 - Creating MapperFactoryBean with name 'sysRoleUserMapper' and 'com.system.mybatis.dao.SysRoleUserMapper' mapperInterface
16:07:34,007 DEBUG ClassPathMapperScanner:161 - Creating MapperFactoryBean with name 'sysUserMapper' and 'com.system.mybatis.dao.SysUserMapper' mapperInterface
16:07:34,007 DEBUG ClassPathMapperScanner:161 - Creating MapperFactoryBean with name 'IIndexItemService' and 'com.system.mybatis.service.IIndexItemService' mapperInterface
16:07:34,008 DEBUG ClassPathMapperScanner:161 - Creating MapperFactoryBean with name 'ISysCodeService' and 'com.system.mybatis.service.ISysCodeService' mapperInterface
16:07:34,008 DEBUG ClassPathMapperScanner:161 - Creating MapperFactoryBean with name 'ISysDeptService' and 'com.system.mybatis.service.ISysDeptService' mapperInterface
16:07:34,008 DEBUG ClassPathMapperScanner:161 - Creating MapperFactoryBean with name 'ISysModuleService' and 'com.system.mybatis.service.ISysModuleService' mapperInterface
16:07:34,008 DEBUG ClassPathMapperScanner:161 - Creating MapperFactoryBean with name 'ISystemLogService' and 'com.system.mybatis.service.ISystemLogService' mapperInterface
16:07:34,008 DEBUG ClassPathMapperScanner:161 - Creating MapperFactoryBean with name 'ISystemRoleService' and 'com.system.mybatis.service.ISystemRoleService' mapperInterface
16:07:34,008 DEBUG ClassPathMapperScanner:161 - Creating MapperFactoryBean with name 'ISystemUserService' and 'com.system.mybatis.service.ISystemUserService' mapperInterface
16:07:34,009 DEBUG DefaultListableBeanFactory:220 - Creating shared instance of singleton bean 'org.mybatis.spring.mapper.MapperScannerConfigurer#1'
16:07:34,009 DEBUG DefaultListableBeanFactory:450 - Creating instance of bean 'org.mybatis.spring.mapper.MapperScannerConfigurer#1'
16:07:34,009 DEBUG DefaultListableBeanFactory:524 - Eagerly caching bean 'org.mybatis.spring.mapper.MapperScannerConfigurer#1' to allow for resolving potential circular references
16:07:34,010 DEBUG DefaultListableBeanFactory:1610 - Invoking afterPropertiesSet() on bean with name 'org.mybatis.spring.mapper.MapperScannerConfigurer#1'
16:07:34,010 DEBUG DefaultListableBeanFactory:478 - Finished creating instance of bean 'org.mybatis.spring.mapper.MapperScannerConfigurer#1'
16:07:34,016 DEBUG ClassPathMapperScanner:284 - Identified candidate component class: URL [jar:file:/d:/maven/repository/com/framework/framework-core/0.0.1-SNAPSHOT/framework-core-0.0.1-SNAPSHOT.jar!/com/system/common/SysConstant.class]
16:07:34,016 DEBUG ClassPathMapperScanner:284 - Identified candidate component class: URL [jar:file:/d:/maven/repository/com/framework/framework-core/0.0.1-SNAPSHOT/framework-core-0.0.1-SNAPSHOT.jar!/com/system/jpa/repository/ISysDeptDao.class]
16:07:34,017 DEBUG ClassPathMapperScanner:290 - Ignored because not a concrete top-level class: URL [jar:file:/d:/maven/repository/com/framework/framework-core/0.0.1-SNAPSHOT/framework-core-0.0.1-SNAPSHOT.jar!/com/system/jpa/repository/jpa/SysDeptDaoImpl.class]
16:07:34,018 DEBUG ClassPathMapperScanner:290 - Ignored because not a concrete top-level class: URL [jar:file:/d:/maven/repository/com/framework/framework-core/0.0.1-SNAPSHOT/framework-core-0.0.1-SNAPSHOT.jar!/com/system/model/DataIndexTree.class]
16:07:34,018 DEBUG ClassPathMapperScanner:290 - Ignored because not a concrete top-level class: URL [jar:file:/d:/maven/repository/com/framework/framework-core/0.0.1-SNAPSHOT/framework-core-0.0.1-SNAPSHOT.jar!/com/system/model/SysCode.class]
16:07:34,019 DEBUG ClassPathMapperScanner:290 - Ignored because not a concrete top-level class: URL [jar:file:/d:/maven/repository/com/framework/framework-core/0.0.1-SNAPSHOT/framework-core-0.0.1-SNAPSHOT.jar!/com/system/model/SysCodeTree.class]
16:07:34,019 DEBUG ClassPathMapperScanner:290 - Ignored because not a concrete top-level class: URL [jar:file:/d:/maven/repository/com/framework/framework-core/0.0.1-SNAPSHOT/framework-core-0.0.1-SNAPSHOT.jar!/com/system/model/SysDepartmentTree.class]
16:07:34,020 DEBUG ClassPathMapperScanner:290 - Ignored because not a concrete top-level class: URL [jar:file:/d:/maven/repository/com/framework/framework-core/0.0.1-SNAPSHOT/framework-core-0.0.1-SNAPSHOT.jar!/com/system/model/SysDept.class]
16:07:34,020 DEBUG ClassPathMapperScanner:290 - Ignored because not a concrete top-level class: URL [jar:file:/d:/maven/repository/com/framework/framework-core/0.0.1-SNAPSHOT/framework-core-0.0.1-SNAPSHOT.jar!/com/system/model/SysDeptUser.class]
16:07:34,020 DEBUG ClassPathMapperScanner:290 - Ignored because not a concrete top-level class: URL [jar:file:/d:/maven/repository/com/framework/framework-core/0.0.1-SNAPSHOT/framework-core-0.0.1-SNAPSHOT.jar!/com/system/model/SysIndexitem.class]
16:07:34,021 DEBUG ClassPathMapperScanner:290 - Ignored because not a concrete top-level class: URL [jar:file:/d:/maven/repository/com/framework/framework-core/0.0.1-SNAPSHOT/framework-core-0.0.1-SNAPSHOT.jar!/com/system/model/SysLog.class]
16:07:34,021 DEBUG ClassPathMapperScanner:290 - Ignored because not a concrete top-level class: URL [jar:file:/d:/maven/repository/com/framework/framework-core/0.0.1-SNAPSHOT/framework-core-0.0.1-SNAPSHOT.jar!/com/system/model/SysModule.class]
16:07:34,021 DEBUG ClassPathMapperScanner:290 - Ignored because not a concrete top-level class: URL [jar:file:/d:/maven/repository/com/framework/framework-core/0.0.1-SNAPSHOT/framework-core-0.0.1-SNAPSHOT.jar!/com/system/model/SysRole.class]
16:07:34,022 DEBUG ClassPathMapperScanner:290 - Ignored because not a concrete top-level class: URL [jar:file:/d:/maven/repository/com/framework/framework-core/0.0.1-SNAPSHOT/framework-core-0.0.1-SNAPSHOT.jar!/com/system/model/SysRoleFuncKey.class]
16:07:34,022 DEBUG ClassPathMapperScanner:290 - Ignored because not a concrete top-level class: URL [jar:file:/d:/maven/repository/com/framework/framework-core/0.0.1-SNAPSHOT/framework-core-0.0.1-SNAPSHOT.jar!/com/system/model/SysRoleUser.class]
16:07:34,022 DEBUG ClassPathMapperScanner:290 - Ignored because not a concrete top-level class: URL [jar:file:/d:/maven/repository/com/framework/framework-core/0.0.1-SNAPSHOT/framework-core-0.0.1-SNAPSHOT.jar!/com/system/model/SysUser.class]
16:07:34,023 DEBUG ClassPathMapperScanner:284 - Identified candidate component class: URL [jar:file:/d:/maven/repository/com/framework/framework-core/0.0.1-SNAPSHOT/framework-core-0.0.1-SNAPSHOT.jar!/com/system/mybatis/dao/CommSeqMapper.class]
16:07:34,023 DEBUG ClassPathMapperScanner:284 - Identified candidate component class: URL [jar:file:/d:/maven/repository/com/framework/framework-core/0.0.1-SNAPSHOT/framework-core-0.0.1-SNAPSHOT.jar!/com/system/mybatis/dao/SysCodeMapper.class]
16:07:34,024 DEBUG ClassPathMapperScanner:284 - Identified candidate component class: URL [jar:file:/d:/maven/repository/com/framework/framework-core/0.0.1-SNAPSHOT/framework-core-0.0.1-SNAPSHOT.jar!/com/system/mybatis/dao/SysDeptMapper.class]
16:07:34,024 DEBUG ClassPathMapperScanner:284 - Identified candidate component class: URL [jar:file:/d:/maven/repository/com/framework/framework-core/0.0.1-SNAPSHOT/framework-core-0.0.1-SNAPSHOT.jar!/com/system/mybatis/dao/SysDeptUserMapper.class]
16:07:34,024 DEBUG ClassPathMapperScanner:284 - Identified candidate component class: URL [jar:file:/d:/maven/repository/com/framework/framework-core/0.0.1-SNAPSHOT/framework-core-0.0.1-SNAPSHOT.jar!/com/system/mybatis/dao/SysIndexitemMapper.class]
16:07:34,025 DEBUG ClassPathMapperScanner:284 - Identified candidate component class: URL [jar:file:/d:/maven/repository/com/framework/framework-core/0.0.1-SNAPSHOT/framework-core-0.0.1-SNAPSHOT.jar!/com/system/mybatis/dao/SysLogMapper.class]
16:07:34,025 DEBUG ClassPathMapperScanner:284 - Identified candidate component class: URL [jar:file:/d:/maven/repository/com/framework/framework-core/0.0.1-SNAPSHOT/framework-core-0.0.1-SNAPSHOT.jar!/com/system/mybatis/dao/SysModuleMapper.class]
16:07:34,025 DEBUG ClassPathMapperScanner:284 - Identified candidate component class: URL [jar:file:/d:/maven/repository/com/framework/framework-core/0.0.1-SNAPSHOT/framework-core-0.0.1-SNAPSHOT.jar!/com/system/mybatis/dao/SysRoleFuncMapper.class]
16:07:34,026 DEBUG ClassPathMapperScanner:284 - Identified candidate component class: URL [jar:file:/d:/maven/repository/com/framework/framework-core/0.0.1-SNAPSHOT/framework-core-0.0.1-SNAPSHOT.jar!/com/system/mybatis/dao/SysRoleMapper.class]
16:07:34,026 DEBUG ClassPathMapperScanner:284 - Identified candidate component class: URL [jar:file:/d:/maven/repository/com/framework/framework-core/0.0.1-SNAPSHOT/framework-core-0.0.1-SNAPSHOT.jar!/com/system/mybatis/dao/SysRoleUserMapper.class]
16:07:34,026 DEBUG ClassPathMapperScanner:284 - Identified candidate component class: URL [jar:file:/d:/maven/repository/com/framework/framework-core/0.0.1-SNAPSHOT/framework-core-0.0.1-SNAPSHOT.jar!/com/system/mybatis/dao/SysUserMapper.class]
16:07:34,027 DEBUG ClassPathMapperScanner:284 - Identified candidate component class: URL [jar:file:/d:/maven/repository/com/framework/framework-core/0.0.1-SNAPSHOT/framework-core-0.0.1-SNAPSHOT.jar!/com/system/mybatis/service/IIndexItemService.class]
16:07:34,027 DEBUG ClassPathMapperScanner:290 - Ignored because not a concrete top-level class: URL [jar:file:/d:/maven/repository/com/framework/framework-core/0.0.1-SNAPSHOT/framework-core-0.0.1-SNAPSHOT.jar!/com/system/mybatis/service/impl/IndexItemService.class]
16:07:34,028 DEBUG ClassPathMapperScanner:290 - Ignored because not a concrete top-level class: URL [jar:file:/d:/maven/repository/com/framework/framework-core/0.0.1-SNAPSHOT/framework-core-0.0.1-SNAPSHOT.jar!/com/system/mybatis/service/impl/SysCodeService.class]
16:07:34,029 DEBUG ClassPathMapperScanner:290 - Ignored because not a concrete top-level class: URL [jar:file:/d:/maven/repository/com/framework/framework-core/0.0.1-SNAPSHOT/framework-core-0.0.1-SNAPSHOT.jar!/com/system/mybatis/service/impl/SysDeptServiceImpl.class]
16:07:34,029 DEBUG ClassPathMapperScanner:290 - Ignored because not a concrete top-level class: URL [jar:file:/d:/maven/repository/com/framework/framework-core/0.0.1-SNAPSHOT/framework-core-0.0.1-SNAPSHOT.jar!/com/system/mybatis/service/impl/SysModuleServiceImpl.class]
16:07:34,029 DEBUG ClassPathMapperScanner:290 - Ignored because not a concrete top-level class: URL [jar:file:/d:/maven/repository/com/framework/framework-core/0.0.1-SNAPSHOT/framework-core-0.0.1-SNAPSHOT.jar!/com/system/mybatis/service/impl/SystemLogServiceImpl.class]
16:07:34,030 DEBUG ClassPathMapperScanner:290 - Ignored because not a concrete top-level class: URL [jar:file:/d:/maven/repository/com/framework/framework-core/0.0.1-SNAPSHOT/framework-core-0.0.1-SNAPSHOT.jar!/com/system/mybatis/service/impl/SystemRoleServiceImpl.class]
16:07:34,031 DEBUG ClassPathMapperScanner:290 - Ignored because not a concrete top-level class: URL [jar:file:/d:/maven/repository/com/framework/framework-core/0.0.1-SNAPSHOT/framework-core-0.0.1-SNAPSHOT.jar!/com/system/mybatis/service/impl/SystemUserServiceImpl.class]
16:07:34,032 DEBUG ClassPathMapperScanner:284 - Identified candidate component class: URL [jar:file:/d:/maven/repository/com/framework/framework-core/0.0.1-SNAPSHOT/framework-core-0.0.1-SNAPSHOT.jar!/com/system/mybatis/service/ISysCodeService.class]
16:07:34,032 DEBUG ClassPathMapperScanner:284 - Identified candidate component class: URL [jar:file:/d:/maven/repository/com/framework/framework-core/0.0.1-SNAPSHOT/framework-core-0.0.1-SNAPSHOT.jar!/com/system/mybatis/service/ISysDeptService.class]
16:07:34,032 DEBUG ClassPathMapperScanner:284 - Identified candidate component class: URL [jar:file:/d:/maven/repository/com/framework/framework-core/0.0.1-SNAPSHOT/framework-core-0.0.1-SNAPSHOT.jar!/com/system/mybatis/service/ISysModuleService.class]
16:07:34,033 DEBUG ClassPathMapperScanner:284 - Identified candidate component class: URL [jar:file:/d:/maven/repository/com/framework/framework-core/0.0.1-SNAPSHOT/framework-core-0.0.1-SNAPSHOT.jar!/com/system/mybatis/service/ISystemLogService.class]
16:07:34,033 DEBUG ClassPathMapperScanner:284 - Identified candidate component class: URL [jar:file:/d:/maven/repository/com/framework/framework-core/0.0.1-SNAPSHOT/framework-core-0.0.1-SNAPSHOT.jar!/com/system/mybatis/service/ISystemRoleService.class]
16:07:34,033 DEBUG ClassPathMapperScanner:284 - Identified candidate component class: URL [jar:file:/d:/maven/repository/com/framework/framework-core/0.0.1-SNAPSHOT/framework-core-0.0.1-SNAPSHOT.jar!/com/system/mybatis/service/ISystemUserService.class]
16:07:34,034 DEBUG ClassPathMapperScanner:290 - Ignored because not a concrete top-level class: URL [jar:file:/d:/maven/repository/com/framework/framework-core/0.0.1-SNAPSHOT/framework-core-0.0.1-SNAPSHOT.jar!/com/system/web/code/CodeController.class]
16:07:34,035 DEBUG ClassPathMapperScanner:290 - Ignored because not a concrete top-level class: URL [jar:file:/d:/maven/repository/com/framework/framework-core/0.0.1-SNAPSHOT/framework-core-0.0.1-SNAPSHOT.jar!/com/system/web/custom/CustomController.class]
16:07:34,036 DEBUG ClassPathMapperScanner:290 - Ignored because not a concrete top-level class: URL [jar:file:/d:/maven/repository/com/framework/framework-core/0.0.1-SNAPSHOT/framework-core-0.0.1-SNAPSHOT.jar!/com/system/web/dataindex/IndexItemController.class]
16:07:34,037 DEBUG ClassPathMapperScanner:290 - Ignored because not a concrete top-level class: URL [jar:file:/d:/maven/repository/com/framework/framework-core/0.0.1-SNAPSHOT/framework-core-0.0.1-SNAPSHOT.jar!/com/system/web/DepartmentController.class]
16:07:34,037 DEBUG ClassPathMapperScanner:290 - Ignored because not a concrete top-level class: URL [jar:file:/d:/maven/repository/com/framework/framework-core/0.0.1-SNAPSHOT/framework-core-0.0.1-SNAPSHOT.jar!/com/system/web/RoleController.class]
16:07:34,038 DEBUG ClassPathMapperScanner:290 - Ignored because not a concrete top-level class: URL [jar:file:/d:/maven/repository/com/framework/framework-core/0.0.1-SNAPSHOT/framework-core-0.0.1-SNAPSHOT.jar!/com/system/web/user/UserController.class]
16:07:34,039  WARN ClassPathMapperScanner:223 - Skipping MapperFactoryBean with name 'sysConstant' and 'com.system.common.SysConstant' mapperInterface. Bean already defined with the same name!
16:07:34,039  WARN ClassPathMapperScanner:223 - Skipping MapperFactoryBean with name 'ISysDeptDao' and 'com.system.jpa.repository.ISysDeptDao' mapperInterface. Bean already defined with the same name!
16:07:34,039  WARN ClassPathMapperScanner:223 - Skipping MapperFactoryBean with name 'commSeqMapper' and 'com.system.mybatis.dao.CommSeqMapper' mapperInterface. Bean already defined with the same name!
16:07:34,039  WARN ClassPathMapperScanner:223 - Skipping MapperFactoryBean with name 'sysCodeMapper' and 'com.system.mybatis.dao.SysCodeMapper' mapperInterface. Bean already defined with the same name!
16:07:34,039  WARN ClassPathMapperScanner:223 - Skipping MapperFactoryBean with name 'sysDeptMapper' and 'com.system.mybatis.dao.SysDeptMapper' mapperInterface. Bean already defined with the same name!
16:07:34,039  WARN ClassPathMapperScanner:223 - Skipping MapperFactoryBean with name 'sysDeptUserMapper' and 'com.system.mybatis.dao.SysDeptUserMapper' mapperInterface. Bean already defined with the same name!
16:07:34,039  WARN ClassPathMapperScanner:223 - Skipping MapperFactoryBean with name 'sysIndexitemMapper' and 'com.system.mybatis.dao.SysIndexitemMapper' mapperInterface. Bean already defined with the same name!
16:07:34,040  WARN ClassPathMapperScanner:223 - Skipping MapperFactoryBean with name 'sysLogMapper' and 'com.system.mybatis.dao.SysLogMapper' mapperInterface. Bean already defined with the same name!
16:07:34,040  WARN ClassPathMapperScanner:223 - Skipping MapperFactoryBean with name 'sysModuleMapper' and 'com.system.mybatis.dao.SysModuleMapper' mapperInterface. Bean already defined with the same name!
16:07:34,040  WARN ClassPathMapperScanner:223 - Skipping MapperFactoryBean with name 'sysRoleFuncMapper' and 'com.system.mybatis.dao.SysRoleFuncMapper' mapperInterface. Bean already defined with the same name!
16:07:34,040  WARN ClassPathMapperScanner:223 - Skipping MapperFactoryBean with name 'sysRoleMapper' and 'com.system.mybatis.dao.SysRoleMapper' mapperInterface. Bean already defined with the same name!
16:07:34,040  WARN ClassPathMapperScanner:223 - Skipping MapperFactoryBean with name 'sysRoleUserMapper' and 'com.system.mybatis.dao.SysRoleUserMapper' mapperInterface. Bean already defined with the same name!
16:07:34,040  WARN ClassPathMapperScanner:223 - Skipping MapperFactoryBean with name 'sysUserMapper' and 'com.system.mybatis.dao.SysUserMapper' mapperInterface. Bean already defined with the same name!
16:07:34,040  WARN ClassPathMapperScanner:223 - Skipping MapperFactoryBean with name 'IIndexItemService' and 'com.system.mybatis.service.IIndexItemService' mapperInterface. Bean already defined with the same name!
16:07:34,041  WARN ClassPathMapperScanner:223 - Skipping MapperFactoryBean with name 'ISysCodeService' and 'com.system.mybatis.service.ISysCodeService' mapperInterface. Bean already defined with the same name!
16:07:34,041  WARN ClassPathMapperScanner:223 - Skipping MapperFactoryBean with name 'ISysDeptService' and 'com.system.mybatis.service.ISysDeptService' mapperInterface. Bean already defined with the same name!
16:07:34,041  WARN ClassPathMapperScanner:223 - Skipping MapperFactoryBean with name 'ISysModuleService' and 'com.system.mybatis.service.ISysModuleService' mapperInterface. Bean already defined with the same name!
16:07:34,041  WARN ClassPathMapperScanner:223 - Skipping MapperFactoryBean with name 'ISystemLogService' and 'com.system.mybatis.service.ISystemLogService' mapperInterface. Bean already defined with the same name!
16:07:34,041  WARN ClassPathMapperScanner:223 - Skipping MapperFactoryBean with name 'ISystemRoleService' and 'com.system.mybatis.service.ISystemRoleService' mapperInterface. Bean already defined with the same name!
16:07:34,041  WARN ClassPathMapperScanner:223 - Skipping MapperFactoryBean with name 'ISystemUserService' and 'com.system.mybatis.service.ISystemUserService' mapperInterface. Bean already defined with the same name!
16:07:34,043 DEBUG ClassPathMapperScanner:284 - Identified candidate component class: file [D:\workspace\framework-root\framework-resources\target\classes\com\resources\dao\AttachmentsMapper.class]
16:07:34,043 DEBUG ClassPathMapperScanner:284 - Identified candidate component class: file [D:\workspace\framework-root\framework-resources\target\classes\com\resources\dao\AttaThumbnailMapper.class]
16:07:34,044 DEBUG ClassPathMapperScanner:290 - Ignored because not a concrete top-level class: file [D:\workspace\framework-root\framework-resources\target\classes\com\resources\model\CommAttachments.class]
16:07:34,044 DEBUG ClassPathMapperScanner:290 - Ignored because not a concrete top-level class: file [D:\workspace\framework-root\framework-resources\target\classes\com\resources\model\CommAttaThumbnail.class]
16:07:34,044 DEBUG ClassPathMapperScanner:284 - Identified candidate component class: file [D:\workspace\framework-root\framework-resources\target\classes\com\resources\ResConstant.class]
16:07:34,044 DEBUG ClassPathMapperScanner:284 - Identified candidate component class: file [D:\workspace\framework-root\framework-resources\target\classes\com\resources\services\AttachmentsService.class]
16:07:34,045 DEBUG ClassPathMapperScanner:290 - Ignored because not a concrete top-level class: file [D:\workspace\framework-root\framework-resources\target\classes\com\resources\services\impl\AttachmentsServiceImpl$1.class]
16:07:34,045 DEBUG ClassPathMapperScanner:290 - Ignored because not a concrete top-level class: file [D:\workspace\framework-root\framework-resources\target\classes\com\resources\services\impl\AttachmentsServiceImpl.class]
16:07:34,046 DEBUG ClassPathMapperScanner:290 - Ignored because not a concrete top-level class: file [D:\workspace\framework-root\framework-resources\target\classes\com\resources\web\AttachmentsController.class]
16:07:34,047 DEBUG ClassPathMapperScanner:290 - Ignored because not a concrete top-level class: file [D:\workspace\framework-root\framework-resources\target\classes\com\resources\web\ShareResources.class]
16:07:34,047 DEBUG ClassPathMapperScanner:161 - Creating MapperFactoryBean with name 'attachmentsMapper' and 'com.resources.dao.AttachmentsMapper' mapperInterface
16:07:34,047 DEBUG ClassPathMapperScanner:161 - Creating MapperFactoryBean with name 'attaThumbnailMapper' and 'com.resources.dao.AttaThumbnailMapper' mapperInterface
16:07:34,047 DEBUG ClassPathMapperScanner:161 - Creating MapperFactoryBean with name 'resConstant' and 'com.resources.ResConstant' mapperInterface
16:07:34,048 DEBUG ClassPathMapperScanner:161 - Creating MapperFactoryBean with name 'attachmentsService' and 'com.resources.services.AttachmentsService' mapperInterface
16:07:34,052 DEBUG DefaultListableBeanFactory:220 - Creating shared instance of singleton bean 'org.springframework.beans.factory.config.PropertyPlaceholderConfigurer#0'
16:07:34,052 DEBUG DefaultListableBeanFactory:450 - Creating instance of bean 'org.springframework.beans.factory.config.PropertyPlaceholderConfigurer#0'
16:07:34,053 DEBUG DefaultListableBeanFactory:524 - Eagerly caching bean 'org.springframework.beans.factory.config.PropertyPlaceholderConfigurer#0' to allow for resolving potential circular references
16:07:34,053 DEBUG DefaultListableBeanFactory:478 - Finished creating instance of bean 'org.springframework.beans.factory.config.PropertyPlaceholderConfigurer#0'
16:07:34,053  INFO PropertyPlaceholderConfigurer:172 - Loading properties file from class path resource [config/db.properties]
16:07:34,056 DEBUG DefaultListableBeanFactory:220 - Creating shared instance of singleton bean 'org.springframework.context.annotation.internalAutowiredAnnotationProcessor'
16:07:34,057 DEBUG DefaultListableBeanFactory:450 - Creating instance of bean 'org.springframework.context.annotation.internalAutowiredAnnotationProcessor'
16:07:34,057  INFO AutowiredAnnotationBeanPostProcessor:153 - JSR-330 'javax.inject.Inject' annotation found and supported for autowiring
16:07:34,057 DEBUG DefaultListableBeanFactory:524 - Eagerly caching bean 'org.springframework.context.annotation.internalAutowiredAnnotationProcessor' to allow for resolving potential circular references
16:07:34,057 DEBUG DefaultListableBeanFactory:478 - Finished creating instance of bean 'org.springframework.context.annotation.internalAutowiredAnnotationProcessor'
16:07:34,058 DEBUG DefaultListableBeanFactory:220 - Creating shared instance of singleton bean 'org.springframework.context.annotation.internalRequiredAnnotationProcessor'
16:07:34,058 DEBUG DefaultListableBeanFactory:450 - Creating instance of bean 'org.springframework.context.annotation.internalRequiredAnnotationProcessor'
16:07:34,058 DEBUG DefaultListableBeanFactory:524 - Eagerly caching bean 'org.springframework.context.annotation.internalRequiredAnnotationProcessor' to allow for resolving potential circular references
16:07:34,058 DEBUG DefaultListableBeanFactory:478 - Finished creating instance of bean 'org.springframework.context.annotation.internalRequiredAnnotationProcessor'
16:07:34,058 DEBUG DefaultListableBeanFactory:220 - Creating shared instance of singleton bean 'org.springframework.context.annotation.internalCommonAnnotationProcessor'
16:07:34,058 DEBUG DefaultListableBeanFactory:450 - Creating instance of bean 'org.springframework.context.annotation.internalCommonAnnotationProcessor'
16:07:34,058 DEBUG DefaultListableBeanFactory:524 - Eagerly caching bean 'org.springframework.context.annotation.internalCommonAnnotationProcessor' to allow for resolving potential circular references
16:07:34,059 DEBUG DefaultListableBeanFactory:478 - Finished creating instance of bean 'org.springframework.context.annotation.internalCommonAnnotationProcessor'
16:07:34,059 DEBUG DefaultListableBeanFactory:220 - Creating shared instance of singleton bean 'org.springframework.context.annotation.internalPersistenceAnnotationProcessor'
16:07:34,059 DEBUG DefaultListableBeanFactory:450 - Creating instance of bean 'org.springframework.context.annotation.internalPersistenceAnnotationProcessor'
16:07:34,059 DEBUG DefaultListableBeanFactory:524 - Eagerly caching bean 'org.springframework.context.annotation.internalPersistenceAnnotationProcessor' to allow for resolving potential circular references
16:07:34,059 DEBUG DefaultListableBeanFactory:478 - Finished creating instance of bean 'org.springframework.context.annotation.internalPersistenceAnnotationProcessor'
16:07:34,059 DEBUG DefaultListableBeanFactory:220 - Creating shared instance of singleton bean 'org.springframework.context.annotation.ConfigurationClassPostProcessor.importAwareProcessor'
16:07:34,060 DEBUG DefaultListableBeanFactory:450 - Creating instance of bean 'org.springframework.context.annotation.ConfigurationClassPostProcessor.importAwareProcessor'
16:07:34,060 DEBUG DefaultListableBeanFactory:524 - Eagerly caching bean 'org.springframework.context.annotation.ConfigurationClassPostProcessor.importAwareProcessor' to allow for resolving potential circular references
16:07:34,060 DEBUG DefaultListableBeanFactory:478 - Finished creating instance of bean 'org.springframework.context.annotation.ConfigurationClassPostProcessor.importAwareProcessor'
16:07:34,060 DEBUG DefaultListableBeanFactory:220 - Creating shared instance of singleton bean 'org.springframework.context.annotation.ConfigurationClassPostProcessor.enhancedConfigurationProcessor'
16:07:34,060 DEBUG DefaultListableBeanFactory:450 - Creating instance of bean 'org.springframework.context.annotation.ConfigurationClassPostProcessor.enhancedConfigurationProcessor'
16:07:34,060 DEBUG DefaultListableBeanFactory:524 - Eagerly caching bean 'org.springframework.context.annotation.ConfigurationClassPostProcessor.enhancedConfigurationProcessor' to allow for resolving potential circular references
16:07:34,060 DEBUG DefaultListableBeanFactory:478 - Finished creating instance of bean 'org.springframework.context.annotation.ConfigurationClassPostProcessor.enhancedConfigurationProcessor'
16:07:34,061 DEBUG DefaultListableBeanFactory:220 - Creating shared instance of singleton bean 'org.springframework.aop.config.internalAutoProxyCreator'
16:07:34,061 DEBUG DefaultListableBeanFactory:450 - Creating instance of bean 'org.springframework.aop.config.internalAutoProxyCreator'
16:07:34,062 DEBUG DefaultListableBeanFactory:524 - Eagerly caching bean 'org.springframework.aop.config.internalAutoProxyCreator' to allow for resolving potential circular references
16:07:34,062 DEBUG DefaultListableBeanFactory:478 - Finished creating instance of bean 'org.springframework.aop.config.internalAutoProxyCreator'
16:07:34,062 DEBUG GenericApplicationContext:646 - Unable to locate MessageSource with name 'messageSource': using default [org.springframework.context.support.DelegatingMessageSource@11c1a831]
16:07:34,062 DEBUG GenericApplicationContext:670 - Unable to locate ApplicationEventMulticaster with name 'applicationEventMulticaster': using default [org.springframework.context.event.SimpleApplicationEventMulticaster@41093212]
16:07:34,068 DEBUG DefaultListableBeanFactory:691 - Pre-instantiating singletons in org.springframework.beans.factory.support.DefaultListableBeanFactory@5848c76b: defining beans [org.springframework.beans.factory.config.PropertyPlaceholderConfigurer#0,dataSource,validator,controlAdvice,sessionManager,org.springframework.context.annotation.internalConfigurationAnnotationProcessor,org.springframework.context.annotation.internalAutowiredAnnotationProcessor,org.springframework.context.annotation.internalRequiredAnnotationProcessor,org.springframework.context.annotation.internalCommonAnnotationProcessor,org.springframework.context.annotation.internalPersistenceAnnotationProcessor,queryParamAop,org.springframework.aop.config.internalAutoProxyCreator,org.springframework.transaction.annotation.AnnotationTransactionAttributeSource#0,org.springframework.transaction.interceptor.TransactionInterceptor#0,org.springframework.transaction.config.internalTransactionAdvisor,sqlSessionFactory,myBatisExceptionTranslator,org.mybatis.spring.mapper.MapperScannerConfigurer#0,transactionManager,indexItemService,sysCodeService,sysDeptServiceImpl,sysModuleServiceImpl,systemLogServiceImpl,systemRoleServiceImpl,systemUserServiceImpl,systemLogAOP,commonServiceImpl,configProperties,attachmentsServiceImpl,attachmentsController,shareResources,iM4ImageHandler,imageService,org.mybatis.spring.mapper.MapperScannerConfigurer#1,org.springframework.context.annotation.ConfigurationClassPostProcessor.importAwareProcessor,org.springframework.context.annotation.ConfigurationClassPostProcessor.enhancedConfigurationProcessor,sysConstant,ISysDeptDao,commSeqMapper,sysCodeMapper,sysDeptMapper,sysDeptUserMapper,sysIndexitemMapper,sysLogMapper,sysModuleMapper,sysRoleFuncMapper,sysRoleMapper,sysRoleUserMapper,sysUserMapper,IIndexItemService,ISysCodeService,ISysDeptService,ISysModuleService,ISystemLogService,ISystemRoleService,ISystemUserService,attachmentsMapper,attaThumbnailMapper,resConstant,attachmentsService]; root of factory hierarchy
16:07:34,068 DEBUG DefaultListableBeanFactory:247 - Returning cached instance of singleton bean 'org.springframework.beans.factory.config.PropertyPlaceholderConfigurer#0'
16:07:34,068 DEBUG DefaultListableBeanFactory:220 - Creating shared instance of singleton bean 'dataSource'
16:07:34,068 DEBUG DefaultListableBeanFactory:450 - Creating instance of bean 'dataSource'
16:07:34,070 DEBUG DefaultListableBeanFactory:220 - Creating shared instance of singleton bean 'org.springframework.transaction.config.internalTransactionAdvisor'
16:07:34,071 DEBUG DefaultListableBeanFactory:450 - Creating instance of bean 'org.springframework.transaction.config.internalTransactionAdvisor'
16:07:34,071 DEBUG DefaultListableBeanFactory:524 - Eagerly caching bean 'org.springframework.transaction.config.internalTransactionAdvisor' to allow for resolving potential circular references
16:07:34,072 DEBUG DefaultListableBeanFactory:220 - Creating shared instance of singleton bean 'org.springframework.transaction.annotation.AnnotationTransactionAttributeSource#0'
16:07:34,072 DEBUG DefaultListableBeanFactory:450 - Creating instance of bean 'org.springframework.transaction.annotation.AnnotationTransactionAttributeSource#0'
16:07:34,072 DEBUG BeanFactoryAdvisorRetrievalHelper:87 - Skipping currently created advisor 'org.springframework.transaction.config.internalTransactionAdvisor'
16:07:34,074 DEBUG ReflectiveAspectJAdvisorFactory:221 - Found AspectJ method: public java.lang.Object com.framework.common.aspect.QueryParamAop.actionAopAround(org.aspectj.lang.ProceedingJoinPoint,com.framework.mybatis.model.QueryModel,java.lang.Integer,java.lang.Integer) throws java.lang.Throwable
16:07:34,075 DEBUG ReflectiveAspectJAdvisorFactory:221 - Found AspectJ method: public void com.framework.common.aspect.QueryParamAop.beforeAction(org.aspectj.lang.JoinPoint,com.framework.mybatis.model.QueryModel,java.lang.Integer,java.lang.Integer)
16:07:34,078 DEBUG ReflectiveAspectJAdvisorFactory:221 - Found AspectJ method: public void com.framework.mybatis.aspect.SystemLogAOP.doBefore(org.aspectj.lang.JoinPoint)
16:07:34,079 DEBUG ReflectiveAspectJAdvisorFactory:221 - Found AspectJ method: public void com.framework.mybatis.aspect.SystemLogAOP.doAfterThrowing(org.aspectj.lang.JoinPoint,java.lang.Throwable)
16:07:34,081 DEBUG DefaultListableBeanFactory:524 - Eagerly caching bean 'org.springframework.transaction.annotation.AnnotationTransactionAttributeSource#0' to allow for resolving potential circular references
16:07:34,081 DEBUG BeanFactoryAdvisorRetrievalHelper:87 - Skipping currently created advisor 'org.springframework.transaction.config.internalTransactionAdvisor'
16:07:34,081 DEBUG BeanFactoryAdvisorRetrievalHelper:87 - Skipping currently created advisor 'org.springframework.transaction.config.internalTransactionAdvisor'
16:07:34,103 DEBUG DefaultListableBeanFactory:478 - Finished creating instance of bean 'org.springframework.transaction.annotation.AnnotationTransactionAttributeSource#0'
16:07:34,103 DEBUG DefaultListableBeanFactory:478 - Finished creating instance of bean 'org.springframework.transaction.config.internalTransactionAdvisor'
16:07:34,132 DEBUG DefaultListableBeanFactory:524 - Eagerly caching bean 'dataSource' to allow for resolving potential circular references
16:07:34,133 DEBUG DefaultListableBeanFactory:247 - Returning cached instance of singleton bean 'org.springframework.transaction.config.internalTransactionAdvisor'
16:07:34,133 DEBUG DefaultListableBeanFactory:247 - Returning cached instance of singleton bean 'org.springframework.transaction.config.internalTransactionAdvisor'
16:07:34,532 DEBUG DefaultListableBeanFactory:478 - Finished creating instance of bean 'dataSource'
16:07:34,532 DEBUG DefaultListableBeanFactory:220 - Creating shared instance of singleton bean 'validator'
16:07:34,532 DEBUG DefaultListableBeanFactory:450 - Creating instance of bean 'validator'
16:07:34,532 DEBUG DefaultListableBeanFactory:247 - Returning cached instance of singleton bean 'org.springframework.transaction.config.internalTransactionAdvisor'
16:07:34,533 DEBUG DefaultListableBeanFactory:524 - Eagerly caching bean 'validator' to allow for resolving potential circular references
16:07:34,533 DEBUG DefaultListableBeanFactory:1610 - Invoking afterPropertiesSet() on bean with name 'validator'
16:07:34,534 DEBUG DefaultTraversableResolver:103 - Found javax.persistence.Persistence on classpath containing 'getPersistenceUtil'. Assuming JPA 2 environment. Trying to instantiate JPA aware TraversableResolver
16:07:34,535 DEBUG DefaultTraversableResolver:114 - Instantiated JPA aware TraversableResolver of type org.hibernate.validator.internal.engine.resolver.JPATraversableResolver.
16:07:34,535 DEBUG ConfigurationImpl:145 - Setting custom MessageInterpolator of type org.springframework.validation.beanvalidation.LocaleContextMessageInterpolator
16:07:34,535 DEBUG ConfigurationImpl:167 - Setting custom ConstraintValidatorFactory of type org.springframework.validation.beanvalidation.SpringConstraintValidatorFactory
16:07:34,535 DEBUG ConfigurationImpl:181 - Setting custom ParameterNameProvider of type com.sun.proxy.$Proxy33
16:07:34,535 DEBUG ValidationXmlParser:90 - Trying to load META-INF/validation.xml for XML based Validator configuration.
16:07:34,536 DEBUG ResourceLoaderHelper:54 - Trying to load META-INF/validation.xml via TCCL
16:07:34,536 DEBUG ResourceLoaderHelper:60 - Trying to load META-INF/validation.xml via Hibernate Validator's class loader
16:07:34,536 DEBUG ValidationXmlParser:97 - No META-INF/validation.xml found. Using annotation based configuration only.
16:07:34,538 DEBUG DefaultListableBeanFactory:247 - Returning cached instance of singleton bean 'org.springframework.transaction.config.internalTransactionAdvisor'
16:07:34,538 DEBUG DefaultListableBeanFactory:247 - Returning cached instance of singleton bean 'org.springframework.transaction.config.internalTransactionAdvisor'
16:07:34,575 DEBUG DefaultListableBeanFactory:478 - Finished creating instance of bean 'validator'
16:07:34,576 DEBUG DefaultListableBeanFactory:220 - Creating shared instance of singleton bean 'controlAdvice'
16:07:34,576 DEBUG DefaultListableBeanFactory:450 - Creating instance of bean 'controlAdvice'
16:07:34,576 DEBUG DefaultListableBeanFactory:247 - Returning cached instance of singleton bean 'org.springframework.transaction.config.internalTransactionAdvisor'
16:07:34,578 DEBUG DefaultListableBeanFactory:524 - Eagerly caching bean 'controlAdvice' to allow for resolving potential circular references
16:07:34,578 DEBUG DefaultListableBeanFactory:247 - Returning cached instance of singleton bean 'org.springframework.transaction.config.internalTransactionAdvisor'
16:07:34,578 DEBUG DefaultListableBeanFactory:247 - Returning cached instance of singleton bean 'org.springframework.transaction.config.internalTransactionAdvisor'
16:07:34,584 DEBUG DefaultListableBeanFactory:478 - Finished creating instance of bean 'controlAdvice'
16:07:34,584 DEBUG DefaultListableBeanFactory:220 - Creating shared instance of singleton bean 'sessionManager'
16:07:34,585 DEBUG DefaultListableBeanFactory:450 - Creating instance of bean 'sessionManager'
16:07:34,585 DEBUG DefaultListableBeanFactory:247 - Returning cached instance of singleton bean 'org.springframework.transaction.config.internalTransactionAdvisor'
16:07:34,585 DEBUG DefaultListableBeanFactory:524 - Eagerly caching bean 'sessionManager' to allow for resolving potential circular references
16:07:34,586 DEBUG DefaultListableBeanFactory:247 - Returning cached instance of singleton bean 'org.springframework.transaction.config.internalTransactionAdvisor'
16:07:34,586 DEBUG DefaultListableBeanFactory:247 - Returning cached instance of singleton bean 'org.springframework.transaction.config.internalTransactionAdvisor'
16:07:34,595 DEBUG DefaultListableBeanFactory:478 - Finished creating instance of bean 'sessionManager'
16:07:34,595 DEBUG DefaultListableBeanFactory:247 - Returning cached instance of singleton bean 'org.springframework.context.annotation.internalConfigurationAnnotationProcessor'
16:07:34,595 DEBUG DefaultListableBeanFactory:247 - Returning cached instance of singleton bean 'org.springframework.context.annotation.internalAutowiredAnnotationProcessor'
16:07:34,595 DEBUG DefaultListableBeanFactory:247 - Returning cached instance of singleton bean 'org.springframework.context.annotation.internalRequiredAnnotationProcessor'
16:07:34,595 DEBUG DefaultListableBeanFactory:247 - Returning cached instance of singleton bean 'org.springframework.context.annotation.internalCommonAnnotationProcessor'
16:07:34,596 DEBUG DefaultListableBeanFactory:247 - Returning cached instance of singleton bean 'org.springframework.context.annotation.internalPersistenceAnnotationProcessor'
16:07:34,596 DEBUG DefaultListableBeanFactory:220 - Creating shared instance of singleton bean 'queryParamAop'
16:07:34,596 DEBUG DefaultListableBeanFactory:450 - Creating instance of bean 'queryParamAop'
16:07:34,597 DEBUG DefaultListableBeanFactory:524 - Eagerly caching bean 'queryParamAop' to allow for resolving potential circular references
16:07:34,597 DEBUG DefaultListableBeanFactory:478 - Finished creating instance of bean 'queryParamAop'
16:07:34,597 DEBUG DefaultListableBeanFactory:247 - Returning cached instance of singleton bean 'org.springframework.aop.config.internalAutoProxyCreator'
16:07:34,597 DEBUG DefaultListableBeanFactory:247 - Returning cached instance of singleton bean 'org.springframework.transaction.annotation.AnnotationTransactionAttributeSource#0'
16:07:34,597 DEBUG DefaultListableBeanFactory:220 - Creating shared instance of singleton bean 'org.springframework.transaction.interceptor.TransactionInterceptor#0'
16:07:34,597 DEBUG DefaultListableBeanFactory:450 - Creating instance of bean 'org.springframework.transaction.interceptor.TransactionInterceptor#0'
16:07:34,599 DEBUG DefaultListableBeanFactory:524 - Eagerly caching bean 'org.springframework.transaction.interceptor.TransactionInterceptor#0' to allow for resolving potential circular references
16:07:34,599 DEBUG DefaultListableBeanFactory:247 - Returning cached instance of singleton bean 'org.springframework.transaction.annotation.AnnotationTransactionAttributeSource#0'
16:07:34,599 DEBUG DefaultListableBeanFactory:1610 - Invoking afterPropertiesSet() on bean with name 'org.springframework.transaction.interceptor.TransactionInterceptor#0'
16:07:34,599 DEBUG DefaultListableBeanFactory:478 - Finished creating instance of bean 'org.springframework.transaction.interceptor.TransactionInterceptor#0'
16:07:34,599 DEBUG DefaultListableBeanFactory:247 - Returning cached instance of singleton bean 'org.springframework.transaction.config.internalTransactionAdvisor'
16:07:34,599 DEBUG DefaultListableBeanFactory:220 - Creating shared instance of singleton bean 'sqlSessionFactory'
16:07:34,600 DEBUG DefaultListableBeanFactory:450 - Creating instance of bean 'sqlSessionFactory'
16:07:34,600 DEBUG DefaultListableBeanFactory:247 - Returning cached instance of singleton bean 'org.springframework.transaction.config.internalTransactionAdvisor'
16:07:34,600 DEBUG DefaultListableBeanFactory:524 - Eagerly caching bean 'sqlSessionFactory' to allow for resolving potential circular references
16:07:34,601 DEBUG DefaultListableBeanFactory:247 - Returning cached instance of singleton bean 'dataSource'
16:07:34,604 DEBUG DefaultListableBeanFactory:1610 - Invoking afterPropertiesSet() on bean with name 'sqlSessionFactory'
16:07:34,610 DEBUG PageInterceptor:130 - {}
16:07:34,610 DEBUG PageInterceptor:119 - {defaultPageSize=10}
16:07:34,614 DEBUG SqlSessionFactoryBean:427 - Parsed configuration file: 'class path resource [context/mybatis-config.xml]'
16:07:34,660 DEBUG SqlSessionFactoryBean:468 - Parsed mapper file: 'file [D:\workspace\framework-root\framework-resources\target\test-classes\context\mapper\AttachmentsMapper.xml]'
16:07:34,685 DEBUG SqlSessionFactoryBean:468 - Parsed mapper file: 'file [D:\workspace\framework-root\framework-resources\target\test-classes\context\mapper\AttaThumbnailMapper.xml]'
16:07:34,711 DEBUG SqlSessionFactoryBean:468 - Parsed mapper file: 'file [D:\workspace\framework-root\framework-resources\target\test-classes\context\mapper\CommSeqMapper.xml]'
16:07:34,750 DEBUG SqlSessionFactoryBean:468 - Parsed mapper file: 'file [D:\workspace\framework-root\framework-resources\target\test-classes\context\mapper\PublicMapper.xml]'
16:07:34,780 DEBUG SqlSessionFactoryBean:468 - Parsed mapper file: 'file [D:\workspace\framework-root\framework-resources\target\test-classes\context\mapper\SysCodeMapper.xml]'
16:07:34,811 DEBUG SqlSessionFactoryBean:468 - Parsed mapper file: 'file [D:\workspace\framework-root\framework-resources\target\test-classes\context\mapper\SysDeptMapper.xml]'
16:07:34,841 DEBUG SqlSessionFactoryBean:468 - Parsed mapper file: 'file [D:\workspace\framework-root\framework-resources\target\test-classes\context\mapper\SysDeptUserMapper.xml]'
16:07:34,875 DEBUG SqlSessionFactoryBean:468 - Parsed mapper file: 'file [D:\workspace\framework-root\framework-resources\target\test-classes\context\mapper\SysIndexitemMapper.xml]'
16:07:34,906 DEBUG SqlSessionFactoryBean:468 - Parsed mapper file: 'file [D:\workspace\framework-root\framework-resources\target\test-classes\context\mapper\SysLogMapper.xml]'
16:07:34,939 DEBUG SqlSessionFactoryBean:468 - Parsed mapper file: 'file [D:\workspace\framework-root\framework-resources\target\test-classes\context\mapper\SysModuleMapper.xml]'
16:07:34,962 DEBUG SqlSessionFactoryBean:468 - Parsed mapper file: 'file [D:\workspace\framework-root\framework-resources\target\test-classes\context\mapper\SysRoleFuncMapper.xml]'
16:07:34,991 DEBUG SqlSessionFactoryBean:468 - Parsed mapper file: 'file [D:\workspace\framework-root\framework-resources\target\test-classes\context\mapper\SysRoleMapper.xml]'
16:07:35,011 DEBUG SqlSessionFactoryBean:468 - Parsed mapper file: 'file [D:\workspace\framework-root\framework-resources\target\test-classes\context\mapper\SysRoleUserMapper.xml]'
16:07:35,038 DEBUG SqlSessionFactoryBean:468 - Parsed mapper file: 'file [D:\workspace\framework-root\framework-resources\target\test-classes\context\mapper\SysUserMapper.xml]'
16:07:35,056  WARN GenericApplicationContext:487 - Exception encountered during context initialization - cancelling refresh attempt
org.springframework.beans.factory.BeanCreationException: Error creating bean with name 'sqlSessionFactory' defined in class path resource [config/application-core.xml]: Invocation of init method failed; nested exception is org.springframework.core.NestedIOException: Failed to parse mapping resource: 'file [D:\workspace\framework-root\framework-resources\target\classes\context\mapper\AttachmentsMapper.xml]'; nested exception is org.apache.ibatis.builder.BuilderException: Error parsing Mapper XML. Cause: java.lang.IllegalArgumentException: Result Maps collection already contains value for com.resources.dao.AttachmentsMapper.BaseResultMap
	at org.springframework.beans.factory.support.AbstractAutowireCapableBeanFactory.initializeBean(AbstractAutowireCapableBeanFactory.java:1568)
	at org.springframework.beans.factory.support.AbstractAutowireCapableBeanFactory.doCreateBean(AbstractAutowireCapableBeanFactory.java:540)
	at org.springframework.beans.factory.support.AbstractAutowireCapableBeanFactory.createBean(AbstractAutowireCapableBeanFactory.java:476)
	at org.springframework.beans.factory.support.AbstractBeanFactory$1.getObject(AbstractBeanFactory.java:302)
	at org.springframework.beans.factory.support.DefaultSingletonBeanRegistry.getSingleton(DefaultSingletonBeanRegistry.java:229)
	at org.springframework.beans.factory.support.AbstractBeanFactory.doGetBean(AbstractBeanFactory.java:298)
	at org.springframework.beans.factory.support.AbstractBeanFactory.getBean(AbstractBeanFactory.java:193)
	at org.springframework.beans.factory.support.DefaultListableBeanFactory.preInstantiateSingletons(DefaultListableBeanFactory.java:706)
	at org.springframework.context.support.AbstractApplicationContext.finishBeanFactoryInitialization(AbstractApplicationContext.java:757)
	at org.springframework.context.support.AbstractApplicationContext.refresh(AbstractApplicationContext.java:480)
	at org.springframework.test.context.support.AbstractGenericContextLoader.loadContext(AbstractGenericContextLoader.java:125)
	at org.springframework.test.context.support.AbstractGenericContextLoader.loadContext(AbstractGenericContextLoader.java:60)
	at org.springframework.test.context.support.AbstractDelegatingSmartContextLoader.delegateLoading(AbstractDelegatingSmartContextLoader.java:108)
	at org.springframework.test.context.support.AbstractDelegatingSmartContextLoader.loadContext(AbstractDelegatingSmartContextLoader.java:260)
	at org.springframework.test.context.DefaultCacheAwareContextLoaderDelegate.loadContextInternal(DefaultCacheAwareContextLoaderDelegate.java:63)
	at org.springframework.test.context.DefaultCacheAwareContextLoaderDelegate.loadContext(DefaultCacheAwareContextLoaderDelegate.java:83)
	at org.springframework.test.context.DefaultTestContext.getApplicationContext(DefaultTestContext.java:74)
	at org.springframework.test.context.support.DependencyInjectionTestExecutionListener.injectDependencies(DependencyInjectionTestExecutionListener.java:116)
	at org.springframework.test.context.support.DependencyInjectionTestExecutionListener.prepareTestInstance(DependencyInjectionTestExecutionListener.java:82)
	at org.springframework.test.context.TestContextManager.prepareTestInstance(TestContextManager.java:212)
	at org.springframework.test.context.junit4.SpringJUnit4ClassRunner.createTest(SpringJUnit4ClassRunner.java:199)
	at org.springframework.test.context.junit4.SpringJUnit4ClassRunner$1.runReflectiveCall(SpringJUnit4ClassRunner.java:251)
	at org.junit.internal.runners.model.ReflectiveCallable.run(ReflectiveCallable.java:12)
	at org.springframework.test.context.junit4.SpringJUnit4ClassRunner.methodBlock(SpringJUnit4ClassRunner.java:253)
	at org.springframework.test.context.junit4.SpringJUnit4ClassRunner.runChild(SpringJUnit4ClassRunner.java:216)
	at org.springframework.test.context.junit4.SpringJUnit4ClassRunner.runChild(SpringJUnit4ClassRunner.java:82)
	at org.junit.runners.ParentRunner$3.run(ParentRunner.java:238)
	at org.junit.runners.ParentRunner$1.schedule(ParentRunner.java:63)
	at org.junit.runners.ParentRunner.runChildren(ParentRunner.java:236)
	at org.junit.runners.ParentRunner.access$000(ParentRunner.java:53)
	at org.junit.runners.ParentRunner$2.evaluate(ParentRunner.java:229)
	at org.springframework.test.context.junit4.statements.RunBeforeTestClassCallbacks.evaluate(RunBeforeTestClassCallbacks.java:60)
	at org.springframework.test.context.junit4.statements.RunAfterTestClassCallbacks.evaluate(RunAfterTestClassCallbacks.java:67)
	at org.junit.runners.ParentRunner.run(ParentRunner.java:309)
	at org.springframework.test.context.junit4.SpringJUnit4ClassRunner.run(SpringJUnit4ClassRunner.java:162)
	at org.apache.maven.surefire.junit4.JUnit4Provider.execute(JUnit4Provider.java:344)
	at org.apache.maven.surefire.junit4.JUnit4Provider.executeWithRerun(JUnit4Provider.java:269)
	at org.apache.maven.surefire.junit4.JUnit4Provider.executeTestSet(JUnit4Provider.java:240)
	at org.apache.maven.surefire.junit4.JUnit4Provider.invoke(JUnit4Provider.java:184)
	at org.apache.maven.surefire.booter.ForkedBooter.invokeProviderInSameClassLoader(ForkedBooter.java:286)
	at org.apache.maven.surefire.booter.ForkedBooter.runSuitesInProcess(ForkedBooter.java:240)
	at org.apache.maven.surefire.booter.ForkedBooter.main(ForkedBooter.java:121)
Caused by: org.springframework.core.NestedIOException: Failed to parse mapping resource: 'file [D:\workspace\framework-root\framework-resources\target\classes\context\mapper\AttachmentsMapper.xml]'; nested exception is org.apache.ibatis.builder.BuilderException: Error parsing Mapper XML. Cause: java.lang.IllegalArgumentException: Result Maps collection already contains value for com.resources.dao.AttachmentsMapper.BaseResultMap
	at org.mybatis.spring.SqlSessionFactoryBean.buildSqlSessionFactory(SqlSessionFactoryBean.java:462)
	at org.mybatis.spring.SqlSessionFactoryBean.afterPropertiesSet(SqlSessionFactoryBean.java:336)
	at org.springframework.beans.factory.support.AbstractAutowireCapableBeanFactory.invokeInitMethods(AbstractAutowireCapableBeanFactory.java:1627)
	at org.springframework.beans.factory.support.AbstractAutowireCapableBeanFactory.initializeBean(AbstractAutowireCapableBeanFactory.java:1564)
	... 41 more
Caused by: org.apache.ibatis.builder.BuilderException: Error parsing Mapper XML. Cause: java.lang.IllegalArgumentException: Result Maps collection already contains value for com.resources.dao.AttachmentsMapper.BaseResultMap
	at org.apache.ibatis.builder.xml.XMLMapperBuilder.configurationElement(XMLMapperBuilder.java:117)
	at org.apache.ibatis.builder.xml.XMLMapperBuilder.parse(XMLMapperBuilder.java:89)
	at org.mybatis.spring.SqlSessionFactoryBean.buildSqlSessionFactory(SqlSessionFactoryBean.java:460)
	... 44 more
Caused by: java.lang.IllegalArgumentException: Result Maps collection already contains value for com.resources.dao.AttachmentsMapper.BaseResultMap
	at org.apache.ibatis.session.Configuration$StrictMap.put(Configuration.java:782)
	at org.apache.ibatis.session.Configuration$StrictMap.put(Configuration.java:754)
	at org.apache.ibatis.session.Configuration.addResultMap(Configuration.java:536)
	at org.apache.ibatis.builder.MapperBuilderAssistant.addResultMap(MapperBuilderAssistant.java:204)
	at org.apache.ibatis.builder.ResultMapResolver.resolve(ResultMapResolver.java:44)
	at org.apache.ibatis.builder.xml.XMLMapperBuilder.resultMapElement(XMLMapperBuilder.java:281)
	at org.apache.ibatis.builder.xml.XMLMapperBuilder.resultMapElement(XMLMapperBuilder.java:248)
	at org.apache.ibatis.builder.xml.XMLMapperBuilder.resultMapElements(XMLMapperBuilder.java:240)
	at org.apache.ibatis.builder.xml.XMLMapperBuilder.configurationElement(XMLMapperBuilder.java:113)
	... 46 more
16:07:35,057 DEBUG DefaultListableBeanFactory:499 - Destroying singletons in org.springframework.beans.factory.support.DefaultListableBeanFactory@5848c76b: defining beans [org.springframework.beans.factory.config.PropertyPlaceholderConfigurer#0,dataSource,validator,controlAdvice,sessionManager,org.springframework.context.annotation.internalConfigurationAnnotationProcessor,org.springframework.context.annotation.internalAutowiredAnnotationProcessor,org.springframework.context.annotation.internalRequiredAnnotationProcessor,org.springframework.context.annotation.internalCommonAnnotationProcessor,org.springframework.context.annotation.internalPersistenceAnnotationProcessor,queryParamAop,org.springframework.aop.config.internalAutoProxyCreator,org.springframework.transaction.annotation.AnnotationTransactionAttributeSource#0,org.springframework.transaction.interceptor.TransactionInterceptor#0,org.springframework.transaction.config.internalTransactionAdvisor,sqlSessionFactory,myBatisExceptionTranslator,org.mybatis.spring.mapper.MapperScannerConfigurer#0,transactionManager,indexItemService,sysCodeService,sysDeptServiceImpl,sysModuleServiceImpl,systemLogServiceImpl,systemRoleServiceImpl,systemUserServiceImpl,systemLogAOP,commonServiceImpl,configProperties,attachmentsServiceImpl,attachmentsController,shareResources,iM4ImageHandler,imageService,org.mybatis.spring.mapper.MapperScannerConfigurer#1,org.springframework.context.annotation.ConfigurationClassPostProcessor.importAwareProcessor,org.springframework.context.annotation.ConfigurationClassPostProcessor.enhancedConfigurationProcessor,sysConstant,ISysDeptDao,commSeqMapper,sysCodeMapper,sysDeptMapper,sysDeptUserMapper,sysIndexitemMapper,sysLogMapper,sysModuleMapper,sysRoleFuncMapper,sysRoleMapper,sysRoleUserMapper,sysUserMapper,IIndexItemService,ISysCodeService,ISysDeptService,ISysModuleService,ISystemLogService,ISystemRoleService,ISystemUserService,attachmentsMapper,attaThumbnailMapper,resConstant,attachmentsService]; root of factory hierarchy
16:07:35,058 DEBUG DisposableBeanAdapter:245 - Invoking destroy() on bean with name 'validator'
16:07:35,058 DEBUG DisposableBeanAdapter:323 - Invoking destroy method 'close' on bean with name 'dataSource'
16:07:35,075 ERROR TestContextManager:215 - Caught exception while allowing TestExecutionListener [org.springframework.test.context.support.DependencyInjectionTestExecutionListener@768afd65] to prepare test instance [com.framework.resources.dao.AttachmentsMapperTest@7305e9f7]
java.lang.IllegalStateException: Failed to load ApplicationContext
	at org.springframework.test.context.DefaultCacheAwareContextLoaderDelegate.loadContext(DefaultCacheAwareContextLoaderDelegate.java:91)
	at org.springframework.test.context.DefaultTestContext.getApplicationContext(DefaultTestContext.java:74)
	at org.springframework.test.context.support.DependencyInjectionTestExecutionListener.injectDependencies(DependencyInjectionTestExecutionListener.java:116)
	at org.springframework.test.context.support.DependencyInjectionTestExecutionListener.prepareTestInstance(DependencyInjectionTestExecutionListener.java:82)
	at org.springframework.test.context.TestContextManager.prepareTestInstance(TestContextManager.java:212)
	at org.springframework.test.context.junit4.SpringJUnit4ClassRunner.createTest(SpringJUnit4ClassRunner.java:199)
	at org.springframework.test.context.junit4.SpringJUnit4ClassRunner$1.runReflectiveCall(SpringJUnit4ClassRunner.java:251)
	at org.junit.internal.runners.model.ReflectiveCallable.run(ReflectiveCallable.java:12)
	at org.springframework.test.context.junit4.SpringJUnit4ClassRunner.methodBlock(SpringJUnit4ClassRunner.java:253)
	at org.springframework.test.context.junit4.SpringJUnit4ClassRunner.runChild(SpringJUnit4ClassRunner.java:216)
	at org.springframework.test.context.junit4.SpringJUnit4ClassRunner.runChild(SpringJUnit4ClassRunner.java:82)
	at org.junit.runners.ParentRunner$3.run(ParentRunner.java:238)
	at org.junit.runners.ParentRunner$1.schedule(ParentRunner.java:63)
	at org.junit.runners.ParentRunner.runChildren(ParentRunner.java:236)
	at org.junit.runners.ParentRunner.access$000(ParentRunner.java:53)
	at org.junit.runners.ParentRunner$2.evaluate(ParentRunner.java:229)
	at org.springframework.test.context.junit4.statements.RunBeforeTestClassCallbacks.evaluate(RunBeforeTestClassCallbacks.java:60)
	at org.springframework.test.context.junit4.statements.RunAfterTestClassCallbacks.evaluate(RunAfterTestClassCallbacks.java:67)
	at org.junit.runners.ParentRunner.run(ParentRunner.java:309)
	at org.springframework.test.context.junit4.SpringJUnit4ClassRunner.run(SpringJUnit4ClassRunner.java:162)
	at org.apache.maven.surefire.junit4.JUnit4Provider.execute(JUnit4Provider.java:344)
	at org.apache.maven.surefire.junit4.JUnit4Provider.executeWithRerun(JUnit4Provider.java:269)
	at org.apache.maven.surefire.junit4.JUnit4Provider.executeTestSet(JUnit4Provider.java:240)
	at org.apache.maven.surefire.junit4.JUnit4Provider.invoke(JUnit4Provider.java:184)
	at org.apache.maven.surefire.booter.ForkedBooter.invokeProviderInSameClassLoader(ForkedBooter.java:286)
	at org.apache.maven.surefire.booter.ForkedBooter.runSuitesInProcess(ForkedBooter.java:240)
	at org.apache.maven.surefire.booter.ForkedBooter.main(ForkedBooter.java:121)
Caused by: org.springframework.beans.factory.BeanCreationException: Error creating bean with name 'sqlSessionFactory' defined in class path resource [config/application-core.xml]: Invocation of init method failed; nested exception is org.springframework.core.NestedIOException: Failed to parse mapping resource: 'file [D:\workspace\framework-root\framework-resources\target\classes\context\mapper\AttachmentsMapper.xml]'; nested exception is org.apache.ibatis.builder.BuilderException: Error parsing Mapper XML. Cause: java.lang.IllegalArgumentException: Result Maps collection already contains value for com.resources.dao.AttachmentsMapper.BaseResultMap
	at org.springframework.beans.factory.support.AbstractAutowireCapableBeanFactory.initializeBean(AbstractAutowireCapableBeanFactory.java:1568)
	at org.springframework.beans.factory.support.AbstractAutowireCapableBeanFactory.doCreateBean(AbstractAutowireCapableBeanFactory.java:540)
	at org.springframework.beans.factory.support.AbstractAutowireCapableBeanFactory.createBean(AbstractAutowireCapableBeanFactory.java:476)
	at org.springframework.beans.factory.support.AbstractBeanFactory$1.getObject(AbstractBeanFactory.java:302)
	at org.springframework.beans.factory.support.DefaultSingletonBeanRegistry.getSingleton(DefaultSingletonBeanRegistry.java:229)
	at org.springframework.beans.factory.support.AbstractBeanFactory.doGetBean(AbstractBeanFactory.java:298)
	at org.springframework.beans.factory.support.AbstractBeanFactory.getBean(AbstractBeanFactory.java:193)
	at org.springframework.beans.factory.support.DefaultListableBeanFactory.preInstantiateSingletons(DefaultListableBeanFactory.java:706)
	at org.springframework.context.support.AbstractApplicationContext.finishBeanFactoryInitialization(AbstractApplicationContext.java:757)
	at org.springframework.context.support.AbstractApplicationContext.refresh(AbstractApplicationContext.java:480)
	at org.springframework.test.context.support.AbstractGenericContextLoader.loadContext(AbstractGenericContextLoader.java:125)
	at org.springframework.test.context.support.AbstractGenericContextLoader.loadContext(AbstractGenericContextLoader.java:60)
	at org.springframework.test.context.support.AbstractDelegatingSmartContextLoader.delegateLoading(AbstractDelegatingSmartContextLoader.java:108)
	at org.springframework.test.context.support.AbstractDelegatingSmartContextLoader.loadContext(AbstractDelegatingSmartContextLoader.java:260)
	at org.springframework.test.context.DefaultCacheAwareContextLoaderDelegate.loadContextInternal(DefaultCacheAwareContextLoaderDelegate.java:63)
	at org.springframework.test.context.DefaultCacheAwareContextLoaderDelegate.loadContext(DefaultCacheAwareContextLoaderDelegate.java:83)
	... 26 more
Caused by: org.springframework.core.NestedIOException: Failed to parse mapping resource: 'file [D:\workspace\framework-root\framework-resources\target\classes\context\mapper\AttachmentsMapper.xml]'; nested exception is org.apache.ibatis.builder.BuilderException: Error parsing Mapper XML. Cause: java.lang.IllegalArgumentException: Result Maps collection already contains value for com.resources.dao.AttachmentsMapper.BaseResultMap
	at org.mybatis.spring.SqlSessionFactoryBean.buildSqlSessionFactory(SqlSessionFactoryBean.java:462)
	at org.mybatis.spring.SqlSessionFactoryBean.afterPropertiesSet(SqlSessionFactoryBean.java:336)
	at org.springframework.beans.factory.support.AbstractAutowireCapableBeanFactory.invokeInitMethods(AbstractAutowireCapableBeanFactory.java:1627)
	at org.springframework.beans.factory.support.AbstractAutowireCapableBeanFactory.initializeBean(AbstractAutowireCapableBeanFactory.java:1564)
	... 41 more
Caused by: org.apache.ibatis.builder.BuilderException: Error parsing Mapper XML. Cause: java.lang.IllegalArgumentException: Result Maps collection already contains value for com.resources.dao.AttachmentsMapper.BaseResultMap
	at org.apache.ibatis.builder.xml.XMLMapperBuilder.configurationElement(XMLMapperBuilder.java:117)
	at org.apache.ibatis.builder.xml.XMLMapperBuilder.parse(XMLMapperBuilder.java:89)
	at org.mybatis.spring.SqlSessionFactoryBean.buildSqlSessionFactory(SqlSessionFactoryBean.java:460)
	... 44 more
Caused by: java.lang.IllegalArgumentException: Result Maps collection already contains value for com.resources.dao.AttachmentsMapper.BaseResultMap
	at org.apache.ibatis.session.Configuration$StrictMap.put(Configuration.java:782)
	at org.apache.ibatis.session.Configuration$StrictMap.put(Configuration.java:754)
	at org.apache.ibatis.session.Configuration.addResultMap(Configuration.java:536)
	at org.apache.ibatis.builder.MapperBuilderAssistant.addResultMap(MapperBuilderAssistant.java:204)
	at org.apache.ibatis.builder.ResultMapResolver.resolve(ResultMapResolver.java:44)
	at org.apache.ibatis.builder.xml.XMLMapperBuilder.resultMapElement(XMLMapperBuilder.java:281)
	at org.apache.ibatis.builder.xml.XMLMapperBuilder.resultMapElement(XMLMapperBuilder.java:248)
	at org.apache.ibatis.builder.xml.XMLMapperBuilder.resultMapElements(XMLMapperBuilder.java:240)
	at org.apache.ibatis.builder.xml.XMLMapperBuilder.configurationElement(XMLMapperBuilder.java:113)
	... 46 more
]]></system-out>
  </testcase>
  <testcase name="testSelectByConditionQueryModel" classname="com.framework.resources.dao.AttachmentsMapperTest" time="0">
    <error message="Failed to load ApplicationContext" type="java.lang.IllegalStateException">java.lang.IllegalStateException: Failed to load ApplicationContext
Caused by: org.springframework.beans.factory.BeanCreationException: Error creating bean with name 'sqlSessionFactory' defined in class path resource [config/application-core.xml]: Invocation of init method failed; nested exception is org.springframework.core.NestedIOException: Failed to parse mapping resource: 'file [D:\workspace\framework-root\framework-resources\target\classes\context\mapper\AttachmentsMapper.xml]'; nested exception is org.apache.ibatis.builder.BuilderException: Error parsing Mapper XML. Cause: java.lang.IllegalArgumentException: Result Maps collection already contains value for com.resources.dao.AttachmentsMapper.BaseResultMap
Caused by: org.springframework.core.NestedIOException: Failed to parse mapping resource: 'file [D:\workspace\framework-root\framework-resources\target\classes\context\mapper\AttachmentsMapper.xml]'; nested exception is org.apache.ibatis.builder.BuilderException: Error parsing Mapper XML. Cause: java.lang.IllegalArgumentException: Result Maps collection already contains value for com.resources.dao.AttachmentsMapper.BaseResultMap
Caused by: org.apache.ibatis.builder.BuilderException: Error parsing Mapper XML. Cause: java.lang.IllegalArgumentException: Result Maps collection already contains value for com.resources.dao.AttachmentsMapper.BaseResultMap
Caused by: java.lang.IllegalArgumentException: Result Maps collection already contains value for com.resources.dao.AttachmentsMapper.BaseResultMap
</error>
    <system-out><![CDATA[16:07:35,078 DEBUG ProfileValueUtils:70 - Retrieved @ProfileValueSourceConfiguration [null] for test class [com.framework.resources.dao.AttachmentsMapperTest]
16:07:35,078 DEBUG ProfileValueUtils:82 - Retrieved ProfileValueSource type [class org.springframework.test.annotation.SystemProfileValueSource] for class [com.framework.resources.dao.AttachmentsMapperTest]
16:07:35,078 DEBUG DependencyInjectionTestExecutionListener:80 - Performing dependency injection for test context [[DefaultTestContext@7a0eab2e testClass = AttachmentsMapperTest, testInstance = com.framework.resources.dao.AttachmentsMapperTest@1f58b010, testMethod = [null], testException = [null], mergedContextConfiguration = [MergedContextConfiguration@4319b06e testClass = AttachmentsMapperTest, locations = '{classpath:config/application-resources.xml}', classes = '{}', contextInitializerClasses = '[]', activeProfiles = '{mybatis}', propertySourceLocations = '{}', propertySourceProperties = '{}', contextLoader = 'org.springframework.test.context.support.DelegatingSmartContextLoader', parent = [null]]]].
16:07:35,079 DEBUG AbstractDelegatingSmartContextLoader:106 - Delegating to GenericXmlContextLoader to load context from [MergedContextConfiguration@4319b06e testClass = AttachmentsMapperTest, locations = '{classpath:config/application-resources.xml}', classes = '{}', contextInitializerClasses = '[]', activeProfiles = '{mybatis}', propertySourceLocations = '{}', propertySourceProperties = '{}', contextLoader = 'org.springframework.test.context.support.DelegatingSmartContextLoader', parent = [null]].
16:07:35,079 DEBUG AbstractGenericContextLoader:107 - Loading ApplicationContext for merged context configuration [[MergedContextConfiguration@4319b06e testClass = AttachmentsMapperTest, locations = '{classpath:config/application-resources.xml}', classes = '{}', contextInitializerClasses = '[]', activeProfiles = '{mybatis}', propertySourceLocations = '{}', propertySourceProperties = '{}', contextLoader = 'org.springframework.test.context.support.DelegatingSmartContextLoader', parent = [null]]].
16:07:35,080  INFO XmlBeanDefinitionReader:316 - Loading XML bean definitions from class path resource [config/application-resources.xml]
16:07:35,082 DEBUG DefaultDocumentLoader:73 - Using JAXP provider [com.sun.org.apache.xerces.internal.jaxp.DocumentBuilderFactoryImpl]
16:07:35,083 DEBUG PluggableSchemaResolver:141 - Loading schema mappings from [META-INF/spring.schemas]
16:07:35,086 DEBUG PluggableSchemaResolver:147 - Loaded schema mappings: {http://www.springframework.org/schema/tx/spring-tx-2.5.xsd=org/springframework/transaction/config/spring-tx-2.5.xsd, http://www.springframework.org/schema/aop/spring-aop-4.1.xsd=org/springframework/aop/config/spring-aop-4.1.xsd, http://www.springframework.org/schema/context/spring-context-3.1.xsd=org/springframework/context/config/spring-context-3.1.xsd, http://www.springframework.org/schema/data/repository/spring-repository-1.4.xsd=org/springframework/data/repository/config/spring-repository-1.4.xsd, http://www.springframework.org/schema/jdbc/spring-jdbc-4.1.xsd=org/springframework/jdbc/config/spring-jdbc-4.1.xsd, http://www.springframework.org/schema/mvc/spring-mvc-4.1.xsd=org/springframework/web/servlet/config/spring-mvc-4.1.xsd, http://www.springframework.org/schema/util/spring-util-3.0.xsd=org/springframework/beans/factory/xml/spring-util-3.0.xsd, http://mybatis.org/schema/mybatis-spring-1.2.xsd=org/mybatis/spring/config/mybatis-spring-1.2.xsd, http://www.springframework.org/schema/tool/spring-tool.xsd=org/springframework/beans/factory/xml/spring-tool-4.1.xsd, http://www.springframework.org/schema/aop/spring-aop-3.2.xsd=org/springframework/aop/config/spring-aop-3.2.xsd, http://www.springframework.org/schema/lang/spring-lang-4.1.xsd=org/springframework/scripting/config/spring-lang-4.1.xsd, http://www.springframework.org/schema/context/spring-context-4.0.xsd=org/springframework/context/config/spring-context-4.0.xsd, http://www.springframework.org/schema/mvc/spring-mvc-3.2.xsd=org/springframework/web/servlet/config/spring-mvc-3.2.xsd, http://www.springframework.org/schema/tool/spring-tool-4.1.xsd=org/springframework/beans/factory/xml/spring-tool-4.1.xsd, http://www.springframework.org/schema/lang/spring-lang-3.2.xsd=org/springframework/scripting/config/spring-lang-3.2.xsd, http://www.springframework.org/schema/cache/spring-cache-3.2.xsd=org/springframework/cache/config/spring-cache-3.2.xsd, http://www.springframework.org/schema/jee/spring-jee-4.1.xsd=org/springframework/ejb/config/spring-jee-4.1.xsd, http://www.springframework.org/schema/jdbc/spring-jdbc-3.1.xsd=org/springframework/jdbc/config/spring-jdbc-3.1.xsd, http://www.springframework.org/schema/util/spring-util-2.0.xsd=org/springframework/beans/factory/xml/spring-util-2.0.xsd, http://www.springframework.org/schema/tool/spring-tool-3.2.xsd=org/springframework/beans/factory/xml/spring-tool-3.2.xsd, http://www.springframework.org/schema/context/spring-context.xsd=org/springframework/context/config/spring-context-4.1.xsd, http://www.springframework.org/schema/cache/spring-cache-4.1.xsd=org/springframework/cache/config/spring-cache-4.1.xsd, http://www.springframework.org/schema/aop/spring-aop-4.0.xsd=org/springframework/aop/config/spring-aop-4.0.xsd, http://www.springframework.org/schema/jee/spring-jee-3.2.xsd=org/springframework/ejb/config/spring-jee-3.2.xsd, http://www.springframework.org/schema/context/spring-context-3.0.xsd=org/springframework/context/config/spring-context-3.0.xsd, http://www.springframework.org/schema/jdbc/spring-jdbc-4.0.xsd=org/springframework/jdbc/config/spring-jdbc-4.0.xsd, http://www.springframework.org/schema/mvc/spring-mvc-4.0.xsd=org/springframework/web/servlet/config/spring-mvc-4.0.xsd, http://www.springframework.org/schema/util/spring-util-2.5.xsd=org/springframework/beans/factory/xml/spring-util-2.5.xsd, http://www.springframework.org/schema/beans/spring-beans-3.2.xsd=org/springframework/beans/factory/xml/spring-beans-3.2.xsd, http://www.springframework.org/schema/aop/spring-aop-3.1.xsd=org/springframework/aop/config/spring-aop-3.1.xsd, http://www.springframework.org/schema/lang/spring-lang-4.0.xsd=org/springframework/scripting/config/spring-lang-4.0.xsd, http://www.springframework.org/schema/mvc/spring-mvc.xsd=org/springframework/web/servlet/config/spring-mvc-4.1.xsd, http://www.springframework.org/schema/mvc/spring-mvc-3.1.xsd=org/springframework/web/servlet/config/spring-mvc-3.1.xsd, http://www.springframework.org/schema/beans/spring-beans-4.1.xsd=org/springframework/beans/factory/xml/spring-beans-4.1.xsd, http://www.springframework.org/schema/tool/spring-tool-4.0.xsd=org/springframework/beans/factory/xml/spring-tool-4.0.xsd, http://www.springframework.org/schema/tx/spring-tx-3.2.xsd=org/springframework/transaction/config/spring-tx-3.2.xsd, http://www.springframework.org/schema/lang/spring-lang-3.1.xsd=org/springframework/scripting/config/spring-lang-3.1.xsd, http://www.springframework.org/schema/cache/spring-cache-3.1.xsd=org/springframework/cache/config/spring-cache-3.1.xsd, http://www.springframework.org/schema/jee/spring-jee-4.0.xsd=org/springframework/ejb/config/spring-jee-4.0.xsd, http://www.springframework.org/schema/jdbc/spring-jdbc-3.0.xsd=org/springframework/jdbc/config/spring-jdbc-3.0.xsd, http://www.springframework.org/schema/task/spring-task-4.1.xsd=org/springframework/scheduling/config/spring-task-4.1.xsd, http://www.springframework.org/schema/jdbc/spring-jdbc.xsd=org/springframework/jdbc/config/spring-jdbc-4.1.xsd, http://www.springframework.org/schema/tool/spring-tool-3.1.xsd=org/springframework/beans/factory/xml/spring-tool-3.1.xsd, http://www.springframework.org/schema/tx/spring-tx-4.1.xsd=org/springframework/transaction/config/spring-tx-4.1.xsd, http://www.springframework.org/schema/cache/spring-cache-4.0.xsd=org/springframework/cache/config/spring-cache-4.0.xsd, http://www.springframework.org/schema/jee/spring-jee-3.1.xsd=org/springframework/ejb/config/spring-jee-3.1.xsd, http://www.springframework.org/schema/task/spring-task-3.2.xsd=org/springframework/scheduling/config/spring-task-3.2.xsd, http://www.springframework.org/schema/beans/spring-beans-3.1.xsd=org/springframework/beans/factory/xml/spring-beans-3.1.xsd, http://www.springframework.org/schema/util/spring-util.xsd=org/springframework/beans/factory/xml/spring-util-4.1.xsd, http://www.springframework.org/schema/aop/spring-aop-3.0.xsd=org/springframework/aop/config/spring-aop-3.0.xsd, http://www.springframework.org/schema/data/repository/spring-repository.xsd=org/springframework/data/repository/config/spring-repository-1.7.xsd, http://www.springframework.org/schema/data/repository/spring-repository-1.7.xsd=org/springframework/data/repository/config/spring-repository-1.7.xsd, http://www.springframework.org/schema/mvc/spring-mvc-3.0.xsd=org/springframework/web/servlet/config/spring-mvc-3.0.xsd, http://www.springframework.org/schema/beans/spring-beans-4.0.xsd=org/springframework/beans/factory/xml/spring-beans-4.0.xsd, http://www.springframework.org/schema/beans/spring-beans.xsd=org/springframework/beans/factory/xml/spring-beans-4.1.xsd, http://mybatis.org/schema/mybatis-spring.xsd=org/mybatis/spring/config/mybatis-spring-1.2.xsd, http://www.springframework.org/schema/tx/spring-tx-3.1.xsd=org/springframework/transaction/config/spring-tx-3.1.xsd, http://www.springframework.org/schema/lang/spring-lang-3.0.xsd=org/springframework/scripting/config/spring-lang-3.0.xsd, http://www.springframework.org/schema/context/spring-context-2.5.xsd=org/springframework/context/config/spring-context-2.5.xsd, http://www.springframework.org/schema/task/spring-task-4.0.xsd=org/springframework/scheduling/config/spring-task-4.0.xsd, http://www.springframework.org/schema/tool/spring-tool-3.0.xsd=org/springframework/beans/factory/xml/spring-tool-3.0.xsd, http://www.springframework.org/schema/tx/spring-tx-4.0.xsd=org/springframework/transaction/config/spring-tx-4.0.xsd, http://ehcache-spring-annotations.googlecode.com/svn/schema/ehcache-spring/ehcache-spring-1.2.xsd=com/googlecode/ehcache/annotations/ehcache-spring-1.2.xsd, http://www.springframework.org/schema/aop/spring-aop-2.0.xsd=org/springframework/aop/config/spring-aop-2.0.xsd, http://www.springframework.org/schema/jee/spring-jee-3.0.xsd=org/springframework/ejb/config/spring-jee-3.0.xsd, http://www.springframework.org/schema/util/spring-util-4.1.xsd=org/springframework/beans/factory/xml/spring-util-4.1.xsd, http://www.springframework.org/schema/task/spring-task-3.1.xsd=org/springframework/scheduling/config/spring-task-3.1.xsd, http://www.springframework.org/schema/beans/spring-beans-3.0.xsd=org/springframework/beans/factory/xml/spring-beans-3.0.xsd, http://www.springframework.org/schema/jee/spring-jee.xsd=org/springframework/ejb/config/spring-jee-4.1.xsd, http://www.springframework.org/schema/aop/spring-aop-2.5.xsd=org/springframework/aop/config/spring-aop-2.5.xsd, http://www.springframework.org/schema/lang/spring-lang-2.0.xsd=org/springframework/scripting/config/spring-lang-2.0.xsd, http://www.springframework.org/schema/data/repository/spring-repository-1.6.xsd=org/springframework/data/repository/config/spring-repository-1.6.xsd, http://www.springframework.org/schema/util/spring-util-3.2.xsd=org/springframework/beans/factory/xml/spring-util-3.2.xsd, http://www.springframework.org/schema/task/spring-task.xsd=org/springframework/scheduling/config/spring-task-4.1.xsd, http://www.springframework.org/schema/tool/spring-tool-2.0.xsd=org/springframework/beans/factory/xml/spring-tool-2.0.xsd, http://www.springframework.org/schema/tx/spring-tx-3.0.xsd=org/springframework/transaction/config/spring-tx-3.0.xsd, http://www.springframework.org/schema/lang/spring-lang-2.5.xsd=org/springframework/scripting/config/spring-lang-2.5.xsd, http://www.springframework.org/schema/jee/spring-jee-2.0.xsd=org/springframework/ejb/config/spring-jee-2.0.xsd, http://www.springframework.org/schema/tool/spring-tool-2.5.xsd=org/springframework/beans/factory/xml/spring-tool-2.5.xsd, http://ehcache-spring-annotations.googlecode.com/svn/schema/ehcache-spring/ehcache-spring-1.1.xsd=com/googlecode/ehcache/annotations/ehcache-spring-1.1.xsd, http://www.springframework.org/schema/jee/spring-jee-2.5.xsd=org/springframework/ejb/config/spring-jee-2.5.xsd, http://www.springframework.org/schema/data/repository/spring-repository-1.0.xsd=org/springframework/data/repository/config/spring-repository-1.0.xsd, http://www.springframework.org/schema/util/spring-util-4.0.xsd=org/springframework/beans/factory/xml/spring-util-4.0.xsd, http://www.springframework.org/schema/task/spring-task-3.0.xsd=org/springframework/scheduling/config/spring-task-3.0.xsd, http://www.springframework.org/schema/lang/spring-lang.xsd=org/springframework/scripting/config/spring-lang-4.1.xsd, http://www.springframework.org/schema/context/spring-context-3.2.xsd=org/springframework/context/config/spring-context-3.2.xsd, http://www.springframework.org/schema/data/repository/spring-repository-1.5.xsd=org/springframework/data/repository/config/spring-repository-1.5.xsd, http://www.springframework.org/schema/util/spring-util-3.1.xsd=org/springframework/beans/factory/xml/spring-util-3.1.xsd, http://www.springframework.org/schema/beans/spring-beans-2.0.xsd=org/springframework/beans/factory/xml/spring-beans-2.0.xsd, http://www.springframework.org/schema/cache/spring-cache.xsd=org/springframework/cache/config/spring-cache-4.1.xsd, http://www.springframework.org/schema/tx/spring-tx.xsd=org/springframework/transaction/config/spring-tx-4.1.xsd, http://www.springframework.org/schema/context/spring-context-4.1.xsd=org/springframework/context/config/spring-context-4.1.xsd, http://www.springframework.org/schema/beans/spring-beans-2.5.xsd=org/springframework/beans/factory/xml/spring-beans-2.5.xsd, http://www.springframework.org/schema/tx/spring-tx-2.0.xsd=org/springframework/transaction/config/spring-tx-2.0.xsd, http://ehcache-spring-annotations.googlecode.com/svn/schema/ehcache-spring/ehcache-spring-1.0.xsd=com/googlecode/ehcache/annotations/ehcache-spring-1.0.xsd, http://www.springframework.org/schema/jdbc/spring-jdbc-3.2.xsd=org/springframework/jdbc/config/spring-jdbc-3.2.xsd, http://www.springframework.org/schema/aop/spring-aop.xsd=org/springframework/aop/config/spring-aop-4.1.xsd}
16:07:35,086 DEBUG PluggableSchemaResolver:119 - Found XML schema [http://www.springframework.org/schema/beans/spring-beans.xsd] in classpath: org/springframework/beans/factory/xml/spring-beans-4.1.xsd
16:07:35,094 DEBUG PluggableSchemaResolver:119 - Found XML schema [http://www.springframework.org/schema/context/spring-context.xsd] in classpath: org/springframework/context/config/spring-context-4.1.xsd
16:07:35,096 DEBUG PluggableSchemaResolver:119 - Found XML schema [http://www.springframework.org/schema/tool/spring-tool-4.1.xsd] in classpath: org/springframework/beans/factory/xml/spring-tool-4.1.xsd
16:07:35,099 DEBUG DefaultBeanDefinitionDocumentReader:108 - Loading bean definitions
16:07:35,100  INFO XmlBeanDefinitionReader:316 - Loading XML bean definitions from class path resource [config/application-core.xml]
16:07:35,101 DEBUG DefaultDocumentLoader:73 - Using JAXP provider [com.sun.org.apache.xerces.internal.jaxp.DocumentBuilderFactoryImpl]
16:07:35,103 DEBUG PluggableSchemaResolver:119 - Found XML schema [http://www.springframework.org/schema/beans/spring-beans.xsd] in classpath: org/springframework/beans/factory/xml/spring-beans-4.1.xsd
16:07:35,111 DEBUG PluggableSchemaResolver:119 - Found XML schema [http://www.springframework.org/schema/context/spring-context.xsd] in classpath: org/springframework/context/config/spring-context-4.1.xsd
16:07:35,113 DEBUG PluggableSchemaResolver:119 - Found XML schema [http://www.springframework.org/schema/tool/spring-tool-4.1.xsd] in classpath: org/springframework/beans/factory/xml/spring-tool-4.1.xsd
16:07:35,116 DEBUG PluggableSchemaResolver:119 - Found XML schema [http://www.springframework.org/schema/tx/spring-tx.xsd] in classpath: org/springframework/transaction/config/spring-tx-4.1.xsd
16:07:35,119 DEBUG PluggableSchemaResolver:119 - Found XML schema [http://www.springframework.org/schema/aop/spring-aop.xsd] in classpath: org/springframework/aop/config/spring-aop-4.1.xsd
16:07:35,122 DEBUG DefaultBeanDefinitionDocumentReader:108 - Loading bean definitions
16:07:35,123  INFO XmlBeanDefinitionReader:316 - Loading XML bean definitions from class path resource [config/datasource-config.xml]
16:07:35,124 DEBUG DefaultDocumentLoader:73 - Using JAXP provider [com.sun.org.apache.xerces.internal.jaxp.DocumentBuilderFactoryImpl]
16:07:35,126 DEBUG PluggableSchemaResolver:119 - Found XML schema [http://www.springframework.org/schema/beans/spring-beans.xsd] in classpath: org/springframework/beans/factory/xml/spring-beans-4.1.xsd
16:07:35,131 DEBUG PluggableSchemaResolver:119 - Found XML schema [http://www.springframework.org/schema/context/spring-context.xsd] in classpath: org/springframework/context/config/spring-context-4.1.xsd
16:07:35,133 DEBUG PluggableSchemaResolver:119 - Found XML schema [http://www.springframework.org/schema/tool/spring-tool-4.1.xsd] in classpath: org/springframework/beans/factory/xml/spring-tool-4.1.xsd
16:07:35,137 DEBUG DefaultBeanDefinitionDocumentReader:108 - Loading bean definitions
16:07:35,139 DEBUG DefaultNamespaceHandlerResolver:157 - Loaded NamespaceHandler mappings: {http://www.springframework.org/schema/p=org.springframework.beans.factory.xml.SimplePropertyNamespaceHandler, http://www.springframework.org/schema/mvc=org.springframework.web.servlet.config.MvcNamespaceHandler, http://www.springframework.org/schema/util=org.springframework.beans.factory.xml.UtilNamespaceHandler, http://www.springframework.org/schema/jee=org.springframework.ejb.config.JeeNamespaceHandler, http://www.springframework.org/schema/aop=org.springframework.aop.config.AopNamespaceHandler, http://www.springframework.org/schema/data/repository=org.springframework.data.repository.config.RepositoryNameSpaceHandler, http://www.springframework.org/schema/jdbc=org.springframework.jdbc.config.JdbcNamespaceHandler, http://ehcache-spring-annotations.googlecode.com/svn/schema/ehcache-spring=com.googlecode.ehcache.annotations.config.AnnotationDrivenEhCacheNamespaceHandler, http://www.springframework.org/schema/cache=org.springframework.cache.config.CacheNamespaceHandler, http://mybatis.org/schema/mybatis-spring=org.mybatis.spring.config.NamespaceHandler, http://www.springframework.org/schema/c=org.springframework.beans.factory.xml.SimpleConstructorNamespaceHandler, http://www.springframework.org/schema/tx=org.springframework.transaction.config.TxNamespaceHandler, http://www.springframework.org/schema/task=org.springframework.scheduling.config.TaskNamespaceHandler, http://www.springframework.org/schema/lang=org.springframework.scripting.config.LangNamespaceHandler, http://www.springframework.org/schema/data/keyvalue=org.springframework.data.keyvalue.repository.config.KeyValueRepositoryNameSpaceHandler, http://www.springframework.org/schema/context=org.springframework.context.config.ContextNamespaceHandler}
16:07:35,139 DEBUG DefaultBeanDefinitionDocumentReader:269 - Imported 2 bean definitions from relative location [datasource-config.xml]
16:07:35,140  INFO XmlBeanDefinitionReader:316 - Loading XML bean definitions from class path resource [config/bean-defined.xml]
16:07:35,141 DEBUG DefaultDocumentLoader:73 - Using JAXP provider [com.sun.org.apache.xerces.internal.jaxp.DocumentBuilderFactoryImpl]
16:07:35,142 DEBUG PluggableSchemaResolver:119 - Found XML schema [http://www.springframework.org/schema/beans/spring-beans.xsd] in classpath: org/springframework/beans/factory/xml/spring-beans-4.1.xsd
16:07:35,150 DEBUG DefaultBeanDefinitionDocumentReader:108 - Loading bean definitions
16:07:35,151 DEBUG DefaultBeanDefinitionDocumentReader:269 - Imported 1 bean definitions from relative location [bean-defined.xml]
16:07:35,152 DEBUG ClassPathBeanDefinitionScanner:250 - JSR-330 'javax.inject.Named' annotation found and supported for component scanning
16:07:35,157 DEBUG ClassPathBeanDefinitionScanner:284 - Identified candidate component class: URL [jar:file:/d:/maven/repository/com/framework/framework-core/0.0.1-SNAPSHOT/framework-core-0.0.1-SNAPSHOT.jar!/com/framework/web/advice/ControlAdvice.class]
16:07:35,161 DEBUG ClassPathBeanDefinitionScanner:284 - Identified candidate component class: URL [jar:file:/d:/maven/repository/com/framework/framework-core/0.0.1-SNAPSHOT/framework-core-0.0.1-SNAPSHOT.jar!/com/framework/web/util/SessionManager.class]
16:07:35,163 DEBUG ClassPathBeanDefinitionScanner:250 - JSR-330 'javax.inject.Named' annotation found and supported for component scanning
16:07:35,166 DEBUG ClassPathBeanDefinitionScanner:284 - Identified candidate component class: URL [jar:file:/d:/maven/repository/com/framework/framework-core/0.0.1-SNAPSHOT/framework-core-0.0.1-SNAPSHOT.jar!/com/framework/common/aspect/QueryParamAop.class]
16:07:35,167 DEBUG BeanDefinitionParserDelegate:495 - Neither XML 'id' nor 'name' specified - using generated bean name [org.mybatis.spring.mapper.MapperScannerConfigurer#0]
16:07:35,168 DEBUG ClassPathBeanDefinitionScanner:250 - JSR-330 'javax.inject.Named' annotation found and supported for component scanning
16:07:35,171 DEBUG ClassPathBeanDefinitionScanner:290 - Ignored because not a concrete top-level class: URL [jar:file:/d:/maven/repository/com/framework/framework-core/0.0.1-SNAPSHOT/framework-core-0.0.1-SNAPSHOT.jar!/com/system/mybatis/dao/SysDeptMapper.class]
16:07:35,173 DEBUG ClassPathBeanDefinitionScanner:290 - Ignored because not a concrete top-level class: URL [jar:file:/d:/maven/repository/com/framework/framework-core/0.0.1-SNAPSHOT/framework-core-0.0.1-SNAPSHOT.jar!/com/system/mybatis/dao/SysLogMapper.class]
16:07:35,174 DEBUG ClassPathBeanDefinitionScanner:290 - Ignored because not a concrete top-level class: URL [jar:file:/d:/maven/repository/com/framework/framework-core/0.0.1-SNAPSHOT/framework-core-0.0.1-SNAPSHOT.jar!/com/system/mybatis/service/IIndexItemService.class]
16:07:35,176 DEBUG ClassPathBeanDefinitionScanner:284 - Identified candidate component class: URL [jar:file:/d:/maven/repository/com/framework/framework-core/0.0.1-SNAPSHOT/framework-core-0.0.1-SNAPSHOT.jar!/com/system/mybatis/service/impl/IndexItemService.class]
16:07:35,177 DEBUG ClassPathBeanDefinitionScanner:284 - Identified candidate component class: URL [jar:file:/d:/maven/repository/com/framework/framework-core/0.0.1-SNAPSHOT/framework-core-0.0.1-SNAPSHOT.jar!/com/system/mybatis/service/impl/SysCodeService.class]
16:07:35,178 DEBUG ClassPathBeanDefinitionScanner:284 - Identified candidate component class: URL [jar:file:/d:/maven/repository/com/framework/framework-core/0.0.1-SNAPSHOT/framework-core-0.0.1-SNAPSHOT.jar!/com/system/mybatis/service/impl/SysDeptServiceImpl.class]
16:07:35,179 DEBUG ClassPathBeanDefinitionScanner:284 - Identified candidate component class: URL [jar:file:/d:/maven/repository/com/framework/framework-core/0.0.1-SNAPSHOT/framework-core-0.0.1-SNAPSHOT.jar!/com/system/mybatis/service/impl/SysModuleServiceImpl.class]
16:07:35,179 DEBUG ClassPathBeanDefinitionScanner:284 - Identified candidate component class: URL [jar:file:/d:/maven/repository/com/framework/framework-core/0.0.1-SNAPSHOT/framework-core-0.0.1-SNAPSHOT.jar!/com/system/mybatis/service/impl/SystemLogServiceImpl.class]
16:07:35,181 DEBUG ClassPathBeanDefinitionScanner:284 - Identified candidate component class: URL [jar:file:/d:/maven/repository/com/framework/framework-core/0.0.1-SNAPSHOT/framework-core-0.0.1-SNAPSHOT.jar!/com/system/mybatis/service/impl/SystemRoleServiceImpl.class]
16:07:35,182 DEBUG ClassPathBeanDefinitionScanner:284 - Identified candidate component class: URL [jar:file:/d:/maven/repository/com/framework/framework-core/0.0.1-SNAPSHOT/framework-core-0.0.1-SNAPSHOT.jar!/com/system/mybatis/service/impl/SystemUserServiceImpl.class]
16:07:35,183 DEBUG ClassPathBeanDefinitionScanner:290 - Ignored because not a concrete top-level class: URL [jar:file:/d:/maven/repository/com/framework/framework-core/0.0.1-SNAPSHOT/framework-core-0.0.1-SNAPSHOT.jar!/com/system/mybatis/service/ISysCodeService.class]
16:07:35,184 DEBUG ClassPathBeanDefinitionScanner:290 - Ignored because not a concrete top-level class: URL [jar:file:/d:/maven/repository/com/framework/framework-core/0.0.1-SNAPSHOT/framework-core-0.0.1-SNAPSHOT.jar!/com/system/mybatis/service/ISysModuleService.class]
16:07:35,185 DEBUG ClassPathBeanDefinitionScanner:290 - Ignored because not a concrete top-level class: URL [jar:file:/d:/maven/repository/com/framework/framework-core/0.0.1-SNAPSHOT/framework-core-0.0.1-SNAPSHOT.jar!/com/system/mybatis/service/ISystemLogService.class]
16:07:35,186 DEBUG ClassPathBeanDefinitionScanner:290 - Ignored because not a concrete top-level class: URL [jar:file:/d:/maven/repository/com/framework/framework-core/0.0.1-SNAPSHOT/framework-core-0.0.1-SNAPSHOT.jar!/com/system/mybatis/service/ISystemRoleService.class]
16:07:35,186 DEBUG ClassPathBeanDefinitionScanner:290 - Ignored because not a concrete top-level class: URL [jar:file:/d:/maven/repository/com/framework/framework-core/0.0.1-SNAPSHOT/framework-core-0.0.1-SNAPSHOT.jar!/com/system/mybatis/service/ISystemUserService.class]
16:07:35,188 DEBUG ClassPathBeanDefinitionScanner:250 - JSR-330 'javax.inject.Named' annotation found and supported for component scanning
16:07:35,192 DEBUG ClassPathBeanDefinitionScanner:284 - Identified candidate component class: URL [jar:file:/d:/maven/repository/com/framework/framework-core/0.0.1-SNAPSHOT/framework-core-0.0.1-SNAPSHOT.jar!/com/framework/mybatis/aspect/SystemLogAOP.class]
16:07:35,199 DEBUG ClassPathBeanDefinitionScanner:290 - Ignored because not a concrete top-level class: URL [jar:file:/d:/maven/repository/com/framework/framework-core/0.0.1-SNAPSHOT/framework-core-0.0.1-SNAPSHOT.jar!/com/framework/mybatis/service/ICommonService.class]
16:07:35,199 DEBUG ClassPathBeanDefinitionScanner:284 - Identified candidate component class: URL [jar:file:/d:/maven/repository/com/framework/framework-core/0.0.1-SNAPSHOT/framework-core-0.0.1-SNAPSHOT.jar!/com/framework/mybatis/service/impl/CommonServiceImpl.class]
16:07:35,202 DEBUG DefaultBeanDefinitionDocumentReader:269 - Imported 28 bean definitions from relative location [application-core.xml]
16:07:35,203 DEBUG ClassPathBeanDefinitionScanner:250 - JSR-330 'javax.inject.Named' annotation found and supported for component scanning
16:07:35,207 DEBUG ClassPathBeanDefinitionScanner:284 - Identified candidate component class: file [D:\workspace\framework-root\framework-resources\target\classes\com\resources\services\impl\AttachmentsServiceImpl.class]
16:07:35,208 DEBUG ClassPathBeanDefinitionScanner:284 - Identified candidate component class: file [D:\workspace\framework-root\framework-resources\target\classes\com\resources\web\AttachmentsController.class]
16:07:35,209 DEBUG ClassPathBeanDefinitionScanner:284 - Identified candidate component class: file [D:\workspace\framework-root\framework-resources\target\classes\com\resources\web\ShareResources.class]
16:07:35,211 DEBUG ClassPathBeanDefinitionScanner:250 - JSR-330 'javax.inject.Named' annotation found and supported for component scanning
16:07:35,217 DEBUG ClassPathBeanDefinitionScanner:284 - Identified candidate component class: file [D:\workspace\framework-root\framework-resources\target\classes\com\framework\image\handler\impl\IM4ImageHandler.class]
16:07:35,219 DEBUG ClassPathBeanDefinitionScanner:284 - Identified candidate component class: file [D:\workspace\framework-root\framework-resources\target\classes\com\framework\image\ImageService.class]
16:07:35,220 DEBUG BeanDefinitionParserDelegate:495 - Neither XML 'id' nor 'name' specified - using generated bean name [org.mybatis.spring.mapper.MapperScannerConfigurer#1]
16:07:35,221 DEBUG XmlBeanDefinitionReader:223 - Loaded 35 bean definitions from location pattern [classpath:config/application-resources.xml]
16:07:35,221  INFO GenericApplicationContext:510 - Refreshing org.springframework.context.support.GenericApplicationContext@778efa83: startup date [Mon Sep 18 16:07:35 CST 2017]; root of context hierarchy
16:07:35,221 DEBUG GenericApplicationContext:540 - Bean factory for org.springframework.context.support.GenericApplicationContext@778efa83: org.springframework.beans.factory.support.DefaultListableBeanFactory@37bd58e6: defining beans [org.springframework.beans.factory.config.PropertyPlaceholderConfigurer#0,dataSource,validator,controlAdvice,sessionManager,org.springframework.context.annotation.internalConfigurationAnnotationProcessor,org.springframework.context.annotation.internalAutowiredAnnotationProcessor,org.springframework.context.annotation.internalRequiredAnnotationProcessor,org.springframework.context.annotation.internalCommonAnnotationProcessor,org.springframework.context.annotation.internalPersistenceAnnotationProcessor,queryParamAop,org.springframework.aop.config.internalAutoProxyCreator,org.springframework.transaction.annotation.AnnotationTransactionAttributeSource#0,org.springframework.transaction.interceptor.TransactionInterceptor#0,org.springframework.transaction.config.internalTransactionAdvisor,sqlSessionFactory,myBatisExceptionTranslator,org.mybatis.spring.mapper.MapperScannerConfigurer#0,transactionManager,indexItemService,sysCodeService,sysDeptServiceImpl,sysModuleServiceImpl,systemLogServiceImpl,systemRoleServiceImpl,systemUserServiceImpl,systemLogAOP,commonServiceImpl,configProperties,attachmentsServiceImpl,attachmentsController,shareResources,iM4ImageHandler,imageService,org.mybatis.spring.mapper.MapperScannerConfigurer#1]; root of factory hierarchy
16:07:35,223 DEBUG DefaultListableBeanFactory:220 - Creating shared instance of singleton bean 'org.springframework.context.annotation.internalConfigurationAnnotationProcessor'
16:07:35,224 DEBUG DefaultListableBeanFactory:450 - Creating instance of bean 'org.springframework.context.annotation.internalConfigurationAnnotationProcessor'
16:07:35,225 DEBUG DefaultListableBeanFactory:524 - Eagerly caching bean 'org.springframework.context.annotation.internalConfigurationAnnotationProcessor' to allow for resolving potential circular references
16:07:35,225 DEBUG DefaultListableBeanFactory:478 - Finished creating instance of bean 'org.springframework.context.annotation.internalConfigurationAnnotationProcessor'
16:07:35,261 DEBUG DefaultListableBeanFactory:220 - Creating shared instance of singleton bean 'org.mybatis.spring.mapper.MapperScannerConfigurer#0'
16:07:35,261 DEBUG DefaultListableBeanFactory:450 - Creating instance of bean 'org.mybatis.spring.mapper.MapperScannerConfigurer#0'
16:07:35,261 DEBUG DefaultListableBeanFactory:524 - Eagerly caching bean 'org.mybatis.spring.mapper.MapperScannerConfigurer#0' to allow for resolving potential circular references
16:07:35,262 DEBUG DefaultListableBeanFactory:1610 - Invoking afterPropertiesSet() on bean with name 'org.mybatis.spring.mapper.MapperScannerConfigurer#0'
16:07:35,262 DEBUG DefaultListableBeanFactory:478 - Finished creating instance of bean 'org.mybatis.spring.mapper.MapperScannerConfigurer#0'
16:07:35,268 DEBUG ClassPathMapperScanner:284 - Identified candidate component class: URL [jar:file:/d:/maven/repository/com/framework/framework-core/0.0.1-SNAPSHOT/framework-core-0.0.1-SNAPSHOT.jar!/com/system/common/SysConstant.class]
16:07:35,269 DEBUG ClassPathMapperScanner:284 - Identified candidate component class: URL [jar:file:/d:/maven/repository/com/framework/framework-core/0.0.1-SNAPSHOT/framework-core-0.0.1-SNAPSHOT.jar!/com/system/jpa/repository/ISysDeptDao.class]
16:07:35,269 DEBUG ClassPathMapperScanner:290 - Ignored because not a concrete top-level class: URL [jar:file:/d:/maven/repository/com/framework/framework-core/0.0.1-SNAPSHOT/framework-core-0.0.1-SNAPSHOT.jar!/com/system/jpa/repository/jpa/SysDeptDaoImpl.class]
16:07:35,270 DEBUG ClassPathMapperScanner:290 - Ignored because not a concrete top-level class: URL [jar:file:/d:/maven/repository/com/framework/framework-core/0.0.1-SNAPSHOT/framework-core-0.0.1-SNAPSHOT.jar!/com/system/model/DataIndexTree.class]
16:07:35,270 DEBUG ClassPathMapperScanner:290 - Ignored because not a concrete top-level class: URL [jar:file:/d:/maven/repository/com/framework/framework-core/0.0.1-SNAPSHOT/framework-core-0.0.1-SNAPSHOT.jar!/com/system/model/SysCode.class]
16:07:35,271 DEBUG ClassPathMapperScanner:290 - Ignored because not a concrete top-level class: URL [jar:file:/d:/maven/repository/com/framework/framework-core/0.0.1-SNAPSHOT/framework-core-0.0.1-SNAPSHOT.jar!/com/system/model/SysCodeTree.class]
16:07:35,271 DEBUG ClassPathMapperScanner:290 - Ignored because not a concrete top-level class: URL [jar:file:/d:/maven/repository/com/framework/framework-core/0.0.1-SNAPSHOT/framework-core-0.0.1-SNAPSHOT.jar!/com/system/model/SysDepartmentTree.class]
16:07:35,272 DEBUG ClassPathMapperScanner:290 - Ignored because not a concrete top-level class: URL [jar:file:/d:/maven/repository/com/framework/framework-core/0.0.1-SNAPSHOT/framework-core-0.0.1-SNAPSHOT.jar!/com/system/model/SysDept.class]
16:07:35,272 DEBUG ClassPathMapperScanner:290 - Ignored because not a concrete top-level class: URL [jar:file:/d:/maven/repository/com/framework/framework-core/0.0.1-SNAPSHOT/framework-core-0.0.1-SNAPSHOT.jar!/com/system/model/SysDeptUser.class]
16:07:35,273 DEBUG ClassPathMapperScanner:290 - Ignored because not a concrete top-level class: URL [jar:file:/d:/maven/repository/com/framework/framework-core/0.0.1-SNAPSHOT/framework-core-0.0.1-SNAPSHOT.jar!/com/system/model/SysIndexitem.class]
16:07:35,273 DEBUG ClassPathMapperScanner:290 - Ignored because not a concrete top-level class: URL [jar:file:/d:/maven/repository/com/framework/framework-core/0.0.1-SNAPSHOT/framework-core-0.0.1-SNAPSHOT.jar!/com/system/model/SysLog.class]
16:07:35,274 DEBUG ClassPathMapperScanner:290 - Ignored because not a concrete top-level class: URL [jar:file:/d:/maven/repository/com/framework/framework-core/0.0.1-SNAPSHOT/framework-core-0.0.1-SNAPSHOT.jar!/com/system/model/SysModule.class]
16:07:35,275 DEBUG ClassPathMapperScanner:290 - Ignored because not a concrete top-level class: URL [jar:file:/d:/maven/repository/com/framework/framework-core/0.0.1-SNAPSHOT/framework-core-0.0.1-SNAPSHOT.jar!/com/system/model/SysRole.class]
16:07:35,275 DEBUG ClassPathMapperScanner:290 - Ignored because not a concrete top-level class: URL [jar:file:/d:/maven/repository/com/framework/framework-core/0.0.1-SNAPSHOT/framework-core-0.0.1-SNAPSHOT.jar!/com/system/model/SysRoleFuncKey.class]
16:07:35,275 DEBUG ClassPathMapperScanner:290 - Ignored because not a concrete top-level class: URL [jar:file:/d:/maven/repository/com/framework/framework-core/0.0.1-SNAPSHOT/framework-core-0.0.1-SNAPSHOT.jar!/com/system/model/SysRoleUser.class]
16:07:35,276 DEBUG ClassPathMapperScanner:290 - Ignored because not a concrete top-level class: URL [jar:file:/d:/maven/repository/com/framework/framework-core/0.0.1-SNAPSHOT/framework-core-0.0.1-SNAPSHOT.jar!/com/system/model/SysUser.class]
16:07:35,276 DEBUG ClassPathMapperScanner:284 - Identified candidate component class: URL [jar:file:/d:/maven/repository/com/framework/framework-core/0.0.1-SNAPSHOT/framework-core-0.0.1-SNAPSHOT.jar!/com/system/mybatis/dao/CommSeqMapper.class]
16:07:35,276 DEBUG ClassPathMapperScanner:284 - Identified candidate component class: URL [jar:file:/d:/maven/repository/com/framework/framework-core/0.0.1-SNAPSHOT/framework-core-0.0.1-SNAPSHOT.jar!/com/system/mybatis/dao/SysCodeMapper.class]
16:07:35,277 DEBUG ClassPathMapperScanner:284 - Identified candidate component class: URL [jar:file:/d:/maven/repository/com/framework/framework-core/0.0.1-SNAPSHOT/framework-core-0.0.1-SNAPSHOT.jar!/com/system/mybatis/dao/SysDeptMapper.class]
16:07:35,278 DEBUG ClassPathMapperScanner:284 - Identified candidate component class: URL [jar:file:/d:/maven/repository/com/framework/framework-core/0.0.1-SNAPSHOT/framework-core-0.0.1-SNAPSHOT.jar!/com/system/mybatis/dao/SysDeptUserMapper.class]
16:07:35,278 DEBUG ClassPathMapperScanner:284 - Identified candidate component class: URL [jar:file:/d:/maven/repository/com/framework/framework-core/0.0.1-SNAPSHOT/framework-core-0.0.1-SNAPSHOT.jar!/com/system/mybatis/dao/SysIndexitemMapper.class]
16:07:35,279 DEBUG ClassPathMapperScanner:284 - Identified candidate component class: URL [jar:file:/d:/maven/repository/com/framework/framework-core/0.0.1-SNAPSHOT/framework-core-0.0.1-SNAPSHOT.jar!/com/system/mybatis/dao/SysLogMapper.class]
16:07:35,280 DEBUG ClassPathMapperScanner:284 - Identified candidate component class: URL [jar:file:/d:/maven/repository/com/framework/framework-core/0.0.1-SNAPSHOT/framework-core-0.0.1-SNAPSHOT.jar!/com/system/mybatis/dao/SysModuleMapper.class]
16:07:35,281 DEBUG ClassPathMapperScanner:284 - Identified candidate component class: URL [jar:file:/d:/maven/repository/com/framework/framework-core/0.0.1-SNAPSHOT/framework-core-0.0.1-SNAPSHOT.jar!/com/system/mybatis/dao/SysRoleFuncMapper.class]
16:07:35,281 DEBUG ClassPathMapperScanner:284 - Identified candidate component class: URL [jar:file:/d:/maven/repository/com/framework/framework-core/0.0.1-SNAPSHOT/framework-core-0.0.1-SNAPSHOT.jar!/com/system/mybatis/dao/SysRoleMapper.class]
16:07:35,282 DEBUG ClassPathMapperScanner:284 - Identified candidate component class: URL [jar:file:/d:/maven/repository/com/framework/framework-core/0.0.1-SNAPSHOT/framework-core-0.0.1-SNAPSHOT.jar!/com/system/mybatis/dao/SysRoleUserMapper.class]
16:07:35,283 DEBUG ClassPathMapperScanner:284 - Identified candidate component class: URL [jar:file:/d:/maven/repository/com/framework/framework-core/0.0.1-SNAPSHOT/framework-core-0.0.1-SNAPSHOT.jar!/com/system/mybatis/dao/SysUserMapper.class]
16:07:35,283 DEBUG ClassPathMapperScanner:284 - Identified candidate component class: URL [jar:file:/d:/maven/repository/com/framework/framework-core/0.0.1-SNAPSHOT/framework-core-0.0.1-SNAPSHOT.jar!/com/system/mybatis/service/IIndexItemService.class]
16:07:35,285 DEBUG ClassPathMapperScanner:290 - Ignored because not a concrete top-level class: URL [jar:file:/d:/maven/repository/com/framework/framework-core/0.0.1-SNAPSHOT/framework-core-0.0.1-SNAPSHOT.jar!/com/system/mybatis/service/impl/IndexItemService.class]
16:07:35,286 DEBUG ClassPathMapperScanner:290 - Ignored because not a concrete top-level class: URL [jar:file:/d:/maven/repository/com/framework/framework-core/0.0.1-SNAPSHOT/framework-core-0.0.1-SNAPSHOT.jar!/com/system/mybatis/service/impl/SysCodeService.class]
16:07:35,287 DEBUG ClassPathMapperScanner:290 - Ignored because not a concrete top-level class: URL [jar:file:/d:/maven/repository/com/framework/framework-core/0.0.1-SNAPSHOT/framework-core-0.0.1-SNAPSHOT.jar!/com/system/mybatis/service/impl/SysDeptServiceImpl.class]
16:07:35,288 DEBUG ClassPathMapperScanner:290 - Ignored because not a concrete top-level class: URL [jar:file:/d:/maven/repository/com/framework/framework-core/0.0.1-SNAPSHOT/framework-core-0.0.1-SNAPSHOT.jar!/com/system/mybatis/service/impl/SysModuleServiceImpl.class]
16:07:35,289 DEBUG ClassPathMapperScanner:290 - Ignored because not a concrete top-level class: URL [jar:file:/d:/maven/repository/com/framework/framework-core/0.0.1-SNAPSHOT/framework-core-0.0.1-SNAPSHOT.jar!/com/system/mybatis/service/impl/SystemLogServiceImpl.class]
16:07:35,290 DEBUG ClassPathMapperScanner:290 - Ignored because not a concrete top-level class: URL [jar:file:/d:/maven/repository/com/framework/framework-core/0.0.1-SNAPSHOT/framework-core-0.0.1-SNAPSHOT.jar!/com/system/mybatis/service/impl/SystemRoleServiceImpl.class]
16:07:35,292 DEBUG ClassPathMapperScanner:290 - Ignored because not a concrete top-level class: URL [jar:file:/d:/maven/repository/com/framework/framework-core/0.0.1-SNAPSHOT/framework-core-0.0.1-SNAPSHOT.jar!/com/system/mybatis/service/impl/SystemUserServiceImpl.class]
16:07:35,293 DEBUG ClassPathMapperScanner:284 - Identified candidate component class: URL [jar:file:/d:/maven/repository/com/framework/framework-core/0.0.1-SNAPSHOT/framework-core-0.0.1-SNAPSHOT.jar!/com/system/mybatis/service/ISysCodeService.class]
16:07:35,294 DEBUG ClassPathMapperScanner:284 - Identified candidate component class: URL [jar:file:/d:/maven/repository/com/framework/framework-core/0.0.1-SNAPSHOT/framework-core-0.0.1-SNAPSHOT.jar!/com/system/mybatis/service/ISysDeptService.class]
16:07:35,294 DEBUG ClassPathMapperScanner:284 - Identified candidate component class: URL [jar:file:/d:/maven/repository/com/framework/framework-core/0.0.1-SNAPSHOT/framework-core-0.0.1-SNAPSHOT.jar!/com/system/mybatis/service/ISysModuleService.class]
16:07:35,295 DEBUG ClassPathMapperScanner:284 - Identified candidate component class: URL [jar:file:/d:/maven/repository/com/framework/framework-core/0.0.1-SNAPSHOT/framework-core-0.0.1-SNAPSHOT.jar!/com/system/mybatis/service/ISystemLogService.class]
16:07:35,295 DEBUG ClassPathMapperScanner:284 - Identified candidate component class: URL [jar:file:/d:/maven/repository/com/framework/framework-core/0.0.1-SNAPSHOT/framework-core-0.0.1-SNAPSHOT.jar!/com/system/mybatis/service/ISystemRoleService.class]
16:07:35,296 DEBUG ClassPathMapperScanner:284 - Identified candidate component class: URL [jar:file:/d:/maven/repository/com/framework/framework-core/0.0.1-SNAPSHOT/framework-core-0.0.1-SNAPSHOT.jar!/com/system/mybatis/service/ISystemUserService.class]
16:07:35,297 DEBUG ClassPathMapperScanner:290 - Ignored because not a concrete top-level class: URL [jar:file:/d:/maven/repository/com/framework/framework-core/0.0.1-SNAPSHOT/framework-core-0.0.1-SNAPSHOT.jar!/com/system/web/code/CodeController.class]
16:07:35,299 DEBUG ClassPathMapperScanner:290 - Ignored because not a concrete top-level class: URL [jar:file:/d:/maven/repository/com/framework/framework-core/0.0.1-SNAPSHOT/framework-core-0.0.1-SNAPSHOT.jar!/com/system/web/custom/CustomController.class]
16:07:35,300 DEBUG ClassPathMapperScanner:290 - Ignored because not a concrete top-level class: URL [jar:file:/d:/maven/repository/com/framework/framework-core/0.0.1-SNAPSHOT/framework-core-0.0.1-SNAPSHOT.jar!/com/system/web/dataindex/IndexItemController.class]
16:07:35,302 DEBUG ClassPathMapperScanner:290 - Ignored because not a concrete top-level class: URL [jar:file:/d:/maven/repository/com/framework/framework-core/0.0.1-SNAPSHOT/framework-core-0.0.1-SNAPSHOT.jar!/com/system/web/DepartmentController.class]
16:07:35,303 DEBUG ClassPathMapperScanner:290 - Ignored because not a concrete top-level class: URL [jar:file:/d:/maven/repository/com/framework/framework-core/0.0.1-SNAPSHOT/framework-core-0.0.1-SNAPSHOT.jar!/com/system/web/RoleController.class]
16:07:35,305 DEBUG ClassPathMapperScanner:290 - Ignored because not a concrete top-level class: URL [jar:file:/d:/maven/repository/com/framework/framework-core/0.0.1-SNAPSHOT/framework-core-0.0.1-SNAPSHOT.jar!/com/system/web/user/UserController.class]
16:07:35,307 DEBUG ClassPathMapperScanner:161 - Creating MapperFactoryBean with name 'sysConstant' and 'com.system.common.SysConstant' mapperInterface
16:07:35,307 DEBUG ClassPathMapperScanner:161 - Creating MapperFactoryBean with name 'ISysDeptDao' and 'com.system.jpa.repository.ISysDeptDao' mapperInterface
16:07:35,307 DEBUG ClassPathMapperScanner:161 - Creating MapperFactoryBean with name 'commSeqMapper' and 'com.system.mybatis.dao.CommSeqMapper' mapperInterface
16:07:35,307 DEBUG ClassPathMapperScanner:161 - Creating MapperFactoryBean with name 'sysCodeMapper' and 'com.system.mybatis.dao.SysCodeMapper' mapperInterface
16:07:35,308 DEBUG ClassPathMapperScanner:161 - Creating MapperFactoryBean with name 'sysDeptMapper' and 'com.system.mybatis.dao.SysDeptMapper' mapperInterface
16:07:35,308 DEBUG ClassPathMapperScanner:161 - Creating MapperFactoryBean with name 'sysDeptUserMapper' and 'com.system.mybatis.dao.SysDeptUserMapper' mapperInterface
16:07:35,308 DEBUG ClassPathMapperScanner:161 - Creating MapperFactoryBean with name 'sysIndexitemMapper' and 'com.system.mybatis.dao.SysIndexitemMapper' mapperInterface
16:07:35,308 DEBUG ClassPathMapperScanner:161 - Creating MapperFactoryBean with name 'sysLogMapper' and 'com.system.mybatis.dao.SysLogMapper' mapperInterface
16:07:35,308 DEBUG ClassPathMapperScanner:161 - Creating MapperFactoryBean with name 'sysModuleMapper' and 'com.system.mybatis.dao.SysModuleMapper' mapperInterface
16:07:35,309 DEBUG ClassPathMapperScanner:161 - Creating MapperFactoryBean with name 'sysRoleFuncMapper' and 'com.system.mybatis.dao.SysRoleFuncMapper' mapperInterface
16:07:35,309 DEBUG ClassPathMapperScanner:161 - Creating MapperFactoryBean with name 'sysRoleMapper' and 'com.system.mybatis.dao.SysRoleMapper' mapperInterface
16:07:35,309 DEBUG ClassPathMapperScanner:161 - Creating MapperFactoryBean with name 'sysRoleUserMapper' and 'com.system.mybatis.dao.SysRoleUserMapper' mapperInterface
16:07:35,309 DEBUG ClassPathMapperScanner:161 - Creating MapperFactoryBean with name 'sysUserMapper' and 'com.system.mybatis.dao.SysUserMapper' mapperInterface
16:07:35,309 DEBUG ClassPathMapperScanner:161 - Creating MapperFactoryBean with name 'IIndexItemService' and 'com.system.mybatis.service.IIndexItemService' mapperInterface
16:07:35,309 DEBUG ClassPathMapperScanner:161 - Creating MapperFactoryBean with name 'ISysCodeService' and 'com.system.mybatis.service.ISysCodeService' mapperInterface
16:07:35,309 DEBUG ClassPathMapperScanner:161 - Creating MapperFactoryBean with name 'ISysDeptService' and 'com.system.mybatis.service.ISysDeptService' mapperInterface
16:07:35,310 DEBUG ClassPathMapperScanner:161 - Creating MapperFactoryBean with name 'ISysModuleService' and 'com.system.mybatis.service.ISysModuleService' mapperInterface
16:07:35,310 DEBUG ClassPathMapperScanner:161 - Creating MapperFactoryBean with name 'ISystemLogService' and 'com.system.mybatis.service.ISystemLogService' mapperInterface
16:07:35,310 DEBUG ClassPathMapperScanner:161 - Creating MapperFactoryBean with name 'ISystemRoleService' and 'com.system.mybatis.service.ISystemRoleService' mapperInterface
16:07:35,310 DEBUG ClassPathMapperScanner:161 - Creating MapperFactoryBean with name 'ISystemUserService' and 'com.system.mybatis.service.ISystemUserService' mapperInterface
16:07:35,310 DEBUG DefaultListableBeanFactory:220 - Creating shared instance of singleton bean 'org.mybatis.spring.mapper.MapperScannerConfigurer#1'
16:07:35,310 DEBUG DefaultListableBeanFactory:450 - Creating instance of bean 'org.mybatis.spring.mapper.MapperScannerConfigurer#1'
16:07:35,311 DEBUG DefaultListableBeanFactory:524 - Eagerly caching bean 'org.mybatis.spring.mapper.MapperScannerConfigurer#1' to allow for resolving potential circular references
16:07:35,311 DEBUG DefaultListableBeanFactory:1610 - Invoking afterPropertiesSet() on bean with name 'org.mybatis.spring.mapper.MapperScannerConfigurer#1'
16:07:35,311 DEBUG DefaultListableBeanFactory:478 - Finished creating instance of bean 'org.mybatis.spring.mapper.MapperScannerConfigurer#1'
16:07:35,317 DEBUG ClassPathMapperScanner:284 - Identified candidate component class: URL [jar:file:/d:/maven/repository/com/framework/framework-core/0.0.1-SNAPSHOT/framework-core-0.0.1-SNAPSHOT.jar!/com/system/common/SysConstant.class]
16:07:35,318 DEBUG ClassPathMapperScanner:284 - Identified candidate component class: URL [jar:file:/d:/maven/repository/com/framework/framework-core/0.0.1-SNAPSHOT/framework-core-0.0.1-SNAPSHOT.jar!/com/system/jpa/repository/ISysDeptDao.class]
16:07:35,319 DEBUG ClassPathMapperScanner:290 - Ignored because not a concrete top-level class: URL [jar:file:/d:/maven/repository/com/framework/framework-core/0.0.1-SNAPSHOT/framework-core-0.0.1-SNAPSHOT.jar!/com/system/jpa/repository/jpa/SysDeptDaoImpl.class]
16:07:35,320 DEBUG ClassPathMapperScanner:290 - Ignored because not a concrete top-level class: URL [jar:file:/d:/maven/repository/com/framework/framework-core/0.0.1-SNAPSHOT/framework-core-0.0.1-SNAPSHOT.jar!/com/system/model/DataIndexTree.class]
16:07:35,321 DEBUG ClassPathMapperScanner:290 - Ignored because not a concrete top-level class: URL [jar:file:/d:/maven/repository/com/framework/framework-core/0.0.1-SNAPSHOT/framework-core-0.0.1-SNAPSHOT.jar!/com/system/model/SysCode.class]
16:07:35,322 DEBUG ClassPathMapperScanner:290 - Ignored because not a concrete top-level class: URL [jar:file:/d:/maven/repository/com/framework/framework-core/0.0.1-SNAPSHOT/framework-core-0.0.1-SNAPSHOT.jar!/com/system/model/SysCodeTree.class]
16:07:35,323 DEBUG ClassPathMapperScanner:290 - Ignored because not a concrete top-level class: URL [jar:file:/d:/maven/repository/com/framework/framework-core/0.0.1-SNAPSHOT/framework-core-0.0.1-SNAPSHOT.jar!/com/system/model/SysDepartmentTree.class]
16:07:35,324 DEBUG ClassPathMapperScanner:290 - Ignored because not a concrete top-level class: URL [jar:file:/d:/maven/repository/com/framework/framework-core/0.0.1-SNAPSHOT/framework-core-0.0.1-SNAPSHOT.jar!/com/system/model/SysDept.class]
16:07:35,325 DEBUG ClassPathMapperScanner:290 - Ignored because not a concrete top-level class: URL [jar:file:/d:/maven/repository/com/framework/framework-core/0.0.1-SNAPSHOT/framework-core-0.0.1-SNAPSHOT.jar!/com/system/model/SysDeptUser.class]
16:07:35,326 DEBUG ClassPathMapperScanner:290 - Ignored because not a concrete top-level class: URL [jar:file:/d:/maven/repository/com/framework/framework-core/0.0.1-SNAPSHOT/framework-core-0.0.1-SNAPSHOT.jar!/com/system/model/SysIndexitem.class]
16:07:35,329 DEBUG ClassPathMapperScanner:290 - Ignored because not a concrete top-level class: URL [jar:file:/d:/maven/repository/com/framework/framework-core/0.0.1-SNAPSHOT/framework-core-0.0.1-SNAPSHOT.jar!/com/system/model/SysLog.class]
16:07:35,330 DEBUG ClassPathMapperScanner:290 - Ignored because not a concrete top-level class: URL [jar:file:/d:/maven/repository/com/framework/framework-core/0.0.1-SNAPSHOT/framework-core-0.0.1-SNAPSHOT.jar!/com/system/model/SysModule.class]
16:07:35,331 DEBUG ClassPathMapperScanner:290 - Ignored because not a concrete top-level class: URL [jar:file:/d:/maven/repository/com/framework/framework-core/0.0.1-SNAPSHOT/framework-core-0.0.1-SNAPSHOT.jar!/com/system/model/SysRole.class]
16:07:35,332 DEBUG ClassPathMapperScanner:290 - Ignored because not a concrete top-level class: URL [jar:file:/d:/maven/repository/com/framework/framework-core/0.0.1-SNAPSHOT/framework-core-0.0.1-SNAPSHOT.jar!/com/system/model/SysRoleFuncKey.class]
16:07:35,335 DEBUG ClassPathMapperScanner:290 - Ignored because not a concrete top-level class: URL [jar:file:/d:/maven/repository/com/framework/framework-core/0.0.1-SNAPSHOT/framework-core-0.0.1-SNAPSHOT.jar!/com/system/model/SysRoleUser.class]
16:07:35,336 DEBUG ClassPathMapperScanner:290 - Ignored because not a concrete top-level class: URL [jar:file:/d:/maven/repository/com/framework/framework-core/0.0.1-SNAPSHOT/framework-core-0.0.1-SNAPSHOT.jar!/com/system/model/SysUser.class]
16:07:35,336 DEBUG ClassPathMapperScanner:284 - Identified candidate component class: URL [jar:file:/d:/maven/repository/com/framework/framework-core/0.0.1-SNAPSHOT/framework-core-0.0.1-SNAPSHOT.jar!/com/system/mybatis/dao/CommSeqMapper.class]
16:07:35,338 DEBUG ClassPathMapperScanner:284 - Identified candidate component class: URL [jar:file:/d:/maven/repository/com/framework/framework-core/0.0.1-SNAPSHOT/framework-core-0.0.1-SNAPSHOT.jar!/com/system/mybatis/dao/SysCodeMapper.class]
16:07:35,339 DEBUG ClassPathMapperScanner:284 - Identified candidate component class: URL [jar:file:/d:/maven/repository/com/framework/framework-core/0.0.1-SNAPSHOT/framework-core-0.0.1-SNAPSHOT.jar!/com/system/mybatis/dao/SysDeptMapper.class]
16:07:35,341 DEBUG ClassPathMapperScanner:284 - Identified candidate component class: URL [jar:file:/d:/maven/repository/com/framework/framework-core/0.0.1-SNAPSHOT/framework-core-0.0.1-SNAPSHOT.jar!/com/system/mybatis/dao/SysDeptUserMapper.class]
16:07:35,342 DEBUG ClassPathMapperScanner:284 - Identified candidate component class: URL [jar:file:/d:/maven/repository/com/framework/framework-core/0.0.1-SNAPSHOT/framework-core-0.0.1-SNAPSHOT.jar!/com/system/mybatis/dao/SysIndexitemMapper.class]
16:07:35,343 DEBUG ClassPathMapperScanner:284 - Identified candidate component class: URL [jar:file:/d:/maven/repository/com/framework/framework-core/0.0.1-SNAPSHOT/framework-core-0.0.1-SNAPSHOT.jar!/com/system/mybatis/dao/SysLogMapper.class]
16:07:35,345 DEBUG ClassPathMapperScanner:284 - Identified candidate component class: URL [jar:file:/d:/maven/repository/com/framework/framework-core/0.0.1-SNAPSHOT/framework-core-0.0.1-SNAPSHOT.jar!/com/system/mybatis/dao/SysModuleMapper.class]
16:07:35,346 DEBUG ClassPathMapperScanner:284 - Identified candidate component class: URL [jar:file:/d:/maven/repository/com/framework/framework-core/0.0.1-SNAPSHOT/framework-core-0.0.1-SNAPSHOT.jar!/com/system/mybatis/dao/SysRoleFuncMapper.class]
16:07:35,347 DEBUG ClassPathMapperScanner:284 - Identified candidate component class: URL [jar:file:/d:/maven/repository/com/framework/framework-core/0.0.1-SNAPSHOT/framework-core-0.0.1-SNAPSHOT.jar!/com/system/mybatis/dao/SysRoleMapper.class]
16:07:35,348 DEBUG ClassPathMapperScanner:284 - Identified candidate component class: URL [jar:file:/d:/maven/repository/com/framework/framework-core/0.0.1-SNAPSHOT/framework-core-0.0.1-SNAPSHOT.jar!/com/system/mybatis/dao/SysRoleUserMapper.class]
16:07:35,349 DEBUG ClassPathMapperScanner:284 - Identified candidate component class: URL [jar:file:/d:/maven/repository/com/framework/framework-core/0.0.1-SNAPSHOT/framework-core-0.0.1-SNAPSHOT.jar!/com/system/mybatis/dao/SysUserMapper.class]
16:07:35,350 DEBUG ClassPathMapperScanner:284 - Identified candidate component class: URL [jar:file:/d:/maven/repository/com/framework/framework-core/0.0.1-SNAPSHOT/framework-core-0.0.1-SNAPSHOT.jar!/com/system/mybatis/service/IIndexItemService.class]
16:07:35,352 DEBUG ClassPathMapperScanner:290 - Ignored because not a concrete top-level class: URL [jar:file:/d:/maven/repository/com/framework/framework-core/0.0.1-SNAPSHOT/framework-core-0.0.1-SNAPSHOT.jar!/com/system/mybatis/service/impl/IndexItemService.class]
16:07:35,354 DEBUG ClassPathMapperScanner:290 - Ignored because not a concrete top-level class: URL [jar:file:/d:/maven/repository/com/framework/framework-core/0.0.1-SNAPSHOT/framework-core-0.0.1-SNAPSHOT.jar!/com/system/mybatis/service/impl/SysCodeService.class]
16:07:35,355 DEBUG ClassPathMapperScanner:290 - Ignored because not a concrete top-level class: URL [jar:file:/d:/maven/repository/com/framework/framework-core/0.0.1-SNAPSHOT/framework-core-0.0.1-SNAPSHOT.jar!/com/system/mybatis/service/impl/SysDeptServiceImpl.class]
16:07:35,358 DEBUG ClassPathMapperScanner:290 - Ignored because not a concrete top-level class: URL [jar:file:/d:/maven/repository/com/framework/framework-core/0.0.1-SNAPSHOT/framework-core-0.0.1-SNAPSHOT.jar!/com/system/mybatis/service/impl/SysModuleServiceImpl.class]
16:07:35,359 DEBUG ClassPathMapperScanner:290 - Ignored because not a concrete top-level class: URL [jar:file:/d:/maven/repository/com/framework/framework-core/0.0.1-SNAPSHOT/framework-core-0.0.1-SNAPSHOT.jar!/com/system/mybatis/service/impl/SystemLogServiceImpl.class]
16:07:35,360 DEBUG ClassPathMapperScanner:290 - Ignored because not a concrete top-level class: URL [jar:file:/d:/maven/repository/com/framework/framework-core/0.0.1-SNAPSHOT/framework-core-0.0.1-SNAPSHOT.jar!/com/system/mybatis/service/impl/SystemRoleServiceImpl.class]
16:07:35,363 DEBUG ClassPathMapperScanner:290 - Ignored because not a concrete top-level class: URL [jar:file:/d:/maven/repository/com/framework/framework-core/0.0.1-SNAPSHOT/framework-core-0.0.1-SNAPSHOT.jar!/com/system/mybatis/service/impl/SystemUserServiceImpl.class]
16:07:35,365 DEBUG ClassPathMapperScanner:284 - Identified candidate component class: URL [jar:file:/d:/maven/repository/com/framework/framework-core/0.0.1-SNAPSHOT/framework-core-0.0.1-SNAPSHOT.jar!/com/system/mybatis/service/ISysCodeService.class]
16:07:35,366 DEBUG ClassPathMapperScanner:284 - Identified candidate component class: URL [jar:file:/d:/maven/repository/com/framework/framework-core/0.0.1-SNAPSHOT/framework-core-0.0.1-SNAPSHOT.jar!/com/system/mybatis/service/ISysDeptService.class]
16:07:35,368 DEBUG ClassPathMapperScanner:284 - Identified candidate component class: URL [jar:file:/d:/maven/repository/com/framework/framework-core/0.0.1-SNAPSHOT/framework-core-0.0.1-SNAPSHOT.jar!/com/system/mybatis/service/ISysModuleService.class]
16:07:35,368 DEBUG ClassPathMapperScanner:284 - Identified candidate component class: URL [jar:file:/d:/maven/repository/com/framework/framework-core/0.0.1-SNAPSHOT/framework-core-0.0.1-SNAPSHOT.jar!/com/system/mybatis/service/ISystemLogService.class]
16:07:35,369 DEBUG ClassPathMapperScanner:284 - Identified candidate component class: URL [jar:file:/d:/maven/repository/com/framework/framework-core/0.0.1-SNAPSHOT/framework-core-0.0.1-SNAPSHOT.jar!/com/system/mybatis/service/ISystemRoleService.class]
16:07:35,370 DEBUG ClassPathMapperScanner:284 - Identified candidate component class: URL [jar:file:/d:/maven/repository/com/framework/framework-core/0.0.1-SNAPSHOT/framework-core-0.0.1-SNAPSHOT.jar!/com/system/mybatis/service/ISystemUserService.class]
16:07:35,371 DEBUG ClassPathMapperScanner:290 - Ignored because not a concrete top-level class: URL [jar:file:/d:/maven/repository/com/framework/framework-core/0.0.1-SNAPSHOT/framework-core-0.0.1-SNAPSHOT.jar!/com/system/web/code/CodeController.class]
16:07:35,374 DEBUG ClassPathMapperScanner:290 - Ignored because not a concrete top-level class: URL [jar:file:/d:/maven/repository/com/framework/framework-core/0.0.1-SNAPSHOT/framework-core-0.0.1-SNAPSHOT.jar!/com/system/web/custom/CustomController.class]
16:07:35,375 DEBUG ClassPathMapperScanner:290 - Ignored because not a concrete top-level class: URL [jar:file:/d:/maven/repository/com/framework/framework-core/0.0.1-SNAPSHOT/framework-core-0.0.1-SNAPSHOT.jar!/com/system/web/dataindex/IndexItemController.class]
16:07:35,377 DEBUG ClassPathMapperScanner:290 - Ignored because not a concrete top-level class: URL [jar:file:/d:/maven/repository/com/framework/framework-core/0.0.1-SNAPSHOT/framework-core-0.0.1-SNAPSHOT.jar!/com/system/web/DepartmentController.class]
16:07:35,378 DEBUG ClassPathMapperScanner:290 - Ignored because not a concrete top-level class: URL [jar:file:/d:/maven/repository/com/framework/framework-core/0.0.1-SNAPSHOT/framework-core-0.0.1-SNAPSHOT.jar!/com/system/web/RoleController.class]
16:07:35,380 DEBUG ClassPathMapperScanner:290 - Ignored because not a concrete top-level class: URL [jar:file:/d:/maven/repository/com/framework/framework-core/0.0.1-SNAPSHOT/framework-core-0.0.1-SNAPSHOT.jar!/com/system/web/user/UserController.class]
16:07:35,381  WARN ClassPathMapperScanner:223 - Skipping MapperFactoryBean with name 'sysConstant' and 'com.system.common.SysConstant' mapperInterface. Bean already defined with the same name!
16:07:35,381  WARN ClassPathMapperScanner:223 - Skipping MapperFactoryBean with name 'ISysDeptDao' and 'com.system.jpa.repository.ISysDeptDao' mapperInterface. Bean already defined with the same name!
16:07:35,382  WARN ClassPathMapperScanner:223 - Skipping MapperFactoryBean with name 'commSeqMapper' and 'com.system.mybatis.dao.CommSeqMapper' mapperInterface. Bean already defined with the same name!
16:07:35,382  WARN ClassPathMapperScanner:223 - Skipping MapperFactoryBean with name 'sysCodeMapper' and 'com.system.mybatis.dao.SysCodeMapper' mapperInterface. Bean already defined with the same name!
16:07:35,383  WARN ClassPathMapperScanner:223 - Skipping MapperFactoryBean with name 'sysDeptMapper' and 'com.system.mybatis.dao.SysDeptMapper' mapperInterface. Bean already defined with the same name!
16:07:35,383  WARN ClassPathMapperScanner:223 - Skipping MapperFactoryBean with name 'sysDeptUserMapper' and 'com.system.mybatis.dao.SysDeptUserMapper' mapperInterface. Bean already defined with the same name!
16:07:35,383  WARN ClassPathMapperScanner:223 - Skipping MapperFactoryBean with name 'sysIndexitemMapper' and 'com.system.mybatis.dao.SysIndexitemMapper' mapperInterface. Bean already defined with the same name!
16:07:35,383  WARN ClassPathMapperScanner:223 - Skipping MapperFactoryBean with name 'sysLogMapper' and 'com.system.mybatis.dao.SysLogMapper' mapperInterface. Bean already defined with the same name!
16:07:35,383  WARN ClassPathMapperScanner:223 - Skipping MapperFactoryBean with name 'sysModuleMapper' and 'com.system.mybatis.dao.SysModuleMapper' mapperInterface. Bean already defined with the same name!
16:07:35,384  WARN ClassPathMapperScanner:223 - Skipping MapperFactoryBean with name 'sysRoleFuncMapper' and 'com.system.mybatis.dao.SysRoleFuncMapper' mapperInterface. Bean already defined with the same name!
16:07:35,384  WARN ClassPathMapperScanner:223 - Skipping MapperFactoryBean with name 'sysRoleMapper' and 'com.system.mybatis.dao.SysRoleMapper' mapperInterface. Bean already defined with the same name!
16:07:35,384  WARN ClassPathMapperScanner:223 - Skipping MapperFactoryBean with name 'sysRoleUserMapper' and 'com.system.mybatis.dao.SysRoleUserMapper' mapperInterface. Bean already defined with the same name!
16:07:35,384  WARN ClassPathMapperScanner:223 - Skipping MapperFactoryBean with name 'sysUserMapper' and 'com.system.mybatis.dao.SysUserMapper' mapperInterface. Bean already defined with the same name!
16:07:35,384  WARN ClassPathMapperScanner:223 - Skipping MapperFactoryBean with name 'IIndexItemService' and 'com.system.mybatis.service.IIndexItemService' mapperInterface. Bean already defined with the same name!
16:07:35,385  WARN ClassPathMapperScanner:223 - Skipping MapperFactoryBean with name 'ISysCodeService' and 'com.system.mybatis.service.ISysCodeService' mapperInterface. Bean already defined with the same name!
16:07:35,385  WARN ClassPathMapperScanner:223 - Skipping MapperFactoryBean with name 'ISysDeptService' and 'com.system.mybatis.service.ISysDeptService' mapperInterface. Bean already defined with the same name!
16:07:35,385  WARN ClassPathMapperScanner:223 - Skipping MapperFactoryBean with name 'ISysModuleService' and 'com.system.mybatis.service.ISysModuleService' mapperInterface. Bean already defined with the same name!
16:07:35,385  WARN ClassPathMapperScanner:223 - Skipping MapperFactoryBean with name 'ISystemLogService' and 'com.system.mybatis.service.ISystemLogService' mapperInterface. Bean already defined with the same name!
16:07:35,385  WARN ClassPathMapperScanner:223 - Skipping MapperFactoryBean with name 'ISystemRoleService' and 'com.system.mybatis.service.ISystemRoleService' mapperInterface. Bean already defined with the same name!
16:07:35,386  WARN ClassPathMapperScanner:223 - Skipping MapperFactoryBean with name 'ISystemUserService' and 'com.system.mybatis.service.ISystemUserService' mapperInterface. Bean already defined with the same name!
16:07:35,388 DEBUG ClassPathMapperScanner:284 - Identified candidate component class: file [D:\workspace\framework-root\framework-resources\target\classes\com\resources\dao\AttachmentsMapper.class]
16:07:35,389 DEBUG ClassPathMapperScanner:284 - Identified candidate component class: file [D:\workspace\framework-root\framework-resources\target\classes\com\resources\dao\AttaThumbnailMapper.class]
16:07:35,390 DEBUG ClassPathMapperScanner:290 - Ignored because not a concrete top-level class: file [D:\workspace\framework-root\framework-resources\target\classes\com\resources\model\CommAttachments.class]
16:07:35,391 DEBUG ClassPathMapperScanner:290 - Ignored because not a concrete top-level class: file [D:\workspace\framework-root\framework-resources\target\classes\com\resources\model\CommAttaThumbnail.class]
16:07:35,392 DEBUG ClassPathMapperScanner:284 - Identified candidate component class: file [D:\workspace\framework-root\framework-resources\target\classes\com\resources\ResConstant.class]
16:07:35,393 DEBUG ClassPathMapperScanner:284 - Identified candidate component class: file [D:\workspace\framework-root\framework-resources\target\classes\com\resources\services\AttachmentsService.class]
16:07:35,393 DEBUG ClassPathMapperScanner:290 - Ignored because not a concrete top-level class: file [D:\workspace\framework-root\framework-resources\target\classes\com\resources\services\impl\AttachmentsServiceImpl$1.class]
16:07:35,394 DEBUG ClassPathMapperScanner:290 - Ignored because not a concrete top-level class: file [D:\workspace\framework-root\framework-resources\target\classes\com\resources\services\impl\AttachmentsServiceImpl.class]
16:07:35,399 DEBUG ClassPathMapperScanner:290 - Ignored because not a concrete top-level class: file [D:\workspace\framework-root\framework-resources\target\classes\com\resources\web\AttachmentsController.class]
16:07:35,401 DEBUG ClassPathMapperScanner:290 - Ignored because not a concrete top-level class: file [D:\workspace\framework-root\framework-resources\target\classes\com\resources\web\ShareResources.class]
16:07:35,402 DEBUG ClassPathMapperScanner:161 - Creating MapperFactoryBean with name 'attachmentsMapper' and 'com.resources.dao.AttachmentsMapper' mapperInterface
16:07:35,402 DEBUG ClassPathMapperScanner:161 - Creating MapperFactoryBean with name 'attaThumbnailMapper' and 'com.resources.dao.AttaThumbnailMapper' mapperInterface
16:07:35,402 DEBUG ClassPathMapperScanner:161 - Creating MapperFactoryBean with name 'resConstant' and 'com.resources.ResConstant' mapperInterface
16:07:35,402 DEBUG ClassPathMapperScanner:161 - Creating MapperFactoryBean with name 'attachmentsService' and 'com.resources.services.AttachmentsService' mapperInterface
16:07:35,409 DEBUG DefaultListableBeanFactory:220 - Creating shared instance of singleton bean 'org.springframework.beans.factory.config.PropertyPlaceholderConfigurer#0'
16:07:35,409 DEBUG DefaultListableBeanFactory:450 - Creating instance of bean 'org.springframework.beans.factory.config.PropertyPlaceholderConfigurer#0'
16:07:35,410 DEBUG DefaultListableBeanFactory:524 - Eagerly caching bean 'org.springframework.beans.factory.config.PropertyPlaceholderConfigurer#0' to allow for resolving potential circular references
16:07:35,410 DEBUG DefaultListableBeanFactory:478 - Finished creating instance of bean 'org.springframework.beans.factory.config.PropertyPlaceholderConfigurer#0'
16:07:35,411  INFO PropertyPlaceholderConfigurer:172 - Loading properties file from class path resource [config/db.properties]
16:07:35,415 DEBUG DefaultListableBeanFactory:220 - Creating shared instance of singleton bean 'org.springframework.context.annotation.internalAutowiredAnnotationProcessor'
16:07:35,415 DEBUG DefaultListableBeanFactory:450 - Creating instance of bean 'org.springframework.context.annotation.internalAutowiredAnnotationProcessor'
16:07:35,416  INFO AutowiredAnnotationBeanPostProcessor:153 - JSR-330 'javax.inject.Inject' annotation found and supported for autowiring
16:07:35,416 DEBUG DefaultListableBeanFactory:524 - Eagerly caching bean 'org.springframework.context.annotation.internalAutowiredAnnotationProcessor' to allow for resolving potential circular references
16:07:35,416 DEBUG DefaultListableBeanFactory:478 - Finished creating instance of bean 'org.springframework.context.annotation.internalAutowiredAnnotationProcessor'
16:07:35,417 DEBUG DefaultListableBeanFactory:220 - Creating shared instance of singleton bean 'org.springframework.context.annotation.internalRequiredAnnotationProcessor'
16:07:35,417 DEBUG DefaultListableBeanFactory:450 - Creating instance of bean 'org.springframework.context.annotation.internalRequiredAnnotationProcessor'
16:07:35,417 DEBUG DefaultListableBeanFactory:524 - Eagerly caching bean 'org.springframework.context.annotation.internalRequiredAnnotationProcessor' to allow for resolving potential circular references
16:07:35,417 DEBUG DefaultListableBeanFactory:478 - Finished creating instance of bean 'org.springframework.context.annotation.internalRequiredAnnotationProcessor'
16:07:35,417 DEBUG DefaultListableBeanFactory:220 - Creating shared instance of singleton bean 'org.springframework.context.annotation.internalCommonAnnotationProcessor'
16:07:35,418 DEBUG DefaultListableBeanFactory:450 - Creating instance of bean 'org.springframework.context.annotation.internalCommonAnnotationProcessor'
16:07:35,418 DEBUG DefaultListableBeanFactory:524 - Eagerly caching bean 'org.springframework.context.annotation.internalCommonAnnotationProcessor' to allow for resolving potential circular references
16:07:35,418 DEBUG DefaultListableBeanFactory:478 - Finished creating instance of bean 'org.springframework.context.annotation.internalCommonAnnotationProcessor'
16:07:35,418 DEBUG DefaultListableBeanFactory:220 - Creating shared instance of singleton bean 'org.springframework.context.annotation.internalPersistenceAnnotationProcessor'
16:07:35,418 DEBUG DefaultListableBeanFactory:450 - Creating instance of bean 'org.springframework.context.annotation.internalPersistenceAnnotationProcessor'
16:07:35,419 DEBUG DefaultListableBeanFactory:524 - Eagerly caching bean 'org.springframework.context.annotation.internalPersistenceAnnotationProcessor' to allow for resolving potential circular references
16:07:35,419 DEBUG DefaultListableBeanFactory:478 - Finished creating instance of bean 'org.springframework.context.annotation.internalPersistenceAnnotationProcessor'
16:07:35,419 DEBUG DefaultListableBeanFactory:220 - Creating shared instance of singleton bean 'org.springframework.context.annotation.ConfigurationClassPostProcessor.importAwareProcessor'
16:07:35,419 DEBUG DefaultListableBeanFactory:450 - Creating instance of bean 'org.springframework.context.annotation.ConfigurationClassPostProcessor.importAwareProcessor'
16:07:35,419 DEBUG DefaultListableBeanFactory:524 - Eagerly caching bean 'org.springframework.context.annotation.ConfigurationClassPostProcessor.importAwareProcessor' to allow for resolving potential circular references
16:07:35,420 DEBUG DefaultListableBeanFactory:478 - Finished creating instance of bean 'org.springframework.context.annotation.ConfigurationClassPostProcessor.importAwareProcessor'
16:07:35,420 DEBUG DefaultListableBeanFactory:220 - Creating shared instance of singleton bean 'org.springframework.context.annotation.ConfigurationClassPostProcessor.enhancedConfigurationProcessor'
16:07:35,420 DEBUG DefaultListableBeanFactory:450 - Creating instance of bean 'org.springframework.context.annotation.ConfigurationClassPostProcessor.enhancedConfigurationProcessor'
16:07:35,420 DEBUG DefaultListableBeanFactory:524 - Eagerly caching bean 'org.springframework.context.annotation.ConfigurationClassPostProcessor.enhancedConfigurationProcessor' to allow for resolving potential circular references
16:07:35,420 DEBUG DefaultListableBeanFactory:478 - Finished creating instance of bean 'org.springframework.context.annotation.ConfigurationClassPostProcessor.enhancedConfigurationProcessor'
16:07:35,421 DEBUG DefaultListableBeanFactory:220 - Creating shared instance of singleton bean 'org.springframework.aop.config.internalAutoProxyCreator'
16:07:35,421 DEBUG DefaultListableBeanFactory:450 - Creating instance of bean 'org.springframework.aop.config.internalAutoProxyCreator'
16:07:35,423 DEBUG DefaultListableBeanFactory:524 - Eagerly caching bean 'org.springframework.aop.config.internalAutoProxyCreator' to allow for resolving potential circular references
16:07:35,425 DEBUG DefaultListableBeanFactory:478 - Finished creating instance of bean 'org.springframework.aop.config.internalAutoProxyCreator'
16:07:35,425 DEBUG GenericApplicationContext:646 - Unable to locate MessageSource with name 'messageSource': using default [org.springframework.context.support.DelegatingMessageSource@52b1b5d2]
16:07:35,425 DEBUG GenericApplicationContext:670 - Unable to locate ApplicationEventMulticaster with name 'applicationEventMulticaster': using default [org.springframework.context.event.SimpleApplicationEventMulticaster@11181868]
16:07:35,433 DEBUG DefaultListableBeanFactory:691 - Pre-instantiating singletons in org.springframework.beans.factory.support.DefaultListableBeanFactory@37bd58e6: defining beans [org.springframework.beans.factory.config.PropertyPlaceholderConfigurer#0,dataSource,validator,controlAdvice,sessionManager,org.springframework.context.annotation.internalConfigurationAnnotationProcessor,org.springframework.context.annotation.internalAutowiredAnnotationProcessor,org.springframework.context.annotation.internalRequiredAnnotationProcessor,org.springframework.context.annotation.internalCommonAnnotationProcessor,org.springframework.context.annotation.internalPersistenceAnnotationProcessor,queryParamAop,org.springframework.aop.config.internalAutoProxyCreator,org.springframework.transaction.annotation.AnnotationTransactionAttributeSource#0,org.springframework.transaction.interceptor.TransactionInterceptor#0,org.springframework.transaction.config.internalTransactionAdvisor,sqlSessionFactory,myBatisExceptionTranslator,org.mybatis.spring.mapper.MapperScannerConfigurer#0,transactionManager,indexItemService,sysCodeService,sysDeptServiceImpl,sysModuleServiceImpl,systemLogServiceImpl,systemRoleServiceImpl,systemUserServiceImpl,systemLogAOP,commonServiceImpl,configProperties,attachmentsServiceImpl,attachmentsController,shareResources,iM4ImageHandler,imageService,org.mybatis.spring.mapper.MapperScannerConfigurer#1,org.springframework.context.annotation.ConfigurationClassPostProcessor.importAwareProcessor,org.springframework.context.annotation.ConfigurationClassPostProcessor.enhancedConfigurationProcessor,sysConstant,ISysDeptDao,commSeqMapper,sysCodeMapper,sysDeptMapper,sysDeptUserMapper,sysIndexitemMapper,sysLogMapper,sysModuleMapper,sysRoleFuncMapper,sysRoleMapper,sysRoleUserMapper,sysUserMapper,IIndexItemService,ISysCodeService,ISysDeptService,ISysModuleService,ISystemLogService,ISystemRoleService,ISystemUserService,attachmentsMapper,attaThumbnailMapper,resConstant,attachmentsService]; root of factory hierarchy
16:07:35,433 DEBUG DefaultListableBeanFactory:247 - Returning cached instance of singleton bean 'org.springframework.beans.factory.config.PropertyPlaceholderConfigurer#0'
16:07:35,434 DEBUG DefaultListableBeanFactory:220 - Creating shared instance of singleton bean 'dataSource'
16:07:35,434 DEBUG DefaultListableBeanFactory:450 - Creating instance of bean 'dataSource'
16:07:35,437 DEBUG DefaultListableBeanFactory:220 - Creating shared instance of singleton bean 'org.springframework.transaction.config.internalTransactionAdvisor'
16:07:35,437 DEBUG DefaultListableBeanFactory:450 - Creating instance of bean 'org.springframework.transaction.config.internalTransactionAdvisor'
16:07:35,438 DEBUG DefaultListableBeanFactory:524 - Eagerly caching bean 'org.springframework.transaction.config.internalTransactionAdvisor' to allow for resolving potential circular references
16:07:35,438 DEBUG DefaultListableBeanFactory:220 - Creating shared instance of singleton bean 'org.springframework.transaction.annotation.AnnotationTransactionAttributeSource#0'
16:07:35,438 DEBUG DefaultListableBeanFactory:450 - Creating instance of bean 'org.springframework.transaction.annotation.AnnotationTransactionAttributeSource#0'
16:07:35,439 DEBUG BeanFactoryAdvisorRetrievalHelper:87 - Skipping currently created advisor 'org.springframework.transaction.config.internalTransactionAdvisor'
16:07:35,442 DEBUG ReflectiveAspectJAdvisorFactory:221 - Found AspectJ method: public java.lang.Object com.framework.common.aspect.QueryParamAop.actionAopAround(org.aspectj.lang.ProceedingJoinPoint,com.framework.mybatis.model.QueryModel,java.lang.Integer,java.lang.Integer) throws java.lang.Throwable
16:07:35,443 DEBUG ReflectiveAspectJAdvisorFactory:221 - Found AspectJ method: public void com.framework.common.aspect.QueryParamAop.beforeAction(org.aspectj.lang.JoinPoint,com.framework.mybatis.model.QueryModel,java.lang.Integer,java.lang.Integer)
16:07:35,447 DEBUG ReflectiveAspectJAdvisorFactory:221 - Found AspectJ method: public void com.framework.mybatis.aspect.SystemLogAOP.doBefore(org.aspectj.lang.JoinPoint)
16:07:35,448 DEBUG ReflectiveAspectJAdvisorFactory:221 - Found AspectJ method: public void com.framework.mybatis.aspect.SystemLogAOP.doAfterThrowing(org.aspectj.lang.JoinPoint,java.lang.Throwable)
16:07:35,452 DEBUG DefaultListableBeanFactory:524 - Eagerly caching bean 'org.springframework.transaction.annotation.AnnotationTransactionAttributeSource#0' to allow for resolving potential circular references
16:07:35,454 DEBUG BeanFactoryAdvisorRetrievalHelper:87 - Skipping currently created advisor 'org.springframework.transaction.config.internalTransactionAdvisor'
16:07:35,454 DEBUG BeanFactoryAdvisorRetrievalHelper:87 - Skipping currently created advisor 'org.springframework.transaction.config.internalTransactionAdvisor'
16:07:35,473 DEBUG DefaultListableBeanFactory:478 - Finished creating instance of bean 'org.springframework.transaction.annotation.AnnotationTransactionAttributeSource#0'
16:07:35,474 DEBUG DefaultListableBeanFactory:478 - Finished creating instance of bean 'org.springframework.transaction.config.internalTransactionAdvisor'
16:07:35,496 DEBUG DefaultListableBeanFactory:524 - Eagerly caching bean 'dataSource' to allow for resolving potential circular references
16:07:35,497 DEBUG DefaultListableBeanFactory:247 - Returning cached instance of singleton bean 'org.springframework.transaction.config.internalTransactionAdvisor'
16:07:35,497 DEBUG DefaultListableBeanFactory:247 - Returning cached instance of singleton bean 'org.springframework.transaction.config.internalTransactionAdvisor'
16:07:36,026 DEBUG DefaultListableBeanFactory:478 - Finished creating instance of bean 'dataSource'
16:07:36,026 DEBUG DefaultListableBeanFactory:220 - Creating shared instance of singleton bean 'validator'
16:07:36,027 DEBUG DefaultListableBeanFactory:450 - Creating instance of bean 'validator'
16:07:36,027 DEBUG DefaultListableBeanFactory:247 - Returning cached instance of singleton bean 'org.springframework.transaction.config.internalTransactionAdvisor'
16:07:36,027 DEBUG DefaultListableBeanFactory:524 - Eagerly caching bean 'validator' to allow for resolving potential circular references
16:07:36,028 DEBUG DefaultListableBeanFactory:1610 - Invoking afterPropertiesSet() on bean with name 'validator'
16:07:36,028 DEBUG DefaultTraversableResolver:103 - Found javax.persistence.Persistence on classpath containing 'getPersistenceUtil'. Assuming JPA 2 environment. Trying to instantiate JPA aware TraversableResolver
16:07:36,029 DEBUG DefaultTraversableResolver:114 - Instantiated JPA aware TraversableResolver of type org.hibernate.validator.internal.engine.resolver.JPATraversableResolver.
16:07:36,029 DEBUG ConfigurationImpl:145 - Setting custom MessageInterpolator of type org.springframework.validation.beanvalidation.LocaleContextMessageInterpolator
16:07:36,029 DEBUG ConfigurationImpl:167 - Setting custom ConstraintValidatorFactory of type org.springframework.validation.beanvalidation.SpringConstraintValidatorFactory
16:07:36,029 DEBUG ConfigurationImpl:181 - Setting custom ParameterNameProvider of type com.sun.proxy.$Proxy33
16:07:36,029 DEBUG ValidationXmlParser:90 - Trying to load META-INF/validation.xml for XML based Validator configuration.
16:07:36,029 DEBUG ResourceLoaderHelper:54 - Trying to load META-INF/validation.xml via TCCL
16:07:36,030 DEBUG ResourceLoaderHelper:60 - Trying to load META-INF/validation.xml via Hibernate Validator's class loader
16:07:36,030 DEBUG ValidationXmlParser:97 - No META-INF/validation.xml found. Using annotation based configuration only.
16:07:36,032 DEBUG DefaultListableBeanFactory:247 - Returning cached instance of singleton bean 'org.springframework.transaction.config.internalTransactionAdvisor'
16:07:36,032 DEBUG DefaultListableBeanFactory:247 - Returning cached instance of singleton bean 'org.springframework.transaction.config.internalTransactionAdvisor'
16:07:36,067 DEBUG DefaultListableBeanFactory:478 - Finished creating instance of bean 'validator'
16:07:36,067 DEBUG DefaultListableBeanFactory:220 - Creating shared instance of singleton bean 'controlAdvice'
16:07:36,067 DEBUG DefaultListableBeanFactory:450 - Creating instance of bean 'controlAdvice'
16:07:36,067 DEBUG DefaultListableBeanFactory:247 - Returning cached instance of singleton bean 'org.springframework.transaction.config.internalTransactionAdvisor'
16:07:36,069 DEBUG DefaultListableBeanFactory:524 - Eagerly caching bean 'controlAdvice' to allow for resolving potential circular references
16:07:36,069 DEBUG DefaultListableBeanFactory:247 - Returning cached instance of singleton bean 'org.springframework.transaction.config.internalTransactionAdvisor'
16:07:36,069 DEBUG DefaultListableBeanFactory:247 - Returning cached instance of singleton bean 'org.springframework.transaction.config.internalTransactionAdvisor'
16:07:36,076 DEBUG DefaultListableBeanFactory:478 - Finished creating instance of bean 'controlAdvice'
16:07:36,076 DEBUG DefaultListableBeanFactory:220 - Creating shared instance of singleton bean 'sessionManager'
16:07:36,076 DEBUG DefaultListableBeanFactory:450 - Creating instance of bean 'sessionManager'
16:07:36,077 DEBUG DefaultListableBeanFactory:247 - Returning cached instance of singleton bean 'org.springframework.transaction.config.internalTransactionAdvisor'
16:07:36,077 DEBUG DefaultListableBeanFactory:524 - Eagerly caching bean 'sessionManager' to allow for resolving potential circular references
16:07:36,077 DEBUG DefaultListableBeanFactory:247 - Returning cached instance of singleton bean 'org.springframework.transaction.config.internalTransactionAdvisor'
16:07:36,077 DEBUG DefaultListableBeanFactory:247 - Returning cached instance of singleton bean 'org.springframework.transaction.config.internalTransactionAdvisor'
16:07:36,085 DEBUG DefaultListableBeanFactory:478 - Finished creating instance of bean 'sessionManager'
16:07:36,085 DEBUG DefaultListableBeanFactory:247 - Returning cached instance of singleton bean 'org.springframework.context.annotation.internalConfigurationAnnotationProcessor'
16:07:36,086 DEBUG DefaultListableBeanFactory:247 - Returning cached instance of singleton bean 'org.springframework.context.annotation.internalAutowiredAnnotationProcessor'
16:07:36,086 DEBUG DefaultListableBeanFactory:247 - Returning cached instance of singleton bean 'org.springframework.context.annotation.internalRequiredAnnotationProcessor'
16:07:36,086 DEBUG DefaultListableBeanFactory:247 - Returning cached instance of singleton bean 'org.springframework.context.annotation.internalCommonAnnotationProcessor'
16:07:36,086 DEBUG DefaultListableBeanFactory:247 - Returning cached instance of singleton bean 'org.springframework.context.annotation.internalPersistenceAnnotationProcessor'
16:07:36,086 DEBUG DefaultListableBeanFactory:220 - Creating shared instance of singleton bean 'queryParamAop'
16:07:36,086 DEBUG DefaultListableBeanFactory:450 - Creating instance of bean 'queryParamAop'
16:07:36,087 DEBUG DefaultListableBeanFactory:524 - Eagerly caching bean 'queryParamAop' to allow for resolving potential circular references
16:07:36,087 DEBUG DefaultListableBeanFactory:478 - Finished creating instance of bean 'queryParamAop'
16:07:36,087 DEBUG DefaultListableBeanFactory:247 - Returning cached instance of singleton bean 'org.springframework.aop.config.internalAutoProxyCreator'
16:07:36,087 DEBUG DefaultListableBeanFactory:247 - Returning cached instance of singleton bean 'org.springframework.transaction.annotation.AnnotationTransactionAttributeSource#0'
16:07:36,088 DEBUG DefaultListableBeanFactory:220 - Creating shared instance of singleton bean 'org.springframework.transaction.interceptor.TransactionInterceptor#0'
16:07:36,088 DEBUG DefaultListableBeanFactory:450 - Creating instance of bean 'org.springframework.transaction.interceptor.TransactionInterceptor#0'
16:07:36,088 DEBUG DefaultListableBeanFactory:524 - Eagerly caching bean 'org.springframework.transaction.interceptor.TransactionInterceptor#0' to allow for resolving potential circular references
16:07:36,089 DEBUG DefaultListableBeanFactory:247 - Returning cached instance of singleton bean 'org.springframework.transaction.annotation.AnnotationTransactionAttributeSource#0'
16:07:36,089 DEBUG DefaultListableBeanFactory:1610 - Invoking afterPropertiesSet() on bean with name 'org.springframework.transaction.interceptor.TransactionInterceptor#0'
16:07:36,089 DEBUG DefaultListableBeanFactory:478 - Finished creating instance of bean 'org.springframework.transaction.interceptor.TransactionInterceptor#0'
16:07:36,089 DEBUG DefaultListableBeanFactory:247 - Returning cached instance of singleton bean 'org.springframework.transaction.config.internalTransactionAdvisor'
16:07:36,089 DEBUG DefaultListableBeanFactory:220 - Creating shared instance of singleton bean 'sqlSessionFactory'
16:07:36,090 DEBUG DefaultListableBeanFactory:450 - Creating instance of bean 'sqlSessionFactory'
16:07:36,090 DEBUG DefaultListableBeanFactory:247 - Returning cached instance of singleton bean 'org.springframework.transaction.config.internalTransactionAdvisor'
16:07:36,090 DEBUG DefaultListableBeanFactory:524 - Eagerly caching bean 'sqlSessionFactory' to allow for resolving potential circular references
16:07:36,090 DEBUG DefaultListableBeanFactory:247 - Returning cached instance of singleton bean 'dataSource'
16:07:36,094 DEBUG DefaultListableBeanFactory:1610 - Invoking afterPropertiesSet() on bean with name 'sqlSessionFactory'
16:07:36,099 DEBUG PageInterceptor:130 - {}
16:07:36,100 DEBUG PageInterceptor:119 - {defaultPageSize=10}
16:07:36,104 DEBUG SqlSessionFactoryBean:427 - Parsed configuration file: 'class path resource [context/mybatis-config.xml]'
16:07:36,147 DEBUG SqlSessionFactoryBean:468 - Parsed mapper file: 'file [D:\workspace\framework-root\framework-resources\target\test-classes\context\mapper\AttachmentsMapper.xml]'
16:07:36,168 DEBUG SqlSessionFactoryBean:468 - Parsed mapper file: 'file [D:\workspace\framework-root\framework-resources\target\test-classes\context\mapper\AttaThumbnailMapper.xml]'
16:07:36,187 DEBUG SqlSessionFactoryBean:468 - Parsed mapper file: 'file [D:\workspace\framework-root\framework-resources\target\test-classes\context\mapper\CommSeqMapper.xml]'
16:07:36,217 DEBUG SqlSessionFactoryBean:468 - Parsed mapper file: 'file [D:\workspace\framework-root\framework-resources\target\test-classes\context\mapper\PublicMapper.xml]'
16:07:36,247 DEBUG SqlSessionFactoryBean:468 - Parsed mapper file: 'file [D:\workspace\framework-root\framework-resources\target\test-classes\context\mapper\SysCodeMapper.xml]'
16:07:36,273 DEBUG SqlSessionFactoryBean:468 - Parsed mapper file: 'file [D:\workspace\framework-root\framework-resources\target\test-classes\context\mapper\SysDeptMapper.xml]'
16:07:36,312 DEBUG SqlSessionFactoryBean:468 - Parsed mapper file: 'file [D:\workspace\framework-root\framework-resources\target\test-classes\context\mapper\SysDeptUserMapper.xml]'
16:07:36,335 DEBUG SqlSessionFactoryBean:468 - Parsed mapper file: 'file [D:\workspace\framework-root\framework-resources\target\test-classes\context\mapper\SysIndexitemMapper.xml]'
16:07:36,354 DEBUG SqlSessionFactoryBean:468 - Parsed mapper file: 'file [D:\workspace\framework-root\framework-resources\target\test-classes\context\mapper\SysLogMapper.xml]'
16:07:36,373 DEBUG SqlSessionFactoryBean:468 - Parsed mapper file: 'file [D:\workspace\framework-root\framework-resources\target\test-classes\context\mapper\SysModuleMapper.xml]'
16:07:36,387 DEBUG SqlSessionFactoryBean:468 - Parsed mapper file: 'file [D:\workspace\framework-root\framework-resources\target\test-classes\context\mapper\SysRoleFuncMapper.xml]'
16:07:36,404 DEBUG SqlSessionFactoryBean:468 - Parsed mapper file: 'file [D:\workspace\framework-root\framework-resources\target\test-classes\context\mapper\SysRoleMapper.xml]'
16:07:36,416 DEBUG SqlSessionFactoryBean:468 - Parsed mapper file: 'file [D:\workspace\framework-root\framework-resources\target\test-classes\context\mapper\SysRoleUserMapper.xml]'
16:07:36,436 DEBUG SqlSessionFactoryBean:468 - Parsed mapper file: 'file [D:\workspace\framework-root\framework-resources\target\test-classes\context\mapper\SysUserMapper.xml]'
16:07:36,444  WARN GenericApplicationContext:487 - Exception encountered during context initialization - cancelling refresh attempt
org.springframework.beans.factory.BeanCreationException: Error creating bean with name 'sqlSessionFactory' defined in class path resource [config/application-core.xml]: Invocation of init method failed; nested exception is org.springframework.core.NestedIOException: Failed to parse mapping resource: 'file [D:\workspace\framework-root\framework-resources\target\classes\context\mapper\AttachmentsMapper.xml]'; nested exception is org.apache.ibatis.builder.BuilderException: Error parsing Mapper XML. Cause: java.lang.IllegalArgumentException: Result Maps collection already contains value for com.resources.dao.AttachmentsMapper.BaseResultMap
	at org.springframework.beans.factory.support.AbstractAutowireCapableBeanFactory.initializeBean(AbstractAutowireCapableBeanFactory.java:1568)
	at org.springframework.beans.factory.support.AbstractAutowireCapableBeanFactory.doCreateBean(AbstractAutowireCapableBeanFactory.java:540)
	at org.springframework.beans.factory.support.AbstractAutowireCapableBeanFactory.createBean(AbstractAutowireCapableBeanFactory.java:476)
	at org.springframework.beans.factory.support.AbstractBeanFactory$1.getObject(AbstractBeanFactory.java:302)
	at org.springframework.beans.factory.support.DefaultSingletonBeanRegistry.getSingleton(DefaultSingletonBeanRegistry.java:229)
	at org.springframework.beans.factory.support.AbstractBeanFactory.doGetBean(AbstractBeanFactory.java:298)
	at org.springframework.beans.factory.support.AbstractBeanFactory.getBean(AbstractBeanFactory.java:193)
	at org.springframework.beans.factory.support.DefaultListableBeanFactory.preInstantiateSingletons(DefaultListableBeanFactory.java:706)
	at org.springframework.context.support.AbstractApplicationContext.finishBeanFactoryInitialization(AbstractApplicationContext.java:757)
	at org.springframework.context.support.AbstractApplicationContext.refresh(AbstractApplicationContext.java:480)
	at org.springframework.test.context.support.AbstractGenericContextLoader.loadContext(AbstractGenericContextLoader.java:125)
	at org.springframework.test.context.support.AbstractGenericContextLoader.loadContext(AbstractGenericContextLoader.java:60)
	at org.springframework.test.context.support.AbstractDelegatingSmartContextLoader.delegateLoading(AbstractDelegatingSmartContextLoader.java:108)
	at org.springframework.test.context.support.AbstractDelegatingSmartContextLoader.loadContext(AbstractDelegatingSmartContextLoader.java:260)
	at org.springframework.test.context.DefaultCacheAwareContextLoaderDelegate.loadContextInternal(DefaultCacheAwareContextLoaderDelegate.java:63)
	at org.springframework.test.context.DefaultCacheAwareContextLoaderDelegate.loadContext(DefaultCacheAwareContextLoaderDelegate.java:83)
	at org.springframework.test.context.DefaultTestContext.getApplicationContext(DefaultTestContext.java:74)
	at org.springframework.test.context.support.DependencyInjectionTestExecutionListener.injectDependencies(DependencyInjectionTestExecutionListener.java:116)
	at org.springframework.test.context.support.DependencyInjectionTestExecutionListener.prepareTestInstance(DependencyInjectionTestExecutionListener.java:82)
	at org.springframework.test.context.TestContextManager.prepareTestInstance(TestContextManager.java:212)
	at org.springframework.test.context.junit4.SpringJUnit4ClassRunner.createTest(SpringJUnit4ClassRunner.java:199)
	at org.springframework.test.context.junit4.SpringJUnit4ClassRunner$1.runReflectiveCall(SpringJUnit4ClassRunner.java:251)
	at org.junit.internal.runners.model.ReflectiveCallable.run(ReflectiveCallable.java:12)
	at org.springframework.test.context.junit4.SpringJUnit4ClassRunner.methodBlock(SpringJUnit4ClassRunner.java:253)
	at org.springframework.test.context.junit4.SpringJUnit4ClassRunner.runChild(SpringJUnit4ClassRunner.java:216)
	at org.springframework.test.context.junit4.SpringJUnit4ClassRunner.runChild(SpringJUnit4ClassRunner.java:82)
	at org.junit.runners.ParentRunner$3.run(ParentRunner.java:238)
	at org.junit.runners.ParentRunner$1.schedule(ParentRunner.java:63)
	at org.junit.runners.ParentRunner.runChildren(ParentRunner.java:236)
	at org.junit.runners.ParentRunner.access$000(ParentRunner.java:53)
	at org.junit.runners.ParentRunner$2.evaluate(ParentRunner.java:229)
	at org.springframework.test.context.junit4.statements.RunBeforeTestClassCallbacks.evaluate(RunBeforeTestClassCallbacks.java:60)
	at org.springframework.test.context.junit4.statements.RunAfterTestClassCallbacks.evaluate(RunAfterTestClassCallbacks.java:67)
	at org.junit.runners.ParentRunner.run(ParentRunner.java:309)
	at org.springframework.test.context.junit4.SpringJUnit4ClassRunner.run(SpringJUnit4ClassRunner.java:162)
	at org.apache.maven.surefire.junit4.JUnit4Provider.execute(JUnit4Provider.java:344)
	at org.apache.maven.surefire.junit4.JUnit4Provider.executeWithRerun(JUnit4Provider.java:269)
	at org.apache.maven.surefire.junit4.JUnit4Provider.executeTestSet(JUnit4Provider.java:240)
	at org.apache.maven.surefire.junit4.JUnit4Provider.invoke(JUnit4Provider.java:184)
	at org.apache.maven.surefire.booter.ForkedBooter.invokeProviderInSameClassLoader(ForkedBooter.java:286)
	at org.apache.maven.surefire.booter.ForkedBooter.runSuitesInProcess(ForkedBooter.java:240)
	at org.apache.maven.surefire.booter.ForkedBooter.main(ForkedBooter.java:121)
Caused by: org.springframework.core.NestedIOException: Failed to parse mapping resource: 'file [D:\workspace\framework-root\framework-resources\target\classes\context\mapper\AttachmentsMapper.xml]'; nested exception is org.apache.ibatis.builder.BuilderException: Error parsing Mapper XML. Cause: java.lang.IllegalArgumentException: Result Maps collection already contains value for com.resources.dao.AttachmentsMapper.BaseResultMap
	at org.mybatis.spring.SqlSessionFactoryBean.buildSqlSessionFactory(SqlSessionFactoryBean.java:462)
	at org.mybatis.spring.SqlSessionFactoryBean.afterPropertiesSet(SqlSessionFactoryBean.java:336)
	at org.springframework.beans.factory.support.AbstractAutowireCapableBeanFactory.invokeInitMethods(AbstractAutowireCapableBeanFactory.java:1627)
	at org.springframework.beans.factory.support.AbstractAutowireCapableBeanFactory.initializeBean(AbstractAutowireCapableBeanFactory.java:1564)
	... 41 more
Caused by: org.apache.ibatis.builder.BuilderException: Error parsing Mapper XML. Cause: java.lang.IllegalArgumentException: Result Maps collection already contains value for com.resources.dao.AttachmentsMapper.BaseResultMap
	at org.apache.ibatis.builder.xml.XMLMapperBuilder.configurationElement(XMLMapperBuilder.java:117)
	at org.apache.ibatis.builder.xml.XMLMapperBuilder.parse(XMLMapperBuilder.java:89)
	at org.mybatis.spring.SqlSessionFactoryBean.buildSqlSessionFactory(SqlSessionFactoryBean.java:460)
	... 44 more
Caused by: java.lang.IllegalArgumentException: Result Maps collection already contains value for com.resources.dao.AttachmentsMapper.BaseResultMap
	at org.apache.ibatis.session.Configuration$StrictMap.put(Configuration.java:782)
	at org.apache.ibatis.session.Configuration$StrictMap.put(Configuration.java:754)
	at org.apache.ibatis.session.Configuration.addResultMap(Configuration.java:536)
	at org.apache.ibatis.builder.MapperBuilderAssistant.addResultMap(MapperBuilderAssistant.java:204)
	at org.apache.ibatis.builder.ResultMapResolver.resolve(ResultMapResolver.java:44)
	at org.apache.ibatis.builder.xml.XMLMapperBuilder.resultMapElement(XMLMapperBuilder.java:281)
	at org.apache.ibatis.builder.xml.XMLMapperBuilder.resultMapElement(XMLMapperBuilder.java:248)
	at org.apache.ibatis.builder.xml.XMLMapperBuilder.resultMapElements(XMLMapperBuilder.java:240)
	at org.apache.ibatis.builder.xml.XMLMapperBuilder.configurationElement(XMLMapperBuilder.java:113)
	... 46 more
16:07:36,444 DEBUG DefaultListableBeanFactory:499 - Destroying singletons in org.springframework.beans.factory.support.DefaultListableBeanFactory@37bd58e6: defining beans [org.springframework.beans.factory.config.PropertyPlaceholderConfigurer#0,dataSource,validator,controlAdvice,sessionManager,org.springframework.context.annotation.internalConfigurationAnnotationProcessor,org.springframework.context.annotation.internalAutowiredAnnotationProcessor,org.springframework.context.annotation.internalRequiredAnnotationProcessor,org.springframework.context.annotation.internalCommonAnnotationProcessor,org.springframework.context.annotation.internalPersistenceAnnotationProcessor,queryParamAop,org.springframework.aop.config.internalAutoProxyCreator,org.springframework.transaction.annotation.AnnotationTransactionAttributeSource#0,org.springframework.transaction.interceptor.TransactionInterceptor#0,org.springframework.transaction.config.internalTransactionAdvisor,sqlSessionFactory,myBatisExceptionTranslator,org.mybatis.spring.mapper.MapperScannerConfigurer#0,transactionManager,indexItemService,sysCodeService,sysDeptServiceImpl,sysModuleServiceImpl,systemLogServiceImpl,systemRoleServiceImpl,systemUserServiceImpl,systemLogAOP,commonServiceImpl,configProperties,attachmentsServiceImpl,attachmentsController,shareResources,iM4ImageHandler,imageService,org.mybatis.spring.mapper.MapperScannerConfigurer#1,org.springframework.context.annotation.ConfigurationClassPostProcessor.importAwareProcessor,org.springframework.context.annotation.ConfigurationClassPostProcessor.enhancedConfigurationProcessor,sysConstant,ISysDeptDao,commSeqMapper,sysCodeMapper,sysDeptMapper,sysDeptUserMapper,sysIndexitemMapper,sysLogMapper,sysModuleMapper,sysRoleFuncMapper,sysRoleMapper,sysRoleUserMapper,sysUserMapper,IIndexItemService,ISysCodeService,ISysDeptService,ISysModuleService,ISystemLogService,ISystemRoleService,ISystemUserService,attachmentsMapper,attaThumbnailMapper,resConstant,attachmentsService]; root of factory hierarchy
16:07:36,445 DEBUG DisposableBeanAdapter:245 - Invoking destroy() on bean with name 'validator'
16:07:36,445 DEBUG DisposableBeanAdapter:323 - Invoking destroy method 'close' on bean with name 'dataSource'
16:07:36,446 ERROR TestContextManager:215 - Caught exception while allowing TestExecutionListener [org.springframework.test.context.support.DependencyInjectionTestExecutionListener@768afd65] to prepare test instance [com.framework.resources.dao.AttachmentsMapperTest@1f58b010]
java.lang.IllegalStateException: Failed to load ApplicationContext
	at org.springframework.test.context.DefaultCacheAwareContextLoaderDelegate.loadContext(DefaultCacheAwareContextLoaderDelegate.java:91)
	at org.springframework.test.context.DefaultTestContext.getApplicationContext(DefaultTestContext.java:74)
	at org.springframework.test.context.support.DependencyInjectionTestExecutionListener.injectDependencies(DependencyInjectionTestExecutionListener.java:116)
	at org.springframework.test.context.support.DependencyInjectionTestExecutionListener.prepareTestInstance(DependencyInjectionTestExecutionListener.java:82)
	at org.springframework.test.context.TestContextManager.prepareTestInstance(TestContextManager.java:212)
	at org.springframework.test.context.junit4.SpringJUnit4ClassRunner.createTest(SpringJUnit4ClassRunner.java:199)
	at org.springframework.test.context.junit4.SpringJUnit4ClassRunner$1.runReflectiveCall(SpringJUnit4ClassRunner.java:251)
	at org.junit.internal.runners.model.ReflectiveCallable.run(ReflectiveCallable.java:12)
	at org.springframework.test.context.junit4.SpringJUnit4ClassRunner.methodBlock(SpringJUnit4ClassRunner.java:253)
	at org.springframework.test.context.junit4.SpringJUnit4ClassRunner.runChild(SpringJUnit4ClassRunner.java:216)
	at org.springframework.test.context.junit4.SpringJUnit4ClassRunner.runChild(SpringJUnit4ClassRunner.java:82)
	at org.junit.runners.ParentRunner$3.run(ParentRunner.java:238)
	at org.junit.runners.ParentRunner$1.schedule(ParentRunner.java:63)
	at org.junit.runners.ParentRunner.runChildren(ParentRunner.java:236)
	at org.junit.runners.ParentRunner.access$000(ParentRunner.java:53)
	at org.junit.runners.ParentRunner$2.evaluate(ParentRunner.java:229)
	at org.springframework.test.context.junit4.statements.RunBeforeTestClassCallbacks.evaluate(RunBeforeTestClassCallbacks.java:60)
	at org.springframework.test.context.junit4.statements.RunAfterTestClassCallbacks.evaluate(RunAfterTestClassCallbacks.java:67)
	at org.junit.runners.ParentRunner.run(ParentRunner.java:309)
	at org.springframework.test.context.junit4.SpringJUnit4ClassRunner.run(SpringJUnit4ClassRunner.java:162)
	at org.apache.maven.surefire.junit4.JUnit4Provider.execute(JUnit4Provider.java:344)
	at org.apache.maven.surefire.junit4.JUnit4Provider.executeWithRerun(JUnit4Provider.java:269)
	at org.apache.maven.surefire.junit4.JUnit4Provider.executeTestSet(JUnit4Provider.java:240)
	at org.apache.maven.surefire.junit4.JUnit4Provider.invoke(JUnit4Provider.java:184)
	at org.apache.maven.surefire.booter.ForkedBooter.invokeProviderInSameClassLoader(ForkedBooter.java:286)
	at org.apache.maven.surefire.booter.ForkedBooter.runSuitesInProcess(ForkedBooter.java:240)
	at org.apache.maven.surefire.booter.ForkedBooter.main(ForkedBooter.java:121)
Caused by: org.springframework.beans.factory.BeanCreationException: Error creating bean with name 'sqlSessionFactory' defined in class path resource [config/application-core.xml]: Invocation of init method failed; nested exception is org.springframework.core.NestedIOException: Failed to parse mapping resource: 'file [D:\workspace\framework-root\framework-resources\target\classes\context\mapper\AttachmentsMapper.xml]'; nested exception is org.apache.ibatis.builder.BuilderException: Error parsing Mapper XML. Cause: java.lang.IllegalArgumentException: Result Maps collection already contains value for com.resources.dao.AttachmentsMapper.BaseResultMap
	at org.springframework.beans.factory.support.AbstractAutowireCapableBeanFactory.initializeBean(AbstractAutowireCapableBeanFactory.java:1568)
	at org.springframework.beans.factory.support.AbstractAutowireCapableBeanFactory.doCreateBean(AbstractAutowireCapableBeanFactory.java:540)
	at org.springframework.beans.factory.support.AbstractAutowireCapableBeanFactory.createBean(AbstractAutowireCapableBeanFactory.java:476)
	at org.springframework.beans.factory.support.AbstractBeanFactory$1.getObject(AbstractBeanFactory.java:302)
	at org.springframework.beans.factory.support.DefaultSingletonBeanRegistry.getSingleton(DefaultSingletonBeanRegistry.java:229)
	at org.springframework.beans.factory.support.AbstractBeanFactory.doGetBean(AbstractBeanFactory.java:298)
	at org.springframework.beans.factory.support.AbstractBeanFactory.getBean(AbstractBeanFactory.java:193)
	at org.springframework.beans.factory.support.DefaultListableBeanFactory.preInstantiateSingletons(DefaultListableBeanFactory.java:706)
	at org.springframework.context.support.AbstractApplicationContext.finishBeanFactoryInitialization(AbstractApplicationContext.java:757)
	at org.springframework.context.support.AbstractApplicationContext.refresh(AbstractApplicationContext.java:480)
	at org.springframework.test.context.support.AbstractGenericContextLoader.loadContext(AbstractGenericContextLoader.java:125)
	at org.springframework.test.context.support.AbstractGenericContextLoader.loadContext(AbstractGenericContextLoader.java:60)
	at org.springframework.test.context.support.AbstractDelegatingSmartContextLoader.delegateLoading(AbstractDelegatingSmartContextLoader.java:108)
	at org.springframework.test.context.support.AbstractDelegatingSmartContextLoader.loadContext(AbstractDelegatingSmartContextLoader.java:260)
	at org.springframework.test.context.DefaultCacheAwareContextLoaderDelegate.loadContextInternal(DefaultCacheAwareContextLoaderDelegate.java:63)
	at org.springframework.test.context.DefaultCacheAwareContextLoaderDelegate.loadContext(DefaultCacheAwareContextLoaderDelegate.java:83)
	... 26 more
Caused by: org.springframework.core.NestedIOException: Failed to parse mapping resource: 'file [D:\workspace\framework-root\framework-resources\target\classes\context\mapper\AttachmentsMapper.xml]'; nested exception is org.apache.ibatis.builder.BuilderException: Error parsing Mapper XML. Cause: java.lang.IllegalArgumentException: Result Maps collection already contains value for com.resources.dao.AttachmentsMapper.BaseResultMap
	at org.mybatis.spring.SqlSessionFactoryBean.buildSqlSessionFactory(SqlSessionFactoryBean.java:462)
	at org.mybatis.spring.SqlSessionFactoryBean.afterPropertiesSet(SqlSessionFactoryBean.java:336)
	at org.springframework.beans.factory.support.AbstractAutowireCapableBeanFactory.invokeInitMethods(AbstractAutowireCapableBeanFactory.java:1627)
	at org.springframework.beans.factory.support.AbstractAutowireCapableBeanFactory.initializeBean(AbstractAutowireCapableBeanFactory.java:1564)
	... 41 more
Caused by: org.apache.ibatis.builder.BuilderException: Error parsing Mapper XML. Cause: java.lang.IllegalArgumentException: Result Maps collection already contains value for com.resources.dao.AttachmentsMapper.BaseResultMap
	at org.apache.ibatis.builder.xml.XMLMapperBuilder.configurationElement(XMLMapperBuilder.java:117)
	at org.apache.ibatis.builder.xml.XMLMapperBuilder.parse(XMLMapperBuilder.java:89)
	at org.mybatis.spring.SqlSessionFactoryBean.buildSqlSessionFactory(SqlSessionFactoryBean.java:460)
	... 44 more
Caused by: java.lang.IllegalArgumentException: Result Maps collection already contains value for com.resources.dao.AttachmentsMapper.BaseResultMap
	at org.apache.ibatis.session.Configuration$StrictMap.put(Configuration.java:782)
	at org.apache.ibatis.session.Configuration$StrictMap.put(Configuration.java:754)
	at org.apache.ibatis.session.Configuration.addResultMap(Configuration.java:536)
	at org.apache.ibatis.builder.MapperBuilderAssistant.addResultMap(MapperBuilderAssistant.java:204)
	at org.apache.ibatis.builder.ResultMapResolver.resolve(ResultMapResolver.java:44)
	at org.apache.ibatis.builder.xml.XMLMapperBuilder.resultMapElement(XMLMapperBuilder.java:281)
	at org.apache.ibatis.builder.xml.XMLMapperBuilder.resultMapElement(XMLMapperBuilder.java:248)
	at org.apache.ibatis.builder.xml.XMLMapperBuilder.resultMapElements(XMLMapperBuilder.java:240)
	at org.apache.ibatis.builder.xml.XMLMapperBuilder.configurationElement(XMLMapperBuilder.java:113)
	... 46 more
]]></system-out>
  </testcase>
  <testcase name="testSelectByConditionQueryModelOr" classname="com.framework.resources.dao.AttachmentsMapperTest" time="0.001">
    <error message="Failed to load ApplicationContext" type="java.lang.IllegalStateException">java.lang.IllegalStateException: Failed to load ApplicationContext
Caused by: org.springframework.beans.factory.BeanCreationException: Error creating bean with name 'sqlSessionFactory' defined in class path resource [config/application-core.xml]: Invocation of init method failed; nested exception is org.springframework.core.NestedIOException: Failed to parse mapping resource: 'file [D:\workspace\framework-root\framework-resources\target\classes\context\mapper\AttachmentsMapper.xml]'; nested exception is org.apache.ibatis.builder.BuilderException: Error parsing Mapper XML. Cause: java.lang.IllegalArgumentException: Result Maps collection already contains value for com.resources.dao.AttachmentsMapper.BaseResultMap
Caused by: org.springframework.core.NestedIOException: Failed to parse mapping resource: 'file [D:\workspace\framework-root\framework-resources\target\classes\context\mapper\AttachmentsMapper.xml]'; nested exception is org.apache.ibatis.builder.BuilderException: Error parsing Mapper XML. Cause: java.lang.IllegalArgumentException: Result Maps collection already contains value for com.resources.dao.AttachmentsMapper.BaseResultMap
Caused by: org.apache.ibatis.builder.BuilderException: Error parsing Mapper XML. Cause: java.lang.IllegalArgumentException: Result Maps collection already contains value for com.resources.dao.AttachmentsMapper.BaseResultMap
Caused by: java.lang.IllegalArgumentException: Result Maps collection already contains value for com.resources.dao.AttachmentsMapper.BaseResultMap
</error>
    <system-out><![CDATA[16:07:36,447 DEBUG ProfileValueUtils:70 - Retrieved @ProfileValueSourceConfiguration [null] for test class [com.framework.resources.dao.AttachmentsMapperTest]
16:07:36,447 DEBUG ProfileValueUtils:82 - Retrieved ProfileValueSource type [class org.springframework.test.annotation.SystemProfileValueSource] for class [com.framework.resources.dao.AttachmentsMapperTest]
16:07:36,448 DEBUG DependencyInjectionTestExecutionListener:80 - Performing dependency injection for test context [[DefaultTestContext@7a0eab2e testClass = AttachmentsMapperTest, testInstance = com.framework.resources.dao.AttachmentsMapperTest@63de817a, testMethod = [null], testException = [null], mergedContextConfiguration = [MergedContextConfiguration@4319b06e testClass = AttachmentsMapperTest, locations = '{classpath:config/application-resources.xml}', classes = '{}', contextInitializerClasses = '[]', activeProfiles = '{mybatis}', propertySourceLocations = '{}', propertySourceProperties = '{}', contextLoader = 'org.springframework.test.context.support.DelegatingSmartContextLoader', parent = [null]]]].
16:07:36,448 DEBUG AbstractDelegatingSmartContextLoader:106 - Delegating to GenericXmlContextLoader to load context from [MergedContextConfiguration@4319b06e testClass = AttachmentsMapperTest, locations = '{classpath:config/application-resources.xml}', classes = '{}', contextInitializerClasses = '[]', activeProfiles = '{mybatis}', propertySourceLocations = '{}', propertySourceProperties = '{}', contextLoader = 'org.springframework.test.context.support.DelegatingSmartContextLoader', parent = [null]].
16:07:36,448 DEBUG AbstractGenericContextLoader:107 - Loading ApplicationContext for merged context configuration [[MergedContextConfiguration@4319b06e testClass = AttachmentsMapperTest, locations = '{classpath:config/application-resources.xml}', classes = '{}', contextInitializerClasses = '[]', activeProfiles = '{mybatis}', propertySourceLocations = '{}', propertySourceProperties = '{}', contextLoader = 'org.springframework.test.context.support.DelegatingSmartContextLoader', parent = [null]]].
16:07:36,449  INFO XmlBeanDefinitionReader:316 - Loading XML bean definitions from class path resource [config/application-resources.xml]
16:07:36,450 DEBUG DefaultDocumentLoader:73 - Using JAXP provider [com.sun.org.apache.xerces.internal.jaxp.DocumentBuilderFactoryImpl]
16:07:36,451 DEBUG PluggableSchemaResolver:141 - Loading schema mappings from [META-INF/spring.schemas]
16:07:36,453 DEBUG PluggableSchemaResolver:147 - Loaded schema mappings: {http://www.springframework.org/schema/tx/spring-tx-2.5.xsd=org/springframework/transaction/config/spring-tx-2.5.xsd, http://www.springframework.org/schema/aop/spring-aop-4.1.xsd=org/springframework/aop/config/spring-aop-4.1.xsd, http://www.springframework.org/schema/context/spring-context-3.1.xsd=org/springframework/context/config/spring-context-3.1.xsd, http://www.springframework.org/schema/data/repository/spring-repository-1.4.xsd=org/springframework/data/repository/config/spring-repository-1.4.xsd, http://www.springframework.org/schema/jdbc/spring-jdbc-4.1.xsd=org/springframework/jdbc/config/spring-jdbc-4.1.xsd, http://www.springframework.org/schema/mvc/spring-mvc-4.1.xsd=org/springframework/web/servlet/config/spring-mvc-4.1.xsd, http://www.springframework.org/schema/util/spring-util-3.0.xsd=org/springframework/beans/factory/xml/spring-util-3.0.xsd, http://mybatis.org/schema/mybatis-spring-1.2.xsd=org/mybatis/spring/config/mybatis-spring-1.2.xsd, http://www.springframework.org/schema/tool/spring-tool.xsd=org/springframework/beans/factory/xml/spring-tool-4.1.xsd, http://www.springframework.org/schema/aop/spring-aop-3.2.xsd=org/springframework/aop/config/spring-aop-3.2.xsd, http://www.springframework.org/schema/lang/spring-lang-4.1.xsd=org/springframework/scripting/config/spring-lang-4.1.xsd, http://www.springframework.org/schema/context/spring-context-4.0.xsd=org/springframework/context/config/spring-context-4.0.xsd, http://www.springframework.org/schema/mvc/spring-mvc-3.2.xsd=org/springframework/web/servlet/config/spring-mvc-3.2.xsd, http://www.springframework.org/schema/tool/spring-tool-4.1.xsd=org/springframework/beans/factory/xml/spring-tool-4.1.xsd, http://www.springframework.org/schema/lang/spring-lang-3.2.xsd=org/springframework/scripting/config/spring-lang-3.2.xsd, http://www.springframework.org/schema/cache/spring-cache-3.2.xsd=org/springframework/cache/config/spring-cache-3.2.xsd, http://www.springframework.org/schema/jee/spring-jee-4.1.xsd=org/springframework/ejb/config/spring-jee-4.1.xsd, http://www.springframework.org/schema/jdbc/spring-jdbc-3.1.xsd=org/springframework/jdbc/config/spring-jdbc-3.1.xsd, http://www.springframework.org/schema/util/spring-util-2.0.xsd=org/springframework/beans/factory/xml/spring-util-2.0.xsd, http://www.springframework.org/schema/tool/spring-tool-3.2.xsd=org/springframework/beans/factory/xml/spring-tool-3.2.xsd, http://www.springframework.org/schema/context/spring-context.xsd=org/springframework/context/config/spring-context-4.1.xsd, http://www.springframework.org/schema/cache/spring-cache-4.1.xsd=org/springframework/cache/config/spring-cache-4.1.xsd, http://www.springframework.org/schema/aop/spring-aop-4.0.xsd=org/springframework/aop/config/spring-aop-4.0.xsd, http://www.springframework.org/schema/jee/spring-jee-3.2.xsd=org/springframework/ejb/config/spring-jee-3.2.xsd, http://www.springframework.org/schema/context/spring-context-3.0.xsd=org/springframework/context/config/spring-context-3.0.xsd, http://www.springframework.org/schema/jdbc/spring-jdbc-4.0.xsd=org/springframework/jdbc/config/spring-jdbc-4.0.xsd, http://www.springframework.org/schema/mvc/spring-mvc-4.0.xsd=org/springframework/web/servlet/config/spring-mvc-4.0.xsd, http://www.springframework.org/schema/util/spring-util-2.5.xsd=org/springframework/beans/factory/xml/spring-util-2.5.xsd, http://www.springframework.org/schema/beans/spring-beans-3.2.xsd=org/springframework/beans/factory/xml/spring-beans-3.2.xsd, http://www.springframework.org/schema/aop/spring-aop-3.1.xsd=org/springframework/aop/config/spring-aop-3.1.xsd, http://www.springframework.org/schema/lang/spring-lang-4.0.xsd=org/springframework/scripting/config/spring-lang-4.0.xsd, http://www.springframework.org/schema/mvc/spring-mvc.xsd=org/springframework/web/servlet/config/spring-mvc-4.1.xsd, http://www.springframework.org/schema/mvc/spring-mvc-3.1.xsd=org/springframework/web/servlet/config/spring-mvc-3.1.xsd, http://www.springframework.org/schema/beans/spring-beans-4.1.xsd=org/springframework/beans/factory/xml/spring-beans-4.1.xsd, http://www.springframework.org/schema/tool/spring-tool-4.0.xsd=org/springframework/beans/factory/xml/spring-tool-4.0.xsd, http://www.springframework.org/schema/tx/spring-tx-3.2.xsd=org/springframework/transaction/config/spring-tx-3.2.xsd, http://www.springframework.org/schema/lang/spring-lang-3.1.xsd=org/springframework/scripting/config/spring-lang-3.1.xsd, http://www.springframework.org/schema/cache/spring-cache-3.1.xsd=org/springframework/cache/config/spring-cache-3.1.xsd, http://www.springframework.org/schema/jee/spring-jee-4.0.xsd=org/springframework/ejb/config/spring-jee-4.0.xsd, http://www.springframework.org/schema/jdbc/spring-jdbc-3.0.xsd=org/springframework/jdbc/config/spring-jdbc-3.0.xsd, http://www.springframework.org/schema/task/spring-task-4.1.xsd=org/springframework/scheduling/config/spring-task-4.1.xsd, http://www.springframework.org/schema/jdbc/spring-jdbc.xsd=org/springframework/jdbc/config/spring-jdbc-4.1.xsd, http://www.springframework.org/schema/tool/spring-tool-3.1.xsd=org/springframework/beans/factory/xml/spring-tool-3.1.xsd, http://www.springframework.org/schema/tx/spring-tx-4.1.xsd=org/springframework/transaction/config/spring-tx-4.1.xsd, http://www.springframework.org/schema/cache/spring-cache-4.0.xsd=org/springframework/cache/config/spring-cache-4.0.xsd, http://www.springframework.org/schema/jee/spring-jee-3.1.xsd=org/springframework/ejb/config/spring-jee-3.1.xsd, http://www.springframework.org/schema/task/spring-task-3.2.xsd=org/springframework/scheduling/config/spring-task-3.2.xsd, http://www.springframework.org/schema/beans/spring-beans-3.1.xsd=org/springframework/beans/factory/xml/spring-beans-3.1.xsd, http://www.springframework.org/schema/util/spring-util.xsd=org/springframework/beans/factory/xml/spring-util-4.1.xsd, http://www.springframework.org/schema/aop/spring-aop-3.0.xsd=org/springframework/aop/config/spring-aop-3.0.xsd, http://www.springframework.org/schema/data/repository/spring-repository.xsd=org/springframework/data/repository/config/spring-repository-1.7.xsd, http://www.springframework.org/schema/data/repository/spring-repository-1.7.xsd=org/springframework/data/repository/config/spring-repository-1.7.xsd, http://www.springframework.org/schema/mvc/spring-mvc-3.0.xsd=org/springframework/web/servlet/config/spring-mvc-3.0.xsd, http://www.springframework.org/schema/beans/spring-beans-4.0.xsd=org/springframework/beans/factory/xml/spring-beans-4.0.xsd, http://www.springframework.org/schema/beans/spring-beans.xsd=org/springframework/beans/factory/xml/spring-beans-4.1.xsd, http://mybatis.org/schema/mybatis-spring.xsd=org/mybatis/spring/config/mybatis-spring-1.2.xsd, http://www.springframework.org/schema/tx/spring-tx-3.1.xsd=org/springframework/transaction/config/spring-tx-3.1.xsd, http://www.springframework.org/schema/lang/spring-lang-3.0.xsd=org/springframework/scripting/config/spring-lang-3.0.xsd, http://www.springframework.org/schema/context/spring-context-2.5.xsd=org/springframework/context/config/spring-context-2.5.xsd, http://www.springframework.org/schema/task/spring-task-4.0.xsd=org/springframework/scheduling/config/spring-task-4.0.xsd, http://www.springframework.org/schema/tool/spring-tool-3.0.xsd=org/springframework/beans/factory/xml/spring-tool-3.0.xsd, http://www.springframework.org/schema/tx/spring-tx-4.0.xsd=org/springframework/transaction/config/spring-tx-4.0.xsd, http://ehcache-spring-annotations.googlecode.com/svn/schema/ehcache-spring/ehcache-spring-1.2.xsd=com/googlecode/ehcache/annotations/ehcache-spring-1.2.xsd, http://www.springframework.org/schema/aop/spring-aop-2.0.xsd=org/springframework/aop/config/spring-aop-2.0.xsd, http://www.springframework.org/schema/jee/spring-jee-3.0.xsd=org/springframework/ejb/config/spring-jee-3.0.xsd, http://www.springframework.org/schema/util/spring-util-4.1.xsd=org/springframework/beans/factory/xml/spring-util-4.1.xsd, http://www.springframework.org/schema/task/spring-task-3.1.xsd=org/springframework/scheduling/config/spring-task-3.1.xsd, http://www.springframework.org/schema/beans/spring-beans-3.0.xsd=org/springframework/beans/factory/xml/spring-beans-3.0.xsd, http://www.springframework.org/schema/jee/spring-jee.xsd=org/springframework/ejb/config/spring-jee-4.1.xsd, http://www.springframework.org/schema/aop/spring-aop-2.5.xsd=org/springframework/aop/config/spring-aop-2.5.xsd, http://www.springframework.org/schema/lang/spring-lang-2.0.xsd=org/springframework/scripting/config/spring-lang-2.0.xsd, http://www.springframework.org/schema/data/repository/spring-repository-1.6.xsd=org/springframework/data/repository/config/spring-repository-1.6.xsd, http://www.springframework.org/schema/util/spring-util-3.2.xsd=org/springframework/beans/factory/xml/spring-util-3.2.xsd, http://www.springframework.org/schema/task/spring-task.xsd=org/springframework/scheduling/config/spring-task-4.1.xsd, http://www.springframework.org/schema/tool/spring-tool-2.0.xsd=org/springframework/beans/factory/xml/spring-tool-2.0.xsd, http://www.springframework.org/schema/tx/spring-tx-3.0.xsd=org/springframework/transaction/config/spring-tx-3.0.xsd, http://www.springframework.org/schema/lang/spring-lang-2.5.xsd=org/springframework/scripting/config/spring-lang-2.5.xsd, http://www.springframework.org/schema/jee/spring-jee-2.0.xsd=org/springframework/ejb/config/spring-jee-2.0.xsd, http://www.springframework.org/schema/tool/spring-tool-2.5.xsd=org/springframework/beans/factory/xml/spring-tool-2.5.xsd, http://ehcache-spring-annotations.googlecode.com/svn/schema/ehcache-spring/ehcache-spring-1.1.xsd=com/googlecode/ehcache/annotations/ehcache-spring-1.1.xsd, http://www.springframework.org/schema/jee/spring-jee-2.5.xsd=org/springframework/ejb/config/spring-jee-2.5.xsd, http://www.springframework.org/schema/data/repository/spring-repository-1.0.xsd=org/springframework/data/repository/config/spring-repository-1.0.xsd, http://www.springframework.org/schema/util/spring-util-4.0.xsd=org/springframework/beans/factory/xml/spring-util-4.0.xsd, http://www.springframework.org/schema/task/spring-task-3.0.xsd=org/springframework/scheduling/config/spring-task-3.0.xsd, http://www.springframework.org/schema/lang/spring-lang.xsd=org/springframework/scripting/config/spring-lang-4.1.xsd, http://www.springframework.org/schema/context/spring-context-3.2.xsd=org/springframework/context/config/spring-context-3.2.xsd, http://www.springframework.org/schema/data/repository/spring-repository-1.5.xsd=org/springframework/data/repository/config/spring-repository-1.5.xsd, http://www.springframework.org/schema/util/spring-util-3.1.xsd=org/springframework/beans/factory/xml/spring-util-3.1.xsd, http://www.springframework.org/schema/beans/spring-beans-2.0.xsd=org/springframework/beans/factory/xml/spring-beans-2.0.xsd, http://www.springframework.org/schema/cache/spring-cache.xsd=org/springframework/cache/config/spring-cache-4.1.xsd, http://www.springframework.org/schema/tx/spring-tx.xsd=org/springframework/transaction/config/spring-tx-4.1.xsd, http://www.springframework.org/schema/context/spring-context-4.1.xsd=org/springframework/context/config/spring-context-4.1.xsd, http://www.springframework.org/schema/beans/spring-beans-2.5.xsd=org/springframework/beans/factory/xml/spring-beans-2.5.xsd, http://www.springframework.org/schema/tx/spring-tx-2.0.xsd=org/springframework/transaction/config/spring-tx-2.0.xsd, http://ehcache-spring-annotations.googlecode.com/svn/schema/ehcache-spring/ehcache-spring-1.0.xsd=com/googlecode/ehcache/annotations/ehcache-spring-1.0.xsd, http://www.springframework.org/schema/jdbc/spring-jdbc-3.2.xsd=org/springframework/jdbc/config/spring-jdbc-3.2.xsd, http://www.springframework.org/schema/aop/spring-aop.xsd=org/springframework/aop/config/spring-aop-4.1.xsd}
16:07:36,453 DEBUG PluggableSchemaResolver:119 - Found XML schema [http://www.springframework.org/schema/beans/spring-beans.xsd] in classpath: org/springframework/beans/factory/xml/spring-beans-4.1.xsd
16:07:36,459 DEBUG PluggableSchemaResolver:119 - Found XML schema [http://www.springframework.org/schema/context/spring-context.xsd] in classpath: org/springframework/context/config/spring-context-4.1.xsd
16:07:36,460 DEBUG PluggableSchemaResolver:119 - Found XML schema [http://www.springframework.org/schema/tool/spring-tool-4.1.xsd] in classpath: org/springframework/beans/factory/xml/spring-tool-4.1.xsd
16:07:36,463 DEBUG DefaultBeanDefinitionDocumentReader:108 - Loading bean definitions
16:07:36,463  INFO XmlBeanDefinitionReader:316 - Loading XML bean definitions from class path resource [config/application-core.xml]
16:07:36,464 DEBUG DefaultDocumentLoader:73 - Using JAXP provider [com.sun.org.apache.xerces.internal.jaxp.DocumentBuilderFactoryImpl]
16:07:36,466 DEBUG PluggableSchemaResolver:119 - Found XML schema [http://www.springframework.org/schema/beans/spring-beans.xsd] in classpath: org/springframework/beans/factory/xml/spring-beans-4.1.xsd
16:07:36,471 DEBUG PluggableSchemaResolver:119 - Found XML schema [http://www.springframework.org/schema/context/spring-context.xsd] in classpath: org/springframework/context/config/spring-context-4.1.xsd
16:07:36,472 DEBUG PluggableSchemaResolver:119 - Found XML schema [http://www.springframework.org/schema/tool/spring-tool-4.1.xsd] in classpath: org/springframework/beans/factory/xml/spring-tool-4.1.xsd
16:07:36,475 DEBUG PluggableSchemaResolver:119 - Found XML schema [http://www.springframework.org/schema/tx/spring-tx.xsd] in classpath: org/springframework/transaction/config/spring-tx-4.1.xsd
16:07:36,479 DEBUG PluggableSchemaResolver:119 - Found XML schema [http://www.springframework.org/schema/aop/spring-aop.xsd] in classpath: org/springframework/aop/config/spring-aop-4.1.xsd
16:07:36,484 DEBUG DefaultBeanDefinitionDocumentReader:108 - Loading bean definitions
16:07:36,484  INFO XmlBeanDefinitionReader:316 - Loading XML bean definitions from class path resource [config/datasource-config.xml]
16:07:36,486 DEBUG DefaultDocumentLoader:73 - Using JAXP provider [com.sun.org.apache.xerces.internal.jaxp.DocumentBuilderFactoryImpl]
16:07:36,487 DEBUG PluggableSchemaResolver:119 - Found XML schema [http://www.springframework.org/schema/beans/spring-beans.xsd] in classpath: org/springframework/beans/factory/xml/spring-beans-4.1.xsd
16:07:36,494 DEBUG PluggableSchemaResolver:119 - Found XML schema [http://www.springframework.org/schema/context/spring-context.xsd] in classpath: org/springframework/context/config/spring-context-4.1.xsd
16:07:36,496 DEBUG PluggableSchemaResolver:119 - Found XML schema [http://www.springframework.org/schema/tool/spring-tool-4.1.xsd] in classpath: org/springframework/beans/factory/xml/spring-tool-4.1.xsd
16:07:36,501 DEBUG DefaultBeanDefinitionDocumentReader:108 - Loading bean definitions
16:07:36,503 DEBUG DefaultNamespaceHandlerResolver:157 - Loaded NamespaceHandler mappings: {http://www.springframework.org/schema/p=org.springframework.beans.factory.xml.SimplePropertyNamespaceHandler, http://www.springframework.org/schema/mvc=org.springframework.web.servlet.config.MvcNamespaceHandler, http://www.springframework.org/schema/util=org.springframework.beans.factory.xml.UtilNamespaceHandler, http://www.springframework.org/schema/jee=org.springframework.ejb.config.JeeNamespaceHandler, http://www.springframework.org/schema/aop=org.springframework.aop.config.AopNamespaceHandler, http://www.springframework.org/schema/data/repository=org.springframework.data.repository.config.RepositoryNameSpaceHandler, http://www.springframework.org/schema/jdbc=org.springframework.jdbc.config.JdbcNamespaceHandler, http://ehcache-spring-annotations.googlecode.com/svn/schema/ehcache-spring=com.googlecode.ehcache.annotations.config.AnnotationDrivenEhCacheNamespaceHandler, http://www.springframework.org/schema/cache=org.springframework.cache.config.CacheNamespaceHandler, http://mybatis.org/schema/mybatis-spring=org.mybatis.spring.config.NamespaceHandler, http://www.springframework.org/schema/c=org.springframework.beans.factory.xml.SimpleConstructorNamespaceHandler, http://www.springframework.org/schema/tx=org.springframework.transaction.config.TxNamespaceHandler, http://www.springframework.org/schema/task=org.springframework.scheduling.config.TaskNamespaceHandler, http://www.springframework.org/schema/lang=org.springframework.scripting.config.LangNamespaceHandler, http://www.springframework.org/schema/data/keyvalue=org.springframework.data.keyvalue.repository.config.KeyValueRepositoryNameSpaceHandler, http://www.springframework.org/schema/context=org.springframework.context.config.ContextNamespaceHandler}
16:07:36,505 DEBUG DefaultBeanDefinitionDocumentReader:269 - Imported 2 bean definitions from relative location [datasource-config.xml]
16:07:36,505  INFO XmlBeanDefinitionReader:316 - Loading XML bean definitions from class path resource [config/bean-defined.xml]
16:07:36,507 DEBUG DefaultDocumentLoader:73 - Using JAXP provider [com.sun.org.apache.xerces.internal.jaxp.DocumentBuilderFactoryImpl]
16:07:36,508 DEBUG PluggableSchemaResolver:119 - Found XML schema [http://www.springframework.org/schema/beans/spring-beans.xsd] in classpath: org/springframework/beans/factory/xml/spring-beans-4.1.xsd
16:07:36,518 DEBUG DefaultBeanDefinitionDocumentReader:108 - Loading bean definitions
16:07:36,518 DEBUG DefaultBeanDefinitionDocumentReader:269 - Imported 1 bean definitions from relative location [bean-defined.xml]
16:07:36,519 DEBUG ClassPathBeanDefinitionScanner:250 - JSR-330 'javax.inject.Named' annotation found and supported for component scanning
16:07:36,521 DEBUG ClassPathBeanDefinitionScanner:284 - Identified candidate component class: URL [jar:file:/d:/maven/repository/com/framework/framework-core/0.0.1-SNAPSHOT/framework-core-0.0.1-SNAPSHOT.jar!/com/framework/web/advice/ControlAdvice.class]
16:07:36,524 DEBUG ClassPathBeanDefinitionScanner:284 - Identified candidate component class: URL [jar:file:/d:/maven/repository/com/framework/framework-core/0.0.1-SNAPSHOT/framework-core-0.0.1-SNAPSHOT.jar!/com/framework/web/util/SessionManager.class]
16:07:36,526 DEBUG ClassPathBeanDefinitionScanner:250 - JSR-330 'javax.inject.Named' annotation found and supported for component scanning
16:07:36,527 DEBUG ClassPathBeanDefinitionScanner:284 - Identified candidate component class: URL [jar:file:/d:/maven/repository/com/framework/framework-core/0.0.1-SNAPSHOT/framework-core-0.0.1-SNAPSHOT.jar!/com/framework/common/aspect/QueryParamAop.class]
16:07:36,528 DEBUG BeanDefinitionParserDelegate:495 - Neither XML 'id' nor 'name' specified - using generated bean name [org.mybatis.spring.mapper.MapperScannerConfigurer#0]
16:07:36,529 DEBUG ClassPathBeanDefinitionScanner:250 - JSR-330 'javax.inject.Named' annotation found and supported for component scanning
16:07:36,532 DEBUG ClassPathBeanDefinitionScanner:290 - Ignored because not a concrete top-level class: URL [jar:file:/d:/maven/repository/com/framework/framework-core/0.0.1-SNAPSHOT/framework-core-0.0.1-SNAPSHOT.jar!/com/system/mybatis/dao/SysDeptMapper.class]
16:07:36,533 DEBUG ClassPathBeanDefinitionScanner:290 - Ignored because not a concrete top-level class: URL [jar:file:/d:/maven/repository/com/framework/framework-core/0.0.1-SNAPSHOT/framework-core-0.0.1-SNAPSHOT.jar!/com/system/mybatis/dao/SysLogMapper.class]
16:07:36,534 DEBUG ClassPathBeanDefinitionScanner:290 - Ignored because not a concrete top-level class: URL [jar:file:/d:/maven/repository/com/framework/framework-core/0.0.1-SNAPSHOT/framework-core-0.0.1-SNAPSHOT.jar!/com/system/mybatis/service/IIndexItemService.class]
16:07:36,535 DEBUG ClassPathBeanDefinitionScanner:284 - Identified candidate component class: URL [jar:file:/d:/maven/repository/com/framework/framework-core/0.0.1-SNAPSHOT/framework-core-0.0.1-SNAPSHOT.jar!/com/system/mybatis/service/impl/IndexItemService.class]
16:07:36,535 DEBUG ClassPathBeanDefinitionScanner:284 - Identified candidate component class: URL [jar:file:/d:/maven/repository/com/framework/framework-core/0.0.1-SNAPSHOT/framework-core-0.0.1-SNAPSHOT.jar!/com/system/mybatis/service/impl/SysCodeService.class]
16:07:36,536 DEBUG ClassPathBeanDefinitionScanner:284 - Identified candidate component class: URL [jar:file:/d:/maven/repository/com/framework/framework-core/0.0.1-SNAPSHOT/framework-core-0.0.1-SNAPSHOT.jar!/com/system/mybatis/service/impl/SysDeptServiceImpl.class]
16:07:36,536 DEBUG ClassPathBeanDefinitionScanner:284 - Identified candidate component class: URL [jar:file:/d:/maven/repository/com/framework/framework-core/0.0.1-SNAPSHOT/framework-core-0.0.1-SNAPSHOT.jar!/com/system/mybatis/service/impl/SysModuleServiceImpl.class]
16:07:36,536 DEBUG ClassPathBeanDefinitionScanner:284 - Identified candidate component class: URL [jar:file:/d:/maven/repository/com/framework/framework-core/0.0.1-SNAPSHOT/framework-core-0.0.1-SNAPSHOT.jar!/com/system/mybatis/service/impl/SystemLogServiceImpl.class]
16:07:36,537 DEBUG ClassPathBeanDefinitionScanner:284 - Identified candidate component class: URL [jar:file:/d:/maven/repository/com/framework/framework-core/0.0.1-SNAPSHOT/framework-core-0.0.1-SNAPSHOT.jar!/com/system/mybatis/service/impl/SystemRoleServiceImpl.class]
16:07:36,538 DEBUG ClassPathBeanDefinitionScanner:284 - Identified candidate component class: URL [jar:file:/d:/maven/repository/com/framework/framework-core/0.0.1-SNAPSHOT/framework-core-0.0.1-SNAPSHOT.jar!/com/system/mybatis/service/impl/SystemUserServiceImpl.class]
16:07:36,538 DEBUG ClassPathBeanDefinitionScanner:290 - Ignored because not a concrete top-level class: URL [jar:file:/d:/maven/repository/com/framework/framework-core/0.0.1-SNAPSHOT/framework-core-0.0.1-SNAPSHOT.jar!/com/system/mybatis/service/ISysCodeService.class]
16:07:36,539 DEBUG ClassPathBeanDefinitionScanner:290 - Ignored because not a concrete top-level class: URL [jar:file:/d:/maven/repository/com/framework/framework-core/0.0.1-SNAPSHOT/framework-core-0.0.1-SNAPSHOT.jar!/com/system/mybatis/service/ISysModuleService.class]
16:07:36,539 DEBUG ClassPathBeanDefinitionScanner:290 - Ignored because not a concrete top-level class: URL [jar:file:/d:/maven/repository/com/framework/framework-core/0.0.1-SNAPSHOT/framework-core-0.0.1-SNAPSHOT.jar!/com/system/mybatis/service/ISystemLogService.class]
16:07:36,540 DEBUG ClassPathBeanDefinitionScanner:290 - Ignored because not a concrete top-level class: URL [jar:file:/d:/maven/repository/com/framework/framework-core/0.0.1-SNAPSHOT/framework-core-0.0.1-SNAPSHOT.jar!/com/system/mybatis/service/ISystemRoleService.class]
16:07:36,540 DEBUG ClassPathBeanDefinitionScanner:290 - Ignored because not a concrete top-level class: URL [jar:file:/d:/maven/repository/com/framework/framework-core/0.0.1-SNAPSHOT/framework-core-0.0.1-SNAPSHOT.jar!/com/system/mybatis/service/ISystemUserService.class]
16:07:36,541 DEBUG ClassPathBeanDefinitionScanner:250 - JSR-330 'javax.inject.Named' annotation found and supported for component scanning
16:07:36,543 DEBUG ClassPathBeanDefinitionScanner:284 - Identified candidate component class: URL [jar:file:/d:/maven/repository/com/framework/framework-core/0.0.1-SNAPSHOT/framework-core-0.0.1-SNAPSHOT.jar!/com/framework/mybatis/aspect/SystemLogAOP.class]
16:07:36,546 DEBUG ClassPathBeanDefinitionScanner:290 - Ignored because not a concrete top-level class: URL [jar:file:/d:/maven/repository/com/framework/framework-core/0.0.1-SNAPSHOT/framework-core-0.0.1-SNAPSHOT.jar!/com/framework/mybatis/service/ICommonService.class]
16:07:36,546 DEBUG ClassPathBeanDefinitionScanner:284 - Identified candidate component class: URL [jar:file:/d:/maven/repository/com/framework/framework-core/0.0.1-SNAPSHOT/framework-core-0.0.1-SNAPSHOT.jar!/com/framework/mybatis/service/impl/CommonServiceImpl.class]
16:07:36,548 DEBUG DefaultBeanDefinitionDocumentReader:269 - Imported 28 bean definitions from relative location [application-core.xml]
16:07:36,549 DEBUG ClassPathBeanDefinitionScanner:250 - JSR-330 'javax.inject.Named' annotation found and supported for component scanning
16:07:36,552 DEBUG ClassPathBeanDefinitionScanner:284 - Identified candidate component class: file [D:\workspace\framework-root\framework-resources\target\classes\com\resources\services\impl\AttachmentsServiceImpl.class]
16:07:36,553 DEBUG ClassPathBeanDefinitionScanner:284 - Identified candidate component class: file [D:\workspace\framework-root\framework-resources\target\classes\com\resources\web\AttachmentsController.class]
16:07:36,554 DEBUG ClassPathBeanDefinitionScanner:284 - Identified candidate component class: file [D:\workspace\framework-root\framework-resources\target\classes\com\resources\web\ShareResources.class]
16:07:36,556 DEBUG ClassPathBeanDefinitionScanner:250 - JSR-330 'javax.inject.Named' annotation found and supported for component scanning
16:07:36,559 DEBUG ClassPathBeanDefinitionScanner:284 - Identified candidate component class: file [D:\workspace\framework-root\framework-resources\target\classes\com\framework\image\handler\impl\IM4ImageHandler.class]
16:07:36,560 DEBUG ClassPathBeanDefinitionScanner:284 - Identified candidate component class: file [D:\workspace\framework-root\framework-resources\target\classes\com\framework\image\ImageService.class]
16:07:36,561 DEBUG BeanDefinitionParserDelegate:495 - Neither XML 'id' nor 'name' specified - using generated bean name [org.mybatis.spring.mapper.MapperScannerConfigurer#1]
16:07:36,562 DEBUG XmlBeanDefinitionReader:223 - Loaded 35 bean definitions from location pattern [classpath:config/application-resources.xml]
16:07:36,562  INFO GenericApplicationContext:510 - Refreshing org.springframework.context.support.GenericApplicationContext@2506a3cf: startup date [Mon Sep 18 16:07:36 CST 2017]; root of context hierarchy
16:07:36,562 DEBUG GenericApplicationContext:540 - Bean factory for org.springframework.context.support.GenericApplicationContext@2506a3cf: org.springframework.beans.factory.support.DefaultListableBeanFactory@aa84355: defining beans [org.springframework.beans.factory.config.PropertyPlaceholderConfigurer#0,dataSource,validator,controlAdvice,sessionManager,org.springframework.context.annotation.internalConfigurationAnnotationProcessor,org.springframework.context.annotation.internalAutowiredAnnotationProcessor,org.springframework.context.annotation.internalRequiredAnnotationProcessor,org.springframework.context.annotation.internalCommonAnnotationProcessor,org.springframework.context.annotation.internalPersistenceAnnotationProcessor,queryParamAop,org.springframework.aop.config.internalAutoProxyCreator,org.springframework.transaction.annotation.AnnotationTransactionAttributeSource#0,org.springframework.transaction.interceptor.TransactionInterceptor#0,org.springframework.transaction.config.internalTransactionAdvisor,sqlSessionFactory,myBatisExceptionTranslator,org.mybatis.spring.mapper.MapperScannerConfigurer#0,transactionManager,indexItemService,sysCodeService,sysDeptServiceImpl,sysModuleServiceImpl,systemLogServiceImpl,systemRoleServiceImpl,systemUserServiceImpl,systemLogAOP,commonServiceImpl,configProperties,attachmentsServiceImpl,attachmentsController,shareResources,iM4ImageHandler,imageService,org.mybatis.spring.mapper.MapperScannerConfigurer#1]; root of factory hierarchy
16:07:36,564 DEBUG DefaultListableBeanFactory:220 - Creating shared instance of singleton bean 'org.springframework.context.annotation.internalConfigurationAnnotationProcessor'
16:07:36,564 DEBUG DefaultListableBeanFactory:450 - Creating instance of bean 'org.springframework.context.annotation.internalConfigurationAnnotationProcessor'
16:07:36,564 DEBUG DefaultListableBeanFactory:524 - Eagerly caching bean 'org.springframework.context.annotation.internalConfigurationAnnotationProcessor' to allow for resolving potential circular references
16:07:36,565 DEBUG DefaultListableBeanFactory:478 - Finished creating instance of bean 'org.springframework.context.annotation.internalConfigurationAnnotationProcessor'
16:07:36,583 DEBUG DefaultListableBeanFactory:220 - Creating shared instance of singleton bean 'org.mybatis.spring.mapper.MapperScannerConfigurer#0'
16:07:36,583 DEBUG DefaultListableBeanFactory:450 - Creating instance of bean 'org.mybatis.spring.mapper.MapperScannerConfigurer#0'
16:07:36,583 DEBUG DefaultListableBeanFactory:524 - Eagerly caching bean 'org.mybatis.spring.mapper.MapperScannerConfigurer#0' to allow for resolving potential circular references
16:07:36,583 DEBUG DefaultListableBeanFactory:1610 - Invoking afterPropertiesSet() on bean with name 'org.mybatis.spring.mapper.MapperScannerConfigurer#0'
16:07:36,583 DEBUG DefaultListableBeanFactory:478 - Finished creating instance of bean 'org.mybatis.spring.mapper.MapperScannerConfigurer#0'
16:07:36,586 DEBUG ClassPathMapperScanner:284 - Identified candidate component class: URL [jar:file:/d:/maven/repository/com/framework/framework-core/0.0.1-SNAPSHOT/framework-core-0.0.1-SNAPSHOT.jar!/com/system/common/SysConstant.class]
16:07:36,586 DEBUG ClassPathMapperScanner:284 - Identified candidate component class: URL [jar:file:/d:/maven/repository/com/framework/framework-core/0.0.1-SNAPSHOT/framework-core-0.0.1-SNAPSHOT.jar!/com/system/jpa/repository/ISysDeptDao.class]
16:07:36,587 DEBUG ClassPathMapperScanner:290 - Ignored because not a concrete top-level class: URL [jar:file:/d:/maven/repository/com/framework/framework-core/0.0.1-SNAPSHOT/framework-core-0.0.1-SNAPSHOT.jar!/com/system/jpa/repository/jpa/SysDeptDaoImpl.class]
16:07:36,587 DEBUG ClassPathMapperScanner:290 - Ignored because not a concrete top-level class: URL [jar:file:/d:/maven/repository/com/framework/framework-core/0.0.1-SNAPSHOT/framework-core-0.0.1-SNAPSHOT.jar!/com/system/model/DataIndexTree.class]
16:07:36,587 DEBUG ClassPathMapperScanner:290 - Ignored because not a concrete top-level class: URL [jar:file:/d:/maven/repository/com/framework/framework-core/0.0.1-SNAPSHOT/framework-core-0.0.1-SNAPSHOT.jar!/com/system/model/SysCode.class]
16:07:36,588 DEBUG ClassPathMapperScanner:290 - Ignored because not a concrete top-level class: URL [jar:file:/d:/maven/repository/com/framework/framework-core/0.0.1-SNAPSHOT/framework-core-0.0.1-SNAPSHOT.jar!/com/system/model/SysCodeTree.class]
16:07:36,588 DEBUG ClassPathMapperScanner:290 - Ignored because not a concrete top-level class: URL [jar:file:/d:/maven/repository/com/framework/framework-core/0.0.1-SNAPSHOT/framework-core-0.0.1-SNAPSHOT.jar!/com/system/model/SysDepartmentTree.class]
16:07:36,588 DEBUG ClassPathMapperScanner:290 - Ignored because not a concrete top-level class: URL [jar:file:/d:/maven/repository/com/framework/framework-core/0.0.1-SNAPSHOT/framework-core-0.0.1-SNAPSHOT.jar!/com/system/model/SysDept.class]
16:07:36,589 DEBUG ClassPathMapperScanner:290 - Ignored because not a concrete top-level class: URL [jar:file:/d:/maven/repository/com/framework/framework-core/0.0.1-SNAPSHOT/framework-core-0.0.1-SNAPSHOT.jar!/com/system/model/SysDeptUser.class]
16:07:36,589 DEBUG ClassPathMapperScanner:290 - Ignored because not a concrete top-level class: URL [jar:file:/d:/maven/repository/com/framework/framework-core/0.0.1-SNAPSHOT/framework-core-0.0.1-SNAPSHOT.jar!/com/system/model/SysIndexitem.class]
16:07:36,589 DEBUG ClassPathMapperScanner:290 - Ignored because not a concrete top-level class: URL [jar:file:/d:/maven/repository/com/framework/framework-core/0.0.1-SNAPSHOT/framework-core-0.0.1-SNAPSHOT.jar!/com/system/model/SysLog.class]
16:07:36,590 DEBUG ClassPathMapperScanner:290 - Ignored because not a concrete top-level class: URL [jar:file:/d:/maven/repository/com/framework/framework-core/0.0.1-SNAPSHOT/framework-core-0.0.1-SNAPSHOT.jar!/com/system/model/SysModule.class]
16:07:36,590 DEBUG ClassPathMapperScanner:290 - Ignored because not a concrete top-level class: URL [jar:file:/d:/maven/repository/com/framework/framework-core/0.0.1-SNAPSHOT/framework-core-0.0.1-SNAPSHOT.jar!/com/system/model/SysRole.class]
16:07:36,590 DEBUG ClassPathMapperScanner:290 - Ignored because not a concrete top-level class: URL [jar:file:/d:/maven/repository/com/framework/framework-core/0.0.1-SNAPSHOT/framework-core-0.0.1-SNAPSHOT.jar!/com/system/model/SysRoleFuncKey.class]
16:07:36,591 DEBUG ClassPathMapperScanner:290 - Ignored because not a concrete top-level class: URL [jar:file:/d:/maven/repository/com/framework/framework-core/0.0.1-SNAPSHOT/framework-core-0.0.1-SNAPSHOT.jar!/com/system/model/SysRoleUser.class]
16:07:36,591 DEBUG ClassPathMapperScanner:290 - Ignored because not a concrete top-level class: URL [jar:file:/d:/maven/repository/com/framework/framework-core/0.0.1-SNAPSHOT/framework-core-0.0.1-SNAPSHOT.jar!/com/system/model/SysUser.class]
16:07:36,591 DEBUG ClassPathMapperScanner:284 - Identified candidate component class: URL [jar:file:/d:/maven/repository/com/framework/framework-core/0.0.1-SNAPSHOT/framework-core-0.0.1-SNAPSHOT.jar!/com/system/mybatis/dao/CommSeqMapper.class]
16:07:36,591 DEBUG ClassPathMapperScanner:284 - Identified candidate component class: URL [jar:file:/d:/maven/repository/com/framework/framework-core/0.0.1-SNAPSHOT/framework-core-0.0.1-SNAPSHOT.jar!/com/system/mybatis/dao/SysCodeMapper.class]
16:07:36,592 DEBUG ClassPathMapperScanner:284 - Identified candidate component class: URL [jar:file:/d:/maven/repository/com/framework/framework-core/0.0.1-SNAPSHOT/framework-core-0.0.1-SNAPSHOT.jar!/com/system/mybatis/dao/SysDeptMapper.class]
16:07:36,592 DEBUG ClassPathMapperScanner:284 - Identified candidate component class: URL [jar:file:/d:/maven/repository/com/framework/framework-core/0.0.1-SNAPSHOT/framework-core-0.0.1-SNAPSHOT.jar!/com/system/mybatis/dao/SysDeptUserMapper.class]
16:07:36,592 DEBUG ClassPathMapperScanner:284 - Identified candidate component class: URL [jar:file:/d:/maven/repository/com/framework/framework-core/0.0.1-SNAPSHOT/framework-core-0.0.1-SNAPSHOT.jar!/com/system/mybatis/dao/SysIndexitemMapper.class]
16:07:36,593 DEBUG ClassPathMapperScanner:284 - Identified candidate component class: URL [jar:file:/d:/maven/repository/com/framework/framework-core/0.0.1-SNAPSHOT/framework-core-0.0.1-SNAPSHOT.jar!/com/system/mybatis/dao/SysLogMapper.class]
16:07:36,593 DEBUG ClassPathMapperScanner:284 - Identified candidate component class: URL [jar:file:/d:/maven/repository/com/framework/framework-core/0.0.1-SNAPSHOT/framework-core-0.0.1-SNAPSHOT.jar!/com/system/mybatis/dao/SysModuleMapper.class]
16:07:36,593 DEBUG ClassPathMapperScanner:284 - Identified candidate component class: URL [jar:file:/d:/maven/repository/com/framework/framework-core/0.0.1-SNAPSHOT/framework-core-0.0.1-SNAPSHOT.jar!/com/system/mybatis/dao/SysRoleFuncMapper.class]
16:07:36,594 DEBUG ClassPathMapperScanner:284 - Identified candidate component class: URL [jar:file:/d:/maven/repository/com/framework/framework-core/0.0.1-SNAPSHOT/framework-core-0.0.1-SNAPSHOT.jar!/com/system/mybatis/dao/SysRoleMapper.class]
16:07:36,594 DEBUG ClassPathMapperScanner:284 - Identified candidate component class: URL [jar:file:/d:/maven/repository/com/framework/framework-core/0.0.1-SNAPSHOT/framework-core-0.0.1-SNAPSHOT.jar!/com/system/mybatis/dao/SysRoleUserMapper.class]
16:07:36,594 DEBUG ClassPathMapperScanner:284 - Identified candidate component class: URL [jar:file:/d:/maven/repository/com/framework/framework-core/0.0.1-SNAPSHOT/framework-core-0.0.1-SNAPSHOT.jar!/com/system/mybatis/dao/SysUserMapper.class]
16:07:36,595 DEBUG ClassPathMapperScanner:284 - Identified candidate component class: URL [jar:file:/d:/maven/repository/com/framework/framework-core/0.0.1-SNAPSHOT/framework-core-0.0.1-SNAPSHOT.jar!/com/system/mybatis/service/IIndexItemService.class]
16:07:36,595 DEBUG ClassPathMapperScanner:290 - Ignored because not a concrete top-level class: URL [jar:file:/d:/maven/repository/com/framework/framework-core/0.0.1-SNAPSHOT/framework-core-0.0.1-SNAPSHOT.jar!/com/system/mybatis/service/impl/IndexItemService.class]
16:07:36,596 DEBUG ClassPathMapperScanner:290 - Ignored because not a concrete top-level class: URL [jar:file:/d:/maven/repository/com/framework/framework-core/0.0.1-SNAPSHOT/framework-core-0.0.1-SNAPSHOT.jar!/com/system/mybatis/service/impl/SysCodeService.class]
16:07:36,596 DEBUG ClassPathMapperScanner:290 - Ignored because not a concrete top-level class: URL [jar:file:/d:/maven/repository/com/framework/framework-core/0.0.1-SNAPSHOT/framework-core-0.0.1-SNAPSHOT.jar!/com/system/mybatis/service/impl/SysDeptServiceImpl.class]
16:07:36,597 DEBUG ClassPathMapperScanner:290 - Ignored because not a concrete top-level class: URL [jar:file:/d:/maven/repository/com/framework/framework-core/0.0.1-SNAPSHOT/framework-core-0.0.1-SNAPSHOT.jar!/com/system/mybatis/service/impl/SysModuleServiceImpl.class]
16:07:36,597 DEBUG ClassPathMapperScanner:290 - Ignored because not a concrete top-level class: URL [jar:file:/d:/maven/repository/com/framework/framework-core/0.0.1-SNAPSHOT/framework-core-0.0.1-SNAPSHOT.jar!/com/system/mybatis/service/impl/SystemLogServiceImpl.class]
16:07:36,598 DEBUG ClassPathMapperScanner:290 - Ignored because not a concrete top-level class: URL [jar:file:/d:/maven/repository/com/framework/framework-core/0.0.1-SNAPSHOT/framework-core-0.0.1-SNAPSHOT.jar!/com/system/mybatis/service/impl/SystemRoleServiceImpl.class]
16:07:36,598 DEBUG ClassPathMapperScanner:290 - Ignored because not a concrete top-level class: URL [jar:file:/d:/maven/repository/com/framework/framework-core/0.0.1-SNAPSHOT/framework-core-0.0.1-SNAPSHOT.jar!/com/system/mybatis/service/impl/SystemUserServiceImpl.class]
16:07:36,599 DEBUG ClassPathMapperScanner:284 - Identified candidate component class: URL [jar:file:/d:/maven/repository/com/framework/framework-core/0.0.1-SNAPSHOT/framework-core-0.0.1-SNAPSHOT.jar!/com/system/mybatis/service/ISysCodeService.class]
16:07:36,599 DEBUG ClassPathMapperScanner:284 - Identified candidate component class: URL [jar:file:/d:/maven/repository/com/framework/framework-core/0.0.1-SNAPSHOT/framework-core-0.0.1-SNAPSHOT.jar!/com/system/mybatis/service/ISysDeptService.class]
16:07:36,600 DEBUG ClassPathMapperScanner:284 - Identified candidate component class: URL [jar:file:/d:/maven/repository/com/framework/framework-core/0.0.1-SNAPSHOT/framework-core-0.0.1-SNAPSHOT.jar!/com/system/mybatis/service/ISysModuleService.class]
16:07:36,600 DEBUG ClassPathMapperScanner:284 - Identified candidate component class: URL [jar:file:/d:/maven/repository/com/framework/framework-core/0.0.1-SNAPSHOT/framework-core-0.0.1-SNAPSHOT.jar!/com/system/mybatis/service/ISystemLogService.class]
16:07:36,600 DEBUG ClassPathMapperScanner:284 - Identified candidate component class: URL [jar:file:/d:/maven/repository/com/framework/framework-core/0.0.1-SNAPSHOT/framework-core-0.0.1-SNAPSHOT.jar!/com/system/mybatis/service/ISystemRoleService.class]
16:07:36,600 DEBUG ClassPathMapperScanner:284 - Identified candidate component class: URL [jar:file:/d:/maven/repository/com/framework/framework-core/0.0.1-SNAPSHOT/framework-core-0.0.1-SNAPSHOT.jar!/com/system/mybatis/service/ISystemUserService.class]
16:07:36,601 DEBUG ClassPathMapperScanner:290 - Ignored because not a concrete top-level class: URL [jar:file:/d:/maven/repository/com/framework/framework-core/0.0.1-SNAPSHOT/framework-core-0.0.1-SNAPSHOT.jar!/com/system/web/code/CodeController.class]
16:07:36,602 DEBUG ClassPathMapperScanner:290 - Ignored because not a concrete top-level class: URL [jar:file:/d:/maven/repository/com/framework/framework-core/0.0.1-SNAPSHOT/framework-core-0.0.1-SNAPSHOT.jar!/com/system/web/custom/CustomController.class]
16:07:36,602 DEBUG ClassPathMapperScanner:290 - Ignored because not a concrete top-level class: URL [jar:file:/d:/maven/repository/com/framework/framework-core/0.0.1-SNAPSHOT/framework-core-0.0.1-SNAPSHOT.jar!/com/system/web/dataindex/IndexItemController.class]
16:07:36,603 DEBUG ClassPathMapperScanner:290 - Ignored because not a concrete top-level class: URL [jar:file:/d:/maven/repository/com/framework/framework-core/0.0.1-SNAPSHOT/framework-core-0.0.1-SNAPSHOT.jar!/com/system/web/DepartmentController.class]
16:07:36,603 DEBUG ClassPathMapperScanner:290 - Ignored because not a concrete top-level class: URL [jar:file:/d:/maven/repository/com/framework/framework-core/0.0.1-SNAPSHOT/framework-core-0.0.1-SNAPSHOT.jar!/com/system/web/RoleController.class]
16:07:36,604 DEBUG ClassPathMapperScanner:290 - Ignored because not a concrete top-level class: URL [jar:file:/d:/maven/repository/com/framework/framework-core/0.0.1-SNAPSHOT/framework-core-0.0.1-SNAPSHOT.jar!/com/system/web/user/UserController.class]
16:07:36,605 DEBUG ClassPathMapperScanner:161 - Creating MapperFactoryBean with name 'sysConstant' and 'com.system.common.SysConstant' mapperInterface
16:07:36,605 DEBUG ClassPathMapperScanner:161 - Creating MapperFactoryBean with name 'ISysDeptDao' and 'com.system.jpa.repository.ISysDeptDao' mapperInterface
16:07:36,605 DEBUG ClassPathMapperScanner:161 - Creating MapperFactoryBean with name 'commSeqMapper' and 'com.system.mybatis.dao.CommSeqMapper' mapperInterface
16:07:36,605 DEBUG ClassPathMapperScanner:161 - Creating MapperFactoryBean with name 'sysCodeMapper' and 'com.system.mybatis.dao.SysCodeMapper' mapperInterface
16:07:36,605 DEBUG ClassPathMapperScanner:161 - Creating MapperFactoryBean with name 'sysDeptMapper' and 'com.system.mybatis.dao.SysDeptMapper' mapperInterface
16:07:36,605 DEBUG ClassPathMapperScanner:161 - Creating MapperFactoryBean with name 'sysDeptUserMapper' and 'com.system.mybatis.dao.SysDeptUserMapper' mapperInterface
16:07:36,606 DEBUG ClassPathMapperScanner:161 - Creating MapperFactoryBean with name 'sysIndexitemMapper' and 'com.system.mybatis.dao.SysIndexitemMapper' mapperInterface
16:07:36,606 DEBUG ClassPathMapperScanner:161 - Creating MapperFactoryBean with name 'sysLogMapper' and 'com.system.mybatis.dao.SysLogMapper' mapperInterface
16:07:36,606 DEBUG ClassPathMapperScanner:161 - Creating MapperFactoryBean with name 'sysModuleMapper' and 'com.system.mybatis.dao.SysModuleMapper' mapperInterface
16:07:36,606 DEBUG ClassPathMapperScanner:161 - Creating MapperFactoryBean with name 'sysRoleFuncMapper' and 'com.system.mybatis.dao.SysRoleFuncMapper' mapperInterface
16:07:36,606 DEBUG ClassPathMapperScanner:161 - Creating MapperFactoryBean with name 'sysRoleMapper' and 'com.system.mybatis.dao.SysRoleMapper' mapperInterface
16:07:36,606 DEBUG ClassPathMapperScanner:161 - Creating MapperFactoryBean with name 'sysRoleUserMapper' and 'com.system.mybatis.dao.SysRoleUserMapper' mapperInterface
16:07:36,606 DEBUG ClassPathMapperScanner:161 - Creating MapperFactoryBean with name 'sysUserMapper' and 'com.system.mybatis.dao.SysUserMapper' mapperInterface
16:07:36,606 DEBUG ClassPathMapperScanner:161 - Creating MapperFactoryBean with name 'IIndexItemService' and 'com.system.mybatis.service.IIndexItemService' mapperInterface
16:07:36,606 DEBUG ClassPathMapperScanner:161 - Creating MapperFactoryBean with name 'ISysCodeService' and 'com.system.mybatis.service.ISysCodeService' mapperInterface
16:07:36,606 DEBUG ClassPathMapperScanner:161 - Creating MapperFactoryBean with name 'ISysDeptService' and 'com.system.mybatis.service.ISysDeptService' mapperInterface
16:07:36,607 DEBUG ClassPathMapperScanner:161 - Creating MapperFactoryBean with name 'ISysModuleService' and 'com.system.mybatis.service.ISysModuleService' mapperInterface
16:07:36,607 DEBUG ClassPathMapperScanner:161 - Creating MapperFactoryBean with name 'ISystemLogService' and 'com.system.mybatis.service.ISystemLogService' mapperInterface
16:07:36,607 DEBUG ClassPathMapperScanner:161 - Creating MapperFactoryBean with name 'ISystemRoleService' and 'com.system.mybatis.service.ISystemRoleService' mapperInterface
16:07:36,607 DEBUG ClassPathMapperScanner:161 - Creating MapperFactoryBean with name 'ISystemUserService' and 'com.system.mybatis.service.ISystemUserService' mapperInterface
16:07:36,607 DEBUG DefaultListableBeanFactory:220 - Creating shared instance of singleton bean 'org.mybatis.spring.mapper.MapperScannerConfigurer#1'
16:07:36,607 DEBUG DefaultListableBeanFactory:450 - Creating instance of bean 'org.mybatis.spring.mapper.MapperScannerConfigurer#1'
16:07:36,607 DEBUG DefaultListableBeanFactory:524 - Eagerly caching bean 'org.mybatis.spring.mapper.MapperScannerConfigurer#1' to allow for resolving potential circular references
16:07:36,608 DEBUG DefaultListableBeanFactory:1610 - Invoking afterPropertiesSet() on bean with name 'org.mybatis.spring.mapper.MapperScannerConfigurer#1'
16:07:36,608 DEBUG DefaultListableBeanFactory:478 - Finished creating instance of bean 'org.mybatis.spring.mapper.MapperScannerConfigurer#1'
16:07:36,611 DEBUG ClassPathMapperScanner:284 - Identified candidate component class: URL [jar:file:/d:/maven/repository/com/framework/framework-core/0.0.1-SNAPSHOT/framework-core-0.0.1-SNAPSHOT.jar!/com/system/common/SysConstant.class]
16:07:36,611 DEBUG ClassPathMapperScanner:284 - Identified candidate component class: URL [jar:file:/d:/maven/repository/com/framework/framework-core/0.0.1-SNAPSHOT/framework-core-0.0.1-SNAPSHOT.jar!/com/system/jpa/repository/ISysDeptDao.class]
16:07:36,611 DEBUG ClassPathMapperScanner:290 - Ignored because not a concrete top-level class: URL [jar:file:/d:/maven/repository/com/framework/framework-core/0.0.1-SNAPSHOT/framework-core-0.0.1-SNAPSHOT.jar!/com/system/jpa/repository/jpa/SysDeptDaoImpl.class]
16:07:36,612 DEBUG ClassPathMapperScanner:290 - Ignored because not a concrete top-level class: URL [jar:file:/d:/maven/repository/com/framework/framework-core/0.0.1-SNAPSHOT/framework-core-0.0.1-SNAPSHOT.jar!/com/system/model/DataIndexTree.class]
16:07:36,612 DEBUG ClassPathMapperScanner:290 - Ignored because not a concrete top-level class: URL [jar:file:/d:/maven/repository/com/framework/framework-core/0.0.1-SNAPSHOT/framework-core-0.0.1-SNAPSHOT.jar!/com/system/model/SysCode.class]
16:07:36,612 DEBUG ClassPathMapperScanner:290 - Ignored because not a concrete top-level class: URL [jar:file:/d:/maven/repository/com/framework/framework-core/0.0.1-SNAPSHOT/framework-core-0.0.1-SNAPSHOT.jar!/com/system/model/SysCodeTree.class]
16:07:36,613 DEBUG ClassPathMapperScanner:290 - Ignored because not a concrete top-level class: URL [jar:file:/d:/maven/repository/com/framework/framework-core/0.0.1-SNAPSHOT/framework-core-0.0.1-SNAPSHOT.jar!/com/system/model/SysDepartmentTree.class]
16:07:36,613 DEBUG ClassPathMapperScanner:290 - Ignored because not a concrete top-level class: URL [jar:file:/d:/maven/repository/com/framework/framework-core/0.0.1-SNAPSHOT/framework-core-0.0.1-SNAPSHOT.jar!/com/system/model/SysDept.class]
16:07:36,614 DEBUG ClassPathMapperScanner:290 - Ignored because not a concrete top-level class: URL [jar:file:/d:/maven/repository/com/framework/framework-core/0.0.1-SNAPSHOT/framework-core-0.0.1-SNAPSHOT.jar!/com/system/model/SysDeptUser.class]
16:07:36,614 DEBUG ClassPathMapperScanner:290 - Ignored because not a concrete top-level class: URL [jar:file:/d:/maven/repository/com/framework/framework-core/0.0.1-SNAPSHOT/framework-core-0.0.1-SNAPSHOT.jar!/com/system/model/SysIndexitem.class]
16:07:36,615 DEBUG ClassPathMapperScanner:290 - Ignored because not a concrete top-level class: URL [jar:file:/d:/maven/repository/com/framework/framework-core/0.0.1-SNAPSHOT/framework-core-0.0.1-SNAPSHOT.jar!/com/system/model/SysLog.class]
16:07:36,615 DEBUG ClassPathMapperScanner:290 - Ignored because not a concrete top-level class: URL [jar:file:/d:/maven/repository/com/framework/framework-core/0.0.1-SNAPSHOT/framework-core-0.0.1-SNAPSHOT.jar!/com/system/model/SysModule.class]
16:07:36,615 DEBUG ClassPathMapperScanner:290 - Ignored because not a concrete top-level class: URL [jar:file:/d:/maven/repository/com/framework/framework-core/0.0.1-SNAPSHOT/framework-core-0.0.1-SNAPSHOT.jar!/com/system/model/SysRole.class]
16:07:36,616 DEBUG ClassPathMapperScanner:290 - Ignored because not a concrete top-level class: URL [jar:file:/d:/maven/repository/com/framework/framework-core/0.0.1-SNAPSHOT/framework-core-0.0.1-SNAPSHOT.jar!/com/system/model/SysRoleFuncKey.class]
16:07:36,616 DEBUG ClassPathMapperScanner:290 - Ignored because not a concrete top-level class: URL [jar:file:/d:/maven/repository/com/framework/framework-core/0.0.1-SNAPSHOT/framework-core-0.0.1-SNAPSHOT.jar!/com/system/model/SysRoleUser.class]
16:07:36,616 DEBUG ClassPathMapperScanner:290 - Ignored because not a concrete top-level class: URL [jar:file:/d:/maven/repository/com/framework/framework-core/0.0.1-SNAPSHOT/framework-core-0.0.1-SNAPSHOT.jar!/com/system/model/SysUser.class]
16:07:36,617 DEBUG ClassPathMapperScanner:284 - Identified candidate component class: URL [jar:file:/d:/maven/repository/com/framework/framework-core/0.0.1-SNAPSHOT/framework-core-0.0.1-SNAPSHOT.jar!/com/system/mybatis/dao/CommSeqMapper.class]
16:07:36,617 DEBUG ClassPathMapperScanner:284 - Identified candidate component class: URL [jar:file:/d:/maven/repository/com/framework/framework-core/0.0.1-SNAPSHOT/framework-core-0.0.1-SNAPSHOT.jar!/com/system/mybatis/dao/SysCodeMapper.class]
16:07:36,617 DEBUG ClassPathMapperScanner:284 - Identified candidate component class: URL [jar:file:/d:/maven/repository/com/framework/framework-core/0.0.1-SNAPSHOT/framework-core-0.0.1-SNAPSHOT.jar!/com/system/mybatis/dao/SysDeptMapper.class]
16:07:36,618 DEBUG ClassPathMapperScanner:284 - Identified candidate component class: URL [jar:file:/d:/maven/repository/com/framework/framework-core/0.0.1-SNAPSHOT/framework-core-0.0.1-SNAPSHOT.jar!/com/system/mybatis/dao/SysDeptUserMapper.class]
16:07:36,618 DEBUG ClassPathMapperScanner:284 - Identified candidate component class: URL [jar:file:/d:/maven/repository/com/framework/framework-core/0.0.1-SNAPSHOT/framework-core-0.0.1-SNAPSHOT.jar!/com/system/mybatis/dao/SysIndexitemMapper.class]
16:07:36,618 DEBUG ClassPathMapperScanner:284 - Identified candidate component class: URL [jar:file:/d:/maven/repository/com/framework/framework-core/0.0.1-SNAPSHOT/framework-core-0.0.1-SNAPSHOT.jar!/com/system/mybatis/dao/SysLogMapper.class]
16:07:36,619 DEBUG ClassPathMapperScanner:284 - Identified candidate component class: URL [jar:file:/d:/maven/repository/com/framework/framework-core/0.0.1-SNAPSHOT/framework-core-0.0.1-SNAPSHOT.jar!/com/system/mybatis/dao/SysModuleMapper.class]
16:07:36,619 DEBUG ClassPathMapperScanner:284 - Identified candidate component class: URL [jar:file:/d:/maven/repository/com/framework/framework-core/0.0.1-SNAPSHOT/framework-core-0.0.1-SNAPSHOT.jar!/com/system/mybatis/dao/SysRoleFuncMapper.class]
16:07:36,619 DEBUG ClassPathMapperScanner:284 - Identified candidate component class: URL [jar:file:/d:/maven/repository/com/framework/framework-core/0.0.1-SNAPSHOT/framework-core-0.0.1-SNAPSHOT.jar!/com/system/mybatis/dao/SysRoleMapper.class]
16:07:36,620 DEBUG ClassPathMapperScanner:284 - Identified candidate component class: URL [jar:file:/d:/maven/repository/com/framework/framework-core/0.0.1-SNAPSHOT/framework-core-0.0.1-SNAPSHOT.jar!/com/system/mybatis/dao/SysRoleUserMapper.class]
16:07:36,620 DEBUG ClassPathMapperScanner:284 - Identified candidate component class: URL [jar:file:/d:/maven/repository/com/framework/framework-core/0.0.1-SNAPSHOT/framework-core-0.0.1-SNAPSHOT.jar!/com/system/mybatis/dao/SysUserMapper.class]
16:07:36,620 DEBUG ClassPathMapperScanner:284 - Identified candidate component class: URL [jar:file:/d:/maven/repository/com/framework/framework-core/0.0.1-SNAPSHOT/framework-core-0.0.1-SNAPSHOT.jar!/com/system/mybatis/service/IIndexItemService.class]
16:07:36,621 DEBUG ClassPathMapperScanner:290 - Ignored because not a concrete top-level class: URL [jar:file:/d:/maven/repository/com/framework/framework-core/0.0.1-SNAPSHOT/framework-core-0.0.1-SNAPSHOT.jar!/com/system/mybatis/service/impl/IndexItemService.class]
16:07:36,622 DEBUG ClassPathMapperScanner:290 - Ignored because not a concrete top-level class: URL [jar:file:/d:/maven/repository/com/framework/framework-core/0.0.1-SNAPSHOT/framework-core-0.0.1-SNAPSHOT.jar!/com/system/mybatis/service/impl/SysCodeService.class]
16:07:36,623 DEBUG ClassPathMapperScanner:290 - Ignored because not a concrete top-level class: URL [jar:file:/d:/maven/repository/com/framework/framework-core/0.0.1-SNAPSHOT/framework-core-0.0.1-SNAPSHOT.jar!/com/system/mybatis/service/impl/SysDeptServiceImpl.class]
16:07:36,623 DEBUG ClassPathMapperScanner:290 - Ignored because not a concrete top-level class: URL [jar:file:/d:/maven/repository/com/framework/framework-core/0.0.1-SNAPSHOT/framework-core-0.0.1-SNAPSHOT.jar!/com/system/mybatis/service/impl/SysModuleServiceImpl.class]
16:07:36,623 DEBUG ClassPathMapperScanner:290 - Ignored because not a concrete top-level class: URL [jar:file:/d:/maven/repository/com/framework/framework-core/0.0.1-SNAPSHOT/framework-core-0.0.1-SNAPSHOT.jar!/com/system/mybatis/service/impl/SystemLogServiceImpl.class]
16:07:36,624 DEBUG ClassPathMapperScanner:290 - Ignored because not a concrete top-level class: URL [jar:file:/d:/maven/repository/com/framework/framework-core/0.0.1-SNAPSHOT/framework-core-0.0.1-SNAPSHOT.jar!/com/system/mybatis/service/impl/SystemRoleServiceImpl.class]
16:07:36,625 DEBUG ClassPathMapperScanner:290 - Ignored because not a concrete top-level class: URL [jar:file:/d:/maven/repository/com/framework/framework-core/0.0.1-SNAPSHOT/framework-core-0.0.1-SNAPSHOT.jar!/com/system/mybatis/service/impl/SystemUserServiceImpl.class]
16:07:36,625 DEBUG ClassPathMapperScanner:284 - Identified candidate component class: URL [jar:file:/d:/maven/repository/com/framework/framework-core/0.0.1-SNAPSHOT/framework-core-0.0.1-SNAPSHOT.jar!/com/system/mybatis/service/ISysCodeService.class]
16:07:36,626 DEBUG ClassPathMapperScanner:284 - Identified candidate component class: URL [jar:file:/d:/maven/repository/com/framework/framework-core/0.0.1-SNAPSHOT/framework-core-0.0.1-SNAPSHOT.jar!/com/system/mybatis/service/ISysDeptService.class]
16:07:36,626 DEBUG ClassPathMapperScanner:284 - Identified candidate component class: URL [jar:file:/d:/maven/repository/com/framework/framework-core/0.0.1-SNAPSHOT/framework-core-0.0.1-SNAPSHOT.jar!/com/system/mybatis/service/ISysModuleService.class]
16:07:36,626 DEBUG ClassPathMapperScanner:284 - Identified candidate component class: URL [jar:file:/d:/maven/repository/com/framework/framework-core/0.0.1-SNAPSHOT/framework-core-0.0.1-SNAPSHOT.jar!/com/system/mybatis/service/ISystemLogService.class]
16:07:36,627 DEBUG ClassPathMapperScanner:284 - Identified candidate component class: URL [jar:file:/d:/maven/repository/com/framework/framework-core/0.0.1-SNAPSHOT/framework-core-0.0.1-SNAPSHOT.jar!/com/system/mybatis/service/ISystemRoleService.class]
16:07:36,627 DEBUG ClassPathMapperScanner:284 - Identified candidate component class: URL [jar:file:/d:/maven/repository/com/framework/framework-core/0.0.1-SNAPSHOT/framework-core-0.0.1-SNAPSHOT.jar!/com/system/mybatis/service/ISystemUserService.class]
16:07:36,628 DEBUG ClassPathMapperScanner:290 - Ignored because not a concrete top-level class: URL [jar:file:/d:/maven/repository/com/framework/framework-core/0.0.1-SNAPSHOT/framework-core-0.0.1-SNAPSHOT.jar!/com/system/web/code/CodeController.class]
16:07:36,628 DEBUG ClassPathMapperScanner:290 - Ignored because not a concrete top-level class: URL [jar:file:/d:/maven/repository/com/framework/framework-core/0.0.1-SNAPSHOT/framework-core-0.0.1-SNAPSHOT.jar!/com/system/web/custom/CustomController.class]
16:07:36,629 DEBUG ClassPathMapperScanner:290 - Ignored because not a concrete top-level class: URL [jar:file:/d:/maven/repository/com/framework/framework-core/0.0.1-SNAPSHOT/framework-core-0.0.1-SNAPSHOT.jar!/com/system/web/dataindex/IndexItemController.class]
16:07:36,629 DEBUG ClassPathMapperScanner:290 - Ignored because not a concrete top-level class: URL [jar:file:/d:/maven/repository/com/framework/framework-core/0.0.1-SNAPSHOT/framework-core-0.0.1-SNAPSHOT.jar!/com/system/web/DepartmentController.class]
16:07:36,630 DEBUG ClassPathMapperScanner:290 - Ignored because not a concrete top-level class: URL [jar:file:/d:/maven/repository/com/framework/framework-core/0.0.1-SNAPSHOT/framework-core-0.0.1-SNAPSHOT.jar!/com/system/web/RoleController.class]
16:07:36,631 DEBUG ClassPathMapperScanner:290 - Ignored because not a concrete top-level class: URL [jar:file:/d:/maven/repository/com/framework/framework-core/0.0.1-SNAPSHOT/framework-core-0.0.1-SNAPSHOT.jar!/com/system/web/user/UserController.class]
16:07:36,632  WARN ClassPathMapperScanner:223 - Skipping MapperFactoryBean with name 'sysConstant' and 'com.system.common.SysConstant' mapperInterface. Bean already defined with the same name!
16:07:36,632  WARN ClassPathMapperScanner:223 - Skipping MapperFactoryBean with name 'ISysDeptDao' and 'com.system.jpa.repository.ISysDeptDao' mapperInterface. Bean already defined with the same name!
16:07:36,632  WARN ClassPathMapperScanner:223 - Skipping MapperFactoryBean with name 'commSeqMapper' and 'com.system.mybatis.dao.CommSeqMapper' mapperInterface. Bean already defined with the same name!
16:07:36,632  WARN ClassPathMapperScanner:223 - Skipping MapperFactoryBean with name 'sysCodeMapper' and 'com.system.mybatis.dao.SysCodeMapper' mapperInterface. Bean already defined with the same name!
16:07:36,632  WARN ClassPathMapperScanner:223 - Skipping MapperFactoryBean with name 'sysDeptMapper' and 'com.system.mybatis.dao.SysDeptMapper' mapperInterface. Bean already defined with the same name!
16:07:36,632  WARN ClassPathMapperScanner:223 - Skipping MapperFactoryBean with name 'sysDeptUserMapper' and 'com.system.mybatis.dao.SysDeptUserMapper' mapperInterface. Bean already defined with the same name!
16:07:36,633  WARN ClassPathMapperScanner:223 - Skipping MapperFactoryBean with name 'sysIndexitemMapper' and 'com.system.mybatis.dao.SysIndexitemMapper' mapperInterface. Bean already defined with the same name!
16:07:36,633  WARN ClassPathMapperScanner:223 - Skipping MapperFactoryBean with name 'sysLogMapper' and 'com.system.mybatis.dao.SysLogMapper' mapperInterface. Bean already defined with the same name!
16:07:36,633  WARN ClassPathMapperScanner:223 - Skipping MapperFactoryBean with name 'sysModuleMapper' and 'com.system.mybatis.dao.SysModuleMapper' mapperInterface. Bean already defined with the same name!
16:07:36,633  WARN ClassPathMapperScanner:223 - Skipping MapperFactoryBean with name 'sysRoleFuncMapper' and 'com.system.mybatis.dao.SysRoleFuncMapper' mapperInterface. Bean already defined with the same name!
16:07:36,633  WARN ClassPathMapperScanner:223 - Skipping MapperFactoryBean with name 'sysRoleMapper' and 'com.system.mybatis.dao.SysRoleMapper' mapperInterface. Bean already defined with the same name!
16:07:36,633  WARN ClassPathMapperScanner:223 - Skipping MapperFactoryBean with name 'sysRoleUserMapper' and 'com.system.mybatis.dao.SysRoleUserMapper' mapperInterface. Bean already defined with the same name!
16:07:36,633  WARN ClassPathMapperScanner:223 - Skipping MapperFactoryBean with name 'sysUserMapper' and 'com.system.mybatis.dao.SysUserMapper' mapperInterface. Bean already defined with the same name!
16:07:36,634  WARN ClassPathMapperScanner:223 - Skipping MapperFactoryBean with name 'IIndexItemService' and 'com.system.mybatis.service.IIndexItemService' mapperInterface. Bean already defined with the same name!
16:07:36,634  WARN ClassPathMapperScanner:223 - Skipping MapperFactoryBean with name 'ISysCodeService' and 'com.system.mybatis.service.ISysCodeService' mapperInterface. Bean already defined with the same name!
16:07:36,634  WARN ClassPathMapperScanner:223 - Skipping MapperFactoryBean with name 'ISysDeptService' and 'com.system.mybatis.service.ISysDeptService' mapperInterface. Bean already defined with the same name!
16:07:36,634  WARN ClassPathMapperScanner:223 - Skipping MapperFactoryBean with name 'ISysModuleService' and 'com.system.mybatis.service.ISysModuleService' mapperInterface. Bean already defined with the same name!
16:07:36,634  WARN ClassPathMapperScanner:223 - Skipping MapperFactoryBean with name 'ISystemLogService' and 'com.system.mybatis.service.ISystemLogService' mapperInterface. Bean already defined with the same name!
16:07:36,634  WARN ClassPathMapperScanner:223 - Skipping MapperFactoryBean with name 'ISystemRoleService' and 'com.system.mybatis.service.ISystemRoleService' mapperInterface. Bean already defined with the same name!
16:07:36,634  WARN ClassPathMapperScanner:223 - Skipping MapperFactoryBean with name 'ISystemUserService' and 'com.system.mybatis.service.ISystemUserService' mapperInterface. Bean already defined with the same name!
16:07:36,636 DEBUG ClassPathMapperScanner:284 - Identified candidate component class: file [D:\workspace\framework-root\framework-resources\target\classes\com\resources\dao\AttachmentsMapper.class]
16:07:36,636 DEBUG ClassPathMapperScanner:284 - Identified candidate component class: file [D:\workspace\framework-root\framework-resources\target\classes\com\resources\dao\AttaThumbnailMapper.class]
16:07:36,637 DEBUG ClassPathMapperScanner:290 - Ignored because not a concrete top-level class: file [D:\workspace\framework-root\framework-resources\target\classes\com\resources\model\CommAttachments.class]
16:07:36,637 DEBUG ClassPathMapperScanner:290 - Ignored because not a concrete top-level class: file [D:\workspace\framework-root\framework-resources\target\classes\com\resources\model\CommAttaThumbnail.class]
16:07:36,637 DEBUG ClassPathMapperScanner:284 - Identified candidate component class: file [D:\workspace\framework-root\framework-resources\target\classes\com\resources\ResConstant.class]
16:07:36,637 DEBUG ClassPathMapperScanner:284 - Identified candidate component class: file [D:\workspace\framework-root\framework-resources\target\classes\com\resources\services\AttachmentsService.class]
16:07:36,638 DEBUG ClassPathMapperScanner:290 - Ignored because not a concrete top-level class: file [D:\workspace\framework-root\framework-resources\target\classes\com\resources\services\impl\AttachmentsServiceImpl$1.class]
16:07:36,638 DEBUG ClassPathMapperScanner:290 - Ignored because not a concrete top-level class: file [D:\workspace\framework-root\framework-resources\target\classes\com\resources\services\impl\AttachmentsServiceImpl.class]
16:07:36,639 DEBUG ClassPathMapperScanner:290 - Ignored because not a concrete top-level class: file [D:\workspace\framework-root\framework-resources\target\classes\com\resources\web\AttachmentsController.class]
16:07:36,639 DEBUG ClassPathMapperScanner:290 - Ignored because not a concrete top-level class: file [D:\workspace\framework-root\framework-resources\target\classes\com\resources\web\ShareResources.class]
16:07:36,640 DEBUG ClassPathMapperScanner:161 - Creating MapperFactoryBean with name 'attachmentsMapper' and 'com.resources.dao.AttachmentsMapper' mapperInterface
16:07:36,640 DEBUG ClassPathMapperScanner:161 - Creating MapperFactoryBean with name 'attaThumbnailMapper' and 'com.resources.dao.AttaThumbnailMapper' mapperInterface
16:07:36,640 DEBUG ClassPathMapperScanner:161 - Creating MapperFactoryBean with name 'resConstant' and 'com.resources.ResConstant' mapperInterface
16:07:36,640 DEBUG ClassPathMapperScanner:161 - Creating MapperFactoryBean with name 'attachmentsService' and 'com.resources.services.AttachmentsService' mapperInterface
16:07:36,644 DEBUG DefaultListableBeanFactory:220 - Creating shared instance of singleton bean 'org.springframework.beans.factory.config.PropertyPlaceholderConfigurer#0'
16:07:36,644 DEBUG DefaultListableBeanFactory:450 - Creating instance of bean 'org.springframework.beans.factory.config.PropertyPlaceholderConfigurer#0'
16:07:36,644 DEBUG DefaultListableBeanFactory:524 - Eagerly caching bean 'org.springframework.beans.factory.config.PropertyPlaceholderConfigurer#0' to allow for resolving potential circular references
16:07:36,645 DEBUG DefaultListableBeanFactory:478 - Finished creating instance of bean 'org.springframework.beans.factory.config.PropertyPlaceholderConfigurer#0'
16:07:36,645  INFO PropertyPlaceholderConfigurer:172 - Loading properties file from class path resource [config/db.properties]
16:07:36,650 DEBUG DefaultListableBeanFactory:220 - Creating shared instance of singleton bean 'org.springframework.context.annotation.internalAutowiredAnnotationProcessor'
16:07:36,650 DEBUG DefaultListableBeanFactory:450 - Creating instance of bean 'org.springframework.context.annotation.internalAutowiredAnnotationProcessor'
16:07:36,651  INFO AutowiredAnnotationBeanPostProcessor:153 - JSR-330 'javax.inject.Inject' annotation found and supported for autowiring
16:07:36,651 DEBUG DefaultListableBeanFactory:524 - Eagerly caching bean 'org.springframework.context.annotation.internalAutowiredAnnotationProcessor' to allow for resolving potential circular references
16:07:36,651 DEBUG DefaultListableBeanFactory:478 - Finished creating instance of bean 'org.springframework.context.annotation.internalAutowiredAnnotationProcessor'
16:07:36,651 DEBUG DefaultListableBeanFactory:220 - Creating shared instance of singleton bean 'org.springframework.context.annotation.internalRequiredAnnotationProcessor'
16:07:36,651 DEBUG DefaultListableBeanFactory:450 - Creating instance of bean 'org.springframework.context.annotation.internalRequiredAnnotationProcessor'
16:07:36,652 DEBUG DefaultListableBeanFactory:524 - Eagerly caching bean 'org.springframework.context.annotation.internalRequiredAnnotationProcessor' to allow for resolving potential circular references
16:07:36,652 DEBUG DefaultListableBeanFactory:478 - Finished creating instance of bean 'org.springframework.context.annotation.internalRequiredAnnotationProcessor'
16:07:36,652 DEBUG DefaultListableBeanFactory:220 - Creating shared instance of singleton bean 'org.springframework.context.annotation.internalCommonAnnotationProcessor'
16:07:36,652 DEBUG DefaultListableBeanFactory:450 - Creating instance of bean 'org.springframework.context.annotation.internalCommonAnnotationProcessor'
16:07:36,653 DEBUG DefaultListableBeanFactory:524 - Eagerly caching bean 'org.springframework.context.annotation.internalCommonAnnotationProcessor' to allow for resolving potential circular references
16:07:36,653 DEBUG DefaultListableBeanFactory:478 - Finished creating instance of bean 'org.springframework.context.annotation.internalCommonAnnotationProcessor'
16:07:36,653 DEBUG DefaultListableBeanFactory:220 - Creating shared instance of singleton bean 'org.springframework.context.annotation.internalPersistenceAnnotationProcessor'
16:07:36,653 DEBUG DefaultListableBeanFactory:450 - Creating instance of bean 'org.springframework.context.annotation.internalPersistenceAnnotationProcessor'
16:07:36,653 DEBUG DefaultListableBeanFactory:524 - Eagerly caching bean 'org.springframework.context.annotation.internalPersistenceAnnotationProcessor' to allow for resolving potential circular references
16:07:36,654 DEBUG DefaultListableBeanFactory:478 - Finished creating instance of bean 'org.springframework.context.annotation.internalPersistenceAnnotationProcessor'
16:07:36,654 DEBUG DefaultListableBeanFactory:220 - Creating shared instance of singleton bean 'org.springframework.context.annotation.ConfigurationClassPostProcessor.importAwareProcessor'
16:07:36,654 DEBUG DefaultListableBeanFactory:450 - Creating instance of bean 'org.springframework.context.annotation.ConfigurationClassPostProcessor.importAwareProcessor'
16:07:36,654 DEBUG DefaultListableBeanFactory:524 - Eagerly caching bean 'org.springframework.context.annotation.ConfigurationClassPostProcessor.importAwareProcessor' to allow for resolving potential circular references
16:07:36,655 DEBUG DefaultListableBeanFactory:478 - Finished creating instance of bean 'org.springframework.context.annotation.ConfigurationClassPostProcessor.importAwareProcessor'
16:07:36,655 DEBUG DefaultListableBeanFactory:220 - Creating shared instance of singleton bean 'org.springframework.context.annotation.ConfigurationClassPostProcessor.enhancedConfigurationProcessor'
16:07:36,655 DEBUG DefaultListableBeanFactory:450 - Creating instance of bean 'org.springframework.context.annotation.ConfigurationClassPostProcessor.enhancedConfigurationProcessor'
16:07:36,655 DEBUG DefaultListableBeanFactory:524 - Eagerly caching bean 'org.springframework.context.annotation.ConfigurationClassPostProcessor.enhancedConfigurationProcessor' to allow for resolving potential circular references
16:07:36,655 DEBUG DefaultListableBeanFactory:478 - Finished creating instance of bean 'org.springframework.context.annotation.ConfigurationClassPostProcessor.enhancedConfigurationProcessor'
16:07:36,656 DEBUG DefaultListableBeanFactory:220 - Creating shared instance of singleton bean 'org.springframework.aop.config.internalAutoProxyCreator'
16:07:36,656 DEBUG DefaultListableBeanFactory:450 - Creating instance of bean 'org.springframework.aop.config.internalAutoProxyCreator'
16:07:36,657 DEBUG DefaultListableBeanFactory:524 - Eagerly caching bean 'org.springframework.aop.config.internalAutoProxyCreator' to allow for resolving potential circular references
16:07:36,658 DEBUG DefaultListableBeanFactory:478 - Finished creating instance of bean 'org.springframework.aop.config.internalAutoProxyCreator'
16:07:36,659 DEBUG GenericApplicationContext:646 - Unable to locate MessageSource with name 'messageSource': using default [org.springframework.context.support.DelegatingMessageSource@45404814]
16:07:36,659 DEBUG GenericApplicationContext:670 - Unable to locate ApplicationEventMulticaster with name 'applicationEventMulticaster': using default [org.springframework.context.event.SimpleApplicationEventMulticaster@7f3c3c90]
16:07:36,664 DEBUG DefaultListableBeanFactory:691 - Pre-instantiating singletons in org.springframework.beans.factory.support.DefaultListableBeanFactory@aa84355: defining beans [org.springframework.beans.factory.config.PropertyPlaceholderConfigurer#0,dataSource,validator,controlAdvice,sessionManager,org.springframework.context.annotation.internalConfigurationAnnotationProcessor,org.springframework.context.annotation.internalAutowiredAnnotationProcessor,org.springframework.context.annotation.internalRequiredAnnotationProcessor,org.springframework.context.annotation.internalCommonAnnotationProcessor,org.springframework.context.annotation.internalPersistenceAnnotationProcessor,queryParamAop,org.springframework.aop.config.internalAutoProxyCreator,org.springframework.transaction.annotation.AnnotationTransactionAttributeSource#0,org.springframework.transaction.interceptor.TransactionInterceptor#0,org.springframework.transaction.config.internalTransactionAdvisor,sqlSessionFactory,myBatisExceptionTranslator,org.mybatis.spring.mapper.MapperScannerConfigurer#0,transactionManager,indexItemService,sysCodeService,sysDeptServiceImpl,sysModuleServiceImpl,systemLogServiceImpl,systemRoleServiceImpl,systemUserServiceImpl,systemLogAOP,commonServiceImpl,configProperties,attachmentsServiceImpl,attachmentsController,shareResources,iM4ImageHandler,imageService,org.mybatis.spring.mapper.MapperScannerConfigurer#1,org.springframework.context.annotation.ConfigurationClassPostProcessor.importAwareProcessor,org.springframework.context.annotation.ConfigurationClassPostProcessor.enhancedConfigurationProcessor,sysConstant,ISysDeptDao,commSeqMapper,sysCodeMapper,sysDeptMapper,sysDeptUserMapper,sysIndexitemMapper,sysLogMapper,sysModuleMapper,sysRoleFuncMapper,sysRoleMapper,sysRoleUserMapper,sysUserMapper,IIndexItemService,ISysCodeService,ISysDeptService,ISysModuleService,ISystemLogService,ISystemRoleService,ISystemUserService,attachmentsMapper,attaThumbnailMapper,resConstant,attachmentsService]; root of factory hierarchy
16:07:36,665 DEBUG DefaultListableBeanFactory:247 - Returning cached instance of singleton bean 'org.springframework.beans.factory.config.PropertyPlaceholderConfigurer#0'
16:07:36,665 DEBUG DefaultListableBeanFactory:220 - Creating shared instance of singleton bean 'dataSource'
16:07:36,665 DEBUG DefaultListableBeanFactory:450 - Creating instance of bean 'dataSource'
16:07:36,666 DEBUG DefaultListableBeanFactory:220 - Creating shared instance of singleton bean 'org.springframework.transaction.config.internalTransactionAdvisor'
16:07:36,667 DEBUG DefaultListableBeanFactory:450 - Creating instance of bean 'org.springframework.transaction.config.internalTransactionAdvisor'
16:07:36,667 DEBUG DefaultListableBeanFactory:524 - Eagerly caching bean 'org.springframework.transaction.config.internalTransactionAdvisor' to allow for resolving potential circular references
16:07:36,667 DEBUG DefaultListableBeanFactory:220 - Creating shared instance of singleton bean 'org.springframework.transaction.annotation.AnnotationTransactionAttributeSource#0'
16:07:36,667 DEBUG DefaultListableBeanFactory:450 - Creating instance of bean 'org.springframework.transaction.annotation.AnnotationTransactionAttributeSource#0'
16:07:36,668 DEBUG BeanFactoryAdvisorRetrievalHelper:87 - Skipping currently created advisor 'org.springframework.transaction.config.internalTransactionAdvisor'
16:07:36,670 DEBUG ReflectiveAspectJAdvisorFactory:221 - Found AspectJ method: public java.lang.Object com.framework.common.aspect.QueryParamAop.actionAopAround(org.aspectj.lang.ProceedingJoinPoint,com.framework.mybatis.model.QueryModel,java.lang.Integer,java.lang.Integer) throws java.lang.Throwable
16:07:36,670 DEBUG ReflectiveAspectJAdvisorFactory:221 - Found AspectJ method: public void com.framework.common.aspect.QueryParamAop.beforeAction(org.aspectj.lang.JoinPoint,com.framework.mybatis.model.QueryModel,java.lang.Integer,java.lang.Integer)
16:07:36,672 DEBUG ReflectiveAspectJAdvisorFactory:221 - Found AspectJ method: public void com.framework.mybatis.aspect.SystemLogAOP.doBefore(org.aspectj.lang.JoinPoint)
16:07:36,672 DEBUG ReflectiveAspectJAdvisorFactory:221 - Found AspectJ method: public void com.framework.mybatis.aspect.SystemLogAOP.doAfterThrowing(org.aspectj.lang.JoinPoint,java.lang.Throwable)
16:07:36,674 DEBUG DefaultListableBeanFactory:524 - Eagerly caching bean 'org.springframework.transaction.annotation.AnnotationTransactionAttributeSource#0' to allow for resolving potential circular references
16:07:36,674 DEBUG BeanFactoryAdvisorRetrievalHelper:87 - Skipping currently created advisor 'org.springframework.transaction.config.internalTransactionAdvisor'
16:07:36,674 DEBUG BeanFactoryAdvisorRetrievalHelper:87 - Skipping currently created advisor 'org.springframework.transaction.config.internalTransactionAdvisor'
16:07:36,687 DEBUG DefaultListableBeanFactory:478 - Finished creating instance of bean 'org.springframework.transaction.annotation.AnnotationTransactionAttributeSource#0'
16:07:36,687 DEBUG DefaultListableBeanFactory:478 - Finished creating instance of bean 'org.springframework.transaction.config.internalTransactionAdvisor'
16:07:36,707 DEBUG DefaultListableBeanFactory:524 - Eagerly caching bean 'dataSource' to allow for resolving potential circular references
16:07:36,708 DEBUG DefaultListableBeanFactory:247 - Returning cached instance of singleton bean 'org.springframework.transaction.config.internalTransactionAdvisor'
16:07:36,709 DEBUG DefaultListableBeanFactory:247 - Returning cached instance of singleton bean 'org.springframework.transaction.config.internalTransactionAdvisor'
16:07:37,043 DEBUG DefaultListableBeanFactory:478 - Finished creating instance of bean 'dataSource'
16:07:37,043 DEBUG DefaultListableBeanFactory:220 - Creating shared instance of singleton bean 'validator'
16:07:37,043 DEBUG DefaultListableBeanFactory:450 - Creating instance of bean 'validator'
16:07:37,044 DEBUG DefaultListableBeanFactory:247 - Returning cached instance of singleton bean 'org.springframework.transaction.config.internalTransactionAdvisor'
16:07:37,044 DEBUG DefaultListableBeanFactory:524 - Eagerly caching bean 'validator' to allow for resolving potential circular references
16:07:37,044 DEBUG DefaultListableBeanFactory:1610 - Invoking afterPropertiesSet() on bean with name 'validator'
16:07:37,045 DEBUG DefaultTraversableResolver:103 - Found javax.persistence.Persistence on classpath containing 'getPersistenceUtil'. Assuming JPA 2 environment. Trying to instantiate JPA aware TraversableResolver
16:07:37,045 DEBUG DefaultTraversableResolver:114 - Instantiated JPA aware TraversableResolver of type org.hibernate.validator.internal.engine.resolver.JPATraversableResolver.
16:07:37,046 DEBUG ConfigurationImpl:145 - Setting custom MessageInterpolator of type org.springframework.validation.beanvalidation.LocaleContextMessageInterpolator
16:07:37,046 DEBUG ConfigurationImpl:167 - Setting custom ConstraintValidatorFactory of type org.springframework.validation.beanvalidation.SpringConstraintValidatorFactory
16:07:37,046 DEBUG ConfigurationImpl:181 - Setting custom ParameterNameProvider of type com.sun.proxy.$Proxy33
16:07:37,046 DEBUG ValidationXmlParser:90 - Trying to load META-INF/validation.xml for XML based Validator configuration.
16:07:37,046 DEBUG ResourceLoaderHelper:54 - Trying to load META-INF/validation.xml via TCCL
16:07:37,047 DEBUG ResourceLoaderHelper:60 - Trying to load META-INF/validation.xml via Hibernate Validator's class loader
16:07:37,047 DEBUG ValidationXmlParser:97 - No META-INF/validation.xml found. Using annotation based configuration only.
16:07:37,048 DEBUG DefaultListableBeanFactory:247 - Returning cached instance of singleton bean 'org.springframework.transaction.config.internalTransactionAdvisor'
16:07:37,048 DEBUG DefaultListableBeanFactory:247 - Returning cached instance of singleton bean 'org.springframework.transaction.config.internalTransactionAdvisor'
16:07:37,082 DEBUG DefaultListableBeanFactory:478 - Finished creating instance of bean 'validator'
16:07:37,083 DEBUG DefaultListableBeanFactory:220 - Creating shared instance of singleton bean 'controlAdvice'
16:07:37,083 DEBUG DefaultListableBeanFactory:450 - Creating instance of bean 'controlAdvice'
16:07:37,083 DEBUG DefaultListableBeanFactory:247 - Returning cached instance of singleton bean 'org.springframework.transaction.config.internalTransactionAdvisor'
16:07:37,084 DEBUG DefaultListableBeanFactory:524 - Eagerly caching bean 'controlAdvice' to allow for resolving potential circular references
16:07:37,084 DEBUG DefaultListableBeanFactory:247 - Returning cached instance of singleton bean 'org.springframework.transaction.config.internalTransactionAdvisor'
16:07:37,085 DEBUG DefaultListableBeanFactory:247 - Returning cached instance of singleton bean 'org.springframework.transaction.config.internalTransactionAdvisor'
16:07:37,090 DEBUG DefaultListableBeanFactory:478 - Finished creating instance of bean 'controlAdvice'
16:07:37,090 DEBUG DefaultListableBeanFactory:220 - Creating shared instance of singleton bean 'sessionManager'
16:07:37,090 DEBUG DefaultListableBeanFactory:450 - Creating instance of bean 'sessionManager'
16:07:37,090 DEBUG DefaultListableBeanFactory:247 - Returning cached instance of singleton bean 'org.springframework.transaction.config.internalTransactionAdvisor'
16:07:37,091 DEBUG DefaultListableBeanFactory:524 - Eagerly caching bean 'sessionManager' to allow for resolving potential circular references
16:07:37,091 DEBUG DefaultListableBeanFactory:247 - Returning cached instance of singleton bean 'org.springframework.transaction.config.internalTransactionAdvisor'
16:07:37,091 DEBUG DefaultListableBeanFactory:247 - Returning cached instance of singleton bean 'org.springframework.transaction.config.internalTransactionAdvisor'
16:07:37,101 DEBUG DefaultListableBeanFactory:478 - Finished creating instance of bean 'sessionManager'
16:07:37,101 DEBUG DefaultListableBeanFactory:247 - Returning cached instance of singleton bean 'org.springframework.context.annotation.internalConfigurationAnnotationProcessor'
16:07:37,101 DEBUG DefaultListableBeanFactory:247 - Returning cached instance of singleton bean 'org.springframework.context.annotation.internalAutowiredAnnotationProcessor'
16:07:37,101 DEBUG DefaultListableBeanFactory:247 - Returning cached instance of singleton bean 'org.springframework.context.annotation.internalRequiredAnnotationProcessor'
16:07:37,102 DEBUG DefaultListableBeanFactory:247 - Returning cached instance of singleton bean 'org.springframework.context.annotation.internalCommonAnnotationProcessor'
16:07:37,102 DEBUG DefaultListableBeanFactory:247 - Returning cached instance of singleton bean 'org.springframework.context.annotation.internalPersistenceAnnotationProcessor'
16:07:37,102 DEBUG DefaultListableBeanFactory:220 - Creating shared instance of singleton bean 'queryParamAop'
16:07:37,102 DEBUG DefaultListableBeanFactory:450 - Creating instance of bean 'queryParamAop'
16:07:37,103 DEBUG DefaultListableBeanFactory:524 - Eagerly caching bean 'queryParamAop' to allow for resolving potential circular references
16:07:37,104 DEBUG DefaultListableBeanFactory:478 - Finished creating instance of bean 'queryParamAop'
16:07:37,104 DEBUG DefaultListableBeanFactory:247 - Returning cached instance of singleton bean 'org.springframework.aop.config.internalAutoProxyCreator'
16:07:37,104 DEBUG DefaultListableBeanFactory:247 - Returning cached instance of singleton bean 'org.springframework.transaction.annotation.AnnotationTransactionAttributeSource#0'
16:07:37,104 DEBUG DefaultListableBeanFactory:220 - Creating shared instance of singleton bean 'org.springframework.transaction.interceptor.TransactionInterceptor#0'
16:07:37,104 DEBUG DefaultListableBeanFactory:450 - Creating instance of bean 'org.springframework.transaction.interceptor.TransactionInterceptor#0'
16:07:37,105 DEBUG DefaultListableBeanFactory:524 - Eagerly caching bean 'org.springframework.transaction.interceptor.TransactionInterceptor#0' to allow for resolving potential circular references
16:07:37,106 DEBUG DefaultListableBeanFactory:247 - Returning cached instance of singleton bean 'org.springframework.transaction.annotation.AnnotationTransactionAttributeSource#0'
16:07:37,106 DEBUG DefaultListableBeanFactory:1610 - Invoking afterPropertiesSet() on bean with name 'org.springframework.transaction.interceptor.TransactionInterceptor#0'
16:07:37,106 DEBUG DefaultListableBeanFactory:478 - Finished creating instance of bean 'org.springframework.transaction.interceptor.TransactionInterceptor#0'
16:07:37,106 DEBUG DefaultListableBeanFactory:247 - Returning cached instance of singleton bean 'org.springframework.transaction.config.internalTransactionAdvisor'
16:07:37,106 DEBUG DefaultListableBeanFactory:220 - Creating shared instance of singleton bean 'sqlSessionFactory'
16:07:37,106 DEBUG DefaultListableBeanFactory:450 - Creating instance of bean 'sqlSessionFactory'
16:07:37,106 DEBUG DefaultListableBeanFactory:247 - Returning cached instance of singleton bean 'org.springframework.transaction.config.internalTransactionAdvisor'
16:07:37,107 DEBUG DefaultListableBeanFactory:524 - Eagerly caching bean 'sqlSessionFactory' to allow for resolving potential circular references
16:07:37,107 DEBUG DefaultListableBeanFactory:247 - Returning cached instance of singleton bean 'dataSource'
16:07:37,111 DEBUG DefaultListableBeanFactory:1610 - Invoking afterPropertiesSet() on bean with name 'sqlSessionFactory'
16:07:37,118 DEBUG PageInterceptor:130 - {}
16:07:37,118 DEBUG PageInterceptor:119 - {defaultPageSize=10}
16:07:37,123 DEBUG SqlSessionFactoryBean:427 - Parsed configuration file: 'class path resource [context/mybatis-config.xml]'
16:07:37,156 DEBUG SqlSessionFactoryBean:468 - Parsed mapper file: 'file [D:\workspace\framework-root\framework-resources\target\test-classes\context\mapper\AttachmentsMapper.xml]'
16:07:37,182 DEBUG SqlSessionFactoryBean:468 - Parsed mapper file: 'file [D:\workspace\framework-root\framework-resources\target\test-classes\context\mapper\AttaThumbnailMapper.xml]'
16:07:37,205 DEBUG SqlSessionFactoryBean:468 - Parsed mapper file: 'file [D:\workspace\framework-root\framework-resources\target\test-classes\context\mapper\CommSeqMapper.xml]'
16:07:37,244 DEBUG SqlSessionFactoryBean:468 - Parsed mapper file: 'file [D:\workspace\framework-root\framework-resources\target\test-classes\context\mapper\PublicMapper.xml]'
16:07:37,274 DEBUG SqlSessionFactoryBean:468 - Parsed mapper file: 'file [D:\workspace\framework-root\framework-resources\target\test-classes\context\mapper\SysCodeMapper.xml]'
16:07:37,306 DEBUG SqlSessionFactoryBean:468 - Parsed mapper file: 'file [D:\workspace\framework-root\framework-resources\target\test-classes\context\mapper\SysDeptMapper.xml]'
16:07:37,334 DEBUG SqlSessionFactoryBean:468 - Parsed mapper file: 'file [D:\workspace\framework-root\framework-resources\target\test-classes\context\mapper\SysDeptUserMapper.xml]'
16:07:37,361 DEBUG SqlSessionFactoryBean:468 - Parsed mapper file: 'file [D:\workspace\framework-root\framework-resources\target\test-classes\context\mapper\SysIndexitemMapper.xml]'
16:07:37,393 DEBUG SqlSessionFactoryBean:468 - Parsed mapper file: 'file [D:\workspace\framework-root\framework-resources\target\test-classes\context\mapper\SysLogMapper.xml]'
16:07:37,423 DEBUG SqlSessionFactoryBean:468 - Parsed mapper file: 'file [D:\workspace\framework-root\framework-resources\target\test-classes\context\mapper\SysModuleMapper.xml]'
16:07:37,443 DEBUG SqlSessionFactoryBean:468 - Parsed mapper file: 'file [D:\workspace\framework-root\framework-resources\target\test-classes\context\mapper\SysRoleFuncMapper.xml]'
16:07:37,466 DEBUG SqlSessionFactoryBean:468 - Parsed mapper file: 'file [D:\workspace\framework-root\framework-resources\target\test-classes\context\mapper\SysRoleMapper.xml]'
16:07:37,486 DEBUG SqlSessionFactoryBean:468 - Parsed mapper file: 'file [D:\workspace\framework-root\framework-resources\target\test-classes\context\mapper\SysRoleUserMapper.xml]'
16:07:37,515 DEBUG SqlSessionFactoryBean:468 - Parsed mapper file: 'file [D:\workspace\framework-root\framework-resources\target\test-classes\context\mapper\SysUserMapper.xml]'
16:07:37,547  WARN GenericApplicationContext:487 - Exception encountered during context initialization - cancelling refresh attempt
org.springframework.beans.factory.BeanCreationException: Error creating bean with name 'sqlSessionFactory' defined in class path resource [config/application-core.xml]: Invocation of init method failed; nested exception is org.springframework.core.NestedIOException: Failed to parse mapping resource: 'file [D:\workspace\framework-root\framework-resources\target\classes\context\mapper\AttachmentsMapper.xml]'; nested exception is org.apache.ibatis.builder.BuilderException: Error parsing Mapper XML. Cause: java.lang.IllegalArgumentException: Result Maps collection already contains value for com.resources.dao.AttachmentsMapper.BaseResultMap
	at org.springframework.beans.factory.support.AbstractAutowireCapableBeanFactory.initializeBean(AbstractAutowireCapableBeanFactory.java:1568)
	at org.springframework.beans.factory.support.AbstractAutowireCapableBeanFactory.doCreateBean(AbstractAutowireCapableBeanFactory.java:540)
	at org.springframework.beans.factory.support.AbstractAutowireCapableBeanFactory.createBean(AbstractAutowireCapableBeanFactory.java:476)
	at org.springframework.beans.factory.support.AbstractBeanFactory$1.getObject(AbstractBeanFactory.java:302)
	at org.springframework.beans.factory.support.DefaultSingletonBeanRegistry.getSingleton(DefaultSingletonBeanRegistry.java:229)
	at org.springframework.beans.factory.support.AbstractBeanFactory.doGetBean(AbstractBeanFactory.java:298)
	at org.springframework.beans.factory.support.AbstractBeanFactory.getBean(AbstractBeanFactory.java:193)
	at org.springframework.beans.factory.support.DefaultListableBeanFactory.preInstantiateSingletons(DefaultListableBeanFactory.java:706)
	at org.springframework.context.support.AbstractApplicationContext.finishBeanFactoryInitialization(AbstractApplicationContext.java:757)
	at org.springframework.context.support.AbstractApplicationContext.refresh(AbstractApplicationContext.java:480)
	at org.springframework.test.context.support.AbstractGenericContextLoader.loadContext(AbstractGenericContextLoader.java:125)
	at org.springframework.test.context.support.AbstractGenericContextLoader.loadContext(AbstractGenericContextLoader.java:60)
	at org.springframework.test.context.support.AbstractDelegatingSmartContextLoader.delegateLoading(AbstractDelegatingSmartContextLoader.java:108)
	at org.springframework.test.context.support.AbstractDelegatingSmartContextLoader.loadContext(AbstractDelegatingSmartContextLoader.java:260)
	at org.springframework.test.context.DefaultCacheAwareContextLoaderDelegate.loadContextInternal(DefaultCacheAwareContextLoaderDelegate.java:63)
	at org.springframework.test.context.DefaultCacheAwareContextLoaderDelegate.loadContext(DefaultCacheAwareContextLoaderDelegate.java:83)
	at org.springframework.test.context.DefaultTestContext.getApplicationContext(DefaultTestContext.java:74)
	at org.springframework.test.context.support.DependencyInjectionTestExecutionListener.injectDependencies(DependencyInjectionTestExecutionListener.java:116)
	at org.springframework.test.context.support.DependencyInjectionTestExecutionListener.prepareTestInstance(DependencyInjectionTestExecutionListener.java:82)
	at org.springframework.test.context.TestContextManager.prepareTestInstance(TestContextManager.java:212)
	at org.springframework.test.context.junit4.SpringJUnit4ClassRunner.createTest(SpringJUnit4ClassRunner.java:199)
	at org.springframework.test.context.junit4.SpringJUnit4ClassRunner$1.runReflectiveCall(SpringJUnit4ClassRunner.java:251)
	at org.junit.internal.runners.model.ReflectiveCallable.run(ReflectiveCallable.java:12)
	at org.springframework.test.context.junit4.SpringJUnit4ClassRunner.methodBlock(SpringJUnit4ClassRunner.java:253)
	at org.springframework.test.context.junit4.SpringJUnit4ClassRunner.runChild(SpringJUnit4ClassRunner.java:216)
	at org.springframework.test.context.junit4.SpringJUnit4ClassRunner.runChild(SpringJUnit4ClassRunner.java:82)
	at org.junit.runners.ParentRunner$3.run(ParentRunner.java:238)
	at org.junit.runners.ParentRunner$1.schedule(ParentRunner.java:63)
	at org.junit.runners.ParentRunner.runChildren(ParentRunner.java:236)
	at org.junit.runners.ParentRunner.access$000(ParentRunner.java:53)
	at org.junit.runners.ParentRunner$2.evaluate(ParentRunner.java:229)
	at org.springframework.test.context.junit4.statements.RunBeforeTestClassCallbacks.evaluate(RunBeforeTestClassCallbacks.java:60)
	at org.springframework.test.context.junit4.statements.RunAfterTestClassCallbacks.evaluate(RunAfterTestClassCallbacks.java:67)
	at org.junit.runners.ParentRunner.run(ParentRunner.java:309)
	at org.springframework.test.context.junit4.SpringJUnit4ClassRunner.run(SpringJUnit4ClassRunner.java:162)
	at org.apache.maven.surefire.junit4.JUnit4Provider.execute(JUnit4Provider.java:344)
	at org.apache.maven.surefire.junit4.JUnit4Provider.executeWithRerun(JUnit4Provider.java:269)
	at org.apache.maven.surefire.junit4.JUnit4Provider.executeTestSet(JUnit4Provider.java:240)
	at org.apache.maven.surefire.junit4.JUnit4Provider.invoke(JUnit4Provider.java:184)
	at org.apache.maven.surefire.booter.ForkedBooter.invokeProviderInSameClassLoader(ForkedBooter.java:286)
	at org.apache.maven.surefire.booter.ForkedBooter.runSuitesInProcess(ForkedBooter.java:240)
	at org.apache.maven.surefire.booter.ForkedBooter.main(ForkedBooter.java:121)
Caused by: org.springframework.core.NestedIOException: Failed to parse mapping resource: 'file [D:\workspace\framework-root\framework-resources\target\classes\context\mapper\AttachmentsMapper.xml]'; nested exception is org.apache.ibatis.builder.BuilderException: Error parsing Mapper XML. Cause: java.lang.IllegalArgumentException: Result Maps collection already contains value for com.resources.dao.AttachmentsMapper.BaseResultMap
	at org.mybatis.spring.SqlSessionFactoryBean.buildSqlSessionFactory(SqlSessionFactoryBean.java:462)
	at org.mybatis.spring.SqlSessionFactoryBean.afterPropertiesSet(SqlSessionFactoryBean.java:336)
	at org.springframework.beans.factory.support.AbstractAutowireCapableBeanFactory.invokeInitMethods(AbstractAutowireCapableBeanFactory.java:1627)
	at org.springframework.beans.factory.support.AbstractAutowireCapableBeanFactory.initializeBean(AbstractAutowireCapableBeanFactory.java:1564)
	... 41 more
Caused by: org.apache.ibatis.builder.BuilderException: Error parsing Mapper XML. Cause: java.lang.IllegalArgumentException: Result Maps collection already contains value for com.resources.dao.AttachmentsMapper.BaseResultMap
	at org.apache.ibatis.builder.xml.XMLMapperBuilder.configurationElement(XMLMapperBuilder.java:117)
	at org.apache.ibatis.builder.xml.XMLMapperBuilder.parse(XMLMapperBuilder.java:89)
	at org.mybatis.spring.SqlSessionFactoryBean.buildSqlSessionFactory(SqlSessionFactoryBean.java:460)
	... 44 more
Caused by: java.lang.IllegalArgumentException: Result Maps collection already contains value for com.resources.dao.AttachmentsMapper.BaseResultMap
	at org.apache.ibatis.session.Configuration$StrictMap.put(Configuration.java:782)
	at org.apache.ibatis.session.Configuration$StrictMap.put(Configuration.java:754)
	at org.apache.ibatis.session.Configuration.addResultMap(Configuration.java:536)
	at org.apache.ibatis.builder.MapperBuilderAssistant.addResultMap(MapperBuilderAssistant.java:204)
	at org.apache.ibatis.builder.ResultMapResolver.resolve(ResultMapResolver.java:44)
	at org.apache.ibatis.builder.xml.XMLMapperBuilder.resultMapElement(XMLMapperBuilder.java:281)
	at org.apache.ibatis.builder.xml.XMLMapperBuilder.resultMapElement(XMLMapperBuilder.java:248)
	at org.apache.ibatis.builder.xml.XMLMapperBuilder.resultMapElements(XMLMapperBuilder.java:240)
	at org.apache.ibatis.builder.xml.XMLMapperBuilder.configurationElement(XMLMapperBuilder.java:113)
	... 46 more
16:07:37,548 DEBUG DefaultListableBeanFactory:499 - Destroying singletons in org.springframework.beans.factory.support.DefaultListableBeanFactory@aa84355: defining beans [org.springframework.beans.factory.config.PropertyPlaceholderConfigurer#0,dataSource,validator,controlAdvice,sessionManager,org.springframework.context.annotation.internalConfigurationAnnotationProcessor,org.springframework.context.annotation.internalAutowiredAnnotationProcessor,org.springframework.context.annotation.internalRequiredAnnotationProcessor,org.springframework.context.annotation.internalCommonAnnotationProcessor,org.springframework.context.annotation.internalPersistenceAnnotationProcessor,queryParamAop,org.springframework.aop.config.internalAutoProxyCreator,org.springframework.transaction.annotation.AnnotationTransactionAttributeSource#0,org.springframework.transaction.interceptor.TransactionInterceptor#0,org.springframework.transaction.config.internalTransactionAdvisor,sqlSessionFactory,myBatisExceptionTranslator,org.mybatis.spring.mapper.MapperScannerConfigurer#0,transactionManager,indexItemService,sysCodeService,sysDeptServiceImpl,sysModuleServiceImpl,systemLogServiceImpl,systemRoleServiceImpl,systemUserServiceImpl,systemLogAOP,commonServiceImpl,configProperties,attachmentsServiceImpl,attachmentsController,shareResources,iM4ImageHandler,imageService,org.mybatis.spring.mapper.MapperScannerConfigurer#1,org.springframework.context.annotation.ConfigurationClassPostProcessor.importAwareProcessor,org.springframework.context.annotation.ConfigurationClassPostProcessor.enhancedConfigurationProcessor,sysConstant,ISysDeptDao,commSeqMapper,sysCodeMapper,sysDeptMapper,sysDeptUserMapper,sysIndexitemMapper,sysLogMapper,sysModuleMapper,sysRoleFuncMapper,sysRoleMapper,sysRoleUserMapper,sysUserMapper,IIndexItemService,ISysCodeService,ISysDeptService,ISysModuleService,ISystemLogService,ISystemRoleService,ISystemUserService,attachmentsMapper,attaThumbnailMapper,resConstant,attachmentsService]; root of factory hierarchy
16:07:37,549 DEBUG DisposableBeanAdapter:245 - Invoking destroy() on bean with name 'validator'
16:07:37,549 DEBUG DisposableBeanAdapter:323 - Invoking destroy method 'close' on bean with name 'dataSource'
16:07:37,550 ERROR TestContextManager:215 - Caught exception while allowing TestExecutionListener [org.springframework.test.context.support.DependencyInjectionTestExecutionListener@768afd65] to prepare test instance [com.framework.resources.dao.AttachmentsMapperTest@63de817a]
java.lang.IllegalStateException: Failed to load ApplicationContext
	at org.springframework.test.context.DefaultCacheAwareContextLoaderDelegate.loadContext(DefaultCacheAwareContextLoaderDelegate.java:91)
	at org.springframework.test.context.DefaultTestContext.getApplicationContext(DefaultTestContext.java:74)
	at org.springframework.test.context.support.DependencyInjectionTestExecutionListener.injectDependencies(DependencyInjectionTestExecutionListener.java:116)
	at org.springframework.test.context.support.DependencyInjectionTestExecutionListener.prepareTestInstance(DependencyInjectionTestExecutionListener.java:82)
	at org.springframework.test.context.TestContextManager.prepareTestInstance(TestContextManager.java:212)
	at org.springframework.test.context.junit4.SpringJUnit4ClassRunner.createTest(SpringJUnit4ClassRunner.java:199)
	at org.springframework.test.context.junit4.SpringJUnit4ClassRunner$1.runReflectiveCall(SpringJUnit4ClassRunner.java:251)
	at org.junit.internal.runners.model.ReflectiveCallable.run(ReflectiveCallable.java:12)
	at org.springframework.test.context.junit4.SpringJUnit4ClassRunner.methodBlock(SpringJUnit4ClassRunner.java:253)
	at org.springframework.test.context.junit4.SpringJUnit4ClassRunner.runChild(SpringJUnit4ClassRunner.java:216)
	at org.springframework.test.context.junit4.SpringJUnit4ClassRunner.runChild(SpringJUnit4ClassRunner.java:82)
	at org.junit.runners.ParentRunner$3.run(ParentRunner.java:238)
	at org.junit.runners.ParentRunner$1.schedule(ParentRunner.java:63)
	at org.junit.runners.ParentRunner.runChildren(ParentRunner.java:236)
	at org.junit.runners.ParentRunner.access$000(ParentRunner.java:53)
	at org.junit.runners.ParentRunner$2.evaluate(ParentRunner.java:229)
	at org.springframework.test.context.junit4.statements.RunBeforeTestClassCallbacks.evaluate(RunBeforeTestClassCallbacks.java:60)
	at org.springframework.test.context.junit4.statements.RunAfterTestClassCallbacks.evaluate(RunAfterTestClassCallbacks.java:67)
	at org.junit.runners.ParentRunner.run(ParentRunner.java:309)
	at org.springframework.test.context.junit4.SpringJUnit4ClassRunner.run(SpringJUnit4ClassRunner.java:162)
	at org.apache.maven.surefire.junit4.JUnit4Provider.execute(JUnit4Provider.java:344)
	at org.apache.maven.surefire.junit4.JUnit4Provider.executeWithRerun(JUnit4Provider.java:269)
	at org.apache.maven.surefire.junit4.JUnit4Provider.executeTestSet(JUnit4Provider.java:240)
	at org.apache.maven.surefire.junit4.JUnit4Provider.invoke(JUnit4Provider.java:184)
	at org.apache.maven.surefire.booter.ForkedBooter.invokeProviderInSameClassLoader(ForkedBooter.java:286)
	at org.apache.maven.surefire.booter.ForkedBooter.runSuitesInProcess(ForkedBooter.java:240)
	at org.apache.maven.surefire.booter.ForkedBooter.main(ForkedBooter.java:121)
Caused by: org.springframework.beans.factory.BeanCreationException: Error creating bean with name 'sqlSessionFactory' defined in class path resource [config/application-core.xml]: Invocation of init method failed; nested exception is org.springframework.core.NestedIOException: Failed to parse mapping resource: 'file [D:\workspace\framework-root\framework-resources\target\classes\context\mapper\AttachmentsMapper.xml]'; nested exception is org.apache.ibatis.builder.BuilderException: Error parsing Mapper XML. Cause: java.lang.IllegalArgumentException: Result Maps collection already contains value for com.resources.dao.AttachmentsMapper.BaseResultMap
	at org.springframework.beans.factory.support.AbstractAutowireCapableBeanFactory.initializeBean(AbstractAutowireCapableBeanFactory.java:1568)
	at org.springframework.beans.factory.support.AbstractAutowireCapableBeanFactory.doCreateBean(AbstractAutowireCapableBeanFactory.java:540)
	at org.springframework.beans.factory.support.AbstractAutowireCapableBeanFactory.createBean(AbstractAutowireCapableBeanFactory.java:476)
	at org.springframework.beans.factory.support.AbstractBeanFactory$1.getObject(AbstractBeanFactory.java:302)
	at org.springframework.beans.factory.support.DefaultSingletonBeanRegistry.getSingleton(DefaultSingletonBeanRegistry.java:229)
	at org.springframework.beans.factory.support.AbstractBeanFactory.doGetBean(AbstractBeanFactory.java:298)
	at org.springframework.beans.factory.support.AbstractBeanFactory.getBean(AbstractBeanFactory.java:193)
	at org.springframework.beans.factory.support.DefaultListableBeanFactory.preInstantiateSingletons(DefaultListableBeanFactory.java:706)
	at org.springframework.context.support.AbstractApplicationContext.finishBeanFactoryInitialization(AbstractApplicationContext.java:757)
	at org.springframework.context.support.AbstractApplicationContext.refresh(AbstractApplicationContext.java:480)
	at org.springframework.test.context.support.AbstractGenericContextLoader.loadContext(AbstractGenericContextLoader.java:125)
	at org.springframework.test.context.support.AbstractGenericContextLoader.loadContext(AbstractGenericContextLoader.java:60)
	at org.springframework.test.context.support.AbstractDelegatingSmartContextLoader.delegateLoading(AbstractDelegatingSmartContextLoader.java:108)
	at org.springframework.test.context.support.AbstractDelegatingSmartContextLoader.loadContext(AbstractDelegatingSmartContextLoader.java:260)
	at org.springframework.test.context.DefaultCacheAwareContextLoaderDelegate.loadContextInternal(DefaultCacheAwareContextLoaderDelegate.java:63)
	at org.springframework.test.context.DefaultCacheAwareContextLoaderDelegate.loadContext(DefaultCacheAwareContextLoaderDelegate.java:83)
	... 26 more
Caused by: org.springframework.core.NestedIOException: Failed to parse mapping resource: 'file [D:\workspace\framework-root\framework-resources\target\classes\context\mapper\AttachmentsMapper.xml]'; nested exception is org.apache.ibatis.builder.BuilderException: Error parsing Mapper XML. Cause: java.lang.IllegalArgumentException: Result Maps collection already contains value for com.resources.dao.AttachmentsMapper.BaseResultMap
	at org.mybatis.spring.SqlSessionFactoryBean.buildSqlSessionFactory(SqlSessionFactoryBean.java:462)
	at org.mybatis.spring.SqlSessionFactoryBean.afterPropertiesSet(SqlSessionFactoryBean.java:336)
	at org.springframework.beans.factory.support.AbstractAutowireCapableBeanFactory.invokeInitMethods(AbstractAutowireCapableBeanFactory.java:1627)
	at org.springframework.beans.factory.support.AbstractAutowireCapableBeanFactory.initializeBean(AbstractAutowireCapableBeanFactory.java:1564)
	... 41 more
Caused by: org.apache.ibatis.builder.BuilderException: Error parsing Mapper XML. Cause: java.lang.IllegalArgumentException: Result Maps collection already contains value for com.resources.dao.AttachmentsMapper.BaseResultMap
	at org.apache.ibatis.builder.xml.XMLMapperBuilder.configurationElement(XMLMapperBuilder.java:117)
	at org.apache.ibatis.builder.xml.XMLMapperBuilder.parse(XMLMapperBuilder.java:89)
	at org.mybatis.spring.SqlSessionFactoryBean.buildSqlSessionFactory(SqlSessionFactoryBean.java:460)
	... 44 more
Caused by: java.lang.IllegalArgumentException: Result Maps collection already contains value for com.resources.dao.AttachmentsMapper.BaseResultMap
	at org.apache.ibatis.session.Configuration$StrictMap.put(Configuration.java:782)
	at org.apache.ibatis.session.Configuration$StrictMap.put(Configuration.java:754)
	at org.apache.ibatis.session.Configuration.addResultMap(Configuration.java:536)
	at org.apache.ibatis.builder.MapperBuilderAssistant.addResultMap(MapperBuilderAssistant.java:204)
	at org.apache.ibatis.builder.ResultMapResolver.resolve(ResultMapResolver.java:44)
	at org.apache.ibatis.builder.xml.XMLMapperBuilder.resultMapElement(XMLMapperBuilder.java:281)
	at org.apache.ibatis.builder.xml.XMLMapperBuilder.resultMapElement(XMLMapperBuilder.java:248)
	at org.apache.ibatis.builder.xml.XMLMapperBuilder.resultMapElements(XMLMapperBuilder.java:240)
	at org.apache.ibatis.builder.xml.XMLMapperBuilder.configurationElement(XMLMapperBuilder.java:113)
	... 46 more
]]></system-out>
  </testcase>
  <testcase name="testInsert" classname="com.framework.resources.dao.AttachmentsMapperTest" time="0.001">
    <error message="Failed to load ApplicationContext" type="java.lang.IllegalStateException">java.lang.IllegalStateException: Failed to load ApplicationContext
Caused by: org.springframework.beans.factory.BeanCreationException: Error creating bean with name 'sqlSessionFactory' defined in class path resource [config/application-core.xml]: Invocation of init method failed; nested exception is org.springframework.core.NestedIOException: Failed to parse mapping resource: 'file [D:\workspace\framework-root\framework-resources\target\classes\context\mapper\AttachmentsMapper.xml]'; nested exception is org.apache.ibatis.builder.BuilderException: Error parsing Mapper XML. Cause: java.lang.IllegalArgumentException: Result Maps collection already contains value for com.resources.dao.AttachmentsMapper.BaseResultMap
Caused by: org.springframework.core.NestedIOException: Failed to parse mapping resource: 'file [D:\workspace\framework-root\framework-resources\target\classes\context\mapper\AttachmentsMapper.xml]'; nested exception is org.apache.ibatis.builder.BuilderException: Error parsing Mapper XML. Cause: java.lang.IllegalArgumentException: Result Maps collection already contains value for com.resources.dao.AttachmentsMapper.BaseResultMap
Caused by: org.apache.ibatis.builder.BuilderException: Error parsing Mapper XML. Cause: java.lang.IllegalArgumentException: Result Maps collection already contains value for com.resources.dao.AttachmentsMapper.BaseResultMap
Caused by: java.lang.IllegalArgumentException: Result Maps collection already contains value for com.resources.dao.AttachmentsMapper.BaseResultMap
</error>
    <system-out><![CDATA[16:07:37,553 DEBUG ProfileValueUtils:70 - Retrieved @ProfileValueSourceConfiguration [null] for test class [com.framework.resources.dao.AttachmentsMapperTest]
16:07:37,553 DEBUG ProfileValueUtils:82 - Retrieved ProfileValueSource type [class org.springframework.test.annotation.SystemProfileValueSource] for class [com.framework.resources.dao.AttachmentsMapperTest]
16:07:37,553 DEBUG DependencyInjectionTestExecutionListener:80 - Performing dependency injection for test context [[DefaultTestContext@7a0eab2e testClass = AttachmentsMapperTest, testInstance = com.framework.resources.dao.AttachmentsMapperTest@227ef8d0, testMethod = [null], testException = [null], mergedContextConfiguration = [MergedContextConfiguration@4319b06e testClass = AttachmentsMapperTest, locations = '{classpath:config/application-resources.xml}', classes = '{}', contextInitializerClasses = '[]', activeProfiles = '{mybatis}', propertySourceLocations = '{}', propertySourceProperties = '{}', contextLoader = 'org.springframework.test.context.support.DelegatingSmartContextLoader', parent = [null]]]].
16:07:37,554 DEBUG AbstractDelegatingSmartContextLoader:106 - Delegating to GenericXmlContextLoader to load context from [MergedContextConfiguration@4319b06e testClass = AttachmentsMapperTest, locations = '{classpath:config/application-resources.xml}', classes = '{}', contextInitializerClasses = '[]', activeProfiles = '{mybatis}', propertySourceLocations = '{}', propertySourceProperties = '{}', contextLoader = 'org.springframework.test.context.support.DelegatingSmartContextLoader', parent = [null]].
16:07:37,554 DEBUG AbstractGenericContextLoader:107 - Loading ApplicationContext for merged context configuration [[MergedContextConfiguration@4319b06e testClass = AttachmentsMapperTest, locations = '{classpath:config/application-resources.xml}', classes = '{}', contextInitializerClasses = '[]', activeProfiles = '{mybatis}', propertySourceLocations = '{}', propertySourceProperties = '{}', contextLoader = 'org.springframework.test.context.support.DelegatingSmartContextLoader', parent = [null]]].
16:07:37,555  INFO XmlBeanDefinitionReader:316 - Loading XML bean definitions from class path resource [config/application-resources.xml]
16:07:37,556 DEBUG DefaultDocumentLoader:73 - Using JAXP provider [com.sun.org.apache.xerces.internal.jaxp.DocumentBuilderFactoryImpl]
16:07:37,557 DEBUG PluggableSchemaResolver:141 - Loading schema mappings from [META-INF/spring.schemas]
16:07:37,560 DEBUG PluggableSchemaResolver:147 - Loaded schema mappings: {http://www.springframework.org/schema/tx/spring-tx-2.5.xsd=org/springframework/transaction/config/spring-tx-2.5.xsd, http://www.springframework.org/schema/aop/spring-aop-4.1.xsd=org/springframework/aop/config/spring-aop-4.1.xsd, http://www.springframework.org/schema/context/spring-context-3.1.xsd=org/springframework/context/config/spring-context-3.1.xsd, http://www.springframework.org/schema/data/repository/spring-repository-1.4.xsd=org/springframework/data/repository/config/spring-repository-1.4.xsd, http://www.springframework.org/schema/jdbc/spring-jdbc-4.1.xsd=org/springframework/jdbc/config/spring-jdbc-4.1.xsd, http://www.springframework.org/schema/mvc/spring-mvc-4.1.xsd=org/springframework/web/servlet/config/spring-mvc-4.1.xsd, http://www.springframework.org/schema/util/spring-util-3.0.xsd=org/springframework/beans/factory/xml/spring-util-3.0.xsd, http://mybatis.org/schema/mybatis-spring-1.2.xsd=org/mybatis/spring/config/mybatis-spring-1.2.xsd, http://www.springframework.org/schema/tool/spring-tool.xsd=org/springframework/beans/factory/xml/spring-tool-4.1.xsd, http://www.springframework.org/schema/aop/spring-aop-3.2.xsd=org/springframework/aop/config/spring-aop-3.2.xsd, http://www.springframework.org/schema/lang/spring-lang-4.1.xsd=org/springframework/scripting/config/spring-lang-4.1.xsd, http://www.springframework.org/schema/context/spring-context-4.0.xsd=org/springframework/context/config/spring-context-4.0.xsd, http://www.springframework.org/schema/mvc/spring-mvc-3.2.xsd=org/springframework/web/servlet/config/spring-mvc-3.2.xsd, http://www.springframework.org/schema/tool/spring-tool-4.1.xsd=org/springframework/beans/factory/xml/spring-tool-4.1.xsd, http://www.springframework.org/schema/lang/spring-lang-3.2.xsd=org/springframework/scripting/config/spring-lang-3.2.xsd, http://www.springframework.org/schema/cache/spring-cache-3.2.xsd=org/springframework/cache/config/spring-cache-3.2.xsd, http://www.springframework.org/schema/jee/spring-jee-4.1.xsd=org/springframework/ejb/config/spring-jee-4.1.xsd, http://www.springframework.org/schema/jdbc/spring-jdbc-3.1.xsd=org/springframework/jdbc/config/spring-jdbc-3.1.xsd, http://www.springframework.org/schema/util/spring-util-2.0.xsd=org/springframework/beans/factory/xml/spring-util-2.0.xsd, http://www.springframework.org/schema/tool/spring-tool-3.2.xsd=org/springframework/beans/factory/xml/spring-tool-3.2.xsd, http://www.springframework.org/schema/context/spring-context.xsd=org/springframework/context/config/spring-context-4.1.xsd, http://www.springframework.org/schema/cache/spring-cache-4.1.xsd=org/springframework/cache/config/spring-cache-4.1.xsd, http://www.springframework.org/schema/aop/spring-aop-4.0.xsd=org/springframework/aop/config/spring-aop-4.0.xsd, http://www.springframework.org/schema/jee/spring-jee-3.2.xsd=org/springframework/ejb/config/spring-jee-3.2.xsd, http://www.springframework.org/schema/context/spring-context-3.0.xsd=org/springframework/context/config/spring-context-3.0.xsd, http://www.springframework.org/schema/jdbc/spring-jdbc-4.0.xsd=org/springframework/jdbc/config/spring-jdbc-4.0.xsd, http://www.springframework.org/schema/mvc/spring-mvc-4.0.xsd=org/springframework/web/servlet/config/spring-mvc-4.0.xsd, http://www.springframework.org/schema/util/spring-util-2.5.xsd=org/springframework/beans/factory/xml/spring-util-2.5.xsd, http://www.springframework.org/schema/beans/spring-beans-3.2.xsd=org/springframework/beans/factory/xml/spring-beans-3.2.xsd, http://www.springframework.org/schema/aop/spring-aop-3.1.xsd=org/springframework/aop/config/spring-aop-3.1.xsd, http://www.springframework.org/schema/lang/spring-lang-4.0.xsd=org/springframework/scripting/config/spring-lang-4.0.xsd, http://www.springframework.org/schema/mvc/spring-mvc.xsd=org/springframework/web/servlet/config/spring-mvc-4.1.xsd, http://www.springframework.org/schema/mvc/spring-mvc-3.1.xsd=org/springframework/web/servlet/config/spring-mvc-3.1.xsd, http://www.springframework.org/schema/beans/spring-beans-4.1.xsd=org/springframework/beans/factory/xml/spring-beans-4.1.xsd, http://www.springframework.org/schema/tool/spring-tool-4.0.xsd=org/springframework/beans/factory/xml/spring-tool-4.0.xsd, http://www.springframework.org/schema/tx/spring-tx-3.2.xsd=org/springframework/transaction/config/spring-tx-3.2.xsd, http://www.springframework.org/schema/lang/spring-lang-3.1.xsd=org/springframework/scripting/config/spring-lang-3.1.xsd, http://www.springframework.org/schema/cache/spring-cache-3.1.xsd=org/springframework/cache/config/spring-cache-3.1.xsd, http://www.springframework.org/schema/jee/spring-jee-4.0.xsd=org/springframework/ejb/config/spring-jee-4.0.xsd, http://www.springframework.org/schema/jdbc/spring-jdbc-3.0.xsd=org/springframework/jdbc/config/spring-jdbc-3.0.xsd, http://www.springframework.org/schema/task/spring-task-4.1.xsd=org/springframework/scheduling/config/spring-task-4.1.xsd, http://www.springframework.org/schema/jdbc/spring-jdbc.xsd=org/springframework/jdbc/config/spring-jdbc-4.1.xsd, http://www.springframework.org/schema/tool/spring-tool-3.1.xsd=org/springframework/beans/factory/xml/spring-tool-3.1.xsd, http://www.springframework.org/schema/tx/spring-tx-4.1.xsd=org/springframework/transaction/config/spring-tx-4.1.xsd, http://www.springframework.org/schema/cache/spring-cache-4.0.xsd=org/springframework/cache/config/spring-cache-4.0.xsd, http://www.springframework.org/schema/jee/spring-jee-3.1.xsd=org/springframework/ejb/config/spring-jee-3.1.xsd, http://www.springframework.org/schema/task/spring-task-3.2.xsd=org/springframework/scheduling/config/spring-task-3.2.xsd, http://www.springframework.org/schema/beans/spring-beans-3.1.xsd=org/springframework/beans/factory/xml/spring-beans-3.1.xsd, http://www.springframework.org/schema/util/spring-util.xsd=org/springframework/beans/factory/xml/spring-util-4.1.xsd, http://www.springframework.org/schema/aop/spring-aop-3.0.xsd=org/springframework/aop/config/spring-aop-3.0.xsd, http://www.springframework.org/schema/data/repository/spring-repository.xsd=org/springframework/data/repository/config/spring-repository-1.7.xsd, http://www.springframework.org/schema/data/repository/spring-repository-1.7.xsd=org/springframework/data/repository/config/spring-repository-1.7.xsd, http://www.springframework.org/schema/mvc/spring-mvc-3.0.xsd=org/springframework/web/servlet/config/spring-mvc-3.0.xsd, http://www.springframework.org/schema/beans/spring-beans-4.0.xsd=org/springframework/beans/factory/xml/spring-beans-4.0.xsd, http://www.springframework.org/schema/beans/spring-beans.xsd=org/springframework/beans/factory/xml/spring-beans-4.1.xsd, http://mybatis.org/schema/mybatis-spring.xsd=org/mybatis/spring/config/mybatis-spring-1.2.xsd, http://www.springframework.org/schema/tx/spring-tx-3.1.xsd=org/springframework/transaction/config/spring-tx-3.1.xsd, http://www.springframework.org/schema/lang/spring-lang-3.0.xsd=org/springframework/scripting/config/spring-lang-3.0.xsd, http://www.springframework.org/schema/context/spring-context-2.5.xsd=org/springframework/context/config/spring-context-2.5.xsd, http://www.springframework.org/schema/task/spring-task-4.0.xsd=org/springframework/scheduling/config/spring-task-4.0.xsd, http://www.springframework.org/schema/tool/spring-tool-3.0.xsd=org/springframework/beans/factory/xml/spring-tool-3.0.xsd, http://www.springframework.org/schema/tx/spring-tx-4.0.xsd=org/springframework/transaction/config/spring-tx-4.0.xsd, http://ehcache-spring-annotations.googlecode.com/svn/schema/ehcache-spring/ehcache-spring-1.2.xsd=com/googlecode/ehcache/annotations/ehcache-spring-1.2.xsd, http://www.springframework.org/schema/aop/spring-aop-2.0.xsd=org/springframework/aop/config/spring-aop-2.0.xsd, http://www.springframework.org/schema/jee/spring-jee-3.0.xsd=org/springframework/ejb/config/spring-jee-3.0.xsd, http://www.springframework.org/schema/util/spring-util-4.1.xsd=org/springframework/beans/factory/xml/spring-util-4.1.xsd, http://www.springframework.org/schema/task/spring-task-3.1.xsd=org/springframework/scheduling/config/spring-task-3.1.xsd, http://www.springframework.org/schema/beans/spring-beans-3.0.xsd=org/springframework/beans/factory/xml/spring-beans-3.0.xsd, http://www.springframework.org/schema/jee/spring-jee.xsd=org/springframework/ejb/config/spring-jee-4.1.xsd, http://www.springframework.org/schema/aop/spring-aop-2.5.xsd=org/springframework/aop/config/spring-aop-2.5.xsd, http://www.springframework.org/schema/lang/spring-lang-2.0.xsd=org/springframework/scripting/config/spring-lang-2.0.xsd, http://www.springframework.org/schema/data/repository/spring-repository-1.6.xsd=org/springframework/data/repository/config/spring-repository-1.6.xsd, http://www.springframework.org/schema/util/spring-util-3.2.xsd=org/springframework/beans/factory/xml/spring-util-3.2.xsd, http://www.springframework.org/schema/task/spring-task.xsd=org/springframework/scheduling/config/spring-task-4.1.xsd, http://www.springframework.org/schema/tool/spring-tool-2.0.xsd=org/springframework/beans/factory/xml/spring-tool-2.0.xsd, http://www.springframework.org/schema/tx/spring-tx-3.0.xsd=org/springframework/transaction/config/spring-tx-3.0.xsd, http://www.springframework.org/schema/lang/spring-lang-2.5.xsd=org/springframework/scripting/config/spring-lang-2.5.xsd, http://www.springframework.org/schema/jee/spring-jee-2.0.xsd=org/springframework/ejb/config/spring-jee-2.0.xsd, http://www.springframework.org/schema/tool/spring-tool-2.5.xsd=org/springframework/beans/factory/xml/spring-tool-2.5.xsd, http://ehcache-spring-annotations.googlecode.com/svn/schema/ehcache-spring/ehcache-spring-1.1.xsd=com/googlecode/ehcache/annotations/ehcache-spring-1.1.xsd, http://www.springframework.org/schema/jee/spring-jee-2.5.xsd=org/springframework/ejb/config/spring-jee-2.5.xsd, http://www.springframework.org/schema/data/repository/spring-repository-1.0.xsd=org/springframework/data/repository/config/spring-repository-1.0.xsd, http://www.springframework.org/schema/util/spring-util-4.0.xsd=org/springframework/beans/factory/xml/spring-util-4.0.xsd, http://www.springframework.org/schema/task/spring-task-3.0.xsd=org/springframework/scheduling/config/spring-task-3.0.xsd, http://www.springframework.org/schema/lang/spring-lang.xsd=org/springframework/scripting/config/spring-lang-4.1.xsd, http://www.springframework.org/schema/context/spring-context-3.2.xsd=org/springframework/context/config/spring-context-3.2.xsd, http://www.springframework.org/schema/data/repository/spring-repository-1.5.xsd=org/springframework/data/repository/config/spring-repository-1.5.xsd, http://www.springframework.org/schema/util/spring-util-3.1.xsd=org/springframework/beans/factory/xml/spring-util-3.1.xsd, http://www.springframework.org/schema/beans/spring-beans-2.0.xsd=org/springframework/beans/factory/xml/spring-beans-2.0.xsd, http://www.springframework.org/schema/cache/spring-cache.xsd=org/springframework/cache/config/spring-cache-4.1.xsd, http://www.springframework.org/schema/tx/spring-tx.xsd=org/springframework/transaction/config/spring-tx-4.1.xsd, http://www.springframework.org/schema/context/spring-context-4.1.xsd=org/springframework/context/config/spring-context-4.1.xsd, http://www.springframework.org/schema/beans/spring-beans-2.5.xsd=org/springframework/beans/factory/xml/spring-beans-2.5.xsd, http://www.springframework.org/schema/tx/spring-tx-2.0.xsd=org/springframework/transaction/config/spring-tx-2.0.xsd, http://ehcache-spring-annotations.googlecode.com/svn/schema/ehcache-spring/ehcache-spring-1.0.xsd=com/googlecode/ehcache/annotations/ehcache-spring-1.0.xsd, http://www.springframework.org/schema/jdbc/spring-jdbc-3.2.xsd=org/springframework/jdbc/config/spring-jdbc-3.2.xsd, http://www.springframework.org/schema/aop/spring-aop.xsd=org/springframework/aop/config/spring-aop-4.1.xsd}
16:07:37,561 DEBUG PluggableSchemaResolver:119 - Found XML schema [http://www.springframework.org/schema/beans/spring-beans.xsd] in classpath: org/springframework/beans/factory/xml/spring-beans-4.1.xsd
16:07:37,567 DEBUG PluggableSchemaResolver:119 - Found XML schema [http://www.springframework.org/schema/context/spring-context.xsd] in classpath: org/springframework/context/config/spring-context-4.1.xsd
16:07:37,569 DEBUG PluggableSchemaResolver:119 - Found XML schema [http://www.springframework.org/schema/tool/spring-tool-4.1.xsd] in classpath: org/springframework/beans/factory/xml/spring-tool-4.1.xsd
16:07:37,572 DEBUG DefaultBeanDefinitionDocumentReader:108 - Loading bean definitions
16:07:37,572  INFO XmlBeanDefinitionReader:316 - Loading XML bean definitions from class path resource [config/application-core.xml]
16:07:37,574 DEBUG DefaultDocumentLoader:73 - Using JAXP provider [com.sun.org.apache.xerces.internal.jaxp.DocumentBuilderFactoryImpl]
16:07:37,575 DEBUG PluggableSchemaResolver:119 - Found XML schema [http://www.springframework.org/schema/beans/spring-beans.xsd] in classpath: org/springframework/beans/factory/xml/spring-beans-4.1.xsd
16:07:37,580 DEBUG PluggableSchemaResolver:119 - Found XML schema [http://www.springframework.org/schema/context/spring-context.xsd] in classpath: org/springframework/context/config/spring-context-4.1.xsd
16:07:37,582 DEBUG PluggableSchemaResolver:119 - Found XML schema [http://www.springframework.org/schema/tool/spring-tool-4.1.xsd] in classpath: org/springframework/beans/factory/xml/spring-tool-4.1.xsd
16:07:37,585 DEBUG PluggableSchemaResolver:119 - Found XML schema [http://www.springframework.org/schema/tx/spring-tx.xsd] in classpath: org/springframework/transaction/config/spring-tx-4.1.xsd
16:07:37,589 DEBUG PluggableSchemaResolver:119 - Found XML schema [http://www.springframework.org/schema/aop/spring-aop.xsd] in classpath: org/springframework/aop/config/spring-aop-4.1.xsd
16:07:37,593 DEBUG DefaultBeanDefinitionDocumentReader:108 - Loading bean definitions
16:07:37,594  INFO XmlBeanDefinitionReader:316 - Loading XML bean definitions from class path resource [config/datasource-config.xml]
16:07:37,595 DEBUG DefaultDocumentLoader:73 - Using JAXP provider [com.sun.org.apache.xerces.internal.jaxp.DocumentBuilderFactoryImpl]
16:07:37,597 DEBUG PluggableSchemaResolver:119 - Found XML schema [http://www.springframework.org/schema/beans/spring-beans.xsd] in classpath: org/springframework/beans/factory/xml/spring-beans-4.1.xsd
16:07:37,602 DEBUG PluggableSchemaResolver:119 - Found XML schema [http://www.springframework.org/schema/context/spring-context.xsd] in classpath: org/springframework/context/config/spring-context-4.1.xsd
16:07:37,604 DEBUG PluggableSchemaResolver:119 - Found XML schema [http://www.springframework.org/schema/tool/spring-tool-4.1.xsd] in classpath: org/springframework/beans/factory/xml/spring-tool-4.1.xsd
16:07:37,606 DEBUG DefaultBeanDefinitionDocumentReader:108 - Loading bean definitions
16:07:37,609 DEBUG DefaultNamespaceHandlerResolver:157 - Loaded NamespaceHandler mappings: {http://www.springframework.org/schema/p=org.springframework.beans.factory.xml.SimplePropertyNamespaceHandler, http://www.springframework.org/schema/mvc=org.springframework.web.servlet.config.MvcNamespaceHandler, http://www.springframework.org/schema/util=org.springframework.beans.factory.xml.UtilNamespaceHandler, http://www.springframework.org/schema/jee=org.springframework.ejb.config.JeeNamespaceHandler, http://www.springframework.org/schema/aop=org.springframework.aop.config.AopNamespaceHandler, http://www.springframework.org/schema/data/repository=org.springframework.data.repository.config.RepositoryNameSpaceHandler, http://www.springframework.org/schema/jdbc=org.springframework.jdbc.config.JdbcNamespaceHandler, http://ehcache-spring-annotations.googlecode.com/svn/schema/ehcache-spring=com.googlecode.ehcache.annotations.config.AnnotationDrivenEhCacheNamespaceHandler, http://www.springframework.org/schema/cache=org.springframework.cache.config.CacheNamespaceHandler, http://mybatis.org/schema/mybatis-spring=org.mybatis.spring.config.NamespaceHandler, http://www.springframework.org/schema/c=org.springframework.beans.factory.xml.SimpleConstructorNamespaceHandler, http://www.springframework.org/schema/tx=org.springframework.transaction.config.TxNamespaceHandler, http://www.springframework.org/schema/task=org.springframework.scheduling.config.TaskNamespaceHandler, http://www.springframework.org/schema/lang=org.springframework.scripting.config.LangNamespaceHandler, http://www.springframework.org/schema/data/keyvalue=org.springframework.data.keyvalue.repository.config.KeyValueRepositoryNameSpaceHandler, http://www.springframework.org/schema/context=org.springframework.context.config.ContextNamespaceHandler}
16:07:37,609 DEBUG DefaultBeanDefinitionDocumentReader:269 - Imported 2 bean definitions from relative location [datasource-config.xml]
16:07:37,610  INFO XmlBeanDefinitionReader:316 - Loading XML bean definitions from class path resource [config/bean-defined.xml]
16:07:37,611 DEBUG DefaultDocumentLoader:73 - Using JAXP provider [com.sun.org.apache.xerces.internal.jaxp.DocumentBuilderFactoryImpl]
16:07:37,612 DEBUG PluggableSchemaResolver:119 - Found XML schema [http://www.springframework.org/schema/beans/spring-beans.xsd] in classpath: org/springframework/beans/factory/xml/spring-beans-4.1.xsd
16:07:37,617 DEBUG DefaultBeanDefinitionDocumentReader:108 - Loading bean definitions
16:07:37,618 DEBUG DefaultBeanDefinitionDocumentReader:269 - Imported 1 bean definitions from relative location [bean-defined.xml]
16:07:37,619 DEBUG ClassPathBeanDefinitionScanner:250 - JSR-330 'javax.inject.Named' annotation found and supported for component scanning
16:07:37,621 DEBUG ClassPathBeanDefinitionScanner:284 - Identified candidate component class: URL [jar:file:/d:/maven/repository/com/framework/framework-core/0.0.1-SNAPSHOT/framework-core-0.0.1-SNAPSHOT.jar!/com/framework/web/advice/ControlAdvice.class]
16:07:37,623 DEBUG ClassPathBeanDefinitionScanner:284 - Identified candidate component class: URL [jar:file:/d:/maven/repository/com/framework/framework-core/0.0.1-SNAPSHOT/framework-core-0.0.1-SNAPSHOT.jar!/com/framework/web/util/SessionManager.class]
16:07:37,625 DEBUG ClassPathBeanDefinitionScanner:250 - JSR-330 'javax.inject.Named' annotation found and supported for component scanning
16:07:37,627 DEBUG ClassPathBeanDefinitionScanner:284 - Identified candidate component class: URL [jar:file:/d:/maven/repository/com/framework/framework-core/0.0.1-SNAPSHOT/framework-core-0.0.1-SNAPSHOT.jar!/com/framework/common/aspect/QueryParamAop.class]
16:07:37,628 DEBUG BeanDefinitionParserDelegate:495 - Neither XML 'id' nor 'name' specified - using generated bean name [org.mybatis.spring.mapper.MapperScannerConfigurer#0]
16:07:37,628 DEBUG ClassPathBeanDefinitionScanner:250 - JSR-330 'javax.inject.Named' annotation found and supported for component scanning
16:07:37,631 DEBUG ClassPathBeanDefinitionScanner:290 - Ignored because not a concrete top-level class: URL [jar:file:/d:/maven/repository/com/framework/framework-core/0.0.1-SNAPSHOT/framework-core-0.0.1-SNAPSHOT.jar!/com/system/mybatis/dao/SysDeptMapper.class]
16:07:37,632 DEBUG ClassPathBeanDefinitionScanner:290 - Ignored because not a concrete top-level class: URL [jar:file:/d:/maven/repository/com/framework/framework-core/0.0.1-SNAPSHOT/framework-core-0.0.1-SNAPSHOT.jar!/com/system/mybatis/dao/SysLogMapper.class]
16:07:37,633 DEBUG ClassPathBeanDefinitionScanner:290 - Ignored because not a concrete top-level class: URL [jar:file:/d:/maven/repository/com/framework/framework-core/0.0.1-SNAPSHOT/framework-core-0.0.1-SNAPSHOT.jar!/com/system/mybatis/service/IIndexItemService.class]
16:07:37,634 DEBUG ClassPathBeanDefinitionScanner:284 - Identified candidate component class: URL [jar:file:/d:/maven/repository/com/framework/framework-core/0.0.1-SNAPSHOT/framework-core-0.0.1-SNAPSHOT.jar!/com/system/mybatis/service/impl/IndexItemService.class]
16:07:37,635 DEBUG ClassPathBeanDefinitionScanner:284 - Identified candidate component class: URL [jar:file:/d:/maven/repository/com/framework/framework-core/0.0.1-SNAPSHOT/framework-core-0.0.1-SNAPSHOT.jar!/com/system/mybatis/service/impl/SysCodeService.class]
16:07:37,635 DEBUG ClassPathBeanDefinitionScanner:284 - Identified candidate component class: URL [jar:file:/d:/maven/repository/com/framework/framework-core/0.0.1-SNAPSHOT/framework-core-0.0.1-SNAPSHOT.jar!/com/system/mybatis/service/impl/SysDeptServiceImpl.class]
16:07:37,636 DEBUG ClassPathBeanDefinitionScanner:284 - Identified candidate component class: URL [jar:file:/d:/maven/repository/com/framework/framework-core/0.0.1-SNAPSHOT/framework-core-0.0.1-SNAPSHOT.jar!/com/system/mybatis/service/impl/SysModuleServiceImpl.class]
16:07:37,636 DEBUG ClassPathBeanDefinitionScanner:284 - Identified candidate component class: URL [jar:file:/d:/maven/repository/com/framework/framework-core/0.0.1-SNAPSHOT/framework-core-0.0.1-SNAPSHOT.jar!/com/system/mybatis/service/impl/SystemLogServiceImpl.class]
16:07:37,637 DEBUG ClassPathBeanDefinitionScanner:284 - Identified candidate component class: URL [jar:file:/d:/maven/repository/com/framework/framework-core/0.0.1-SNAPSHOT/framework-core-0.0.1-SNAPSHOT.jar!/com/system/mybatis/service/impl/SystemRoleServiceImpl.class]
16:07:37,638 DEBUG ClassPathBeanDefinitionScanner:284 - Identified candidate component class: URL [jar:file:/d:/maven/repository/com/framework/framework-core/0.0.1-SNAPSHOT/framework-core-0.0.1-SNAPSHOT.jar!/com/system/mybatis/service/impl/SystemUserServiceImpl.class]
16:07:37,639 DEBUG ClassPathBeanDefinitionScanner:290 - Ignored because not a concrete top-level class: URL [jar:file:/d:/maven/repository/com/framework/framework-core/0.0.1-SNAPSHOT/framework-core-0.0.1-SNAPSHOT.jar!/com/system/mybatis/service/ISysCodeService.class]
16:07:37,639 DEBUG ClassPathBeanDefinitionScanner:290 - Ignored because not a concrete top-level class: URL [jar:file:/d:/maven/repository/com/framework/framework-core/0.0.1-SNAPSHOT/framework-core-0.0.1-SNAPSHOT.jar!/com/system/mybatis/service/ISysModuleService.class]
16:07:37,640 DEBUG ClassPathBeanDefinitionScanner:290 - Ignored because not a concrete top-level class: URL [jar:file:/d:/maven/repository/com/framework/framework-core/0.0.1-SNAPSHOT/framework-core-0.0.1-SNAPSHOT.jar!/com/system/mybatis/service/ISystemLogService.class]
16:07:37,641 DEBUG ClassPathBeanDefinitionScanner:290 - Ignored because not a concrete top-level class: URL [jar:file:/d:/maven/repository/com/framework/framework-core/0.0.1-SNAPSHOT/framework-core-0.0.1-SNAPSHOT.jar!/com/system/mybatis/service/ISystemRoleService.class]
16:07:37,641 DEBUG ClassPathBeanDefinitionScanner:290 - Ignored because not a concrete top-level class: URL [jar:file:/d:/maven/repository/com/framework/framework-core/0.0.1-SNAPSHOT/framework-core-0.0.1-SNAPSHOT.jar!/com/system/mybatis/service/ISystemUserService.class]
16:07:37,643 DEBUG ClassPathBeanDefinitionScanner:250 - JSR-330 'javax.inject.Named' annotation found and supported for component scanning
16:07:37,647 DEBUG ClassPathBeanDefinitionScanner:284 - Identified candidate component class: URL [jar:file:/d:/maven/repository/com/framework/framework-core/0.0.1-SNAPSHOT/framework-core-0.0.1-SNAPSHOT.jar!/com/framework/mybatis/aspect/SystemLogAOP.class]
16:07:37,651 DEBUG ClassPathBeanDefinitionScanner:290 - Ignored because not a concrete top-level class: URL [jar:file:/d:/maven/repository/com/framework/framework-core/0.0.1-SNAPSHOT/framework-core-0.0.1-SNAPSHOT.jar!/com/framework/mybatis/service/ICommonService.class]
16:07:37,652 DEBUG ClassPathBeanDefinitionScanner:284 - Identified candidate component class: URL [jar:file:/d:/maven/repository/com/framework/framework-core/0.0.1-SNAPSHOT/framework-core-0.0.1-SNAPSHOT.jar!/com/framework/mybatis/service/impl/CommonServiceImpl.class]
16:07:37,653 DEBUG DefaultBeanDefinitionDocumentReader:269 - Imported 28 bean definitions from relative location [application-core.xml]
16:07:37,655 DEBUG ClassPathBeanDefinitionScanner:250 - JSR-330 'javax.inject.Named' annotation found and supported for component scanning
16:07:37,657 DEBUG ClassPathBeanDefinitionScanner:284 - Identified candidate component class: file [D:\workspace\framework-root\framework-resources\target\classes\com\resources\services\impl\AttachmentsServiceImpl.class]
16:07:37,658 DEBUG ClassPathBeanDefinitionScanner:284 - Identified candidate component class: file [D:\workspace\framework-root\framework-resources\target\classes\com\resources\web\AttachmentsController.class]
16:07:37,659 DEBUG ClassPathBeanDefinitionScanner:284 - Identified candidate component class: file [D:\workspace\framework-root\framework-resources\target\classes\com\resources\web\ShareResources.class]
16:07:37,661 DEBUG ClassPathBeanDefinitionScanner:250 - JSR-330 'javax.inject.Named' annotation found and supported for component scanning
16:07:37,665 DEBUG ClassPathBeanDefinitionScanner:284 - Identified candidate component class: file [D:\workspace\framework-root\framework-resources\target\classes\com\framework\image\handler\impl\IM4ImageHandler.class]
16:07:37,666 DEBUG ClassPathBeanDefinitionScanner:284 - Identified candidate component class: file [D:\workspace\framework-root\framework-resources\target\classes\com\framework\image\ImageService.class]
16:07:37,667 DEBUG BeanDefinitionParserDelegate:495 - Neither XML 'id' nor 'name' specified - using generated bean name [org.mybatis.spring.mapper.MapperScannerConfigurer#1]
16:07:37,668 DEBUG XmlBeanDefinitionReader:223 - Loaded 35 bean definitions from location pattern [classpath:config/application-resources.xml]
16:07:37,668  INFO GenericApplicationContext:510 - Refreshing org.springframework.context.support.GenericApplicationContext@3e013161: startup date [Mon Sep 18 16:07:37 CST 2017]; root of context hierarchy
16:07:37,668 DEBUG GenericApplicationContext:540 - Bean factory for org.springframework.context.support.GenericApplicationContext@3e013161: org.springframework.beans.factory.support.DefaultListableBeanFactory@375b2146: defining beans [org.springframework.beans.factory.config.PropertyPlaceholderConfigurer#0,dataSource,validator,controlAdvice,sessionManager,org.springframework.context.annotation.internalConfigurationAnnotationProcessor,org.springframework.context.annotation.internalAutowiredAnnotationProcessor,org.springframework.context.annotation.internalRequiredAnnotationProcessor,org.springframework.context.annotation.internalCommonAnnotationProcessor,org.springframework.context.annotation.internalPersistenceAnnotationProcessor,queryParamAop,org.springframework.aop.config.internalAutoProxyCreator,org.springframework.transaction.annotation.AnnotationTransactionAttributeSource#0,org.springframework.transaction.interceptor.TransactionInterceptor#0,org.springframework.transaction.config.internalTransactionAdvisor,sqlSessionFactory,myBatisExceptionTranslator,org.mybatis.spring.mapper.MapperScannerConfigurer#0,transactionManager,indexItemService,sysCodeService,sysDeptServiceImpl,sysModuleServiceImpl,systemLogServiceImpl,systemRoleServiceImpl,systemUserServiceImpl,systemLogAOP,commonServiceImpl,configProperties,attachmentsServiceImpl,attachmentsController,shareResources,iM4ImageHandler,imageService,org.mybatis.spring.mapper.MapperScannerConfigurer#1]; root of factory hierarchy
16:07:37,670 DEBUG DefaultListableBeanFactory:220 - Creating shared instance of singleton bean 'org.springframework.context.annotation.internalConfigurationAnnotationProcessor'
16:07:37,670 DEBUG DefaultListableBeanFactory:450 - Creating instance of bean 'org.springframework.context.annotation.internalConfigurationAnnotationProcessor'
16:07:37,670 DEBUG DefaultListableBeanFactory:524 - Eagerly caching bean 'org.springframework.context.annotation.internalConfigurationAnnotationProcessor' to allow for resolving potential circular references
16:07:37,670 DEBUG DefaultListableBeanFactory:478 - Finished creating instance of bean 'org.springframework.context.annotation.internalConfigurationAnnotationProcessor'
16:07:37,690 DEBUG DefaultListableBeanFactory:220 - Creating shared instance of singleton bean 'org.mybatis.spring.mapper.MapperScannerConfigurer#0'
16:07:37,690 DEBUG DefaultListableBeanFactory:450 - Creating instance of bean 'org.mybatis.spring.mapper.MapperScannerConfigurer#0'
16:07:37,691 DEBUG DefaultListableBeanFactory:524 - Eagerly caching bean 'org.mybatis.spring.mapper.MapperScannerConfigurer#0' to allow for resolving potential circular references
16:07:37,691 DEBUG DefaultListableBeanFactory:1610 - Invoking afterPropertiesSet() on bean with name 'org.mybatis.spring.mapper.MapperScannerConfigurer#0'
16:07:37,691 DEBUG DefaultListableBeanFactory:478 - Finished creating instance of bean 'org.mybatis.spring.mapper.MapperScannerConfigurer#0'
16:07:37,694 DEBUG ClassPathMapperScanner:284 - Identified candidate component class: URL [jar:file:/d:/maven/repository/com/framework/framework-core/0.0.1-SNAPSHOT/framework-core-0.0.1-SNAPSHOT.jar!/com/system/common/SysConstant.class]
16:07:37,695 DEBUG ClassPathMapperScanner:284 - Identified candidate component class: URL [jar:file:/d:/maven/repository/com/framework/framework-core/0.0.1-SNAPSHOT/framework-core-0.0.1-SNAPSHOT.jar!/com/system/jpa/repository/ISysDeptDao.class]
16:07:37,695 DEBUG ClassPathMapperScanner:290 - Ignored because not a concrete top-level class: URL [jar:file:/d:/maven/repository/com/framework/framework-core/0.0.1-SNAPSHOT/framework-core-0.0.1-SNAPSHOT.jar!/com/system/jpa/repository/jpa/SysDeptDaoImpl.class]
16:07:37,696 DEBUG ClassPathMapperScanner:290 - Ignored because not a concrete top-level class: URL [jar:file:/d:/maven/repository/com/framework/framework-core/0.0.1-SNAPSHOT/framework-core-0.0.1-SNAPSHOT.jar!/com/system/model/DataIndexTree.class]
16:07:37,696 DEBUG ClassPathMapperScanner:290 - Ignored because not a concrete top-level class: URL [jar:file:/d:/maven/repository/com/framework/framework-core/0.0.1-SNAPSHOT/framework-core-0.0.1-SNAPSHOT.jar!/com/system/model/SysCode.class]
16:07:37,698 DEBUG ClassPathMapperScanner:290 - Ignored because not a concrete top-level class: URL [jar:file:/d:/maven/repository/com/framework/framework-core/0.0.1-SNAPSHOT/framework-core-0.0.1-SNAPSHOT.jar!/com/system/model/SysCodeTree.class]
16:07:37,698 DEBUG ClassPathMapperScanner:290 - Ignored because not a concrete top-level class: URL [jar:file:/d:/maven/repository/com/framework/framework-core/0.0.1-SNAPSHOT/framework-core-0.0.1-SNAPSHOT.jar!/com/system/model/SysDepartmentTree.class]
16:07:37,699 DEBUG ClassPathMapperScanner:290 - Ignored because not a concrete top-level class: URL [jar:file:/d:/maven/repository/com/framework/framework-core/0.0.1-SNAPSHOT/framework-core-0.0.1-SNAPSHOT.jar!/com/system/model/SysDept.class]
16:07:37,699 DEBUG ClassPathMapperScanner:290 - Ignored because not a concrete top-level class: URL [jar:file:/d:/maven/repository/com/framework/framework-core/0.0.1-SNAPSHOT/framework-core-0.0.1-SNAPSHOT.jar!/com/system/model/SysDeptUser.class]
16:07:37,700 DEBUG ClassPathMapperScanner:290 - Ignored because not a concrete top-level class: URL [jar:file:/d:/maven/repository/com/framework/framework-core/0.0.1-SNAPSHOT/framework-core-0.0.1-SNAPSHOT.jar!/com/system/model/SysIndexitem.class]
16:07:37,700 DEBUG ClassPathMapperScanner:290 - Ignored because not a concrete top-level class: URL [jar:file:/d:/maven/repository/com/framework/framework-core/0.0.1-SNAPSHOT/framework-core-0.0.1-SNAPSHOT.jar!/com/system/model/SysLog.class]
16:07:37,701 DEBUG ClassPathMapperScanner:290 - Ignored because not a concrete top-level class: URL [jar:file:/d:/maven/repository/com/framework/framework-core/0.0.1-SNAPSHOT/framework-core-0.0.1-SNAPSHOT.jar!/com/system/model/SysModule.class]
16:07:37,701 DEBUG ClassPathMapperScanner:290 - Ignored because not a concrete top-level class: URL [jar:file:/d:/maven/repository/com/framework/framework-core/0.0.1-SNAPSHOT/framework-core-0.0.1-SNAPSHOT.jar!/com/system/model/SysRole.class]
16:07:37,701 DEBUG ClassPathMapperScanner:290 - Ignored because not a concrete top-level class: URL [jar:file:/d:/maven/repository/com/framework/framework-core/0.0.1-SNAPSHOT/framework-core-0.0.1-SNAPSHOT.jar!/com/system/model/SysRoleFuncKey.class]
16:07:37,702 DEBUG ClassPathMapperScanner:290 - Ignored because not a concrete top-level class: URL [jar:file:/d:/maven/repository/com/framework/framework-core/0.0.1-SNAPSHOT/framework-core-0.0.1-SNAPSHOT.jar!/com/system/model/SysRoleUser.class]
16:07:37,702 DEBUG ClassPathMapperScanner:290 - Ignored because not a concrete top-level class: URL [jar:file:/d:/maven/repository/com/framework/framework-core/0.0.1-SNAPSHOT/framework-core-0.0.1-SNAPSHOT.jar!/com/system/model/SysUser.class]
16:07:37,703 DEBUG ClassPathMapperScanner:284 - Identified candidate component class: URL [jar:file:/d:/maven/repository/com/framework/framework-core/0.0.1-SNAPSHOT/framework-core-0.0.1-SNAPSHOT.jar!/com/system/mybatis/dao/CommSeqMapper.class]
16:07:37,703 DEBUG ClassPathMapperScanner:284 - Identified candidate component class: URL [jar:file:/d:/maven/repository/com/framework/framework-core/0.0.1-SNAPSHOT/framework-core-0.0.1-SNAPSHOT.jar!/com/system/mybatis/dao/SysCodeMapper.class]
16:07:37,704 DEBUG ClassPathMapperScanner:284 - Identified candidate component class: URL [jar:file:/d:/maven/repository/com/framework/framework-core/0.0.1-SNAPSHOT/framework-core-0.0.1-SNAPSHOT.jar!/com/system/mybatis/dao/SysDeptMapper.class]
16:07:37,704 DEBUG ClassPathMapperScanner:284 - Identified candidate component class: URL [jar:file:/d:/maven/repository/com/framework/framework-core/0.0.1-SNAPSHOT/framework-core-0.0.1-SNAPSHOT.jar!/com/system/mybatis/dao/SysDeptUserMapper.class]
16:07:37,705 DEBUG ClassPathMapperScanner:284 - Identified candidate component class: URL [jar:file:/d:/maven/repository/com/framework/framework-core/0.0.1-SNAPSHOT/framework-core-0.0.1-SNAPSHOT.jar!/com/system/mybatis/dao/SysIndexitemMapper.class]
16:07:37,706 DEBUG ClassPathMapperScanner:284 - Identified candidate component class: URL [jar:file:/d:/maven/repository/com/framework/framework-core/0.0.1-SNAPSHOT/framework-core-0.0.1-SNAPSHOT.jar!/com/system/mybatis/dao/SysLogMapper.class]
16:07:37,706 DEBUG ClassPathMapperScanner:284 - Identified candidate component class: URL [jar:file:/d:/maven/repository/com/framework/framework-core/0.0.1-SNAPSHOT/framework-core-0.0.1-SNAPSHOT.jar!/com/system/mybatis/dao/SysModuleMapper.class]
16:07:37,706 DEBUG ClassPathMapperScanner:284 - Identified candidate component class: URL [jar:file:/d:/maven/repository/com/framework/framework-core/0.0.1-SNAPSHOT/framework-core-0.0.1-SNAPSHOT.jar!/com/system/mybatis/dao/SysRoleFuncMapper.class]
16:07:37,707 DEBUG ClassPathMapperScanner:284 - Identified candidate component class: URL [jar:file:/d:/maven/repository/com/framework/framework-core/0.0.1-SNAPSHOT/framework-core-0.0.1-SNAPSHOT.jar!/com/system/mybatis/dao/SysRoleMapper.class]
16:07:37,707 DEBUG ClassPathMapperScanner:284 - Identified candidate component class: URL [jar:file:/d:/maven/repository/com/framework/framework-core/0.0.1-SNAPSHOT/framework-core-0.0.1-SNAPSHOT.jar!/com/system/mybatis/dao/SysRoleUserMapper.class]
16:07:37,707 DEBUG ClassPathMapperScanner:284 - Identified candidate component class: URL [jar:file:/d:/maven/repository/com/framework/framework-core/0.0.1-SNAPSHOT/framework-core-0.0.1-SNAPSHOT.jar!/com/system/mybatis/dao/SysUserMapper.class]
16:07:37,708 DEBUG ClassPathMapperScanner:284 - Identified candidate component class: URL [jar:file:/d:/maven/repository/com/framework/framework-core/0.0.1-SNAPSHOT/framework-core-0.0.1-SNAPSHOT.jar!/com/system/mybatis/service/IIndexItemService.class]
16:07:37,708 DEBUG ClassPathMapperScanner:290 - Ignored because not a concrete top-level class: URL [jar:file:/d:/maven/repository/com/framework/framework-core/0.0.1-SNAPSHOT/framework-core-0.0.1-SNAPSHOT.jar!/com/system/mybatis/service/impl/IndexItemService.class]
16:07:37,709 DEBUG ClassPathMapperScanner:290 - Ignored because not a concrete top-level class: URL [jar:file:/d:/maven/repository/com/framework/framework-core/0.0.1-SNAPSHOT/framework-core-0.0.1-SNAPSHOT.jar!/com/system/mybatis/service/impl/SysCodeService.class]
16:07:37,709 DEBUG ClassPathMapperScanner:290 - Ignored because not a concrete top-level class: URL [jar:file:/d:/maven/repository/com/framework/framework-core/0.0.1-SNAPSHOT/framework-core-0.0.1-SNAPSHOT.jar!/com/system/mybatis/service/impl/SysDeptServiceImpl.class]
16:07:37,710 DEBUG ClassPathMapperScanner:290 - Ignored because not a concrete top-level class: URL [jar:file:/d:/maven/repository/com/framework/framework-core/0.0.1-SNAPSHOT/framework-core-0.0.1-SNAPSHOT.jar!/com/system/mybatis/service/impl/SysModuleServiceImpl.class]
16:07:37,710 DEBUG ClassPathMapperScanner:290 - Ignored because not a concrete top-level class: URL [jar:file:/d:/maven/repository/com/framework/framework-core/0.0.1-SNAPSHOT/framework-core-0.0.1-SNAPSHOT.jar!/com/system/mybatis/service/impl/SystemLogServiceImpl.class]
16:07:37,711 DEBUG ClassPathMapperScanner:290 - Ignored because not a concrete top-level class: URL [jar:file:/d:/maven/repository/com/framework/framework-core/0.0.1-SNAPSHOT/framework-core-0.0.1-SNAPSHOT.jar!/com/system/mybatis/service/impl/SystemRoleServiceImpl.class]
16:07:37,711 DEBUG ClassPathMapperScanner:290 - Ignored because not a concrete top-level class: URL [jar:file:/d:/maven/repository/com/framework/framework-core/0.0.1-SNAPSHOT/framework-core-0.0.1-SNAPSHOT.jar!/com/system/mybatis/service/impl/SystemUserServiceImpl.class]
16:07:37,712 DEBUG ClassPathMapperScanner:284 - Identified candidate component class: URL [jar:file:/d:/maven/repository/com/framework/framework-core/0.0.1-SNAPSHOT/framework-core-0.0.1-SNAPSHOT.jar!/com/system/mybatis/service/ISysCodeService.class]
16:07:37,712 DEBUG ClassPathMapperScanner:284 - Identified candidate component class: URL [jar:file:/d:/maven/repository/com/framework/framework-core/0.0.1-SNAPSHOT/framework-core-0.0.1-SNAPSHOT.jar!/com/system/mybatis/service/ISysDeptService.class]
16:07:37,712 DEBUG ClassPathMapperScanner:284 - Identified candidate component class: URL [jar:file:/d:/maven/repository/com/framework/framework-core/0.0.1-SNAPSHOT/framework-core-0.0.1-SNAPSHOT.jar!/com/system/mybatis/service/ISysModuleService.class]
16:07:37,713 DEBUG ClassPathMapperScanner:284 - Identified candidate component class: URL [jar:file:/d:/maven/repository/com/framework/framework-core/0.0.1-SNAPSHOT/framework-core-0.0.1-SNAPSHOT.jar!/com/system/mybatis/service/ISystemLogService.class]
16:07:37,714 DEBUG ClassPathMapperScanner:284 - Identified candidate component class: URL [jar:file:/d:/maven/repository/com/framework/framework-core/0.0.1-SNAPSHOT/framework-core-0.0.1-SNAPSHOT.jar!/com/system/mybatis/service/ISystemRoleService.class]
16:07:37,715 DEBUG ClassPathMapperScanner:284 - Identified candidate component class: URL [jar:file:/d:/maven/repository/com/framework/framework-core/0.0.1-SNAPSHOT/framework-core-0.0.1-SNAPSHOT.jar!/com/system/mybatis/service/ISystemUserService.class]
16:07:37,716 DEBUG ClassPathMapperScanner:290 - Ignored because not a concrete top-level class: URL [jar:file:/d:/maven/repository/com/framework/framework-core/0.0.1-SNAPSHOT/framework-core-0.0.1-SNAPSHOT.jar!/com/system/web/code/CodeController.class]
16:07:37,717 DEBUG ClassPathMapperScanner:290 - Ignored because not a concrete top-level class: URL [jar:file:/d:/maven/repository/com/framework/framework-core/0.0.1-SNAPSHOT/framework-core-0.0.1-SNAPSHOT.jar!/com/system/web/custom/CustomController.class]
16:07:37,718 DEBUG ClassPathMapperScanner:290 - Ignored because not a concrete top-level class: URL [jar:file:/d:/maven/repository/com/framework/framework-core/0.0.1-SNAPSHOT/framework-core-0.0.1-SNAPSHOT.jar!/com/system/web/dataindex/IndexItemController.class]
16:07:37,719 DEBUG ClassPathMapperScanner:290 - Ignored because not a concrete top-level class: URL [jar:file:/d:/maven/repository/com/framework/framework-core/0.0.1-SNAPSHOT/framework-core-0.0.1-SNAPSHOT.jar!/com/system/web/DepartmentController.class]
16:07:37,720 DEBUG ClassPathMapperScanner:290 - Ignored because not a concrete top-level class: URL [jar:file:/d:/maven/repository/com/framework/framework-core/0.0.1-SNAPSHOT/framework-core-0.0.1-SNAPSHOT.jar!/com/system/web/RoleController.class]
16:07:37,721 DEBUG ClassPathMapperScanner:290 - Ignored because not a concrete top-level class: URL [jar:file:/d:/maven/repository/com/framework/framework-core/0.0.1-SNAPSHOT/framework-core-0.0.1-SNAPSHOT.jar!/com/system/web/user/UserController.class]
16:07:37,722 DEBUG ClassPathMapperScanner:161 - Creating MapperFactoryBean with name 'sysConstant' and 'com.system.common.SysConstant' mapperInterface
16:07:37,722 DEBUG ClassPathMapperScanner:161 - Creating MapperFactoryBean with name 'ISysDeptDao' and 'com.system.jpa.repository.ISysDeptDao' mapperInterface
16:07:37,722 DEBUG ClassPathMapperScanner:161 - Creating MapperFactoryBean with name 'commSeqMapper' and 'com.system.mybatis.dao.CommSeqMapper' mapperInterface
16:07:37,722 DEBUG ClassPathMapperScanner:161 - Creating MapperFactoryBean with name 'sysCodeMapper' and 'com.system.mybatis.dao.SysCodeMapper' mapperInterface
16:07:37,723 DEBUG ClassPathMapperScanner:161 - Creating MapperFactoryBean with name 'sysDeptMapper' and 'com.system.mybatis.dao.SysDeptMapper' mapperInterface
16:07:37,723 DEBUG ClassPathMapperScanner:161 - Creating MapperFactoryBean with name 'sysDeptUserMapper' and 'com.system.mybatis.dao.SysDeptUserMapper' mapperInterface
16:07:37,723 DEBUG ClassPathMapperScanner:161 - Creating MapperFactoryBean with name 'sysIndexitemMapper' and 'com.system.mybatis.dao.SysIndexitemMapper' mapperInterface
16:07:37,723 DEBUG ClassPathMapperScanner:161 - Creating MapperFactoryBean with name 'sysLogMapper' and 'com.system.mybatis.dao.SysLogMapper' mapperInterface
16:07:37,723 DEBUG ClassPathMapperScanner:161 - Creating MapperFactoryBean with name 'sysModuleMapper' and 'com.system.mybatis.dao.SysModuleMapper' mapperInterface
16:07:37,723 DEBUG ClassPathMapperScanner:161 - Creating MapperFactoryBean with name 'sysRoleFuncMapper' and 'com.system.mybatis.dao.SysRoleFuncMapper' mapperInterface
16:07:37,723 DEBUG ClassPathMapperScanner:161 - Creating MapperFactoryBean with name 'sysRoleMapper' and 'com.system.mybatis.dao.SysRoleMapper' mapperInterface
16:07:37,724 DEBUG ClassPathMapperScanner:161 - Creating MapperFactoryBean with name 'sysRoleUserMapper' and 'com.system.mybatis.dao.SysRoleUserMapper' mapperInterface
16:07:37,724 DEBUG ClassPathMapperScanner:161 - Creating MapperFactoryBean with name 'sysUserMapper' and 'com.system.mybatis.dao.SysUserMapper' mapperInterface
16:07:37,724 DEBUG ClassPathMapperScanner:161 - Creating MapperFactoryBean with name 'IIndexItemService' and 'com.system.mybatis.service.IIndexItemService' mapperInterface
16:07:37,724 DEBUG ClassPathMapperScanner:161 - Creating MapperFactoryBean with name 'ISysCodeService' and 'com.system.mybatis.service.ISysCodeService' mapperInterface
16:07:37,724 DEBUG ClassPathMapperScanner:161 - Creating MapperFactoryBean with name 'ISysDeptService' and 'com.system.mybatis.service.ISysDeptService' mapperInterface
16:07:37,724 DEBUG ClassPathMapperScanner:161 - Creating MapperFactoryBean with name 'ISysModuleService' and 'com.system.mybatis.service.ISysModuleService' mapperInterface
16:07:37,724 DEBUG ClassPathMapperScanner:161 - Creating MapperFactoryBean with name 'ISystemLogService' and 'com.system.mybatis.service.ISystemLogService' mapperInterface
16:07:37,724 DEBUG ClassPathMapperScanner:161 - Creating MapperFactoryBean with name 'ISystemRoleService' and 'com.system.mybatis.service.ISystemRoleService' mapperInterface
16:07:37,725 DEBUG ClassPathMapperScanner:161 - Creating MapperFactoryBean with name 'ISystemUserService' and 'com.system.mybatis.service.ISystemUserService' mapperInterface
16:07:37,725 DEBUG DefaultListableBeanFactory:220 - Creating shared instance of singleton bean 'org.mybatis.spring.mapper.MapperScannerConfigurer#1'
16:07:37,725 DEBUG DefaultListableBeanFactory:450 - Creating instance of bean 'org.mybatis.spring.mapper.MapperScannerConfigurer#1'
16:07:37,725 DEBUG DefaultListableBeanFactory:524 - Eagerly caching bean 'org.mybatis.spring.mapper.MapperScannerConfigurer#1' to allow for resolving potential circular references
16:07:37,725 DEBUG DefaultListableBeanFactory:1610 - Invoking afterPropertiesSet() on bean with name 'org.mybatis.spring.mapper.MapperScannerConfigurer#1'
16:07:37,725 DEBUG DefaultListableBeanFactory:478 - Finished creating instance of bean 'org.mybatis.spring.mapper.MapperScannerConfigurer#1'
16:07:37,730 DEBUG ClassPathMapperScanner:284 - Identified candidate component class: URL [jar:file:/d:/maven/repository/com/framework/framework-core/0.0.1-SNAPSHOT/framework-core-0.0.1-SNAPSHOT.jar!/com/system/common/SysConstant.class]
16:07:37,731 DEBUG ClassPathMapperScanner:284 - Identified candidate component class: URL [jar:file:/d:/maven/repository/com/framework/framework-core/0.0.1-SNAPSHOT/framework-core-0.0.1-SNAPSHOT.jar!/com/system/jpa/repository/ISysDeptDao.class]
16:07:37,731 DEBUG ClassPathMapperScanner:290 - Ignored because not a concrete top-level class: URL [jar:file:/d:/maven/repository/com/framework/framework-core/0.0.1-SNAPSHOT/framework-core-0.0.1-SNAPSHOT.jar!/com/system/jpa/repository/jpa/SysDeptDaoImpl.class]
16:07:37,732 DEBUG ClassPathMapperScanner:290 - Ignored because not a concrete top-level class: URL [jar:file:/d:/maven/repository/com/framework/framework-core/0.0.1-SNAPSHOT/framework-core-0.0.1-SNAPSHOT.jar!/com/system/model/DataIndexTree.class]
16:07:37,733 DEBUG ClassPathMapperScanner:290 - Ignored because not a concrete top-level class: URL [jar:file:/d:/maven/repository/com/framework/framework-core/0.0.1-SNAPSHOT/framework-core-0.0.1-SNAPSHOT.jar!/com/system/model/SysCode.class]
16:07:37,733 DEBUG ClassPathMapperScanner:290 - Ignored because not a concrete top-level class: URL [jar:file:/d:/maven/repository/com/framework/framework-core/0.0.1-SNAPSHOT/framework-core-0.0.1-SNAPSHOT.jar!/com/system/model/SysCodeTree.class]
16:07:37,733 DEBUG ClassPathMapperScanner:290 - Ignored because not a concrete top-level class: URL [jar:file:/d:/maven/repository/com/framework/framework-core/0.0.1-SNAPSHOT/framework-core-0.0.1-SNAPSHOT.jar!/com/system/model/SysDepartmentTree.class]
16:07:37,734 DEBUG ClassPathMapperScanner:290 - Ignored because not a concrete top-level class: URL [jar:file:/d:/maven/repository/com/framework/framework-core/0.0.1-SNAPSHOT/framework-core-0.0.1-SNAPSHOT.jar!/com/system/model/SysDept.class]
16:07:37,734 DEBUG ClassPathMapperScanner:290 - Ignored because not a concrete top-level class: URL [jar:file:/d:/maven/repository/com/framework/framework-core/0.0.1-SNAPSHOT/framework-core-0.0.1-SNAPSHOT.jar!/com/system/model/SysDeptUser.class]
16:07:37,735 DEBUG ClassPathMapperScanner:290 - Ignored because not a concrete top-level class: URL [jar:file:/d:/maven/repository/com/framework/framework-core/0.0.1-SNAPSHOT/framework-core-0.0.1-SNAPSHOT.jar!/com/system/model/SysIndexitem.class]
16:07:37,735 DEBUG ClassPathMapperScanner:290 - Ignored because not a concrete top-level class: URL [jar:file:/d:/maven/repository/com/framework/framework-core/0.0.1-SNAPSHOT/framework-core-0.0.1-SNAPSHOT.jar!/com/system/model/SysLog.class]
16:07:37,736 DEBUG ClassPathMapperScanner:290 - Ignored because not a concrete top-level class: URL [jar:file:/d:/maven/repository/com/framework/framework-core/0.0.1-SNAPSHOT/framework-core-0.0.1-SNAPSHOT.jar!/com/system/model/SysModule.class]
16:07:37,736 DEBUG ClassPathMapperScanner:290 - Ignored because not a concrete top-level class: URL [jar:file:/d:/maven/repository/com/framework/framework-core/0.0.1-SNAPSHOT/framework-core-0.0.1-SNAPSHOT.jar!/com/system/model/SysRole.class]
16:07:37,737 DEBUG ClassPathMapperScanner:290 - Ignored because not a concrete top-level class: URL [jar:file:/d:/maven/repository/com/framework/framework-core/0.0.1-SNAPSHOT/framework-core-0.0.1-SNAPSHOT.jar!/com/system/model/SysRoleFuncKey.class]
16:07:37,737 DEBUG ClassPathMapperScanner:290 - Ignored because not a concrete top-level class: URL [jar:file:/d:/maven/repository/com/framework/framework-core/0.0.1-SNAPSHOT/framework-core-0.0.1-SNAPSHOT.jar!/com/system/model/SysRoleUser.class]
16:07:37,737 DEBUG ClassPathMapperScanner:290 - Ignored because not a concrete top-level class: URL [jar:file:/d:/maven/repository/com/framework/framework-core/0.0.1-SNAPSHOT/framework-core-0.0.1-SNAPSHOT.jar!/com/system/model/SysUser.class]
16:07:37,738 DEBUG ClassPathMapperScanner:284 - Identified candidate component class: URL [jar:file:/d:/maven/repository/com/framework/framework-core/0.0.1-SNAPSHOT/framework-core-0.0.1-SNAPSHOT.jar!/com/system/mybatis/dao/CommSeqMapper.class]
16:07:37,738 DEBUG ClassPathMapperScanner:284 - Identified candidate component class: URL [jar:file:/d:/maven/repository/com/framework/framework-core/0.0.1-SNAPSHOT/framework-core-0.0.1-SNAPSHOT.jar!/com/system/mybatis/dao/SysCodeMapper.class]
16:07:37,739 DEBUG ClassPathMapperScanner:284 - Identified candidate component class: URL [jar:file:/d:/maven/repository/com/framework/framework-core/0.0.1-SNAPSHOT/framework-core-0.0.1-SNAPSHOT.jar!/com/system/mybatis/dao/SysDeptMapper.class]
16:07:37,739 DEBUG ClassPathMapperScanner:284 - Identified candidate component class: URL [jar:file:/d:/maven/repository/com/framework/framework-core/0.0.1-SNAPSHOT/framework-core-0.0.1-SNAPSHOT.jar!/com/system/mybatis/dao/SysDeptUserMapper.class]
16:07:37,740 DEBUG ClassPathMapperScanner:284 - Identified candidate component class: URL [jar:file:/d:/maven/repository/com/framework/framework-core/0.0.1-SNAPSHOT/framework-core-0.0.1-SNAPSHOT.jar!/com/system/mybatis/dao/SysIndexitemMapper.class]
16:07:37,740 DEBUG ClassPathMapperScanner:284 - Identified candidate component class: URL [jar:file:/d:/maven/repository/com/framework/framework-core/0.0.1-SNAPSHOT/framework-core-0.0.1-SNAPSHOT.jar!/com/system/mybatis/dao/SysLogMapper.class]
16:07:37,740 DEBUG ClassPathMapperScanner:284 - Identified candidate component class: URL [jar:file:/d:/maven/repository/com/framework/framework-core/0.0.1-SNAPSHOT/framework-core-0.0.1-SNAPSHOT.jar!/com/system/mybatis/dao/SysModuleMapper.class]
16:07:37,741 DEBUG ClassPathMapperScanner:284 - Identified candidate component class: URL [jar:file:/d:/maven/repository/com/framework/framework-core/0.0.1-SNAPSHOT/framework-core-0.0.1-SNAPSHOT.jar!/com/system/mybatis/dao/SysRoleFuncMapper.class]
16:07:37,741 DEBUG ClassPathMapperScanner:284 - Identified candidate component class: URL [jar:file:/d:/maven/repository/com/framework/framework-core/0.0.1-SNAPSHOT/framework-core-0.0.1-SNAPSHOT.jar!/com/system/mybatis/dao/SysRoleMapper.class]
16:07:37,742 DEBUG ClassPathMapperScanner:284 - Identified candidate component class: URL [jar:file:/d:/maven/repository/com/framework/framework-core/0.0.1-SNAPSHOT/framework-core-0.0.1-SNAPSHOT.jar!/com/system/mybatis/dao/SysRoleUserMapper.class]
16:07:37,742 DEBUG ClassPathMapperScanner:284 - Identified candidate component class: URL [jar:file:/d:/maven/repository/com/framework/framework-core/0.0.1-SNAPSHOT/framework-core-0.0.1-SNAPSHOT.jar!/com/system/mybatis/dao/SysUserMapper.class]
16:07:37,742 DEBUG ClassPathMapperScanner:284 - Identified candidate component class: URL [jar:file:/d:/maven/repository/com/framework/framework-core/0.0.1-SNAPSHOT/framework-core-0.0.1-SNAPSHOT.jar!/com/system/mybatis/service/IIndexItemService.class]
16:07:37,743 DEBUG ClassPathMapperScanner:290 - Ignored because not a concrete top-level class: URL [jar:file:/d:/maven/repository/com/framework/framework-core/0.0.1-SNAPSHOT/framework-core-0.0.1-SNAPSHOT.jar!/com/system/mybatis/service/impl/IndexItemService.class]
16:07:37,744 DEBUG ClassPathMapperScanner:290 - Ignored because not a concrete top-level class: URL [jar:file:/d:/maven/repository/com/framework/framework-core/0.0.1-SNAPSHOT/framework-core-0.0.1-SNAPSHOT.jar!/com/system/mybatis/service/impl/SysCodeService.class]
16:07:37,744 DEBUG ClassPathMapperScanner:290 - Ignored because not a concrete top-level class: URL [jar:file:/d:/maven/repository/com/framework/framework-core/0.0.1-SNAPSHOT/framework-core-0.0.1-SNAPSHOT.jar!/com/system/mybatis/service/impl/SysDeptServiceImpl.class]
16:07:37,745 DEBUG ClassPathMapperScanner:290 - Ignored because not a concrete top-level class: URL [jar:file:/d:/maven/repository/com/framework/framework-core/0.0.1-SNAPSHOT/framework-core-0.0.1-SNAPSHOT.jar!/com/system/mybatis/service/impl/SysModuleServiceImpl.class]
16:07:37,745 DEBUG ClassPathMapperScanner:290 - Ignored because not a concrete top-level class: URL [jar:file:/d:/maven/repository/com/framework/framework-core/0.0.1-SNAPSHOT/framework-core-0.0.1-SNAPSHOT.jar!/com/system/mybatis/service/impl/SystemLogServiceImpl.class]
16:07:37,746 DEBUG ClassPathMapperScanner:290 - Ignored because not a concrete top-level class: URL [jar:file:/d:/maven/repository/com/framework/framework-core/0.0.1-SNAPSHOT/framework-core-0.0.1-SNAPSHOT.jar!/com/system/mybatis/service/impl/SystemRoleServiceImpl.class]
16:07:37,746 DEBUG ClassPathMapperScanner:290 - Ignored because not a concrete top-level class: URL [jar:file:/d:/maven/repository/com/framework/framework-core/0.0.1-SNAPSHOT/framework-core-0.0.1-SNAPSHOT.jar!/com/system/mybatis/service/impl/SystemUserServiceImpl.class]
16:07:37,747 DEBUG ClassPathMapperScanner:284 - Identified candidate component class: URL [jar:file:/d:/maven/repository/com/framework/framework-core/0.0.1-SNAPSHOT/framework-core-0.0.1-SNAPSHOT.jar!/com/system/mybatis/service/ISysCodeService.class]
16:07:37,747 DEBUG ClassPathMapperScanner:284 - Identified candidate component class: URL [jar:file:/d:/maven/repository/com/framework/framework-core/0.0.1-SNAPSHOT/framework-core-0.0.1-SNAPSHOT.jar!/com/system/mybatis/service/ISysDeptService.class]
16:07:37,747 DEBUG ClassPathMapperScanner:284 - Identified candidate component class: URL [jar:file:/d:/maven/repository/com/framework/framework-core/0.0.1-SNAPSHOT/framework-core-0.0.1-SNAPSHOT.jar!/com/system/mybatis/service/ISysModuleService.class]
16:07:37,748 DEBUG ClassPathMapperScanner:284 - Identified candidate component class: URL [jar:file:/d:/maven/repository/com/framework/framework-core/0.0.1-SNAPSHOT/framework-core-0.0.1-SNAPSHOT.jar!/com/system/mybatis/service/ISystemLogService.class]
16:07:37,748 DEBUG ClassPathMapperScanner:284 - Identified candidate component class: URL [jar:file:/d:/maven/repository/com/framework/framework-core/0.0.1-SNAPSHOT/framework-core-0.0.1-SNAPSHOT.jar!/com/system/mybatis/service/ISystemRoleService.class]
16:07:37,748 DEBUG ClassPathMapperScanner:284 - Identified candidate component class: URL [jar:file:/d:/maven/repository/com/framework/framework-core/0.0.1-SNAPSHOT/framework-core-0.0.1-SNAPSHOT.jar!/com/system/mybatis/service/ISystemUserService.class]
16:07:37,749 DEBUG ClassPathMapperScanner:290 - Ignored because not a concrete top-level class: URL [jar:file:/d:/maven/repository/com/framework/framework-core/0.0.1-SNAPSHOT/framework-core-0.0.1-SNAPSHOT.jar!/com/system/web/code/CodeController.class]
16:07:37,749 DEBUG ClassPathMapperScanner:290 - Ignored because not a concrete top-level class: URL [jar:file:/d:/maven/repository/com/framework/framework-core/0.0.1-SNAPSHOT/framework-core-0.0.1-SNAPSHOT.jar!/com/system/web/custom/CustomController.class]
16:07:37,750 DEBUG ClassPathMapperScanner:290 - Ignored because not a concrete top-level class: URL [jar:file:/d:/maven/repository/com/framework/framework-core/0.0.1-SNAPSHOT/framework-core-0.0.1-SNAPSHOT.jar!/com/system/web/dataindex/IndexItemController.class]
16:07:37,750 DEBUG ClassPathMapperScanner:290 - Ignored because not a concrete top-level class: URL [jar:file:/d:/maven/repository/com/framework/framework-core/0.0.1-SNAPSHOT/framework-core-0.0.1-SNAPSHOT.jar!/com/system/web/DepartmentController.class]
16:07:37,751 DEBUG ClassPathMapperScanner:290 - Ignored because not a concrete top-level class: URL [jar:file:/d:/maven/repository/com/framework/framework-core/0.0.1-SNAPSHOT/framework-core-0.0.1-SNAPSHOT.jar!/com/system/web/RoleController.class]
16:07:37,751 DEBUG ClassPathMapperScanner:290 - Ignored because not a concrete top-level class: URL [jar:file:/d:/maven/repository/com/framework/framework-core/0.0.1-SNAPSHOT/framework-core-0.0.1-SNAPSHOT.jar!/com/system/web/user/UserController.class]
16:07:37,752  WARN ClassPathMapperScanner:223 - Skipping MapperFactoryBean with name 'sysConstant' and 'com.system.common.SysConstant' mapperInterface. Bean already defined with the same name!
16:07:37,752  WARN ClassPathMapperScanner:223 - Skipping MapperFactoryBean with name 'ISysDeptDao' and 'com.system.jpa.repository.ISysDeptDao' mapperInterface. Bean already defined with the same name!
16:07:37,752  WARN ClassPathMapperScanner:223 - Skipping MapperFactoryBean with name 'commSeqMapper' and 'com.system.mybatis.dao.CommSeqMapper' mapperInterface. Bean already defined with the same name!
16:07:37,752  WARN ClassPathMapperScanner:223 - Skipping MapperFactoryBean with name 'sysCodeMapper' and 'com.system.mybatis.dao.SysCodeMapper' mapperInterface. Bean already defined with the same name!
16:07:37,752  WARN ClassPathMapperScanner:223 - Skipping MapperFactoryBean with name 'sysDeptMapper' and 'com.system.mybatis.dao.SysDeptMapper' mapperInterface. Bean already defined with the same name!
16:07:37,752  WARN ClassPathMapperScanner:223 - Skipping MapperFactoryBean with name 'sysDeptUserMapper' and 'com.system.mybatis.dao.SysDeptUserMapper' mapperInterface. Bean already defined with the same name!
16:07:37,752  WARN ClassPathMapperScanner:223 - Skipping MapperFactoryBean with name 'sysIndexitemMapper' and 'com.system.mybatis.dao.SysIndexitemMapper' mapperInterface. Bean already defined with the same name!
16:07:37,753  WARN ClassPathMapperScanner:223 - Skipping MapperFactoryBean with name 'sysLogMapper' and 'com.system.mybatis.dao.SysLogMapper' mapperInterface. Bean already defined with the same name!
16:07:37,753  WARN ClassPathMapperScanner:223 - Skipping MapperFactoryBean with name 'sysModuleMapper' and 'com.system.mybatis.dao.SysModuleMapper' mapperInterface. Bean already defined with the same name!
16:07:37,753  WARN ClassPathMapperScanner:223 - Skipping MapperFactoryBean with name 'sysRoleFuncMapper' and 'com.system.mybatis.dao.SysRoleFuncMapper' mapperInterface. Bean already defined with the same name!
16:07:37,753  WARN ClassPathMapperScanner:223 - Skipping MapperFactoryBean with name 'sysRoleMapper' and 'com.system.mybatis.dao.SysRoleMapper' mapperInterface. Bean already defined with the same name!
16:07:37,753  WARN ClassPathMapperScanner:223 - Skipping MapperFactoryBean with name 'sysRoleUserMapper' and 'com.system.mybatis.dao.SysRoleUserMapper' mapperInterface. Bean already defined with the same name!
16:07:37,753  WARN ClassPathMapperScanner:223 - Skipping MapperFactoryBean with name 'sysUserMapper' and 'com.system.mybatis.dao.SysUserMapper' mapperInterface. Bean already defined with the same name!
16:07:37,753  WARN ClassPathMapperScanner:223 - Skipping MapperFactoryBean with name 'IIndexItemService' and 'com.system.mybatis.service.IIndexItemService' mapperInterface. Bean already defined with the same name!
16:07:37,754  WARN ClassPathMapperScanner:223 - Skipping MapperFactoryBean with name 'ISysCodeService' and 'com.system.mybatis.service.ISysCodeService' mapperInterface. Bean already defined with the same name!
16:07:37,754  WARN ClassPathMapperScanner:223 - Skipping MapperFactoryBean with name 'ISysDeptService' and 'com.system.mybatis.service.ISysDeptService' mapperInterface. Bean already defined with the same name!
16:07:37,754  WARN ClassPathMapperScanner:223 - Skipping MapperFactoryBean with name 'ISysModuleService' and 'com.system.mybatis.service.ISysModuleService' mapperInterface. Bean already defined with the same name!
16:07:37,754  WARN ClassPathMapperScanner:223 - Skipping MapperFactoryBean with name 'ISystemLogService' and 'com.system.mybatis.service.ISystemLogService' mapperInterface. Bean already defined with the same name!
16:07:37,754  WARN ClassPathMapperScanner:223 - Skipping MapperFactoryBean with name 'ISystemRoleService' and 'com.system.mybatis.service.ISystemRoleService' mapperInterface. Bean already defined with the same name!
16:07:37,754  WARN ClassPathMapperScanner:223 - Skipping MapperFactoryBean with name 'ISystemUserService' and 'com.system.mybatis.service.ISystemUserService' mapperInterface. Bean already defined with the same name!
16:07:37,756 DEBUG ClassPathMapperScanner:284 - Identified candidate component class: file [D:\workspace\framework-root\framework-resources\target\classes\com\resources\dao\AttachmentsMapper.class]
16:07:37,756 DEBUG ClassPathMapperScanner:284 - Identified candidate component class: file [D:\workspace\framework-root\framework-resources\target\classes\com\resources\dao\AttaThumbnailMapper.class]
16:07:37,756 DEBUG ClassPathMapperScanner:290 - Ignored because not a concrete top-level class: file [D:\workspace\framework-root\framework-resources\target\classes\com\resources\model\CommAttachments.class]
16:07:37,757 DEBUG ClassPathMapperScanner:290 - Ignored because not a concrete top-level class: file [D:\workspace\framework-root\framework-resources\target\classes\com\resources\model\CommAttaThumbnail.class]
16:07:37,757 DEBUG ClassPathMapperScanner:284 - Identified candidate component class: file [D:\workspace\framework-root\framework-resources\target\classes\com\resources\ResConstant.class]
16:07:37,757 DEBUG ClassPathMapperScanner:284 - Identified candidate component class: file [D:\workspace\framework-root\framework-resources\target\classes\com\resources\services\AttachmentsService.class]
16:07:37,757 DEBUG ClassPathMapperScanner:290 - Ignored because not a concrete top-level class: file [D:\workspace\framework-root\framework-resources\target\classes\com\resources\services\impl\AttachmentsServiceImpl$1.class]
16:07:37,758 DEBUG ClassPathMapperScanner:290 - Ignored because not a concrete top-level class: file [D:\workspace\framework-root\framework-resources\target\classes\com\resources\services\impl\AttachmentsServiceImpl.class]
16:07:37,758 DEBUG ClassPathMapperScanner:290 - Ignored because not a concrete top-level class: file [D:\workspace\framework-root\framework-resources\target\classes\com\resources\web\AttachmentsController.class]
16:07:37,759 DEBUG ClassPathMapperScanner:290 - Ignored because not a concrete top-level class: file [D:\workspace\framework-root\framework-resources\target\classes\com\resources\web\ShareResources.class]
16:07:37,759 DEBUG ClassPathMapperScanner:161 - Creating MapperFactoryBean with name 'attachmentsMapper' and 'com.resources.dao.AttachmentsMapper' mapperInterface
16:07:37,759 DEBUG ClassPathMapperScanner:161 - Creating MapperFactoryBean with name 'attaThumbnailMapper' and 'com.resources.dao.AttaThumbnailMapper' mapperInterface
16:07:37,759 DEBUG ClassPathMapperScanner:161 - Creating MapperFactoryBean with name 'resConstant' and 'com.resources.ResConstant' mapperInterface
16:07:37,759 DEBUG ClassPathMapperScanner:161 - Creating MapperFactoryBean with name 'attachmentsService' and 'com.resources.services.AttachmentsService' mapperInterface
16:07:37,763 DEBUG DefaultListableBeanFactory:220 - Creating shared instance of singleton bean 'org.springframework.beans.factory.config.PropertyPlaceholderConfigurer#0'
16:07:37,763 DEBUG DefaultListableBeanFactory:450 - Creating instance of bean 'org.springframework.beans.factory.config.PropertyPlaceholderConfigurer#0'
16:07:37,763 DEBUG DefaultListableBeanFactory:524 - Eagerly caching bean 'org.springframework.beans.factory.config.PropertyPlaceholderConfigurer#0' to allow for resolving potential circular references
16:07:37,763 DEBUG DefaultListableBeanFactory:478 - Finished creating instance of bean 'org.springframework.beans.factory.config.PropertyPlaceholderConfigurer#0'
16:07:37,763  INFO PropertyPlaceholderConfigurer:172 - Loading properties file from class path resource [config/db.properties]
16:07:37,766 DEBUG DefaultListableBeanFactory:220 - Creating shared instance of singleton bean 'org.springframework.context.annotation.internalAutowiredAnnotationProcessor'
16:07:37,766 DEBUG DefaultListableBeanFactory:450 - Creating instance of bean 'org.springframework.context.annotation.internalAutowiredAnnotationProcessor'
16:07:37,766  INFO AutowiredAnnotationBeanPostProcessor:153 - JSR-330 'javax.inject.Inject' annotation found and supported for autowiring
16:07:37,766 DEBUG DefaultListableBeanFactory:524 - Eagerly caching bean 'org.springframework.context.annotation.internalAutowiredAnnotationProcessor' to allow for resolving potential circular references
16:07:37,766 DEBUG DefaultListableBeanFactory:478 - Finished creating instance of bean 'org.springframework.context.annotation.internalAutowiredAnnotationProcessor'
16:07:37,766 DEBUG DefaultListableBeanFactory:220 - Creating shared instance of singleton bean 'org.springframework.context.annotation.internalRequiredAnnotationProcessor'
16:07:37,767 DEBUG DefaultListableBeanFactory:450 - Creating instance of bean 'org.springframework.context.annotation.internalRequiredAnnotationProcessor'
16:07:37,767 DEBUG DefaultListableBeanFactory:524 - Eagerly caching bean 'org.springframework.context.annotation.internalRequiredAnnotationProcessor' to allow for resolving potential circular references
16:07:37,767 DEBUG DefaultListableBeanFactory:478 - Finished creating instance of bean 'org.springframework.context.annotation.internalRequiredAnnotationProcessor'
16:07:37,767 DEBUG DefaultListableBeanFactory:220 - Creating shared instance of singleton bean 'org.springframework.context.annotation.internalCommonAnnotationProcessor'
16:07:37,767 DEBUG DefaultListableBeanFactory:450 - Creating instance of bean 'org.springframework.context.annotation.internalCommonAnnotationProcessor'
16:07:37,767 DEBUG DefaultListableBeanFactory:524 - Eagerly caching bean 'org.springframework.context.annotation.internalCommonAnnotationProcessor' to allow for resolving potential circular references
16:07:37,767 DEBUG DefaultListableBeanFactory:478 - Finished creating instance of bean 'org.springframework.context.annotation.internalCommonAnnotationProcessor'
16:07:37,767 DEBUG DefaultListableBeanFactory:220 - Creating shared instance of singleton bean 'org.springframework.context.annotation.internalPersistenceAnnotationProcessor'
16:07:37,768 DEBUG DefaultListableBeanFactory:450 - Creating instance of bean 'org.springframework.context.annotation.internalPersistenceAnnotationProcessor'
16:07:37,768 DEBUG DefaultListableBeanFactory:524 - Eagerly caching bean 'org.springframework.context.annotation.internalPersistenceAnnotationProcessor' to allow for resolving potential circular references
16:07:37,768 DEBUG DefaultListableBeanFactory:478 - Finished creating instance of bean 'org.springframework.context.annotation.internalPersistenceAnnotationProcessor'
16:07:37,768 DEBUG DefaultListableBeanFactory:220 - Creating shared instance of singleton bean 'org.springframework.context.annotation.ConfigurationClassPostProcessor.importAwareProcessor'
16:07:37,768 DEBUG DefaultListableBeanFactory:450 - Creating instance of bean 'org.springframework.context.annotation.ConfigurationClassPostProcessor.importAwareProcessor'
16:07:37,768 DEBUG DefaultListableBeanFactory:524 - Eagerly caching bean 'org.springframework.context.annotation.ConfigurationClassPostProcessor.importAwareProcessor' to allow for resolving potential circular references
16:07:37,768 DEBUG DefaultListableBeanFactory:478 - Finished creating instance of bean 'org.springframework.context.annotation.ConfigurationClassPostProcessor.importAwareProcessor'
16:07:37,769 DEBUG DefaultListableBeanFactory:220 - Creating shared instance of singleton bean 'org.springframework.context.annotation.ConfigurationClassPostProcessor.enhancedConfigurationProcessor'
16:07:37,769 DEBUG DefaultListableBeanFactory:450 - Creating instance of bean 'org.springframework.context.annotation.ConfigurationClassPostProcessor.enhancedConfigurationProcessor'
16:07:37,769 DEBUG DefaultListableBeanFactory:524 - Eagerly caching bean 'org.springframework.context.annotation.ConfigurationClassPostProcessor.enhancedConfigurationProcessor' to allow for resolving potential circular references
16:07:37,769 DEBUG DefaultListableBeanFactory:478 - Finished creating instance of bean 'org.springframework.context.annotation.ConfigurationClassPostProcessor.enhancedConfigurationProcessor'
16:07:37,769 DEBUG DefaultListableBeanFactory:220 - Creating shared instance of singleton bean 'org.springframework.aop.config.internalAutoProxyCreator'
16:07:37,769 DEBUG DefaultListableBeanFactory:450 - Creating instance of bean 'org.springframework.aop.config.internalAutoProxyCreator'
16:07:37,770 DEBUG DefaultListableBeanFactory:524 - Eagerly caching bean 'org.springframework.aop.config.internalAutoProxyCreator' to allow for resolving potential circular references
16:07:37,770 DEBUG DefaultListableBeanFactory:478 - Finished creating instance of bean 'org.springframework.aop.config.internalAutoProxyCreator'
16:07:37,770 DEBUG GenericApplicationContext:646 - Unable to locate MessageSource with name 'messageSource': using default [org.springframework.context.support.DelegatingMessageSource@1d3a8ab8]
16:07:37,770 DEBUG GenericApplicationContext:670 - Unable to locate ApplicationEventMulticaster with name 'applicationEventMulticaster': using default [org.springframework.context.event.SimpleApplicationEventMulticaster@6e694505]
16:07:37,775 DEBUG DefaultListableBeanFactory:691 - Pre-instantiating singletons in org.springframework.beans.factory.support.DefaultListableBeanFactory@375b2146: defining beans [org.springframework.beans.factory.config.PropertyPlaceholderConfigurer#0,dataSource,validator,controlAdvice,sessionManager,org.springframework.context.annotation.internalConfigurationAnnotationProcessor,org.springframework.context.annotation.internalAutowiredAnnotationProcessor,org.springframework.context.annotation.internalRequiredAnnotationProcessor,org.springframework.context.annotation.internalCommonAnnotationProcessor,org.springframework.context.annotation.internalPersistenceAnnotationProcessor,queryParamAop,org.springframework.aop.config.internalAutoProxyCreator,org.springframework.transaction.annotation.AnnotationTransactionAttributeSource#0,org.springframework.transaction.interceptor.TransactionInterceptor#0,org.springframework.transaction.config.internalTransactionAdvisor,sqlSessionFactory,myBatisExceptionTranslator,org.mybatis.spring.mapper.MapperScannerConfigurer#0,transactionManager,indexItemService,sysCodeService,sysDeptServiceImpl,sysModuleServiceImpl,systemLogServiceImpl,systemRoleServiceImpl,systemUserServiceImpl,systemLogAOP,commonServiceImpl,configProperties,attachmentsServiceImpl,attachmentsController,shareResources,iM4ImageHandler,imageService,org.mybatis.spring.mapper.MapperScannerConfigurer#1,org.springframework.context.annotation.ConfigurationClassPostProcessor.importAwareProcessor,org.springframework.context.annotation.ConfigurationClassPostProcessor.enhancedConfigurationProcessor,sysConstant,ISysDeptDao,commSeqMapper,sysCodeMapper,sysDeptMapper,sysDeptUserMapper,sysIndexitemMapper,sysLogMapper,sysModuleMapper,sysRoleFuncMapper,sysRoleMapper,sysRoleUserMapper,sysUserMapper,IIndexItemService,ISysCodeService,ISysDeptService,ISysModuleService,ISystemLogService,ISystemRoleService,ISystemUserService,attachmentsMapper,attaThumbnailMapper,resConstant,attachmentsService]; root of factory hierarchy
16:07:37,775 DEBUG DefaultListableBeanFactory:247 - Returning cached instance of singleton bean 'org.springframework.beans.factory.config.PropertyPlaceholderConfigurer#0'
16:07:37,776 DEBUG DefaultListableBeanFactory:220 - Creating shared instance of singleton bean 'dataSource'
16:07:37,776 DEBUG DefaultListableBeanFactory:450 - Creating instance of bean 'dataSource'
16:07:37,777 DEBUG DefaultListableBeanFactory:220 - Creating shared instance of singleton bean 'org.springframework.transaction.config.internalTransactionAdvisor'
16:07:37,777 DEBUG DefaultListableBeanFactory:450 - Creating instance of bean 'org.springframework.transaction.config.internalTransactionAdvisor'
16:07:37,778 DEBUG DefaultListableBeanFactory:524 - Eagerly caching bean 'org.springframework.transaction.config.internalTransactionAdvisor' to allow for resolving potential circular references
16:07:37,778 DEBUG DefaultListableBeanFactory:220 - Creating shared instance of singleton bean 'org.springframework.transaction.annotation.AnnotationTransactionAttributeSource#0'
16:07:37,778 DEBUG DefaultListableBeanFactory:450 - Creating instance of bean 'org.springframework.transaction.annotation.AnnotationTransactionAttributeSource#0'
16:07:37,778 DEBUG BeanFactoryAdvisorRetrievalHelper:87 - Skipping currently created advisor 'org.springframework.transaction.config.internalTransactionAdvisor'
16:07:37,780 DEBUG ReflectiveAspectJAdvisorFactory:221 - Found AspectJ method: public java.lang.Object com.framework.common.aspect.QueryParamAop.actionAopAround(org.aspectj.lang.ProceedingJoinPoint,com.framework.mybatis.model.QueryModel,java.lang.Integer,java.lang.Integer) throws java.lang.Throwable
16:07:37,781 DEBUG ReflectiveAspectJAdvisorFactory:221 - Found AspectJ method: public void com.framework.common.aspect.QueryParamAop.beforeAction(org.aspectj.lang.JoinPoint,com.framework.mybatis.model.QueryModel,java.lang.Integer,java.lang.Integer)
16:07:37,783 DEBUG ReflectiveAspectJAdvisorFactory:221 - Found AspectJ method: public void com.framework.mybatis.aspect.SystemLogAOP.doBefore(org.aspectj.lang.JoinPoint)
16:07:37,783 DEBUG ReflectiveAspectJAdvisorFactory:221 - Found AspectJ method: public void com.framework.mybatis.aspect.SystemLogAOP.doAfterThrowing(org.aspectj.lang.JoinPoint,java.lang.Throwable)
16:07:37,785 DEBUG DefaultListableBeanFactory:524 - Eagerly caching bean 'org.springframework.transaction.annotation.AnnotationTransactionAttributeSource#0' to allow for resolving potential circular references
16:07:37,785 DEBUG BeanFactoryAdvisorRetrievalHelper:87 - Skipping currently created advisor 'org.springframework.transaction.config.internalTransactionAdvisor'
16:07:37,785 DEBUG BeanFactoryAdvisorRetrievalHelper:87 - Skipping currently created advisor 'org.springframework.transaction.config.internalTransactionAdvisor'
16:07:37,794 DEBUG DefaultListableBeanFactory:478 - Finished creating instance of bean 'org.springframework.transaction.annotation.AnnotationTransactionAttributeSource#0'
16:07:37,795 DEBUG DefaultListableBeanFactory:478 - Finished creating instance of bean 'org.springframework.transaction.config.internalTransactionAdvisor'
16:07:37,808 DEBUG DefaultListableBeanFactory:524 - Eagerly caching bean 'dataSource' to allow for resolving potential circular references
16:07:37,808 DEBUG DefaultListableBeanFactory:247 - Returning cached instance of singleton bean 'org.springframework.transaction.config.internalTransactionAdvisor'
16:07:37,809 DEBUG DefaultListableBeanFactory:247 - Returning cached instance of singleton bean 'org.springframework.transaction.config.internalTransactionAdvisor'
16:07:38,142 DEBUG DefaultListableBeanFactory:478 - Finished creating instance of bean 'dataSource'
16:07:38,142 DEBUG DefaultListableBeanFactory:220 - Creating shared instance of singleton bean 'validator'
16:07:38,143 DEBUG DefaultListableBeanFactory:450 - Creating instance of bean 'validator'
16:07:38,143 DEBUG DefaultListableBeanFactory:247 - Returning cached instance of singleton bean 'org.springframework.transaction.config.internalTransactionAdvisor'
16:07:38,143 DEBUG DefaultListableBeanFactory:524 - Eagerly caching bean 'validator' to allow for resolving potential circular references
16:07:38,144 DEBUG DefaultListableBeanFactory:1610 - Invoking afterPropertiesSet() on bean with name 'validator'
16:07:38,145 DEBUG DefaultTraversableResolver:103 - Found javax.persistence.Persistence on classpath containing 'getPersistenceUtil'. Assuming JPA 2 environment. Trying to instantiate JPA aware TraversableResolver
16:07:38,145 DEBUG DefaultTraversableResolver:114 - Instantiated JPA aware TraversableResolver of type org.hibernate.validator.internal.engine.resolver.JPATraversableResolver.
16:07:38,145 DEBUG ConfigurationImpl:145 - Setting custom MessageInterpolator of type org.springframework.validation.beanvalidation.LocaleContextMessageInterpolator
16:07:38,145 DEBUG ConfigurationImpl:167 - Setting custom ConstraintValidatorFactory of type org.springframework.validation.beanvalidation.SpringConstraintValidatorFactory
16:07:38,146 DEBUG ConfigurationImpl:181 - Setting custom ParameterNameProvider of type com.sun.proxy.$Proxy33
16:07:38,146 DEBUG ValidationXmlParser:90 - Trying to load META-INF/validation.xml for XML based Validator configuration.
16:07:38,146 DEBUG ResourceLoaderHelper:54 - Trying to load META-INF/validation.xml via TCCL
16:07:38,146 DEBUG ResourceLoaderHelper:60 - Trying to load META-INF/validation.xml via Hibernate Validator's class loader
16:07:38,147 DEBUG ValidationXmlParser:97 - No META-INF/validation.xml found. Using annotation based configuration only.
16:07:38,149 DEBUG DefaultListableBeanFactory:247 - Returning cached instance of singleton bean 'org.springframework.transaction.config.internalTransactionAdvisor'
16:07:38,149 DEBUG DefaultListableBeanFactory:247 - Returning cached instance of singleton bean 'org.springframework.transaction.config.internalTransactionAdvisor'
16:07:38,182 DEBUG DefaultListableBeanFactory:478 - Finished creating instance of bean 'validator'
16:07:38,182 DEBUG DefaultListableBeanFactory:220 - Creating shared instance of singleton bean 'controlAdvice'
16:07:38,182 DEBUG DefaultListableBeanFactory:450 - Creating instance of bean 'controlAdvice'
16:07:38,183 DEBUG DefaultListableBeanFactory:247 - Returning cached instance of singleton bean 'org.springframework.transaction.config.internalTransactionAdvisor'
16:07:38,184 DEBUG DefaultListableBeanFactory:524 - Eagerly caching bean 'controlAdvice' to allow for resolving potential circular references
16:07:38,184 DEBUG DefaultListableBeanFactory:247 - Returning cached instance of singleton bean 'org.springframework.transaction.config.internalTransactionAdvisor'
16:07:38,184 DEBUG DefaultListableBeanFactory:247 - Returning cached instance of singleton bean 'org.springframework.transaction.config.internalTransactionAdvisor'
16:07:38,189 DEBUG DefaultListableBeanFactory:478 - Finished creating instance of bean 'controlAdvice'
16:07:38,190 DEBUG DefaultListableBeanFactory:220 - Creating shared instance of singleton bean 'sessionManager'
16:07:38,190 DEBUG DefaultListableBeanFactory:450 - Creating instance of bean 'sessionManager'
16:07:38,190 DEBUG DefaultListableBeanFactory:247 - Returning cached instance of singleton bean 'org.springframework.transaction.config.internalTransactionAdvisor'
16:07:38,190 DEBUG DefaultListableBeanFactory:524 - Eagerly caching bean 'sessionManager' to allow for resolving potential circular references
16:07:38,190 DEBUG DefaultListableBeanFactory:247 - Returning cached instance of singleton bean 'org.springframework.transaction.config.internalTransactionAdvisor'
16:07:38,191 DEBUG DefaultListableBeanFactory:247 - Returning cached instance of singleton bean 'org.springframework.transaction.config.internalTransactionAdvisor'
16:07:38,197 DEBUG DefaultListableBeanFactory:478 - Finished creating instance of bean 'sessionManager'
16:07:38,198 DEBUG DefaultListableBeanFactory:247 - Returning cached instance of singleton bean 'org.springframework.context.annotation.internalConfigurationAnnotationProcessor'
16:07:38,198 DEBUG DefaultListableBeanFactory:247 - Returning cached instance of singleton bean 'org.springframework.context.annotation.internalAutowiredAnnotationProcessor'
16:07:38,198 DEBUG DefaultListableBeanFactory:247 - Returning cached instance of singleton bean 'org.springframework.context.annotation.internalRequiredAnnotationProcessor'
16:07:38,198 DEBUG DefaultListableBeanFactory:247 - Returning cached instance of singleton bean 'org.springframework.context.annotation.internalCommonAnnotationProcessor'
16:07:38,198 DEBUG DefaultListableBeanFactory:247 - Returning cached instance of singleton bean 'org.springframework.context.annotation.internalPersistenceAnnotationProcessor'
16:07:38,199 DEBUG DefaultListableBeanFactory:220 - Creating shared instance of singleton bean 'queryParamAop'
16:07:38,199 DEBUG DefaultListableBeanFactory:450 - Creating instance of bean 'queryParamAop'
16:07:38,200 DEBUG DefaultListableBeanFactory:524 - Eagerly caching bean 'queryParamAop' to allow for resolving potential circular references
16:07:38,200 DEBUG DefaultListableBeanFactory:478 - Finished creating instance of bean 'queryParamAop'
16:07:38,200 DEBUG DefaultListableBeanFactory:247 - Returning cached instance of singleton bean 'org.springframework.aop.config.internalAutoProxyCreator'
16:07:38,200 DEBUG DefaultListableBeanFactory:247 - Returning cached instance of singleton bean 'org.springframework.transaction.annotation.AnnotationTransactionAttributeSource#0'
16:07:38,200 DEBUG DefaultListableBeanFactory:220 - Creating shared instance of singleton bean 'org.springframework.transaction.interceptor.TransactionInterceptor#0'
16:07:38,200 DEBUG DefaultListableBeanFactory:450 - Creating instance of bean 'org.springframework.transaction.interceptor.TransactionInterceptor#0'
16:07:38,201 DEBUG DefaultListableBeanFactory:524 - Eagerly caching bean 'org.springframework.transaction.interceptor.TransactionInterceptor#0' to allow for resolving potential circular references
16:07:38,201 DEBUG DefaultListableBeanFactory:247 - Returning cached instance of singleton bean 'org.springframework.transaction.annotation.AnnotationTransactionAttributeSource#0'
16:07:38,202 DEBUG DefaultListableBeanFactory:1610 - Invoking afterPropertiesSet() on bean with name 'org.springframework.transaction.interceptor.TransactionInterceptor#0'
16:07:38,202 DEBUG DefaultListableBeanFactory:478 - Finished creating instance of bean 'org.springframework.transaction.interceptor.TransactionInterceptor#0'
16:07:38,202 DEBUG DefaultListableBeanFactory:247 - Returning cached instance of singleton bean 'org.springframework.transaction.config.internalTransactionAdvisor'
16:07:38,202 DEBUG DefaultListableBeanFactory:220 - Creating shared instance of singleton bean 'sqlSessionFactory'
16:07:38,202 DEBUG DefaultListableBeanFactory:450 - Creating instance of bean 'sqlSessionFactory'
16:07:38,203 DEBUG DefaultListableBeanFactory:247 - Returning cached instance of singleton bean 'org.springframework.transaction.config.internalTransactionAdvisor'
16:07:38,203 DEBUG DefaultListableBeanFactory:524 - Eagerly caching bean 'sqlSessionFactory' to allow for resolving potential circular references
16:07:38,203 DEBUG DefaultListableBeanFactory:247 - Returning cached instance of singleton bean 'dataSource'
16:07:38,206 DEBUG DefaultListableBeanFactory:1610 - Invoking afterPropertiesSet() on bean with name 'sqlSessionFactory'
16:07:38,211 DEBUG PageInterceptor:130 - {}
16:07:38,211 DEBUG PageInterceptor:119 - {defaultPageSize=10}
16:07:38,216 DEBUG SqlSessionFactoryBean:427 - Parsed configuration file: 'class path resource [context/mybatis-config.xml]'
16:07:38,250 DEBUG SqlSessionFactoryBean:468 - Parsed mapper file: 'file [D:\workspace\framework-root\framework-resources\target\test-classes\context\mapper\AttachmentsMapper.xml]'
16:07:38,267 DEBUG SqlSessionFactoryBean:468 - Parsed mapper file: 'file [D:\workspace\framework-root\framework-resources\target\test-classes\context\mapper\AttaThumbnailMapper.xml]'
16:07:38,282 DEBUG SqlSessionFactoryBean:468 - Parsed mapper file: 'file [D:\workspace\framework-root\framework-resources\target\test-classes\context\mapper\CommSeqMapper.xml]'
16:07:38,303 DEBUG SqlSessionFactoryBean:468 - Parsed mapper file: 'file [D:\workspace\framework-root\framework-resources\target\test-classes\context\mapper\PublicMapper.xml]'
16:07:38,320 DEBUG SqlSessionFactoryBean:468 - Parsed mapper file: 'file [D:\workspace\framework-root\framework-resources\target\test-classes\context\mapper\SysCodeMapper.xml]'
16:07:38,336 DEBUG SqlSessionFactoryBean:468 - Parsed mapper file: 'file [D:\workspace\framework-root\framework-resources\target\test-classes\context\mapper\SysDeptMapper.xml]'
16:07:38,353 DEBUG SqlSessionFactoryBean:468 - Parsed mapper file: 'file [D:\workspace\framework-root\framework-resources\target\test-classes\context\mapper\SysDeptUserMapper.xml]'
16:07:38,377 DEBUG SqlSessionFactoryBean:468 - Parsed mapper file: 'file [D:\workspace\framework-root\framework-resources\target\test-classes\context\mapper\SysIndexitemMapper.xml]'
16:07:38,396 DEBUG SqlSessionFactoryBean:468 - Parsed mapper file: 'file [D:\workspace\framework-root\framework-resources\target\test-classes\context\mapper\SysLogMapper.xml]'
16:07:38,421 DEBUG SqlSessionFactoryBean:468 - Parsed mapper file: 'file [D:\workspace\framework-root\framework-resources\target\test-classes\context\mapper\SysModuleMapper.xml]'
16:07:38,435 DEBUG SqlSessionFactoryBean:468 - Parsed mapper file: 'file [D:\workspace\framework-root\framework-resources\target\test-classes\context\mapper\SysRoleFuncMapper.xml]'
16:07:38,450 DEBUG SqlSessionFactoryBean:468 - Parsed mapper file: 'file [D:\workspace\framework-root\framework-resources\target\test-classes\context\mapper\SysRoleMapper.xml]'
16:07:38,460 DEBUG SqlSessionFactoryBean:468 - Parsed mapper file: 'file [D:\workspace\framework-root\framework-resources\target\test-classes\context\mapper\SysRoleUserMapper.xml]'
16:07:38,485 DEBUG SqlSessionFactoryBean:468 - Parsed mapper file: 'file [D:\workspace\framework-root\framework-resources\target\test-classes\context\mapper\SysUserMapper.xml]'
16:07:38,492  WARN GenericApplicationContext:487 - Exception encountered during context initialization - cancelling refresh attempt
org.springframework.beans.factory.BeanCreationException: Error creating bean with name 'sqlSessionFactory' defined in class path resource [config/application-core.xml]: Invocation of init method failed; nested exception is org.springframework.core.NestedIOException: Failed to parse mapping resource: 'file [D:\workspace\framework-root\framework-resources\target\classes\context\mapper\AttachmentsMapper.xml]'; nested exception is org.apache.ibatis.builder.BuilderException: Error parsing Mapper XML. Cause: java.lang.IllegalArgumentException: Result Maps collection already contains value for com.resources.dao.AttachmentsMapper.BaseResultMap
	at org.springframework.beans.factory.support.AbstractAutowireCapableBeanFactory.initializeBean(AbstractAutowireCapableBeanFactory.java:1568)
	at org.springframework.beans.factory.support.AbstractAutowireCapableBeanFactory.doCreateBean(AbstractAutowireCapableBeanFactory.java:540)
	at org.springframework.beans.factory.support.AbstractAutowireCapableBeanFactory.createBean(AbstractAutowireCapableBeanFactory.java:476)
	at org.springframework.beans.factory.support.AbstractBeanFactory$1.getObject(AbstractBeanFactory.java:302)
	at org.springframework.beans.factory.support.DefaultSingletonBeanRegistry.getSingleton(DefaultSingletonBeanRegistry.java:229)
	at org.springframework.beans.factory.support.AbstractBeanFactory.doGetBean(AbstractBeanFactory.java:298)
	at org.springframework.beans.factory.support.AbstractBeanFactory.getBean(AbstractBeanFactory.java:193)
	at org.springframework.beans.factory.support.DefaultListableBeanFactory.preInstantiateSingletons(DefaultListableBeanFactory.java:706)
	at org.springframework.context.support.AbstractApplicationContext.finishBeanFactoryInitialization(AbstractApplicationContext.java:757)
	at org.springframework.context.support.AbstractApplicationContext.refresh(AbstractApplicationContext.java:480)
	at org.springframework.test.context.support.AbstractGenericContextLoader.loadContext(AbstractGenericContextLoader.java:125)
	at org.springframework.test.context.support.AbstractGenericContextLoader.loadContext(AbstractGenericContextLoader.java:60)
	at org.springframework.test.context.support.AbstractDelegatingSmartContextLoader.delegateLoading(AbstractDelegatingSmartContextLoader.java:108)
	at org.springframework.test.context.support.AbstractDelegatingSmartContextLoader.loadContext(AbstractDelegatingSmartContextLoader.java:260)
	at org.springframework.test.context.DefaultCacheAwareContextLoaderDelegate.loadContextInternal(DefaultCacheAwareContextLoaderDelegate.java:63)
	at org.springframework.test.context.DefaultCacheAwareContextLoaderDelegate.loadContext(DefaultCacheAwareContextLoaderDelegate.java:83)
	at org.springframework.test.context.DefaultTestContext.getApplicationContext(DefaultTestContext.java:74)
	at org.springframework.test.context.support.DependencyInjectionTestExecutionListener.injectDependencies(DependencyInjectionTestExecutionListener.java:116)
	at org.springframework.test.context.support.DependencyInjectionTestExecutionListener.prepareTestInstance(DependencyInjectionTestExecutionListener.java:82)
	at org.springframework.test.context.TestContextManager.prepareTestInstance(TestContextManager.java:212)
	at org.springframework.test.context.junit4.SpringJUnit4ClassRunner.createTest(SpringJUnit4ClassRunner.java:199)
	at org.springframework.test.context.junit4.SpringJUnit4ClassRunner$1.runReflectiveCall(SpringJUnit4ClassRunner.java:251)
	at org.junit.internal.runners.model.ReflectiveCallable.run(ReflectiveCallable.java:12)
	at org.springframework.test.context.junit4.SpringJUnit4ClassRunner.methodBlock(SpringJUnit4ClassRunner.java:253)
	at org.springframework.test.context.junit4.SpringJUnit4ClassRunner.runChild(SpringJUnit4ClassRunner.java:216)
	at org.springframework.test.context.junit4.SpringJUnit4ClassRunner.runChild(SpringJUnit4ClassRunner.java:82)
	at org.junit.runners.ParentRunner$3.run(ParentRunner.java:238)
	at org.junit.runners.ParentRunner$1.schedule(ParentRunner.java:63)
	at org.junit.runners.ParentRunner.runChildren(ParentRunner.java:236)
	at org.junit.runners.ParentRunner.access$000(ParentRunner.java:53)
	at org.junit.runners.ParentRunner$2.evaluate(ParentRunner.java:229)
	at org.springframework.test.context.junit4.statements.RunBeforeTestClassCallbacks.evaluate(RunBeforeTestClassCallbacks.java:60)
	at org.springframework.test.context.junit4.statements.RunAfterTestClassCallbacks.evaluate(RunAfterTestClassCallbacks.java:67)
	at org.junit.runners.ParentRunner.run(ParentRunner.java:309)
	at org.springframework.test.context.junit4.SpringJUnit4ClassRunner.run(SpringJUnit4ClassRunner.java:162)
	at org.apache.maven.surefire.junit4.JUnit4Provider.execute(JUnit4Provider.java:344)
	at org.apache.maven.surefire.junit4.JUnit4Provider.executeWithRerun(JUnit4Provider.java:269)
	at org.apache.maven.surefire.junit4.JUnit4Provider.executeTestSet(JUnit4Provider.java:240)
	at org.apache.maven.surefire.junit4.JUnit4Provider.invoke(JUnit4Provider.java:184)
	at org.apache.maven.surefire.booter.ForkedBooter.invokeProviderInSameClassLoader(ForkedBooter.java:286)
	at org.apache.maven.surefire.booter.ForkedBooter.runSuitesInProcess(ForkedBooter.java:240)
	at org.apache.maven.surefire.booter.ForkedBooter.main(ForkedBooter.java:121)
Caused by: org.springframework.core.NestedIOException: Failed to parse mapping resource: 'file [D:\workspace\framework-root\framework-resources\target\classes\context\mapper\AttachmentsMapper.xml]'; nested exception is org.apache.ibatis.builder.BuilderException: Error parsing Mapper XML. Cause: java.lang.IllegalArgumentException: Result Maps collection already contains value for com.resources.dao.AttachmentsMapper.BaseResultMap
	at org.mybatis.spring.SqlSessionFactoryBean.buildSqlSessionFactory(SqlSessionFactoryBean.java:462)
	at org.mybatis.spring.SqlSessionFactoryBean.afterPropertiesSet(SqlSessionFactoryBean.java:336)
	at org.springframework.beans.factory.support.AbstractAutowireCapableBeanFactory.invokeInitMethods(AbstractAutowireCapableBeanFactory.java:1627)
	at org.springframework.beans.factory.support.AbstractAutowireCapableBeanFactory.initializeBean(AbstractAutowireCapableBeanFactory.java:1564)
	... 41 more
Caused by: org.apache.ibatis.builder.BuilderException: Error parsing Mapper XML. Cause: java.lang.IllegalArgumentException: Result Maps collection already contains value for com.resources.dao.AttachmentsMapper.BaseResultMap
	at org.apache.ibatis.builder.xml.XMLMapperBuilder.configurationElement(XMLMapperBuilder.java:117)
	at org.apache.ibatis.builder.xml.XMLMapperBuilder.parse(XMLMapperBuilder.java:89)
	at org.mybatis.spring.SqlSessionFactoryBean.buildSqlSessionFactory(SqlSessionFactoryBean.java:460)
	... 44 more
Caused by: java.lang.IllegalArgumentException: Result Maps collection already contains value for com.resources.dao.AttachmentsMapper.BaseResultMap
	at org.apache.ibatis.session.Configuration$StrictMap.put(Configuration.java:782)
	at org.apache.ibatis.session.Configuration$StrictMap.put(Configuration.java:754)
	at org.apache.ibatis.session.Configuration.addResultMap(Configuration.java:536)
	at org.apache.ibatis.builder.MapperBuilderAssistant.addResultMap(MapperBuilderAssistant.java:204)
	at org.apache.ibatis.builder.ResultMapResolver.resolve(ResultMapResolver.java:44)
	at org.apache.ibatis.builder.xml.XMLMapperBuilder.resultMapElement(XMLMapperBuilder.java:281)
	at org.apache.ibatis.builder.xml.XMLMapperBuilder.resultMapElement(XMLMapperBuilder.java:248)
	at org.apache.ibatis.builder.xml.XMLMapperBuilder.resultMapElements(XMLMapperBuilder.java:240)
	at org.apache.ibatis.builder.xml.XMLMapperBuilder.configurationElement(XMLMapperBuilder.java:113)
	... 46 more
16:07:38,493 DEBUG DefaultListableBeanFactory:499 - Destroying singletons in org.springframework.beans.factory.support.DefaultListableBeanFactory@375b2146: defining beans [org.springframework.beans.factory.config.PropertyPlaceholderConfigurer#0,dataSource,validator,controlAdvice,sessionManager,org.springframework.context.annotation.internalConfigurationAnnotationProcessor,org.springframework.context.annotation.internalAutowiredAnnotationProcessor,org.springframework.context.annotation.internalRequiredAnnotationProcessor,org.springframework.context.annotation.internalCommonAnnotationProcessor,org.springframework.context.annotation.internalPersistenceAnnotationProcessor,queryParamAop,org.springframework.aop.config.internalAutoProxyCreator,org.springframework.transaction.annotation.AnnotationTransactionAttributeSource#0,org.springframework.transaction.interceptor.TransactionInterceptor#0,org.springframework.transaction.config.internalTransactionAdvisor,sqlSessionFactory,myBatisExceptionTranslator,org.mybatis.spring.mapper.MapperScannerConfigurer#0,transactionManager,indexItemService,sysCodeService,sysDeptServiceImpl,sysModuleServiceImpl,systemLogServiceImpl,systemRoleServiceImpl,systemUserServiceImpl,systemLogAOP,commonServiceImpl,configProperties,attachmentsServiceImpl,attachmentsController,shareResources,iM4ImageHandler,imageService,org.mybatis.spring.mapper.MapperScannerConfigurer#1,org.springframework.context.annotation.ConfigurationClassPostProcessor.importAwareProcessor,org.springframework.context.annotation.ConfigurationClassPostProcessor.enhancedConfigurationProcessor,sysConstant,ISysDeptDao,commSeqMapper,sysCodeMapper,sysDeptMapper,sysDeptUserMapper,sysIndexitemMapper,sysLogMapper,sysModuleMapper,sysRoleFuncMapper,sysRoleMapper,sysRoleUserMapper,sysUserMapper,IIndexItemService,ISysCodeService,ISysDeptService,ISysModuleService,ISystemLogService,ISystemRoleService,ISystemUserService,attachmentsMapper,attaThumbnailMapper,resConstant,attachmentsService]; root of factory hierarchy
16:07:38,493 DEBUG DisposableBeanAdapter:245 - Invoking destroy() on bean with name 'validator'
16:07:38,494 DEBUG DisposableBeanAdapter:323 - Invoking destroy method 'close' on bean with name 'dataSource'
16:07:38,495 ERROR TestContextManager:215 - Caught exception while allowing TestExecutionListener [org.springframework.test.context.support.DependencyInjectionTestExecutionListener@768afd65] to prepare test instance [com.framework.resources.dao.AttachmentsMapperTest@227ef8d0]
java.lang.IllegalStateException: Failed to load ApplicationContext
	at org.springframework.test.context.DefaultCacheAwareContextLoaderDelegate.loadContext(DefaultCacheAwareContextLoaderDelegate.java:91)
	at org.springframework.test.context.DefaultTestContext.getApplicationContext(DefaultTestContext.java:74)
	at org.springframework.test.context.support.DependencyInjectionTestExecutionListener.injectDependencies(DependencyInjectionTestExecutionListener.java:116)
	at org.springframework.test.context.support.DependencyInjectionTestExecutionListener.prepareTestInstance(DependencyInjectionTestExecutionListener.java:82)
	at org.springframework.test.context.TestContextManager.prepareTestInstance(TestContextManager.java:212)
	at org.springframework.test.context.junit4.SpringJUnit4ClassRunner.createTest(SpringJUnit4ClassRunner.java:199)
	at org.springframework.test.context.junit4.SpringJUnit4ClassRunner$1.runReflectiveCall(SpringJUnit4ClassRunner.java:251)
	at org.junit.internal.runners.model.ReflectiveCallable.run(ReflectiveCallable.java:12)
	at org.springframework.test.context.junit4.SpringJUnit4ClassRunner.methodBlock(SpringJUnit4ClassRunner.java:253)
	at org.springframework.test.context.junit4.SpringJUnit4ClassRunner.runChild(SpringJUnit4ClassRunner.java:216)
	at org.springframework.test.context.junit4.SpringJUnit4ClassRunner.runChild(SpringJUnit4ClassRunner.java:82)
	at org.junit.runners.ParentRunner$3.run(ParentRunner.java:238)
	at org.junit.runners.ParentRunner$1.schedule(ParentRunner.java:63)
	at org.junit.runners.ParentRunner.runChildren(ParentRunner.java:236)
	at org.junit.runners.ParentRunner.access$000(ParentRunner.java:53)
	at org.junit.runners.ParentRunner$2.evaluate(ParentRunner.java:229)
	at org.springframework.test.context.junit4.statements.RunBeforeTestClassCallbacks.evaluate(RunBeforeTestClassCallbacks.java:60)
	at org.springframework.test.context.junit4.statements.RunAfterTestClassCallbacks.evaluate(RunAfterTestClassCallbacks.java:67)
	at org.junit.runners.ParentRunner.run(ParentRunner.java:309)
	at org.springframework.test.context.junit4.SpringJUnit4ClassRunner.run(SpringJUnit4ClassRunner.java:162)
	at org.apache.maven.surefire.junit4.JUnit4Provider.execute(JUnit4Provider.java:344)
	at org.apache.maven.surefire.junit4.JUnit4Provider.executeWithRerun(JUnit4Provider.java:269)
	at org.apache.maven.surefire.junit4.JUnit4Provider.executeTestSet(JUnit4Provider.java:240)
	at org.apache.maven.surefire.junit4.JUnit4Provider.invoke(JUnit4Provider.java:184)
	at org.apache.maven.surefire.booter.ForkedBooter.invokeProviderInSameClassLoader(ForkedBooter.java:286)
	at org.apache.maven.surefire.booter.ForkedBooter.runSuitesInProcess(ForkedBooter.java:240)
	at org.apache.maven.surefire.booter.ForkedBooter.main(ForkedBooter.java:121)
Caused by: org.springframework.beans.factory.BeanCreationException: Error creating bean with name 'sqlSessionFactory' defined in class path resource [config/application-core.xml]: Invocation of init method failed; nested exception is org.springframework.core.NestedIOException: Failed to parse mapping resource: 'file [D:\workspace\framework-root\framework-resources\target\classes\context\mapper\AttachmentsMapper.xml]'; nested exception is org.apache.ibatis.builder.BuilderException: Error parsing Mapper XML. Cause: java.lang.IllegalArgumentException: Result Maps collection already contains value for com.resources.dao.AttachmentsMapper.BaseResultMap
	at org.springframework.beans.factory.support.AbstractAutowireCapableBeanFactory.initializeBean(AbstractAutowireCapableBeanFactory.java:1568)
	at org.springframework.beans.factory.support.AbstractAutowireCapableBeanFactory.doCreateBean(AbstractAutowireCapableBeanFactory.java:540)
	at org.springframework.beans.factory.support.AbstractAutowireCapableBeanFactory.createBean(AbstractAutowireCapableBeanFactory.java:476)
	at org.springframework.beans.factory.support.AbstractBeanFactory$1.getObject(AbstractBeanFactory.java:302)
	at org.springframework.beans.factory.support.DefaultSingletonBeanRegistry.getSingleton(DefaultSingletonBeanRegistry.java:229)
	at org.springframework.beans.factory.support.AbstractBeanFactory.doGetBean(AbstractBeanFactory.java:298)
	at org.springframework.beans.factory.support.AbstractBeanFactory.getBean(AbstractBeanFactory.java:193)
	at org.springframework.beans.factory.support.DefaultListableBeanFactory.preInstantiateSingletons(DefaultListableBeanFactory.java:706)
	at org.springframework.context.support.AbstractApplicationContext.finishBeanFactoryInitialization(AbstractApplicationContext.java:757)
	at org.springframework.context.support.AbstractApplicationContext.refresh(AbstractApplicationContext.java:480)
	at org.springframework.test.context.support.AbstractGenericContextLoader.loadContext(AbstractGenericContextLoader.java:125)
	at org.springframework.test.context.support.AbstractGenericContextLoader.loadContext(AbstractGenericContextLoader.java:60)
	at org.springframework.test.context.support.AbstractDelegatingSmartContextLoader.delegateLoading(AbstractDelegatingSmartContextLoader.java:108)
	at org.springframework.test.context.support.AbstractDelegatingSmartContextLoader.loadContext(AbstractDelegatingSmartContextLoader.java:260)
	at org.springframework.test.context.DefaultCacheAwareContextLoaderDelegate.loadContextInternal(DefaultCacheAwareContextLoaderDelegate.java:63)
	at org.springframework.test.context.DefaultCacheAwareContextLoaderDelegate.loadContext(DefaultCacheAwareContextLoaderDelegate.java:83)
	... 26 more
Caused by: org.springframework.core.NestedIOException: Failed to parse mapping resource: 'file [D:\workspace\framework-root\framework-resources\target\classes\context\mapper\AttachmentsMapper.xml]'; nested exception is org.apache.ibatis.builder.BuilderException: Error parsing Mapper XML. Cause: java.lang.IllegalArgumentException: Result Maps collection already contains value for com.resources.dao.AttachmentsMapper.BaseResultMap
	at org.mybatis.spring.SqlSessionFactoryBean.buildSqlSessionFactory(SqlSessionFactoryBean.java:462)
	at org.mybatis.spring.SqlSessionFactoryBean.afterPropertiesSet(SqlSessionFactoryBean.java:336)
	at org.springframework.beans.factory.support.AbstractAutowireCapableBeanFactory.invokeInitMethods(AbstractAutowireCapableBeanFactory.java:1627)
	at org.springframework.beans.factory.support.AbstractAutowireCapableBeanFactory.initializeBean(AbstractAutowireCapableBeanFactory.java:1564)
	... 41 more
Caused by: org.apache.ibatis.builder.BuilderException: Error parsing Mapper XML. Cause: java.lang.IllegalArgumentException: Result Maps collection already contains value for com.resources.dao.AttachmentsMapper.BaseResultMap
	at org.apache.ibatis.builder.xml.XMLMapperBuilder.configurationElement(XMLMapperBuilder.java:117)
	at org.apache.ibatis.builder.xml.XMLMapperBuilder.parse(XMLMapperBuilder.java:89)
	at org.mybatis.spring.SqlSessionFactoryBean.buildSqlSessionFactory(SqlSessionFactoryBean.java:460)
	... 44 more
Caused by: java.lang.IllegalArgumentException: Result Maps collection already contains value for com.resources.dao.AttachmentsMapper.BaseResultMap
	at org.apache.ibatis.session.Configuration$StrictMap.put(Configuration.java:782)
	at org.apache.ibatis.session.Configuration$StrictMap.put(Configuration.java:754)
	at org.apache.ibatis.session.Configuration.addResultMap(Configuration.java:536)
	at org.apache.ibatis.builder.MapperBuilderAssistant.addResultMap(MapperBuilderAssistant.java:204)
	at org.apache.ibatis.builder.ResultMapResolver.resolve(ResultMapResolver.java:44)
	at org.apache.ibatis.builder.xml.XMLMapperBuilder.resultMapElement(XMLMapperBuilder.java:281)
	at org.apache.ibatis.builder.xml.XMLMapperBuilder.resultMapElement(XMLMapperBuilder.java:248)
	at org.apache.ibatis.builder.xml.XMLMapperBuilder.resultMapElements(XMLMapperBuilder.java:240)
	at org.apache.ibatis.builder.xml.XMLMapperBuilder.configurationElement(XMLMapperBuilder.java:113)
	... 46 more
]]></system-out>
  </testcase>
</testsuite>